0:0:0:0:0:0:0:1 - - [02/Dec/2024:18:32:06 +0800] "GET /nacos HTTP/1.1" 302 - 0 Mozilla/5.0 (Windows NT 10.0; Win64; x64) AppleWebKit/537.36 (KHTML, like Gecko) Chrome/122.0.6261.95 Safari/537.36 -
0:0:0:0:0:0:0:1 - - [02/Dec/2024:18:32:07 +0800] "GET /nacos/v1/console/server/state HTTP/1.1" 200 664 199 Mozilla/5.0 (Windows NT 10.0; Win64; x64) AppleWebKit/537.36 (KHTML, like Gecko) Chrome/122.0.6261.95 Safari/537.36 -
0:0:0:0:0:0:0:1 - - [02/Dec/2024:18:32:07 +0800] "GET /nacos/v1/console/server/guide HTTP/1.1" 200 351 198 Mozilla/5.0 (Windows NT 10.0; Win64; x64) AppleWebKit/537.36 (KHTML, like Gecko) Chrome/122.0.6261.95 Safari/537.36 -
0:0:0:0:0:0:0:1 - - [02/Dec/2024:18:32:07 +0800] "GET /nacos/v1/console/server/announcement?language=zh-CN HTTP/1.1" 200 177 199 Mozilla/5.0 (Windows NT 10.0; Win64; x64) AppleWebKit/537.36 (KHTML, like Gecko) Chrome/122.0.6261.95 Safari/537.36 -
0:0:0:0:0:0:0:1 - - [02/Dec/2024:18:32:07 +0800] "GET /nacos/v1/console/server/state HTTP/1.1" 200 664 5 Mozilla/5.0 (Windows NT 10.0; Win64; x64) AppleWebKit/537.36 (KHTML, like Gecko) Chrome/122.0.6261.95 Safari/537.36 -
0:0:0:0:0:0:0:1 - - [02/Dec/2024:18:32:08 +0800] "GET /nacos/v1/console/namespaces?&namespaceId= HTTP/1.1" 200 151 37 Mozilla/5.0 (Windows NT 10.0; Win64; x64) AppleWebKit/537.36 (KHTML, like Gecko) Chrome/122.0.6261.95 Safari/537.36 -
0:0:0:0:0:0:0:1 - - [02/Dec/2024:18:32:08 +0800] "GET /nacos/v1/cs/configs?dataId=&group=&appName=&config_tags=&pageNo=1&pageSize=10&tenant=&types=&search=blur HTTP/1.1" 200 342 54 Mozilla/5.0 (Windows NT 10.0; Win64; x64) AppleWebKit/537.36 (KHTML, like Gecko) Chrome/122.0.6261.95 Safari/537.36 -
0:0:0:0:0:0:0:1 - - [02/Dec/2024:18:32:11 +0800] "DELETE /nacos/v1/cs/configs?delType=ids&ids=836998878245965824&tenant= HTTP/1.1" 200 50 116 Mozilla/5.0 (Windows NT 10.0; Win64; x64) AppleWebKit/537.36 (KHTML, like Gecko) Chrome/122.0.6261.95 Safari/537.36 -
0:0:0:0:0:0:0:1 - - [02/Dec/2024:18:32:11 +0800] "GET /nacos/v1/cs/configs?dataId=&group=&appName=&config_tags=&pageNo=1&pageSize=10&tenant=&types=&search=blur HTTP/1.1" 200 76 5 Mozilla/5.0 (Windows NT 10.0; Win64; x64) AppleWebKit/537.36 (KHTML, like Gecko) Chrome/122.0.6261.95 Safari/537.36 -
0:0:0:0:0:0:0:1 - - [02/Dec/2024:18:32:16 +0800] "POST /nacos/v1/cs/configs?import=true&namespace=&accessToken=&username=&tenant= HTTP/1.1" 200 89 37 Mozilla/5.0 (Windows NT 10.0; Win64; x64) AppleWebKit/537.36 (KHTML, like Gecko) Chrome/122.0.6261.95 Safari/537.36 -
0:0:0:0:0:0:0:1 - - [02/Dec/2024:18:32:41 +0800] "POST /nacos/v1/cs/configs?import=true&namespace=&accessToken=&username=&tenant= HTTP/1.1" 200 89 10 Mozilla/5.0 (Windows NT 10.0; Win64; x64) AppleWebKit/537.36 (KHTML, like Gecko) Chrome/122.0.6261.95 Safari/537.36 -
0:0:0:0:0:0:0:1 - - [02/Dec/2024:18:32:55 +0800] "GET /nacos/ HTTP/1.1" 304 - 24 Mozilla/5.0 (Windows NT 10.0; Win64; x64) AppleWebKit/537.36 (KHTML, like Gecko) Chrome/122.0.6261.95 Safari/537.36 -
0:0:0:0:0:0:0:1 - - [02/Dec/2024:18:32:55 +0800] "GET /nacos/v1/console/server/state HTTP/1.1" 200 664 3 Mozilla/5.0 (Windows NT 10.0; Win64; x64) AppleWebKit/537.36 (KHTML, like Gecko) Chrome/122.0.6261.95 Safari/537.36 -
0:0:0:0:0:0:0:1 - - [02/Dec/2024:18:32:55 +0800] "GET /nacos/v1/console/server/announcement?language=zh-CN HTTP/1.1" 200 177 4 Mozilla/5.0 (Windows NT 10.0; Win64; x64) AppleWebKit/537.36 (KHTML, like Gecko) Chrome/122.0.6261.95 Safari/537.36 -
0:0:0:0:0:0:0:1 - - [02/Dec/2024:18:32:55 +0800] "GET /nacos/v1/console/server/guide HTTP/1.1" 200 351 4 Mozilla/5.0 (Windows NT 10.0; Win64; x64) AppleWebKit/537.36 (KHTML, like Gecko) Chrome/122.0.6261.95 Safari/537.36 -
0:0:0:0:0:0:0:1 - - [02/Dec/2024:18:32:55 +0800] "GET /nacos/v1/console/server/state HTTP/1.1" 200 664 4 Mozilla/5.0 (Windows NT 10.0; Win64; x64) AppleWebKit/537.36 (KHTML, like Gecko) Chrome/122.0.6261.95 Safari/537.36 -
0:0:0:0:0:0:0:1 - - [02/Dec/2024:18:32:55 +0800] "GET /nacos/v1/console/namespaces?&namespaceId= HTTP/1.1" 200 151 4 Mozilla/5.0 (Windows NT 10.0; Win64; x64) AppleWebKit/537.36 (KHTML, like Gecko) Chrome/122.0.6261.95 Safari/537.36 -
0:0:0:0:0:0:0:1 - - [02/Dec/2024:18:32:55 +0800] "GET /nacos/v1/cs/configs?dataId=&group=&appName=&config_tags=&pageNo=1&pageSize=10&tenant=&types=&search=blur HTTP/1.1" 200 76 7 Mozilla/5.0 (Windows NT 10.0; Win64; x64) AppleWebKit/537.36 (KHTML, like Gecko) Chrome/122.0.6261.95 Safari/537.36 -
0:0:0:0:0:0:0:1 - - [02/Dec/2024:18:34:19 +0800] "POST /nacos/v1/cs/configs?import=true&namespace=&accessToken=&username=&tenant= HTTP/1.1" 200 89 11 Mozilla/5.0 (Windows NT 10.0; Win64; x64) AppleWebKit/537.36 (KHTML, like Gecko) Chrome/122.0.6261.95 Safari/537.36 -
0:0:0:0:0:0:0:1 - - [02/Dec/2024:18:34:58 +0800] "GET /nacos/v1/cs/configs?dataId=&group=&appName=&config_tags=&pageNo=1&pageSize=10&tenant=&types=&search=blur HTTP/1.1" 200 76 3 Mozilla/5.0 (Windows NT 10.0; Win64; x64) AppleWebKit/537.36 (KHTML, like Gecko) Chrome/122.0.6261.95 Safari/537.36 -
0:0:0:0:0:0:0:1 - - [02/Dec/2024:18:35:02 +0800] "POST /nacos/v1/cs/configs?import=true&namespace=&accessToken=&username=&tenant= HTTP/1.1" 200 89 8 Mozilla/5.0 (Windows NT 10.0; Win64; x64) AppleWebKit/537.36 (KHTML, like Gecko) Chrome/122.0.6261.95 Safari/537.36 -
0:0:0:0:0:0:0:1 - - [02/Dec/2024:18:35:22 +0800] "GET /nacos/v1/cs/configs?dataId=&group=&appName=&config_tags=&pageNo=1&pageSize=10&tenant=&types=&search=blur HTTP/1.1" 200 76 4 Mozilla/5.0 (Windows NT 10.0; Win64; x64) AppleWebKit/537.36 (KHTML, like Gecko) Chrome/122.0.6261.95 Safari/537.36 -
0:0:0:0:0:0:0:1 - - [02/Dec/2024:18:35:27 +0800] "POST /nacos/v1/cs/configs?import=true&namespace=&accessToken=&username=&tenant= HTTP/1.1" 200 89 9 Mozilla/5.0 (Windows NT 10.0; Win64; x64) AppleWebKit/537.36 (KHTML, like Gecko) Chrome/122.0.6261.95 Safari/537.36 -
0:0:0:0:0:0:0:1 - - [02/Dec/2024:18:36:31 +0800] "GET /nacos/v1/cs/configs?dataId=&group=&appName=&config_tags=&pageNo=1&pageSize=10&tenant=&types=&search=blur HTTP/1.1" 200 76 5 Mozilla/5.0 (Windows NT 10.0; Win64; x64) AppleWebKit/537.36 (KHTML, like Gecko) Chrome/122.0.6261.95 Safari/537.36 -
0:0:0:0:0:0:0:1 - - [02/Dec/2024:18:36:35 +0800] "POST /nacos/v1/cs/configs?import=true&namespace=&accessToken=&username=&tenant= HTTP/1.1" 200 85 32 Mozilla/5.0 (Windows NT 10.0; Win64; x64) AppleWebKit/537.36 (KHTML, like Gecko) Chrome/122.0.6261.95 Safari/537.36 -
0:0:0:0:0:0:0:1 - - [02/Dec/2024:18:36:36 +0800] "GET /nacos/v1/cs/configs?dataId=&group=&appName=&config_tags=&pageNo=1&pageSize=10&tenant=&types=&search=blur HTTP/1.1" 200 847 10 Mozilla/5.0 (Windows NT 10.0; Win64; x64) AppleWebKit/537.36 (KHTML, like Gecko) Chrome/122.0.6261.95 Safari/537.36 -
0:0:0:0:0:0:0:1 - - [02/Dec/2024:18:51:57 +0800] "GET /nacos/v1/cs/configs?&show=all&dataId=CONSUMER-dev.yaml&group=DEFAULT_GROUP&tenant=&namespaceId= HTTP/1.1" 200 - 14 Mozilla/5.0 (Windows NT 10.0; Win64; x64) AppleWebKit/537.36 (KHTML, like Gecko) Chrome/122.0.6261.95 Safari/537.36 -
0:0:0:0:0:0:0:1 - - [02/Dec/2024:18:51:57 +0800] "POST /nacos/v1/cs/configs? HTTP/1.1" 200 14 18 Mozilla/5.0 (Windows NT 10.0; Win64; x64) AppleWebKit/537.36 (KHTML, like Gecko) Chrome/122.0.6261.95 Safari/537.36 -
0:0:0:0:0:0:0:1 - - [02/Dec/2024:18:51:57 +0800] "GET /nacos/v1/cs/configs?dataId=&group=&appName=&config_tags=&pageNo=1&pageSize=10&tenant=&types=&search=blur HTTP/1.1" 200 1118 5 Mozilla/5.0 (Windows NT 10.0; Win64; x64) AppleWebKit/537.36 (KHTML, like Gecko) Chrome/122.0.6261.95 Safari/537.36 -
0:0:0:0:0:0:0:1 - - [02/Dec/2024:18:52:45 +0800] "GET /nacos/v1/console/namespaces?&namespaceId= HTTP/1.1" 200 151 7 Mozilla/5.0 (Windows NT 10.0; Win64; x64) AppleWebKit/537.36 (KHTML, like Gecko) Chrome/122.0.6261.95 Safari/537.36 -
0:0:0:0:0:0:0:1 - - [02/Dec/2024:18:52:45 +0800] "GET /nacos/v1/cs/configs?show=all&dataId=CONSUMER-dev.yaml&group=DEFAULT_GROUP&tenant=&namespaceId= HTTP/1.1" 200 482 7 Mozilla/5.0 (Windows NT 10.0; Win64; x64) AppleWebKit/537.36 (KHTML, like Gecko) Chrome/122.0.6261.95 Safari/537.36 -
0:0:0:0:0:0:0:1 - - [02/Dec/2024:18:52:52 +0800] "GET /nacos/v1/cs/configs?dataId=&group=&appName=&config_tags=&pageNo=1&pageSize=10&tenant=&types=&search=blur HTTP/1.1" 200 1118 7 Mozilla/5.0 (Windows NT 10.0; Win64; x64) AppleWebKit/537.36 (KHTML, like Gecko) Chrome/122.0.6261.95 Safari/537.36 -
0:0:0:0:0:0:0:1 - - [02/Dec/2024:18:52:53 +0800] "GET /nacos/v1/cs/configs?dataId=CONSUMER-dev.yaml&group=DEFAULT_GROUP&namespaceId=&tenant=&beta=true HTTP/1.1" 200 61 10 Mozilla/5.0 (Windows NT 10.0; Win64; x64) AppleWebKit/537.36 (KHTML, like Gecko) Chrome/122.0.6261.95 Safari/537.36 -
0:0:0:0:0:0:0:1 - - [02/Dec/2024:18:52:53 +0800] "GET /nacos/v1/cs/configs?dataId=CONSUMER-dev.yaml&group=DEFAULT_GROUP&namespaceId=&tenant=&show=all HTTP/1.1" 200 482 4 Mozilla/5.0 (Windows NT 10.0; Win64; x64) AppleWebKit/537.36 (KHTML, like Gecko) Chrome/122.0.6261.95 Safari/537.36 -
192.168.124.5 - - [02/Dec/2024:18:52:53 +0800] "GET /nacos/v1/cs/communication/configWatchers?&dataId=CONSUMER-dev.yaml&group=DEFAULT_GROUP HTTP/1.1" 200 41 227 Java/17.0.12 -
0:0:0:0:0:0:0:1 - - [02/Dec/2024:18:52:53 +0800] "GET /nacos/v1/cs/configs/listener?dataId=CONSUMER-dev.yaml&group=DEFAULT_GROUP&namespaceId=&tenant= HTTP/1.1" 200 61 267 Mozilla/5.0 (Windows NT 10.0; Win64; x64) AppleWebKit/537.36 (KHTML, like Gecko) Chrome/122.0.6261.95 Safari/537.36 -
0:0:0:0:0:0:0:1 - - [02/Dec/2024:18:52:57 +0800] "GET /nacos/v1/cs/configs?dataId=&group=&appName=&config_tags=&pageNo=1&pageSize=10&tenant=&types=&search=blur HTTP/1.1" 200 1118 7 Mozilla/5.0 (Windows NT 10.0; Win64; x64) AppleWebKit/537.36 (KHTML, like Gecko) Chrome/122.0.6261.95 Safari/537.36 -
0:0:0:0:0:0:0:1 - - [02/Dec/2024:18:53:33 +0800] "GET /nacos/v1/cs/configs?&show=all&dataId=consumer-dev&group=DEFAULT_GROUP&tenant=&namespaceId= HTTP/1.1" 200 - 3 Mozilla/5.0 (Windows NT 10.0; Win64; x64) AppleWebKit/537.36 (KHTML, like Gecko) Chrome/122.0.6261.95 Safari/537.36 -
0:0:0:0:0:0:0:1 - - [02/Dec/2024:18:53:33 +0800] "POST /nacos/v1/cs/configs? HTTP/1.1" 200 14 8 Mozilla/5.0 (Windows NT 10.0; Win64; x64) AppleWebKit/537.36 (KHTML, like Gecko) Chrome/122.0.6261.95 Safari/537.36 -
0:0:0:0:0:0:0:1 - - [02/Dec/2024:18:53:33 +0800] "GET /nacos/v1/cs/configs?dataId=&group=&appName=&config_tags=&pageNo=1&pageSize=10&tenant=&types=&search=blur HTTP/1.1" 200 1384 4 Mozilla/5.0 (Windows NT 10.0; Win64; x64) AppleWebKit/537.36 (KHTML, like Gecko) Chrome/122.0.6261.95 Safari/537.36 -
