0:0:0:0:0:0:0:1 - - [10/Dec/2024:14:00:23 +0800] "GET /nacos/v1/cs/configs?dataId=config-faces.yml&group=DEFAULT_GROUP&tenant=ce2bb47e-4538-4d72-a705-adc1ef76fe55 HTTP/1.1" 200 98 4 Java/21.0.4 -
0:0:0:0:0:0:0:1 - - [10/Dec/2024:14:00:27 +0800] "GET /nacos/v1/cs/configs?dataId=config-faces.yml&group=DEFAULT_GROUP&tenant=ce2bb47e-4538-4d72-a705-adc1ef76fe55 HTTP/1.1" 200 98 4 Java/21.0.4 -
0:0:0:0:0:0:0:1 - - [10/Dec/2024:14:00:27 +0800] "GET /nacos/v1/cs/configs?dataId=config-faces.yml&group=DEFAULT_GROUP&tenant=ce2bb47e-4538-4d72-a705-adc1ef76fe55 HTTP/1.1" 200 98 3 Java/21.0.4 -
0:0:0:0:0:0:0:1 - - [10/Dec/2024:14:00:27 +0800] "GET /nacos/v1/cs/configs?dataId=config-faces.yml&group=DEFAULT_GROUP&tenant=ce2bb47e-4538-4d72-a705-adc1ef76fe55 HTTP/1.1" 200 98 2 Java/21.0.4 -
0:0:0:0:0:0:0:1 - - [10/Dec/2024:14:01:38 +0800] "GET /nacos/v1/cs/configs?dataId=config-faces.yml&group=DEFAULT_GROUP&tenant=ce2bb47e-4538-4d72-a705-adc1ef76fe55 HTTP/1.1" 200 98 5 Java/21.0.4 -
0:0:0:0:0:0:0:1 - - [10/Dec/2024:14:01:38 +0800] "GET /nacos/v1/cs/configs?dataId=config-faces.yml&group=DEFAULT_GROUP&tenant=ce2bb47e-4538-4d72-a705-adc1ef76fe55 HTTP/1.1" 200 98 3 Java/21.0.4 -
0:0:0:0:0:0:0:1 - - [10/Dec/2024:14:01:39 +0800] "GET /nacos/v1/cs/configs?dataId=config-faces.yml&group=DEFAULT_GROUP&tenant=ce2bb47e-4538-4d72-a705-adc1ef76fe55 HTTP/1.1" 200 98 2 Java/21.0.4 -
0:0:0:0:0:0:0:1 - - [10/Dec/2024:14:01:53 +0800] "GET /nacos/v1/cs/configs?dataId=config-faces.yml&group=DEFAULT_GROUP&tenant=ce2bb47e-4538-4d72-a705-adc1ef76fe55 HTTP/1.1" 200 98 2 Java/21.0.4 -
0:0:0:0:0:0:0:1 - - [10/Dec/2024:14:01:53 +0800] "GET /nacos/v1/cs/configs?dataId=config-faces.yml&group=DEFAULT_GROUP&tenant=ce2bb47e-4538-4d72-a705-adc1ef76fe55 HTTP/1.1" 200 98 2 Java/21.0.4 -
0:0:0:0:0:0:0:1 - - [10/Dec/2024:14:01:53 +0800] "GET /nacos/v1/cs/configs?dataId=config-faces.yml&group=DEFAULT_GROUP&tenant=ce2bb47e-4538-4d72-a705-adc1ef76fe55 HTTP/1.1" 200 98 3 Java/21.0.4 -
0:0:0:0:0:0:0:1 - - [10/Dec/2024:14:01:54 +0800] "GET /nacos/v1/cs/configs?dataId=config-faces.yml&group=DEFAULT_GROUP&tenant=ce2bb47e-4538-4d72-a705-adc1ef76fe55 HTTP/1.1" 200 98 2 Java/21.0.4 -
0:0:0:0:0:0:0:1 - - [10/Dec/2024:14:02:53 +0800] "GET /nacos/v1/cs/configs?dataId=config-faces.yml&group=DEFAULT_GROUP&tenant=ce2bb47e-4538-4d72-a705-adc1ef76fe55 HTTP/1.1" 200 98 3 Java/21.0.4 -
0:0:0:0:0:0:0:1 - - [10/Dec/2024:14:02:53 +0800] "GET /nacos/v1/cs/configs?dataId=config-faces.yml&group=DEFAULT_GROUP&tenant=ce2bb47e-4538-4d72-a705-adc1ef76fe55 HTTP/1.1" 200 98 2 Java/21.0.4 -
0:0:0:0:0:0:0:1 - - [10/Dec/2024:14:02:53 +0800] "GET /nacos/v1/cs/configs?dataId=config-faces.yml&group=DEFAULT_GROUP&tenant=ce2bb47e-4538-4d72-a705-adc1ef76fe55 HTTP/1.1" 200 98 4 Java/21.0.4 -
0:0:0:0:0:0:0:1 - - [10/Dec/2024:14:02:54 +0800] "GET /nacos/v1/cs/configs?dataId=config-faces.yml&group=DEFAULT_GROUP&tenant=ce2bb47e-4538-4d72-a705-adc1ef76fe55 HTTP/1.1" 200 98 3 Java/21.0.4 -
0:0:0:0:0:0:0:1 - - [10/Dec/2024:14:02:54 +0800] "GET /nacos/v1/cs/configs?dataId=config-faces.yml&group=DEFAULT_GROUP&tenant=ce2bb47e-4538-4d72-a705-adc1ef76fe55 HTTP/1.1" 200 98 3 Java/21.0.4 -
0:0:0:0:0:0:0:1 - - [10/Dec/2024:14:02:54 +0800] "GET /nacos/v1/cs/configs?dataId=config-faces.yml&group=DEFAULT_GROUP&tenant=ce2bb47e-4538-4d72-a705-adc1ef76fe55 HTTP/1.1" 200 98 2 Java/21.0.4 -
0:0:0:0:0:0:0:1 - - [10/Dec/2024:14:03:02 +0800] "GET /nacos/v1/cs/configs?dataId=config-faces.yml&group=DEFAULT_GROUP&tenant=ce2bb47e-4538-4d72-a705-adc1ef76fe55 HTTP/1.1" 200 98 3 Java/21.0.4 -
0:0:0:0:0:0:0:1 - - [10/Dec/2024:14:03:02 +0800] "GET /nacos/v1/cs/configs?dataId=config-faces.yml&group=DEFAULT_GROUP&tenant=ce2bb47e-4538-4d72-a705-adc1ef76fe55 HTTP/1.1" 200 98 2 Java/21.0.4 -
0:0:0:0:0:0:0:1 - - [10/Dec/2024:14:03:02 +0800] "GET /nacos/v1/cs/configs?dataId=config-faces.yml&group=DEFAULT_GROUP&tenant=ce2bb47e-4538-4d72-a705-adc1ef76fe55 HTTP/1.1" 200 98 3 Java/21.0.4 -
0:0:0:0:0:0:0:1 - - [10/Dec/2024:14:03:03 +0800] "GET /nacos/v1/cs/configs?dataId=config-faces.yml&group=DEFAULT_GROUP&tenant=ce2bb47e-4538-4d72-a705-adc1ef76fe55 HTTP/1.1" 200 98 2 Java/21.0.4 -
0:0:0:0:0:0:0:1 - - [10/Dec/2024:14:03:03 +0800] "GET /nacos/v1/cs/configs?dataId=config-faces.yml&group=DEFAULT_GROUP&tenant=ce2bb47e-4538-4d72-a705-adc1ef76fe55 HTTP/1.1" 200 98 2 Java/21.0.4 -
0:0:0:0:0:0:0:1 - - [10/Dec/2024:14:03:03 +0800] "GET /nacos/v1/cs/configs?dataId=config-faces.yml&group=DEFAULT_GROUP&tenant=ce2bb47e-4538-4d72-a705-adc1ef76fe55 HTTP/1.1" 200 98 2 Java/21.0.4 -
0:0:0:0:0:0:0:1 - - [10/Dec/2024:14:08:17 +0800] "GET /nacos/v1/console/namespaces?&namespaceId=ce2bb47e-4538-4d72-a705-adc1ef76fe55 HTTP/1.1" 200 299 9 Mozilla/5.0 (Windows NT 10.0; Win64; x64) AppleWebKit/537.36 (KHTML, like Gecko) Chrome/122.0.6261.95 Safari/537.36 -
0:0:0:0:0:0:0:1 - - [10/Dec/2024:14:08:26 +0800] "GET /nacos/v1/core/cluster/nodes?withInstances=false&pageNo=1&pageSize=10&keyword=&namespaceId=ce2bb47e-4538-4d72-a705-adc1ef76fe55 HTTP/1.1" 200 765 26 Mozilla/5.0 (Windows NT 10.0; Win64; x64) AppleWebKit/537.36 (KHTML, like Gecko) Chrome/122.0.6261.95 Safari/537.36 -
0:0:0:0:0:0:0:1 - - [10/Dec/2024:14:08:29 +0800] "GET /nacos/v1/console/namespaces?&namespaceId=ce2bb47e-4538-4d72-a705-adc1ef76fe55 HTTP/1.1" 200 299 4 Mozilla/5.0 (Windows NT 10.0; Win64; x64) AppleWebKit/537.36 (KHTML, like Gecko) Chrome/122.0.6261.95 Safari/537.36 -
0:0:0:0:0:0:0:1 - - [10/Dec/2024:14:08:31 +0800] "GET /nacos/v1/console/namespaces?&namespaceId=ce2bb47e-4538-4d72-a705-adc1ef76fe55 HTTP/1.1" 200 299 5 Mozilla/5.0 (Windows NT 10.0; Win64; x64) AppleWebKit/537.36 (KHTML, like Gecko) Chrome/122.0.6261.95 Safari/537.36 -
0:0:0:0:0:0:0:1 - - [10/Dec/2024:14:08:35 +0800] "GET /nacos/v1/console/namespaces?&namespaceId=ce2bb47e-4538-4d72-a705-adc1ef76fe55 HTTP/1.1" 200 299 6 Mozilla/5.0 (Windows NT 10.0; Win64; x64) AppleWebKit/537.36 (KHTML, like Gecko) Chrome/122.0.6261.95 Safari/537.36 -
0:0:0:0:0:0:0:1 - - [10/Dec/2024:14:09:42 +0800] "GET /nacos/v1/core/cluster/nodes?withInstances=false&pageNo=1&pageSize=10&keyword=&namespaceId=ce2bb47e-4538-4d72-a705-adc1ef76fe55 HTTP/1.1" 200 765 3 Mozilla/5.0 (Windows NT 10.0; Win64; x64) AppleWebKit/537.36 (KHTML, like Gecko) Chrome/122.0.6261.95 Safari/537.36 -
0:0:0:0:0:0:0:1 - - [10/Dec/2024:14:09:54 +0800] "GET /nacos/v1/console/namespaces?&namespaceId=ce2bb47e-4538-4d72-a705-adc1ef76fe55 HTTP/1.1" 200 299 10 Mozilla/5.0 (Windows NT 10.0; Win64; x64) AppleWebKit/537.36 (KHTML, like Gecko) Chrome/122.0.6261.95 Safari/537.36 -
0:0:0:0:0:0:0:1 - - [10/Dec/2024:14:10:09 +0800] "GET /nacos/v1/cs/configs?dataId=&group=&appName=&config_tags=&pageNo=1&pageSize=10&tenant=ce2bb47e-4538-4d72-a705-adc1ef76fe55&types=&search=blur HTTP/1.1" 200 868 8 Mozilla/5.0 (Windows NT 10.0; Win64; x64) AppleWebKit/537.36 (KHTML, like Gecko) Chrome/122.0.6261.95 Safari/537.36 -
0:0:0:0:0:0:0:1 - - [10/Dec/2024:14:10:10 +0800] "GET /nacos/v1/cs/configs?dataId=&group=&appName=&config_tags=&pageNo=1&pageSize=10&tenant=ce2bb47e-4538-4d72-a705-adc1ef76fe55&types=&search=blur HTTP/1.1" 200 868 5 Mozilla/5.0 (Windows NT 10.0; Win64; x64) AppleWebKit/537.36 (KHTML, like Gecko) Chrome/122.0.6261.95 Safari/537.36 -
0:0:0:0:0:0:0:1 - - [10/Dec/2024:14:12:34 +0800] "GET /nacos/v1/cs/configs?dataId=&group=&appName=&config_tags=&pageNo=1&pageSize=10&tenant=ce2bb47e-4538-4d72-a705-adc1ef76fe55&types=&search=blur HTTP/1.1" 200 868 5 Mozilla/5.0 (Windows NT 10.0; Win64; x64) AppleWebKit/537.36 (KHTML, like Gecko) Chrome/122.0.6261.95 Safari/537.36 -
0:0:0:0:0:0:0:1 - - [10/Dec/2024:14:18:49 +0800] "GET /nacos/v1/cs/configs?dataId=&group=&appName=&config_tags=&pageNo=1&pageSize=10&tenant=ce2bb47e-4538-4d72-a705-adc1ef76fe55&types=&search=blur HTTP/1.1" 200 868 7 Mozilla/5.0 (Windows NT 10.0; Win64; x64) AppleWebKit/537.36 (KHTML, like Gecko) Chrome/122.0.6261.95 Safari/537.36 -
0:0:0:0:0:0:0:1 - - [10/Dec/2024:14:18:49 +0800] "GET /nacos/v1/cs/configs?dataId=&group=&appName=&config_tags=&pageNo=1&pageSize=10&tenant=&types=&search=blur HTTP/1.1" 200 760 3 Mozilla/5.0 (Windows NT 10.0; Win64; x64) AppleWebKit/537.36 (KHTML, like Gecko) Chrome/122.0.6261.95 Safari/537.36 -
0:0:0:0:0:0:0:1 - - [10/Dec/2024:14:18:49 +0800] "GET /nacos/v1/cs/configs?dataId=&group=&appName=&config_tags=&pageNo=1&pageSize=10&tenant=ce2bb47e-4538-4d72-a705-adc1ef76fe55&types=&search=blur HTTP/1.1" 200 868 5 Mozilla/5.0 (Windows NT 10.0; Win64; x64) AppleWebKit/537.36 (KHTML, like Gecko) Chrome/122.0.6261.95 Safari/537.36 -
0:0:0:0:0:0:0:1 - - [10/Dec/2024:14:19:01 +0800] "GET /nacos/v1/cs/configs?dataId=&group=&appName=&config_tags=&pageNo=1&pageSize=10&tenant=&types=&search=blur HTTP/1.1" 200 760 5 Mozilla/5.0 (Windows NT 10.0; Win64; x64) AppleWebKit/537.36 (KHTML, like Gecko) Chrome/122.0.6261.95 Safari/537.36 -
0:0:0:0:0:0:0:1 - - [10/Dec/2024:14:19:02 +0800] "GET /nacos/v1/cs/configs?dataId=&group=&appName=&config_tags=&pageNo=1&pageSize=10&tenant=ce2bb47e-4538-4d72-a705-adc1ef76fe55&types=&search=blur HTTP/1.1" 200 868 5 Mozilla/5.0 (Windows NT 10.0; Win64; x64) AppleWebKit/537.36 (KHTML, like Gecko) Chrome/122.0.6261.95 Safari/537.36 -
0:0:0:0:0:0:0:1 - - [10/Dec/2024:14:19:03 +0800] "GET /nacos/v1/cs/history/configs?tenant=ce2bb47e-4538-4d72-a705-adc1ef76fe55&namespaceId=ce2bb47e-4538-4d72-a705-adc1ef76fe55 HTTP/1.1" 200 628 10 Mozilla/5.0 (Windows NT 10.0; Win64; x64) AppleWebKit/537.36 (KHTML, like Gecko) Chrome/122.0.6261.95 Safari/537.36 -
0:0:0:0:0:0:0:1 - - [10/Dec/2024:14:19:07 +0800] "GET /nacos/v1/ns/catalog/services?hasIpCount=true&withInstances=false&pageNo=1&pageSize=10&serviceNameParam=&groupNameParam=&namespaceId=ce2bb47e-4538-4d72-a705-adc1ef76fe55 HTTP/1.1" 200 161 4 Mozilla/5.0 (Windows NT 10.0; Win64; x64) AppleWebKit/537.36 (KHTML, like Gecko) Chrome/122.0.6261.95 Safari/537.36 -
0:0:0:0:0:0:0:1 - - [10/Dec/2024:14:19:09 +0800] "GET /nacos/v1/ns/catalog/services?hasIpCount=true&withInstances=false&pageNo=1&pageSize=10&serviceNameParam=&groupNameParam=&namespaceId= HTTP/1.1" 200 39 2 Mozilla/5.0 (Windows NT 10.0; Win64; x64) AppleWebKit/537.36 (KHTML, like Gecko) Chrome/122.0.6261.95 Safari/537.36 -
0:0:0:0:0:0:0:1 - - [10/Dec/2024:14:19:09 +0800] "GET /nacos/v1/ns/catalog/services?hasIpCount=true&withInstances=false&pageNo=1&pageSize=10&serviceNameParam=&groupNameParam=&namespaceId=ce2bb47e-4538-4d72-a705-adc1ef76fe55 HTTP/1.1" 200 161 2 Mozilla/5.0 (Windows NT 10.0; Win64; x64) AppleWebKit/537.36 (KHTML, like Gecko) Chrome/122.0.6261.95 Safari/537.36 -
0:0:0:0:0:0:0:1 - - [10/Dec/2024:14:22:26 +0800] "GET /nacos/v1/ns/service/subscribers?serviceName=PROVIDER&groupName=CLIENT_GROUP&pageSize=10&pageNo=1&namespaceId=ce2bb47e-4538-4d72-a705-adc1ef76fe55 HTTP/1.1" 200 39 5 Mozilla/5.0 (Windows NT 10.0; Win64; x64) AppleWebKit/537.36 (KHTML, like Gecko) Chrome/122.0.6261.95 Safari/537.36 -
0:0:0:0:0:0:0:1 - - [10/Dec/2024:14:22:26 +0800] "GET /nacos/v1/ns/catalog/services?hasIpCount=true&withInstances=false&pageNo=1&pageSize=10&serviceNameParam=&groupNameParam=&namespaceId=ce2bb47e-4538-4d72-a705-adc1ef76fe55 HTTP/1.1" 200 161 4 Mozilla/5.0 (Windows NT 10.0; Win64; x64) AppleWebKit/537.36 (KHTML, like Gecko) Chrome/122.0.6261.95 Safari/537.36 -
0:0:0:0:0:0:0:1 - - [10/Dec/2024:14:22:28 +0800] "GET /nacos/v1/cs/configs?dataId=&group=&appName=&config_tags=&pageNo=1&pageSize=10&tenant=ce2bb47e-4538-4d72-a705-adc1ef76fe55&types=&search=blur HTTP/1.1" 200 868 7 Mozilla/5.0 (Windows NT 10.0; Win64; x64) AppleWebKit/537.36 (KHTML, like Gecko) Chrome/122.0.6261.95 Safari/537.36 -
0:0:0:0:0:0:0:1 - - [10/Dec/2024:14:22:36 +0800] "GET /nacos/v1/cs/configs?dataId=&group=&appName=&config_tags=&pageNo=1&pageSize=10&tenant=&types=&search=blur HTTP/1.1" 200 760 6 Mozilla/5.0 (Windows NT 10.0; Win64; x64) AppleWebKit/537.36 (KHTML, like Gecko) Chrome/122.0.6261.95 Safari/537.36 -
0:0:0:0:0:0:0:1 - - [10/Dec/2024:14:22:37 +0800] "GET /nacos/v1/cs/configs?dataId=&group=&appName=&config_tags=&pageNo=1&pageSize=10&tenant=ce2bb47e-4538-4d72-a705-adc1ef76fe55&types=&search=blur HTTP/1.1" 200 868 6 Mozilla/5.0 (Windows NT 10.0; Win64; x64) AppleWebKit/537.36 (KHTML, like Gecko) Chrome/122.0.6261.95 Safari/537.36 -
0:0:0:0:0:0:0:1 - - [10/Dec/2024:14:22:43 +0800] "GET /nacos/v1/cs/configs?dataId=&group=&appName=&config_tags=&pageNo=1&pageSize=10&tenant=&types=&search=blur HTTP/1.1" 200 760 9 Mozilla/5.0 (Windows NT 10.0; Win64; x64) AppleWebKit/537.36 (KHTML, like Gecko) Chrome/122.0.6261.95 Safari/537.36 -
0:0:0:0:0:0:0:1 - - [10/Dec/2024:14:22:44 +0800] "GET /nacos/v1/cs/configs?dataId=&group=&appName=&config_tags=&pageNo=1&pageSize=10&tenant=ce2bb47e-4538-4d72-a705-adc1ef76fe55&types=&search=blur HTTP/1.1" 200 868 5 Mozilla/5.0 (Windows NT 10.0; Win64; x64) AppleWebKit/537.36 (KHTML, like Gecko) Chrome/122.0.6261.95 Safari/537.36 -
0:0:0:0:0:0:0:1 - - [10/Dec/2024:14:23:18 +0800] "GET /nacos/v1/cs/configs?dataId=config-faces.yml&group=DEFAULT_GROUP&tenant=ce2bb47e-4538-4d72-a705-adc1ef76fe55 HTTP/1.1" 200 98 3 Java/21.0.4 -
0:0:0:0:0:0:0:1 - - [10/Dec/2024:14:23:39 +0800] "GET /nacos/v1/cs/configs?dataId=&group=&appName=&config_tags=&pageNo=1&pageSize=10&tenant=ce2bb47e-4538-4d72-a705-adc1ef76fe55&types=&search=blur HTTP/1.1" 200 868 6 Mozilla/5.0 (Windows NT 10.0; Win64; x64) AppleWebKit/537.36 (KHTML, like Gecko) Chrome/122.0.6261.95 Safari/537.36 -
0:0:0:0:0:0:0:1 - - [10/Dec/2024:14:23:40 +0800] "GET /nacos/v1/cs/history/configs?tenant=ce2bb47e-4538-4d72-a705-adc1ef76fe55&namespaceId=ce2bb47e-4538-4d72-a705-adc1ef76fe55 HTTP/1.1" 200 628 5 Mozilla/5.0 (Windows NT 10.0; Win64; x64) AppleWebKit/537.36 (KHTML, like Gecko) Chrome/122.0.6261.95 Safari/537.36 -
0:0:0:0:0:0:0:1 - - [10/Dec/2024:14:23:40 +0800] "GET /nacos/v1/cs/configs?dataId=&group=&appName=&config_tags=&pageNo=1&pageSize=10&tenant=ce2bb47e-4538-4d72-a705-adc1ef76fe55&types=&search=blur HTTP/1.1" 200 868 4 Mozilla/5.0 (Windows NT 10.0; Win64; x64) AppleWebKit/537.36 (KHTML, like Gecko) Chrome/122.0.6261.95 Safari/537.36 -
0:0:0:0:0:0:0:1 - - [10/Dec/2024:14:23:42 +0800] "GET /nacos/v1/cs/configs?dataId=&group=&appName=&config_tags=&pageNo=1&pageSize=10&tenant=&types=&search=blur HTTP/1.1" 200 760 6 Mozilla/5.0 (Windows NT 10.0; Win64; x64) AppleWebKit/537.36 (KHTML, like Gecko) Chrome/122.0.6261.95 Safari/537.36 -
0:0:0:0:0:0:0:1 - - [10/Dec/2024:14:23:42 +0800] "GET /nacos/v1/cs/configs?dataId=&group=&appName=&config_tags=&pageNo=1&pageSize=10&tenant=ce2bb47e-4538-4d72-a705-adc1ef76fe55&types=&search=blur HTTP/1.1" 200 868 4 Mozilla/5.0 (Windows NT 10.0; Win64; x64) AppleWebKit/537.36 (KHTML, like Gecko) Chrome/122.0.6261.95 Safari/537.36 -
0:0:0:0:0:0:0:1 - - [10/Dec/2024:14:23:49 +0800] "GET /nacos/v1/cs/configs?dataId=&group=&appName=&config_tags=&pageNo=1&pageSize=10&tenant=ce2bb47e-4538-4d72-a705-adc1ef76fe55&types=&search=blur HTTP/1.1" 200 868 4 Mozilla/5.0 (Windows NT 10.0; Win64; x64) AppleWebKit/537.36 (KHTML, like Gecko) Chrome/122.0.6261.95 Safari/537.36 -
0:0:0:0:0:0:0:1 - - [10/Dec/2024:14:24:11 +0800] "GET /nacos/console-ui/public/js/vs/language/json/jsonWorker.js HTTP/1.1" 200 93035 9 Mozilla/5.0 (Windows NT 10.0; Win64; x64) AppleWebKit/537.36 (KHTML, like Gecko) Chrome/122.0.6261.95 Safari/537.36 -
0:0:0:0:0:0:0:1 - - [10/Dec/2024:14:24:32 +0800] "GET /nacos/v1/cs/configs?&show=all&dataId=flow-rule&group=FLOW_RULE_GROUP&tenant=ce2bb47e-4538-4d72-a705-adc1ef76fe55&namespaceId=ce2bb47e-4538-4d72-a705-adc1ef76fe55 HTTP/1.1" 200 - 18 Mozilla/5.0 (Windows NT 10.0; Win64; x64) AppleWebKit/537.36 (KHTML, like Gecko) Chrome/122.0.6261.95 Safari/537.36 -
0:0:0:0:0:0:0:1 - - [10/Dec/2024:14:24:32 +0800] "POST /nacos/v1/cs/configs? HTTP/1.1" 200 14 126 Mozilla/5.0 (Windows NT 10.0; Win64; x64) AppleWebKit/537.36 (KHTML, like Gecko) Chrome/122.0.6261.95 Safari/537.36 -
0:0:0:0:0:0:0:1 - - [10/Dec/2024:14:24:32 +0800] "GET /nacos/v1/cs/configs?dataId=&group=&appName=&config_tags=&pageNo=1&pageSize=10&tenant=ce2bb47e-4538-4d72-a705-adc1ef76fe55&types=&search=blur HTTP/1.1" 200 1413 6 Mozilla/5.0 (Windows NT 10.0; Win64; x64) AppleWebKit/537.36 (KHTML, like Gecko) Chrome/122.0.6261.95 Safari/537.36 -
0:0:0:0:0:0:0:1 - - [10/Dec/2024:14:25:30 +0800] "GET /nacos/v1/console/namespaces?&namespaceId=ce2bb47e-4538-4d72-a705-adc1ef76fe55 HTTP/1.1" 200 299 7 Mozilla/5.0 (Windows NT 10.0; Win64; x64) AppleWebKit/537.36 (KHTML, like Gecko) Chrome/122.0.6261.95 Safari/537.36 -
0:0:0:0:0:0:0:1 - - [10/Dec/2024:14:25:30 +0800] "GET /nacos/v1/cs/configs?show=all&dataId=flow-rule&group=FLOW_RULE_GROUP&tenant=ce2bb47e-4538-4d72-a705-adc1ef76fe55&namespaceId=ce2bb47e-4538-4d72-a705-adc1ef76fe55 HTTP/1.1" 200 756 8 Mozilla/5.0 (Windows NT 10.0; Win64; x64) AppleWebKit/537.36 (KHTML, like Gecko) Chrome/122.0.6261.95 Safari/537.36 -
0:0:0:0:0:0:0:1 - - [10/Dec/2024:14:26:02 +0800] "GET /nacos/v1/cs/configs?dataId=config-faces.yml&group=DEFAULT_GROUP&tenant=ce2bb47e-4538-4d72-a705-adc1ef76fe55 HTTP/1.1" 200 98 3 Java/21.0.4 -
