0:0:0:0:0:0:0:1 - - [30/Nov/2024:18:15:25 +0800] "GET /favicon.ico HTTP/1.1" 404 431 19 Mozilla/5.0 (Windows NT 10.0; Win64; x64) AppleWebKit/537.36 (KHTML, like Gecko) Chrome/122.0.6261.95 Safari/537.36 -
0:0:0:0:0:0:0:1 - - [30/Nov/2024:18:15:26 +0800] "GET /favicon.ico HTTP/1.1" 404 431 1 Mozilla/5.0 (Windows NT 10.0; Win64; x64) AppleWebKit/537.36 (KHTML, like Gecko) Chrome/122.0.6261.95 Safari/537.36 -
0:0:0:0:0:0:0:1 - - [30/Nov/2024:18:15:26 +0800] "GET /favicon.ico HTTP/1.1" 404 431 1 Mozilla/5.0 (Windows NT 10.0; Win64; x64) AppleWebKit/537.36 (KHTML, like Gecko) Chrome/122.0.6261.95 Safari/537.36 -
0:0:0:0:0:0:0:1 - - [30/Nov/2024:18:15:27 +0800] "GET /nacos HTTP/1.1" 302 - 0 Mozilla/5.0 (Windows NT 10.0; Win64; x64) AppleWebKit/537.36 (KHTML, like Gecko) Chrome/122.0.6261.95 Safari/537.36 -
0:0:0:0:0:0:0:1 - - [30/Nov/2024:18:15:27 +0800] "GET /nacos/ HTTP/1.1" 200 2780 106 Mozilla/5.0 (Windows NT 10.0; Win64; x64) AppleWebKit/537.36 (KHTML, like Gecko) Chrome/122.0.6261.95 Safari/537.36 -
0:0:0:0:0:0:0:1 - - [30/Nov/2024:18:15:27 +0800] "GET /nacos/console-ui/public/css/console1412.css HTTP/1.1" 200 156959 11 Mozilla/5.0 (Windows NT 10.0; Win64; x64) AppleWebKit/537.36 (KHTML, like Gecko) Chrome/122.0.6261.95 Safari/537.36 -
0:0:0:0:0:0:0:1 - - [30/Nov/2024:18:15:27 +0800] "GET /nacos/console-ui/public/css/codemirror.css HTTP/1.1" 200 8858 7 Mozilla/5.0 (Windows NT 10.0; Win64; x64) AppleWebKit/537.36 (KHTML, like Gecko) Chrome/122.0.6261.95 Safari/537.36 -
0:0:0:0:0:0:0:1 - - [30/Nov/2024:18:15:27 +0800] "GET /nacos/console-ui/public/css/bootstrap.css HTTP/1.1" 200 123294 49 Mozilla/5.0 (Windows NT 10.0; Win64; x64) AppleWebKit/537.36 (KHTML, like Gecko) Chrome/122.0.6261.95 Safari/537.36 -
0:0:0:0:0:0:0:1 - - [30/Nov/2024:18:15:27 +0800] "GET /nacos/console-ui/public/css/merge.css HTTP/1.1" 200 3866 19 Mozilla/5.0 (Windows NT 10.0; Win64; x64) AppleWebKit/537.36 (KHTML, like Gecko) Chrome/122.0.6261.95 Safari/537.36 -
0:0:0:0:0:0:0:1 - - [30/Nov/2024:18:15:27 +0800] "GET /nacos/console-ui/public/css/icon.css HTTP/1.1" 200 5176 13 Mozilla/5.0 (Windows NT 10.0; Win64; x64) AppleWebKit/537.36 (KHTML, like Gecko) Chrome/122.0.6261.95 Safari/537.36 -
0:0:0:0:0:0:0:1 - - [30/Nov/2024:18:15:27 +0800] "GET /nacos/console-ui/public/css/font-awesome.css HTTP/1.1" 200 33850 13 Mozilla/5.0 (Windows NT 10.0; Win64; x64) AppleWebKit/537.36 (KHTML, like Gecko) Chrome/122.0.6261.95 Safari/537.36 -
0:0:0:0:0:0:0:1 - - [30/Nov/2024:18:15:27 +0800] "GET /nacos/console-ui/public/js/jquery.js HTTP/1.1" 200 89476 17 Mozilla/5.0 (Windows NT 10.0; Win64; x64) AppleWebKit/537.36 (KHTML, like Gecko) Chrome/122.0.6261.95 Safari/537.36 -
0:0:0:0:0:0:0:1 - - [30/Nov/2024:18:15:27 +0800] "GET /nacos/console-ui/public/js/xml.js HTTP/1.1" 200 13059 16 Mozilla/5.0 (Windows NT 10.0; Win64; x64) AppleWebKit/537.36 (KHTML, like Gecko) Chrome/122.0.6261.95 Safari/537.36 -
0:0:0:0:0:0:0:1 - - [30/Nov/2024:18:15:27 +0800] "GET /nacos/css/main.css?6d7b5e4fd7099b3cad92 HTTP/1.1" 200 775193 30 Mozilla/5.0 (Windows NT 10.0; Win64; x64) AppleWebKit/537.36 (KHTML, like Gecko) Chrome/122.0.6261.95 Safari/537.36 -
0:0:0:0:0:0:0:1 - - [30/Nov/2024:18:15:27 +0800] "GET /nacos/console-ui/public/js/javascript.js HTTP/1.1" 200 32209 24 Mozilla/5.0 (Windows NT 10.0; Win64; x64) AppleWebKit/537.36 (KHTML, like Gecko) Chrome/122.0.6261.95 Safari/537.36 -
0:0:0:0:0:0:0:1 - - [30/Nov/2024:18:15:27 +0800] "GET /nacos/console-ui/public/js/codemirror.js HTTP/1.1" 200 366246 27 Mozilla/5.0 (Windows NT 10.0; Win64; x64) AppleWebKit/537.36 (KHTML, like Gecko) Chrome/122.0.6261.95 Safari/537.36 -
0:0:0:0:0:0:0:1 - - [30/Nov/2024:18:15:27 +0800] "GET /nacos/console-ui/public/js/codemirror.addone.fullscreen.js HTTP/1.1" 200 1983 5 Mozilla/5.0 (Windows NT 10.0; Win64; x64) AppleWebKit/537.36 (KHTML, like Gecko) Chrome/122.0.6261.95 Safari/537.36 -
0:0:0:0:0:0:0:1 - - [30/Nov/2024:18:15:27 +0800] "GET /nacos/console-ui/public/js/codemirror.lib.json-lint.js HTTP/1.1" 200 16798 12 Mozilla/5.0 (Windows NT 10.0; Win64; x64) AppleWebKit/537.36 (KHTML, like Gecko) Chrome/122.0.6261.95 Safari/537.36 -
0:0:0:0:0:0:0:1 - - [30/Nov/2024:18:15:27 +0800] "GET /nacos/console-ui/public/js/merge.js HTTP/1.1" 200 37883 5 Mozilla/5.0 (Windows NT 10.0; Win64; x64) AppleWebKit/537.36 (KHTML, like Gecko) Chrome/122.0.6261.95 Safari/537.36 -
0:0:0:0:0:0:0:1 - - [30/Nov/2024:18:15:27 +0800] "GET /nacos/console-ui/public/js/codemirror.lib.clike-lint.js HTTP/1.1" 200 31531 30 Mozilla/5.0 (Windows NT 10.0; Win64; x64) AppleWebKit/537.36 (KHTML, like Gecko) Chrome/122.0.6261.95 Safari/537.36 -
0:0:0:0:0:0:0:1 - - [30/Nov/2024:18:15:27 +0800] "GET /nacos/console-ui/public/js/codemirror.addone.lint.js HTTP/1.1" 200 8521 41 Mozilla/5.0 (Windows NT 10.0; Win64; x64) AppleWebKit/537.36 (KHTML, like Gecko) Chrome/122.0.6261.95 Safari/537.36 -
0:0:0:0:0:0:0:1 - - [30/Nov/2024:18:15:27 +0800] "GET /nacos/console-ui/public/js/codemirror.addone.json-lint.js HTTP/1.1" 200 1443 38 Mozilla/5.0 (Windows NT 10.0; Win64; x64) AppleWebKit/537.36 (KHTML, like Gecko) Chrome/122.0.6261.95 Safari/537.36 -
0:0:0:0:0:0:0:1 - - [30/Nov/2024:18:15:27 +0800] "GET /nacos/console-ui/public/js/diff_match_patch.js HTTP/1.1" 200 19192 30 Mozilla/5.0 (Windows NT 10.0; Win64; x64) AppleWebKit/537.36 (KHTML, like Gecko) Chrome/122.0.6261.95 Safari/537.36 -
0:0:0:0:0:0:0:1 - - [30/Nov/2024:18:15:27 +0800] "GET /nacos/console-ui/public/js/loader.js HTTP/1.1" 200 28899 6 Mozilla/5.0 (Windows NT 10.0; Win64; x64) AppleWebKit/537.36 (KHTML, like Gecko) Chrome/122.0.6261.95 Safari/537.36 -
0:0:0:0:0:0:0:1 - - [30/Nov/2024:18:15:27 +0800] "GET /nacos/js/main.js?6d7b5e4fd7099b3cad92 HTTP/1.1" 200 1675207 54 Mozilla/5.0 (Windows NT 10.0; Win64; x64) AppleWebKit/537.36 (KHTML, like Gecko) Chrome/122.0.6261.95 Safari/537.36 -
0:0:0:0:0:0:0:1 - - [30/Nov/2024:18:15:28 +0800] "GET /nacos/console-ui/public/js/vs/editor/editor.main.js HTTP/1.1" 200 1824087 21 Mozilla/5.0 (Windows NT 10.0; Win64; x64) AppleWebKit/537.36 (KHTML, like Gecko) Chrome/122.0.6261.95 Safari/537.36 -
0:0:0:0:0:0:0:1 - - [30/Nov/2024:18:15:28 +0800] "GET /nacos/img/logo-2000-390.svg HTTP/1.1" 200 2106 7 Mozilla/5.0 (Windows NT 10.0; Win64; x64) AppleWebKit/537.36 (KHTML, like Gecko) Chrome/122.0.6261.95 Safari/537.36 -
0:0:0:0:0:0:0:1 - - [30/Nov/2024:18:15:28 +0800] "GET /nacos/console-ui/public/fonts/roboto-regular.woff2 HTTP/1.1" 200 19988 16 Mozilla/5.0 (Windows NT 10.0; Win64; x64) AppleWebKit/537.36 (KHTML, like Gecko) Chrome/122.0.6261.95 Safari/537.36 -
0:0:0:0:0:0:0:1 - - [30/Nov/2024:18:15:28 +0800] "GET /nacos/console-ui/public/fonts/font_1533967_slipq25tezj.woff2 HTTP/1.1" 200 6448 17 Mozilla/5.0 (Windows NT 10.0; Win64; x64) AppleWebKit/537.36 (KHTML, like Gecko) Chrome/122.0.6261.95 Safari/537.36 -
0:0:0:0:0:0:0:1 - - [30/Nov/2024:18:15:28 +0800] "GET /nacos/console-ui/public/fonts/roboto-bold.woff2 HTTP/1.1" 200 20248 15 Mozilla/5.0 (Windows NT 10.0; Win64; x64) AppleWebKit/537.36 (KHTML, like Gecko) Chrome/122.0.6261.95 Safari/537.36 -
0:0:0:0:0:0:0:1 - - [30/Nov/2024:18:15:28 +0800] "GET /nacos/v1/console/server/guide HTTP/1.1" 200 351 67 Mozilla/5.0 (Windows NT 10.0; Win64; x64) AppleWebKit/537.36 (KHTML, like Gecko) Chrome/122.0.6261.95 Safari/537.36 -
0:0:0:0:0:0:0:1 - - [30/Nov/2024:18:15:28 +0800] "GET /nacos/v1/console/server/announcement?language=zh-CN HTTP/1.1" 200 177 69 Mozilla/5.0 (Windows NT 10.0; Win64; x64) AppleWebKit/537.36 (KHTML, like Gecko) Chrome/122.0.6261.95 Safari/537.36 -
0:0:0:0:0:0:0:1 - - [30/Nov/2024:18:15:28 +0800] "GET /nacos/v1/console/server/state HTTP/1.1" 200 664 72 Mozilla/5.0 (Windows NT 10.0; Win64; x64) AppleWebKit/537.36 (KHTML, like Gecko) Chrome/122.0.6261.95 Safari/537.36 -
0:0:0:0:0:0:0:1 - - [30/Nov/2024:18:15:28 +0800] "GET /nacos/v1/console/server/state HTTP/1.1" 200 664 9 Mozilla/5.0 (Windows NT 10.0; Win64; x64) AppleWebKit/537.36 (KHTML, like Gecko) Chrome/122.0.6261.95 Safari/537.36 -
0:0:0:0:0:0:0:1 - - [30/Nov/2024:18:15:28 +0800] "GET /nacos/v1/console/namespaces?&namespaceId= HTTP/1.1" 200 151 54 Mozilla/5.0 (Windows NT 10.0; Win64; x64) AppleWebKit/537.36 (KHTML, like Gecko) Chrome/122.0.6261.95 Safari/537.36 -
0:0:0:0:0:0:0:1 - - [30/Nov/2024:18:15:28 +0800] "GET /nacos/console-ui/public/js/vs/editor/editor.main.css HTTP/1.1" 200 172199 7 Mozilla/5.0 (Windows NT 10.0; Win64; x64) AppleWebKit/537.36 (KHTML, like Gecko) Chrome/122.0.6261.95 Safari/537.36 -
0:0:0:0:0:0:0:1 - - [30/Nov/2024:18:15:28 +0800] "GET /nacos/console-ui/public/js/vs/editor/editor.main.nls.zh-cn.js HTTP/1.1" 200 22864 4 Mozilla/5.0 (Windows NT 10.0; Win64; x64) AppleWebKit/537.36 (KHTML, like Gecko) Chrome/122.0.6261.95 Safari/537.36 -
0:0:0:0:0:0:0:1 - - [30/Nov/2024:18:15:28 +0800] "GET /nacos/console-ui/public/fonts/roboto-medium.woff2 HTTP/1.1" 200 20044 5 Mozilla/5.0 (Windows NT 10.0; Win64; x64) AppleWebKit/537.36 (KHTML, like Gecko) Chrome/122.0.6261.95 Safari/537.36 -
0:0:0:0:0:0:0:1 - - [30/Nov/2024:18:15:28 +0800] "GET /nacos/v1/cs/configs?dataId=&group=&appName=&config_tags=&pageNo=1&pageSize=10&tenant=&types=&search=blur HTTP/1.1" 200 76 67 Mozilla/5.0 (Windows NT 10.0; Win64; x64) AppleWebKit/537.36 (KHTML, like Gecko) Chrome/122.0.6261.95 Safari/537.36 -
0:0:0:0:0:0:0:1 - - [30/Nov/2024:18:15:28 +0800] "GET /nacos/console-ui/public/img/nacos-logo.png HTTP/1.1" 200 1529 7 Mozilla/5.0 (Windows NT 10.0; Win64; x64) AppleWebKit/537.36 (KHTML, like Gecko) Chrome/122.0.6261.95 Safari/537.36 -
0:0:0:0:0:0:0:1 - - [30/Nov/2024:18:15:39 +0800] "GET /favicon.ico HTTP/1.1" 404 431 1 Mozilla/5.0 (Windows NT 10.0; Win64; x64) AppleWebKit/537.36 (KHTML, like Gecko) Chrome/122.0.6261.95 Safari/537.36 -
0:0:0:0:0:0:0:1 - - [30/Nov/2024:18:15:40 +0800] "GET /favicon.ico HTTP/1.1" 404 431 0 Mozilla/5.0 (Windows NT 10.0; Win64; x64) AppleWebKit/537.36 (KHTML, like Gecko) Chrome/122.0.6261.95 Safari/537.36 -
0:0:0:0:0:0:0:1 - - [30/Nov/2024:18:15:40 +0800] "GET / HTTP/1.1" 404 431 1 Mozilla/5.0 (Windows NT 10.0; Win64; x64) AppleWebKit/537.36 (KHTML, like Gecko) Chrome/122.0.6261.95 Safari/537.36 -
0:0:0:0:0:0:0:1 - - [30/Nov/2024:18:15:40 +0800] "GET /favicon.ico HTTP/1.1" 404 431 1 Mozilla/5.0 (Windows NT 10.0; Win64; x64) AppleWebKit/537.36 (KHTML, like Gecko) Chrome/122.0.6261.95 Safari/537.36 -
0:0:0:0:0:0:0:1 - - [30/Nov/2024:18:16:24 +0800] "GET /nacos HTTP/1.1" 302 - 0 Mozilla/5.0 (Windows NT 10.0; Win64; x64) AppleWebKit/537.36 (KHTML, like Gecko) Chrome/122.0.6261.95 Safari/537.36 -
0:0:0:0:0:0:0:1 - - [30/Nov/2024:18:16:24 +0800] "GET /nacos/ HTTP/1.1" 200 2780 10 Mozilla/5.0 (Windows NT 10.0; Win64; x64) AppleWebKit/537.36 (KHTML, like Gecko) Chrome/122.0.6261.95 Safari/537.36 -
0:0:0:0:0:0:0:1 - - [30/Nov/2024:18:16:24 +0800] "GET /nacos/console-ui/public/css/bootstrap.css HTTP/1.1" 200 123294 5 Mozilla/5.0 (Windows NT 10.0; Win64; x64) AppleWebKit/537.36 (KHTML, like Gecko) Chrome/122.0.6261.95 Safari/537.36 -
0:0:0:0:0:0:0:1 - - [30/Nov/2024:18:16:24 +0800] "GET /nacos/console-ui/public/css/codemirror.css HTTP/1.1" 200 8858 11 Mozilla/5.0 (Windows NT 10.0; Win64; x64) AppleWebKit/537.36 (KHTML, like Gecko) Chrome/122.0.6261.95 Safari/537.36 -
0:0:0:0:0:0:0:1 - - [30/Nov/2024:18:16:24 +0800] "GET /nacos/console-ui/public/css/icon.css HTTP/1.1" 200 5176 7 Mozilla/5.0 (Windows NT 10.0; Win64; x64) AppleWebKit/537.36 (KHTML, like Gecko) Chrome/122.0.6261.95 Safari/537.36 -
0:0:0:0:0:0:0:1 - - [30/Nov/2024:18:16:24 +0800] "GET /nacos/console-ui/public/css/console1412.css HTTP/1.1" 200 156959 16 Mozilla/5.0 (Windows NT 10.0; Win64; x64) AppleWebKit/537.36 (KHTML, like Gecko) Chrome/122.0.6261.95 Safari/537.36 -
0:0:0:0:0:0:0:1 - - [30/Nov/2024:18:16:24 +0800] "GET /nacos/console-ui/public/css/font-awesome.css HTTP/1.1" 200 33850 4 Mozilla/5.0 (Windows NT 10.0; Win64; x64) AppleWebKit/537.36 (KHTML, like Gecko) Chrome/122.0.6261.95 Safari/537.36 -
0:0:0:0:0:0:0:1 - - [30/Nov/2024:18:16:24 +0800] "GET /nacos/console-ui/public/css/merge.css HTTP/1.1" 200 3866 16 Mozilla/5.0 (Windows NT 10.0; Win64; x64) AppleWebKit/537.36 (KHTML, like Gecko) Chrome/122.0.6261.95 Safari/537.36 -
0:0:0:0:0:0:0:1 - - [30/Nov/2024:18:16:24 +0800] "GET /nacos/console-ui/public/js/codemirror.js HTTP/1.1" 200 366246 13 Mozilla/5.0 (Windows NT 10.0; Win64; x64) AppleWebKit/537.36 (KHTML, like Gecko) Chrome/122.0.6261.95 Safari/537.36 -
0:0:0:0:0:0:0:1 - - [30/Nov/2024:18:16:24 +0800] "GET /nacos/console-ui/public/js/codemirror.addone.fullscreen.js HTTP/1.1" 200 1983 4 Mozilla/5.0 (Windows NT 10.0; Win64; x64) AppleWebKit/537.36 (KHTML, like Gecko) Chrome/122.0.6261.95 Safari/537.36 -
0:0:0:0:0:0:0:1 - - [30/Nov/2024:18:16:24 +0800] "GET /nacos/console-ui/public/js/xml.js HTTP/1.1" 200 13059 14 Mozilla/5.0 (Windows NT 10.0; Win64; x64) AppleWebKit/537.36 (KHTML, like Gecko) Chrome/122.0.6261.95 Safari/537.36 -
0:0:0:0:0:0:0:1 - - [30/Nov/2024:18:16:24 +0800] "GET /nacos/console-ui/public/js/jquery.js HTTP/1.1" 200 89476 21 Mozilla/5.0 (Windows NT 10.0; Win64; x64) AppleWebKit/537.36 (KHTML, like Gecko) Chrome/122.0.6261.95 Safari/537.36 -
0:0:0:0:0:0:0:1 - - [30/Nov/2024:18:16:24 +0800] "GET /nacos/console-ui/public/js/codemirror.addone.lint.js HTTP/1.1" 200 8521 6 Mozilla/5.0 (Windows NT 10.0; Win64; x64) AppleWebKit/537.36 (KHTML, like Gecko) Chrome/122.0.6261.95 Safari/537.36 -
0:0:0:0:0:0:0:1 - - [30/Nov/2024:18:16:24 +0800] "GET /nacos/console-ui/public/js/javascript.js HTTP/1.1" 200 32209 31 Mozilla/5.0 (Windows NT 10.0; Win64; x64) AppleWebKit/537.36 (KHTML, like Gecko) Chrome/122.0.6261.95 Safari/537.36 -
0:0:0:0:0:0:0:1 - - [30/Nov/2024:18:16:24 +0800] "GET /nacos/console-ui/public/js/codemirror.lib.json-lint.js HTTP/1.1" 200 16798 4 Mozilla/5.0 (Windows NT 10.0; Win64; x64) AppleWebKit/537.36 (KHTML, like Gecko) Chrome/122.0.6261.95 Safari/537.36 -
0:0:0:0:0:0:0:1 - - [30/Nov/2024:18:16:24 +0800] "GET /nacos/console-ui/public/js/codemirror.addone.json-lint.js HTTP/1.1" 200 1443 18 Mozilla/5.0 (Windows NT 10.0; Win64; x64) AppleWebKit/537.36 (KHTML, like Gecko) Chrome/122.0.6261.95 Safari/537.36 -
0:0:0:0:0:0:0:1 - - [30/Nov/2024:18:16:24 +0800] "GET /nacos/console-ui/public/js/loader.js HTTP/1.1" 200 28899 4 Mozilla/5.0 (Windows NT 10.0; Win64; x64) AppleWebKit/537.36 (KHTML, like Gecko) Chrome/122.0.6261.95 Safari/537.36 -
0:0:0:0:0:0:0:1 - - [30/Nov/2024:18:16:24 +0800] "GET /nacos/console-ui/public/js/codemirror.lib.clike-lint.js HTTP/1.1" 200 31531 30 Mozilla/5.0 (Windows NT 10.0; Win64; x64) AppleWebKit/537.36 (KHTML, like Gecko) Chrome/122.0.6261.95 Safari/537.36 -
0:0:0:0:0:0:0:1 - - [30/Nov/2024:18:16:24 +0800] "GET /nacos/console-ui/public/js/diff_match_patch.js HTTP/1.1" 200 19192 18 Mozilla/5.0 (Windows NT 10.0; Win64; x64) AppleWebKit/537.36 (KHTML, like Gecko) Chrome/122.0.6261.95 Safari/537.36 -
0:0:0:0:0:0:0:1 - - [30/Nov/2024:18:16:24 +0800] "GET /nacos/console-ui/public/js/merge.js HTTP/1.1" 200 37883 32 Mozilla/5.0 (Windows NT 10.0; Win64; x64) AppleWebKit/537.36 (KHTML, like Gecko) Chrome/122.0.6261.95 Safari/537.36 -
0:0:0:0:0:0:0:1 - - [30/Nov/2024:18:16:24 +0800] "GET /nacos/css/main.css?6d7b5e4fd7099b3cad92 HTTP/1.1" 200 775193 105 Mozilla/5.0 (Windows NT 10.0; Win64; x64) AppleWebKit/537.36 (KHTML, like Gecko) Chrome/122.0.6261.95 Safari/537.36 -
0:0:0:0:0:0:0:1 - - [30/Nov/2024:18:16:24 +0800] "GET /nacos/js/main.js?6d7b5e4fd7099b3cad92 HTTP/1.1" 200 1675207 39 Mozilla/5.0 (Windows NT 10.0; Win64; x64) AppleWebKit/537.36 (KHTML, like Gecko) Chrome/122.0.6261.95 Safari/537.36 -
0:0:0:0:0:0:0:1 - - [30/Nov/2024:18:16:25 +0800] "GET /nacos/console-ui/public/js/vs/editor/editor.main.js HTTP/1.1" 200 1824087 20 Mozilla/5.0 (Windows NT 10.0; Win64; x64) AppleWebKit/537.36 (KHTML, like Gecko) Chrome/122.0.6261.95 Safari/537.36 -
0:0:0:0:0:0:0:1 - - [30/Nov/2024:18:16:25 +0800] "GET /nacos/img/logo-2000-390.svg HTTP/1.1" 200 2106 6 Mozilla/5.0 (Windows NT 10.0; Win64; x64) AppleWebKit/537.36 (KHTML, like Gecko) Chrome/122.0.6261.95 Safari/537.36 -
0:0:0:0:0:0:0:1 - - [30/Nov/2024:18:16:25 +0800] "GET /nacos/v1/console/server/state HTTP/1.1" 200 664 6 Mozilla/5.0 (Windows NT 10.0; Win64; x64) AppleWebKit/537.36 (KHTML, like Gecko) Chrome/122.0.6261.95 Safari/537.36 -
0:0:0:0:0:0:0:1 - - [30/Nov/2024:18:16:25 +0800] "GET /nacos/v1/console/server/guide HTTP/1.1" 200 351 5 Mozilla/5.0 (Windows NT 10.0; Win64; x64) AppleWebKit/537.36 (KHTML, like Gecko) Chrome/122.0.6261.95 Safari/537.36 -
0:0:0:0:0:0:0:1 - - [30/Nov/2024:18:16:25 +0800] "GET /nacos/v1/console/server/announcement?language=zh-CN HTTP/1.1" 200 177 20 Mozilla/5.0 (Windows NT 10.0; Win64; x64) AppleWebKit/537.36 (KHTML, like Gecko) Chrome/122.0.6261.95 Safari/537.36 -
0:0:0:0:0:0:0:1 - - [30/Nov/2024:18:16:25 +0800] "GET /nacos/v1/console/server/state HTTP/1.1" 200 664 5 Mozilla/5.0 (Windows NT 10.0; Win64; x64) AppleWebKit/537.36 (KHTML, like Gecko) Chrome/122.0.6261.95 Safari/537.36 -
0:0:0:0:0:0:0:1 - - [30/Nov/2024:18:16:25 +0800] "GET /nacos/console-ui/public/fonts/font_1533967_slipq25tezj.woff2 HTTP/1.1" 200 6448 4 Mozilla/5.0 (Windows NT 10.0; Win64; x64) AppleWebKit/537.36 (KHTML, like Gecko) Chrome/122.0.6261.95 Safari/537.36 -
0:0:0:0:0:0:0:1 - - [30/Nov/2024:18:16:25 +0800] "GET /nacos/console-ui/public/fonts/roboto-bold.woff2 HTTP/1.1" 200 20248 6 Mozilla/5.0 (Windows NT 10.0; Win64; x64) AppleWebKit/537.36 (KHTML, like Gecko) Chrome/122.0.6261.95 Safari/537.36 -
0:0:0:0:0:0:0:1 - - [30/Nov/2024:18:16:25 +0800] "GET /nacos/console-ui/public/fonts/roboto-regular.woff2 HTTP/1.1" 200 19988 16 Mozilla/5.0 (Windows NT 10.0; Win64; x64) AppleWebKit/537.36 (KHTML, like Gecko) Chrome/122.0.6261.95 Safari/537.36 -
0:0:0:0:0:0:0:1 - - [30/Nov/2024:18:16:25 +0800] "GET /nacos/v1/console/namespaces?&namespaceId= HTTP/1.1" 200 151 6 Mozilla/5.0 (Windows NT 10.0; Win64; x64) AppleWebKit/537.36 (KHTML, like Gecko) Chrome/122.0.6261.95 Safari/537.36 -
0:0:0:0:0:0:0:1 - - [30/Nov/2024:18:16:25 +0800] "GET /nacos/console-ui/public/fonts/roboto-medium.woff2 HTTP/1.1" 200 20044 3 Mozilla/5.0 (Windows NT 10.0; Win64; x64) AppleWebKit/537.36 (KHTML, like Gecko) Chrome/122.0.6261.95 Safari/537.36 -
0:0:0:0:0:0:0:1 - - [30/Nov/2024:18:16:25 +0800] "GET /nacos/v1/cs/configs?dataId=&group=&appName=&config_tags=&pageNo=1&pageSize=10&tenant=&types=&search=blur HTTP/1.1" 200 76 4 Mozilla/5.0 (Windows NT 10.0; Win64; x64) AppleWebKit/537.36 (KHTML, like Gecko) Chrome/122.0.6261.95 Safari/537.36 -
0:0:0:0:0:0:0:1 - - [30/Nov/2024:18:16:25 +0800] "GET /nacos/console-ui/public/js/vs/editor/editor.main.nls.zh-cn.js HTTP/1.1" 200 22864 4 Mozilla/5.0 (Windows NT 10.0; Win64; x64) AppleWebKit/537.36 (KHTML, like Gecko) Chrome/122.0.6261.95 Safari/537.36 -
0:0:0:0:0:0:0:1 - - [30/Nov/2024:18:16:25 +0800] "GET /nacos/console-ui/public/js/vs/editor/editor.main.css HTTP/1.1" 200 172199 7 Mozilla/5.0 (Windows NT 10.0; Win64; x64) AppleWebKit/537.36 (KHTML, like Gecko) Chrome/122.0.6261.95 Safari/537.36 -
0:0:0:0:0:0:0:1 - - [30/Nov/2024:18:16:25 +0800] "GET /nacos/console-ui/public/img/nacos-logo.png HTTP/1.1" 200 1529 3 Mozilla/5.0 (Windows NT 10.0; Win64; x64) AppleWebKit/537.36 (KHTML, like Gecko) Chrome/122.0.6261.95 Safari/537.36 -
0:0:0:0:0:0:0:1 - - [30/Nov/2024:18:16:28 +0800] "GET /nacos/v1/cs/history/configs?tenant=&namespaceId= HTTP/1.1" 200 12 13 Mozilla/5.0 (Windows NT 10.0; Win64; x64) AppleWebKit/537.36 (KHTML, like Gecko) Chrome/122.0.6261.95 Safari/537.36 -
0:0:0:0:0:0:0:1 - - [30/Nov/2024:18:16:30 +0800] "GET /nacos/v1/cs/history/configs?tenant=&namespaceId= HTTP/1.1" 200 12 4 Mozilla/5.0 (Windows NT 10.0; Win64; x64) AppleWebKit/537.36 (KHTML, like Gecko) Chrome/122.0.6261.95 Safari/537.36 -
0:0:0:0:0:0:0:1 - - [30/Nov/2024:18:16:30 +0800] "GET /nacos/v1/cs/configs?dataId=&group=&appName=&config_tags=&pageNo=1&pageSize=10&tenant=&types=&search=blur HTTP/1.1" 200 76 4 Mozilla/5.0 (Windows NT 10.0; Win64; x64) AppleWebKit/537.36 (KHTML, like Gecko) Chrome/122.0.6261.95 Safari/537.36 -
0:0:0:0:0:0:0:1 - - [30/Nov/2024:18:18:14 +0800] "GET /nacos/ HTTP/1.1" 304 - 4 Mozilla/5.0 (Windows NT 10.0; Win64; x64) AppleWebKit/537.36 (KHTML, like Gecko) Chrome/122.0.6261.95 Safari/537.36 -
0:0:0:0:0:0:0:1 - - [30/Nov/2024:18:18:14 +0800] "GET /nacos/v1/console/server/state HTTP/1.1" 200 664 4 Mozilla/5.0 (Windows NT 10.0; Win64; x64) AppleWebKit/537.36 (KHTML, like Gecko) Chrome/122.0.6261.95 Safari/537.36 -
0:0:0:0:0:0:0:1 - - [30/Nov/2024:18:18:14 +0800] "GET /nacos/v1/console/server/announcement?language=zh-CN HTTP/1.1" 200 177 4 Mozilla/5.0 (Windows NT 10.0; Win64; x64) AppleWebKit/537.36 (KHTML, like Gecko) Chrome/122.0.6261.95 Safari/537.36 -
0:0:0:0:0:0:0:1 - - [30/Nov/2024:18:18:14 +0800] "GET /nacos/v1/console/server/guide HTTP/1.1" 200 351 4 Mozilla/5.0 (Windows NT 10.0; Win64; x64) AppleWebKit/537.36 (KHTML, like Gecko) Chrome/122.0.6261.95 Safari/537.36 -
0:0:0:0:0:0:0:1 - - [30/Nov/2024:18:18:14 +0800] "GET /nacos/v1/console/server/state HTTP/1.1" 200 664 3 Mozilla/5.0 (Windows NT 10.0; Win64; x64) AppleWebKit/537.36 (KHTML, like Gecko) Chrome/122.0.6261.95 Safari/537.36 -
0:0:0:0:0:0:0:1 - - [30/Nov/2024:18:18:14 +0800] "GET /nacos/v1/console/namespaces?&namespaceId= HTTP/1.1" 200 151 4 Mozilla/5.0 (Windows NT 10.0; Win64; x64) AppleWebKit/537.36 (KHTML, like Gecko) Chrome/122.0.6261.95 Safari/537.36 -
0:0:0:0:0:0:0:1 - - [30/Nov/2024:18:18:14 +0800] "GET /nacos/v1/cs/configs?dataId=&group=&appName=&config_tags=&pageNo=1&pageSize=10&tenant=&types=&search=blur HTTP/1.1" 200 76 3 Mozilla/5.0 (Windows NT 10.0; Win64; x64) AppleWebKit/537.36 (KHTML, like Gecko) Chrome/122.0.6261.95 Safari/537.36 -
0:0:0:0:0:0:0:1 - - [30/Nov/2024:18:18:16 +0800] "GET /nacos/v1/cs/history/configs?tenant=&namespaceId= HTTP/1.1" 200 12 4 Mozilla/5.0 (Windows NT 10.0; Win64; x64) AppleWebKit/537.36 (KHTML, like Gecko) Chrome/122.0.6261.95 Safari/537.36 -
0:0:0:0:0:0:0:1 - - [30/Nov/2024:18:18:17 +0800] "GET /nacos/ HTTP/1.1" 304 - 3 Mozilla/5.0 (Windows NT 10.0; Win64; x64) AppleWebKit/537.36 (KHTML, like Gecko) Chrome/122.0.6261.95 Safari/537.36 -
0:0:0:0:0:0:0:1 - - [30/Nov/2024:18:18:17 +0800] "GET /nacos/v1/console/server/announcement?language=zh-CN HTTP/1.1" 200 177 4 Mozilla/5.0 (Windows NT 10.0; Win64; x64) AppleWebKit/537.36 (KHTML, like Gecko) Chrome/122.0.6261.95 Safari/537.36 -
0:0:0:0:0:0:0:1 - - [30/Nov/2024:18:18:17 +0800] "GET /nacos/v1/console/server/state HTTP/1.1" 200 664 5 Mozilla/5.0 (Windows NT 10.0; Win64; x64) AppleWebKit/537.36 (KHTML, like Gecko) Chrome/122.0.6261.95 Safari/537.36 -
0:0:0:0:0:0:0:1 - - [30/Nov/2024:18:18:17 +0800] "GET /nacos/v1/console/server/guide HTTP/1.1" 200 351 4 Mozilla/5.0 (Windows NT 10.0; Win64; x64) AppleWebKit/537.36 (KHTML, like Gecko) Chrome/122.0.6261.95 Safari/537.36 -
0:0:0:0:0:0:0:1 - - [30/Nov/2024:18:18:17 +0800] "GET /nacos/v1/console/server/state HTTP/1.1" 200 664 6 Mozilla/5.0 (Windows NT 10.0; Win64; x64) AppleWebKit/537.36 (KHTML, like Gecko) Chrome/122.0.6261.95 Safari/537.36 -
0:0:0:0:0:0:0:1 - - [30/Nov/2024:18:18:17 +0800] "GET /nacos/v1/console/namespaces?&namespaceId= HTTP/1.1" 200 151 3 Mozilla/5.0 (Windows NT 10.0; Win64; x64) AppleWebKit/537.36 (KHTML, like Gecko) Chrome/122.0.6261.95 Safari/537.36 -
0:0:0:0:0:0:0:1 - - [30/Nov/2024:18:18:17 +0800] "GET /nacos/v1/cs/history/configs?tenant=&namespaceId= HTTP/1.1" 200 12 3 Mozilla/5.0 (Windows NT 10.0; Win64; x64) AppleWebKit/537.36 (KHTML, like Gecko) Chrome/122.0.6261.95 Safari/537.36 -
0:0:0:0:0:0:0:1 - - [30/Nov/2024:18:18:21 +0800] "GET /nacos/ HTTP/1.1" 304 - 3 Mozilla/5.0 (Windows NT 10.0; Win64; x64) AppleWebKit/537.36 (KHTML, like Gecko) Chrome/122.0.6261.95 Safari/537.36 -
0:0:0:0:0:0:0:1 - - [30/Nov/2024:18:18:21 +0800] "GET /nacos/v1/console/server/state HTTP/1.1" 200 664 4 Mozilla/5.0 (Windows NT 10.0; Win64; x64) AppleWebKit/537.36 (KHTML, like Gecko) Chrome/122.0.6261.95 Safari/537.36 -
0:0:0:0:0:0:0:1 - - [30/Nov/2024:18:18:21 +0800] "GET /nacos/v1/console/server/announcement?language=zh-CN HTTP/1.1" 200 177 4 Mozilla/5.0 (Windows NT 10.0; Win64; x64) AppleWebKit/537.36 (KHTML, like Gecko) Chrome/122.0.6261.95 Safari/537.36 -
0:0:0:0:0:0:0:1 - - [30/Nov/2024:18:18:21 +0800] "GET /nacos/v1/console/server/guide HTTP/1.1" 200 351 3 Mozilla/5.0 (Windows NT 10.0; Win64; x64) AppleWebKit/537.36 (KHTML, like Gecko) Chrome/122.0.6261.95 Safari/537.36 -
0:0:0:0:0:0:0:1 - - [30/Nov/2024:18:18:21 +0800] "GET /nacos/v1/console/server/state HTTP/1.1" 200 664 5 Mozilla/5.0 (Windows NT 10.0; Win64; x64) AppleWebKit/537.36 (KHTML, like Gecko) Chrome/122.0.6261.95 Safari/537.36 -
0:0:0:0:0:0:0:1 - - [30/Nov/2024:18:18:21 +0800] "GET /nacos/v1/console/namespaces?&namespaceId= HTTP/1.1" 200 151 6 Mozilla/5.0 (Windows NT 10.0; Win64; x64) AppleWebKit/537.36 (KHTML, like Gecko) Chrome/122.0.6261.95 Safari/537.36 -
0:0:0:0:0:0:0:1 - - [30/Nov/2024:18:18:23 +0800] "GET /nacos/v1/ns/catalog/services?hasIpCount=true&withInstances=false&pageNo=1&pageSize=10&serviceNameParam=&groupNameParam=&namespaceId= HTTP/1.1" 200 168 19 Mozilla/5.0 (Windows NT 10.0; Win64; x64) AppleWebKit/537.36 (KHTML, like Gecko) Chrome/122.0.6261.95 Safari/537.36 -
0:0:0:0:0:0:0:1 - - [30/Nov/2024:18:18:31 +0800] "GET /nacos/ HTTP/1.1" 304 - 4 Mozilla/5.0 (Windows NT 10.0; Win64; x64) AppleWebKit/537.36 (KHTML, like Gecko) Chrome/122.0.6261.95 Safari/537.36 -
0:0:0:0:0:0:0:1 - - [30/Nov/2024:18:18:32 +0800] "GET /nacos/v1/console/server/state HTTP/1.1" 200 664 3 Mozilla/5.0 (Windows NT 10.0; Win64; x64) AppleWebKit/537.36 (KHTML, like Gecko) Chrome/122.0.6261.95 Safari/537.36 -
0:0:0:0:0:0:0:1 - - [30/Nov/2024:18:18:32 +0800] "GET /nacos/v1/console/server/announcement?language=zh-CN HTTP/1.1" 200 177 3 Mozilla/5.0 (Windows NT 10.0; Win64; x64) AppleWebKit/537.36 (KHTML, like Gecko) Chrome/122.0.6261.95 Safari/537.36 -
0:0:0:0:0:0:0:1 - - [30/Nov/2024:18:18:32 +0800] "GET /nacos/v1/console/server/guide HTTP/1.1" 200 351 3 Mozilla/5.0 (Windows NT 10.0; Win64; x64) AppleWebKit/537.36 (KHTML, like Gecko) Chrome/122.0.6261.95 Safari/537.36 -
0:0:0:0:0:0:0:1 - - [30/Nov/2024:18:18:32 +0800] "GET /nacos/v1/console/server/state HTTP/1.1" 200 664 5 Mozilla/5.0 (Windows NT 10.0; Win64; x64) AppleWebKit/537.36 (KHTML, like Gecko) Chrome/122.0.6261.95 Safari/537.36 -
0:0:0:0:0:0:0:1 - - [30/Nov/2024:18:18:32 +0800] "GET /nacos/v1/console/namespaces?&namespaceId= HTTP/1.1" 200 151 4 Mozilla/5.0 (Windows NT 10.0; Win64; x64) AppleWebKit/537.36 (KHTML, like Gecko) Chrome/122.0.6261.95 Safari/537.36 -
0:0:0:0:0:0:0:1 - - [30/Nov/2024:18:18:32 +0800] "GET /nacos/v1/ns/catalog/services?hasIpCount=true&withInstances=false&pageNo=1&pageSize=10&serviceNameParam=&groupNameParam=&namespaceId= HTTP/1.1" 200 168 3 Mozilla/5.0 (Windows NT 10.0; Win64; x64) AppleWebKit/537.36 (KHTML, like Gecko) Chrome/122.0.6261.95 Safari/537.36 -
0:0:0:0:0:0:0:1 - - [30/Nov/2024:18:18:35 +0800] "GET /nacos/console-ui/public/js/vs/language/json/jsonMode.js HTTP/1.1" 200 36549 3 Mozilla/5.0 (Windows NT 10.0; Win64; x64) AppleWebKit/537.36 (KHTML, like Gecko) Chrome/122.0.6261.95 Safari/537.36 -
0:0:0:0:0:0:0:1 - - [30/Nov/2024:18:18:35 +0800] "GET /nacos/v1/ns/catalog/service?serviceName=goods-provider&groupName=DEFAULT_GROUP&namespaceId= HTTP/1.1" 200 347 26 Mozilla/5.0 (Windows NT 10.0; Win64; x64) AppleWebKit/537.36 (KHTML, like Gecko) Chrome/122.0.6261.95 Safari/537.36 -
0:0:0:0:0:0:0:1 - - [30/Nov/2024:18:18:35 +0800] "GET /nacos/console-ui/public/js/vs/base/worker/workerMain.js HTTP/1.1" 200 151535 7 Mozilla/5.0 (Windows NT 10.0; Win64; x64) AppleWebKit/537.36 (KHTML, like Gecko) Chrome/122.0.6261.95 Safari/537.36 -
0:0:0:0:0:0:0:1 - - [30/Nov/2024:18:18:35 +0800] "GET /nacos/v1/ns/catalog/instances?&serviceName=goods-provider&clusterName=DEFAULT&groupName=DEFAULT_GROUP&pageSize=10&pageNo=1&namespaceId= HTTP/1.1" 200 408 6 Mozilla/5.0 (Windows NT 10.0; Win64; x64) AppleWebKit/537.36 (KHTML, like Gecko) Chrome/122.0.6261.95 Safari/537.36 -
0:0:0:0:0:0:0:1 - - [30/Nov/2024:18:18:35 +0800] "GET /nacos/console-ui/public/js/vs/language/json/jsonWorker.js HTTP/1.1" 200 93035 4 Mozilla/5.0 (Windows NT 10.0; Win64; x64) AppleWebKit/537.36 (KHTML, like Gecko) Chrome/122.0.6261.95 Safari/537.36 -
0:0:0:0:0:0:0:1 - - [30/Nov/2024:18:18:41 +0800] "GET /nacos/v1/ns/catalog/services?hasIpCount=true&withInstances=false&pageNo=1&pageSize=10&serviceNameParam=&groupNameParam=&namespaceId= HTTP/1.1" 200 168 3 Mozilla/5.0 (Windows NT 10.0; Win64; x64) AppleWebKit/537.36 (KHTML, like Gecko) Chrome/122.0.6261.95 Safari/537.36 -
0:0:0:0:0:0:0:1 - - [30/Nov/2024:18:19:47 +0800] "GET /nacos HTTP/1.1" 302 - 0 Mozilla/5.0 (Windows NT 10.0; Win64; x64) AppleWebKit/537.36 (KHTML, like Gecko) Chrome/122.0.6261.95 Safari/537.36 -
0:0:0:0:0:0:0:1 - - [30/Nov/2024:18:19:47 +0800] "GET /nacos/ HTTP/1.1" 200 2780 6 Mozilla/5.0 (Windows NT 10.0; Win64; x64) AppleWebKit/537.36 (KHTML, like Gecko) Chrome/122.0.6261.95 Safari/537.36 -
0:0:0:0:0:0:0:1 - - [30/Nov/2024:18:19:47 +0800] "GET /nacos/console-ui/public/css/bootstrap.css HTTP/1.1" 200 123294 5 Mozilla/5.0 (Windows NT 10.0; Win64; x64) AppleWebKit/537.36 (KHTML, like Gecko) Chrome/122.0.6261.95 Safari/537.36 -
0:0:0:0:0:0:0:1 - - [30/Nov/2024:18:19:47 +0800] "GET /nacos/console-ui/public/css/console1412.css HTTP/1.1" 200 156959 8 Mozilla/5.0 (Windows NT 10.0; Win64; x64) AppleWebKit/537.36 (KHTML, like Gecko) Chrome/122.0.6261.95 Safari/537.36 -
0:0:0:0:0:0:0:1 - - [30/Nov/2024:18:19:47 +0800] "GET /nacos/console-ui/public/css/codemirror.css HTTP/1.1" 200 8858 4 Mozilla/5.0 (Windows NT 10.0; Win64; x64) AppleWebKit/537.36 (KHTML, like Gecko) Chrome/122.0.6261.95 Safari/537.36 -
0:0:0:0:0:0:0:1 - - [30/Nov/2024:18:19:47 +0800] "GET /nacos/console-ui/public/css/merge.css HTTP/1.1" 200 3866 4 Mozilla/5.0 (Windows NT 10.0; Win64; x64) AppleWebKit/537.36 (KHTML, like Gecko) Chrome/122.0.6261.95 Safari/537.36 -
0:0:0:0:0:0:0:1 - - [30/Nov/2024:18:19:47 +0800] "GET /nacos/console-ui/public/css/font-awesome.css HTTP/1.1" 200 33850 4 Mozilla/5.0 (Windows NT 10.0; Win64; x64) AppleWebKit/537.36 (KHTML, like Gecko) Chrome/122.0.6261.95 Safari/537.36 -
0:0:0:0:0:0:0:1 - - [30/Nov/2024:18:19:47 +0800] "GET /nacos/console-ui/public/css/icon.css HTTP/1.1" 200 5176 6 Mozilla/5.0 (Windows NT 10.0; Win64; x64) AppleWebKit/537.36 (KHTML, like Gecko) Chrome/122.0.6261.95 Safari/537.36 -
0:0:0:0:0:0:0:1 - - [30/Nov/2024:18:19:47 +0800] "GET /nacos/console-ui/public/js/codemirror.js HTTP/1.1" 200 366246 7 Mozilla/5.0 (Windows NT 10.0; Win64; x64) AppleWebKit/537.36 (KHTML, like Gecko) Chrome/122.0.6261.95 Safari/537.36 -
0:0:0:0:0:0:0:1 - - [30/Nov/2024:18:19:47 +0800] "GET /nacos/css/main.css?6d7b5e4fd7099b3cad92 HTTP/1.1" 200 775193 16 Mozilla/5.0 (Windows NT 10.0; Win64; x64) AppleWebKit/537.36 (KHTML, like Gecko) Chrome/122.0.6261.95 Safari/537.36 -
0:0:0:0:0:0:0:1 - - [30/Nov/2024:18:19:47 +0800] "GET /nacos/console-ui/public/js/jquery.js HTTP/1.1" 200 89476 8 Mozilla/5.0 (Windows NT 10.0; Win64; x64) AppleWebKit/537.36 (KHTML, like Gecko) Chrome/122.0.6261.95 Safari/537.36 -
0:0:0:0:0:0:0:1 - - [30/Nov/2024:18:19:47 +0800] "GET /nacos/console-ui/public/js/xml.js HTTP/1.1" 200 13059 4 Mozilla/5.0 (Windows NT 10.0; Win64; x64) AppleWebKit/537.36 (KHTML, like Gecko) Chrome/122.0.6261.95 Safari/537.36 -
0:0:0:0:0:0:0:1 - - [30/Nov/2024:18:19:47 +0800] "GET /nacos/console-ui/public/js/javascript.js HTTP/1.1" 200 32209 5 Mozilla/5.0 (Windows NT 10.0; Win64; x64) AppleWebKit/537.36 (KHTML, like Gecko) Chrome/122.0.6261.95 Safari/537.36 -
0:0:0:0:0:0:0:1 - - [30/Nov/2024:18:19:47 +0800] "GET /nacos/console-ui/public/js/codemirror.addone.fullscreen.js HTTP/1.1" 200 1983 6 Mozilla/5.0 (Windows NT 10.0; Win64; x64) AppleWebKit/537.36 (KHTML, like Gecko) Chrome/122.0.6261.95 Safari/537.36 -
0:0:0:0:0:0:0:1 - - [30/Nov/2024:18:19:47 +0800] "GET /nacos/console-ui/public/js/codemirror.addone.json-lint.js HTTP/1.1" 200 1443 5 Mozilla/5.0 (Windows NT 10.0; Win64; x64) AppleWebKit/537.36 (KHTML, like Gecko) Chrome/122.0.6261.95 Safari/537.36 -
0:0:0:0:0:0:0:1 - - [30/Nov/2024:18:19:47 +0800] "GET /nacos/console-ui/public/js/codemirror.lib.clike-lint.js HTTP/1.1" 200 31531 7 Mozilla/5.0 (Windows NT 10.0; Win64; x64) AppleWebKit/537.36 (KHTML, like Gecko) Chrome/122.0.6261.95 Safari/537.36 -
0:0:0:0:0:0:0:1 - - [30/Nov/2024:18:19:47 +0800] "GET /nacos/console-ui/public/js/codemirror.addone.lint.js HTTP/1.1" 200 8521 9 Mozilla/5.0 (Windows NT 10.0; Win64; x64) AppleWebKit/537.36 (KHTML, like Gecko) Chrome/122.0.6261.95 Safari/537.36 -
0:0:0:0:0:0:0:1 - - [30/Nov/2024:18:19:47 +0800] "GET /nacos/console-ui/public/js/codemirror.lib.json-lint.js HTTP/1.1" 200 16798 9 Mozilla/5.0 (Windows NT 10.0; Win64; x64) AppleWebKit/537.36 (KHTML, like Gecko) Chrome/122.0.6261.95 Safari/537.36 -
0:0:0:0:0:0:0:1 - - [30/Nov/2024:18:19:47 +0800] "GET /nacos/console-ui/public/js/diff_match_patch.js HTTP/1.1" 200 19192 4 Mozilla/5.0 (Windows NT 10.0; Win64; x64) AppleWebKit/537.36 (KHTML, like Gecko) Chrome/122.0.6261.95 Safari/537.36 -
0:0:0:0:0:0:0:1 - - [30/Nov/2024:18:19:47 +0800] "GET /nacos/console-ui/public/js/merge.js HTTP/1.1" 200 37883 8 Mozilla/5.0 (Windows NT 10.0; Win64; x64) AppleWebKit/537.36 (KHTML, like Gecko) Chrome/122.0.6261.95 Safari/537.36 -
0:0:0:0:0:0:0:1 - - [30/Nov/2024:18:19:47 +0800] "GET /nacos/console-ui/public/js/loader.js HTTP/1.1" 200 28899 9 Mozilla/5.0 (Windows NT 10.0; Win64; x64) AppleWebKit/537.36 (KHTML, like Gecko) Chrome/122.0.6261.95 Safari/537.36 -
0:0:0:0:0:0:0:1 - - [30/Nov/2024:18:19:48 +0800] "GET /nacos/js/main.js?6d7b5e4fd7099b3cad92 HTTP/1.1" 200 1675207 26 Mozilla/5.0 (Windows NT 10.0; Win64; x64) AppleWebKit/537.36 (KHTML, like Gecko) Chrome/122.0.6261.95 Safari/537.36 -
0:0:0:0:0:0:0:1 - - [30/Nov/2024:18:19:48 +0800] "GET /nacos/console-ui/public/js/vs/editor/editor.main.js HTTP/1.1" 200 1824087 20 Mozilla/5.0 (Windows NT 10.0; Win64; x64) AppleWebKit/537.36 (KHTML, like Gecko) Chrome/122.0.6261.95 Safari/537.36 -
0:0:0:0:0:0:0:1 - - [30/Nov/2024:18:19:48 +0800] "GET /nacos/img/logo-2000-390.svg HTTP/1.1" 200 2106 3 Mozilla/5.0 (Windows NT 10.0; Win64; x64) AppleWebKit/537.36 (KHTML, like Gecko) Chrome/122.0.6261.95 Safari/537.36 -
0:0:0:0:0:0:0:1 - - [30/Nov/2024:18:19:48 +0800] "GET /nacos/v1/console/server/state HTTP/1.1" 200 664 3 Mozilla/5.0 (Windows NT 10.0; Win64; x64) AppleWebKit/537.36 (KHTML, like Gecko) Chrome/122.0.6261.95 Safari/537.36 -
0:0:0:0:0:0:0:1 - - [30/Nov/2024:18:19:48 +0800] "GET /nacos/v1/console/server/announcement?language=zh-CN HTTP/1.1" 200 177 5 Mozilla/5.0 (Windows NT 10.0; Win64; x64) AppleWebKit/537.36 (KHTML, like Gecko) Chrome/122.0.6261.95 Safari/537.36 -
0:0:0:0:0:0:0:1 - - [30/Nov/2024:18:19:48 +0800] "GET /nacos/v1/console/server/guide HTTP/1.1" 200 351 6 Mozilla/5.0 (Windows NT 10.0; Win64; x64) AppleWebKit/537.36 (KHTML, like Gecko) Chrome/122.0.6261.95 Safari/537.36 -
0:0:0:0:0:0:0:1 - - [30/Nov/2024:18:19:48 +0800] "GET /nacos/console-ui/public/fonts/font_1533967_slipq25tezj.woff2 HTTP/1.1" 200 6448 2 Mozilla/5.0 (Windows NT 10.0; Win64; x64) AppleWebKit/537.36 (KHTML, like Gecko) Chrome/122.0.6261.95 Safari/537.36 -
0:0:0:0:0:0:0:1 - - [30/Nov/2024:18:19:48 +0800] "GET /nacos/console-ui/public/fonts/roboto-regular.woff2 HTTP/1.1" 200 19988 5 Mozilla/5.0 (Windows NT 10.0; Win64; x64) AppleWebKit/537.36 (KHTML, like Gecko) Chrome/122.0.6261.95 Safari/537.36 -
0:0:0:0:0:0:0:1 - - [30/Nov/2024:18:19:48 +0800] "GET /nacos/console-ui/public/fonts/roboto-bold.woff2 HTTP/1.1" 200 20248 4 Mozilla/5.0 (Windows NT 10.0; Win64; x64) AppleWebKit/537.36 (KHTML, like Gecko) Chrome/122.0.6261.95 Safari/537.36 -
0:0:0:0:0:0:0:1 - - [30/Nov/2024:18:19:48 +0800] "GET /nacos/v1/console/server/state HTTP/1.1" 200 664 3 Mozilla/5.0 (Windows NT 10.0; Win64; x64) AppleWebKit/537.36 (KHTML, like Gecko) Chrome/122.0.6261.95 Safari/537.36 -
0:0:0:0:0:0:0:1 - - [30/Nov/2024:18:19:49 +0800] "GET /nacos/v1/console/namespaces?&namespaceId= HTTP/1.1" 200 151 4 Mozilla/5.0 (Windows NT 10.0; Win64; x64) AppleWebKit/537.36 (KHTML, like Gecko) Chrome/122.0.6261.95 Safari/537.36 -
0:0:0:0:0:0:0:1 - - [30/Nov/2024:18:19:49 +0800] "GET /nacos/v1/cs/configs?dataId=&group=&appName=&config_tags=&pageNo=1&pageSize=10&tenant=&types=&search=blur HTTP/1.1" 200 76 4 Mozilla/5.0 (Windows NT 10.0; Win64; x64) AppleWebKit/537.36 (KHTML, like Gecko) Chrome/122.0.6261.95 Safari/537.36 -
0:0:0:0:0:0:0:1 - - [30/Nov/2024:18:19:49 +0800] "GET /nacos/console-ui/public/fonts/roboto-medium.woff2 HTTP/1.1" 200 20044 5 Mozilla/5.0 (Windows NT 10.0; Win64; x64) AppleWebKit/537.36 (KHTML, like Gecko) Chrome/122.0.6261.95 Safari/537.36 -
0:0:0:0:0:0:0:1 - - [30/Nov/2024:18:19:49 +0800] "GET /nacos/console-ui/public/js/vs/editor/editor.main.css HTTP/1.1" 200 172199 5 Mozilla/5.0 (Windows NT 10.0; Win64; x64) AppleWebKit/537.36 (KHTML, like Gecko) Chrome/122.0.6261.95 Safari/537.36 -
0:0:0:0:0:0:0:1 - - [30/Nov/2024:18:19:49 +0800] "GET /nacos/console-ui/public/js/vs/editor/editor.main.nls.zh-cn.js HTTP/1.1" 200 22864 18 Mozilla/5.0 (Windows NT 10.0; Win64; x64) AppleWebKit/537.36 (KHTML, like Gecko) Chrome/122.0.6261.95 Safari/537.36 -
0:0:0:0:0:0:0:1 - - [30/Nov/2024:18:19:49 +0800] "GET /nacos/console-ui/public/img/nacos-logo.png HTTP/1.1" 200 1529 2 Mozilla/5.0 (Windows NT 10.0; Win64; x64) AppleWebKit/537.36 (KHTML, like Gecko) Chrome/122.0.6261.95 Safari/537.36 -
0:0:0:0:0:0:0:1 - - [30/Nov/2024:18:19:52 +0800] "GET /nacos/v1/cs/history/configs?tenant=&namespaceId= HTTP/1.1" 200 12 3 Mozilla/5.0 (Windows NT 10.0; Win64; x64) AppleWebKit/537.36 (KHTML, like Gecko) Chrome/122.0.6261.95 Safari/537.36 -
0:0:0:0:0:0:0:1 - - [30/Nov/2024:18:19:55 +0800] "GET /nacos/v1/ns/catalog/services?hasIpCount=true&withInstances=false&pageNo=1&pageSize=10&serviceNameParam=&groupNameParam=&namespaceId= HTTP/1.1" 200 168 3 Mozilla/5.0 (Windows NT 10.0; Win64; x64) AppleWebKit/537.36 (KHTML, like Gecko) Chrome/122.0.6261.95 Safari/537.36 -
0:0:0:0:0:0:0:1 - - [30/Nov/2024:18:21:50 +0800] "GET /nacos/ HTTP/1.1" 304 - 3 Mozilla/5.0 (Windows NT 10.0; Win64; x64) AppleWebKit/537.36 (KHTML, like Gecko) Chrome/122.0.6261.95 Safari/537.36 -
0:0:0:0:0:0:0:1 - - [30/Nov/2024:18:21:51 +0800] "GET /nacos/v1/console/server/state HTTP/1.1" 200 664 3 Mozilla/5.0 (Windows NT 10.0; Win64; x64) AppleWebKit/537.36 (KHTML, like Gecko) Chrome/122.0.6261.95 Safari/537.36 -
0:0:0:0:0:0:0:1 - - [30/Nov/2024:18:21:51 +0800] "GET /nacos/v1/console/server/announcement?language=zh-CN HTTP/1.1" 200 177 4 Mozilla/5.0 (Windows NT 10.0; Win64; x64) AppleWebKit/537.36 (KHTML, like Gecko) Chrome/122.0.6261.95 Safari/537.36 -
0:0:0:0:0:0:0:1 - - [30/Nov/2024:18:21:51 +0800] "GET /nacos/v1/console/server/guide HTTP/1.1" 200 351 4 Mozilla/5.0 (Windows NT 10.0; Win64; x64) AppleWebKit/537.36 (KHTML, like Gecko) Chrome/122.0.6261.95 Safari/537.36 -
0:0:0:0:0:0:0:1 - - [30/Nov/2024:18:21:51 +0800] "GET /nacos/v1/console/server/state HTTP/1.1" 200 664 2 Mozilla/5.0 (Windows NT 10.0; Win64; x64) AppleWebKit/537.36 (KHTML, like Gecko) Chrome/122.0.6261.95 Safari/537.36 -
0:0:0:0:0:0:0:1 - - [30/Nov/2024:18:21:51 +0800] "GET /nacos/v1/console/namespaces?&namespaceId= HTTP/1.1" 200 151 2 Mozilla/5.0 (Windows NT 10.0; Win64; x64) AppleWebKit/537.36 (KHTML, like Gecko) Chrome/122.0.6261.95 Safari/537.36 -
0:0:0:0:0:0:0:1 - - [30/Nov/2024:18:21:51 +0800] "GET /nacos/v1/ns/catalog/services?hasIpCount=true&withInstances=false&pageNo=1&pageSize=10&serviceNameParam=&groupNameParam=&namespaceId= HTTP/1.1" 200 168 5 Mozilla/5.0 (Windows NT 10.0; Win64; x64) AppleWebKit/537.36 (KHTML, like Gecko) Chrome/122.0.6261.95 Safari/537.36 -
0:0:0:0:0:0:0:1 - - [30/Nov/2024:18:37:31 +0800] "GET /nacos/ HTTP/1.1" 304 - 4 Mozilla/5.0 (Windows NT 10.0; Win64; x64) AppleWebKit/537.36 (KHTML, like Gecko) Chrome/122.0.6261.95 Safari/537.36 -
0:0:0:0:0:0:0:1 - - [30/Nov/2024:18:37:32 +0800] "GET /nacos/v1/console/server/state HTTP/1.1" 200 664 2 Mozilla/5.0 (Windows NT 10.0; Win64; x64) AppleWebKit/537.36 (KHTML, like Gecko) Chrome/122.0.6261.95 Safari/537.36 -
0:0:0:0:0:0:0:1 - - [30/Nov/2024:18:37:32 +0800] "GET /nacos/v1/console/server/guide HTTP/1.1" 200 351 3 Mozilla/5.0 (Windows NT 10.0; Win64; x64) AppleWebKit/537.36 (KHTML, like Gecko) Chrome/122.0.6261.95 Safari/537.36 -
0:0:0:0:0:0:0:1 - - [30/Nov/2024:18:37:32 +0800] "GET /nacos/v1/console/server/announcement?language=zh-CN HTTP/1.1" 200 177 3 Mozilla/5.0 (Windows NT 10.0; Win64; x64) AppleWebKit/537.36 (KHTML, like Gecko) Chrome/122.0.6261.95 Safari/537.36 -
0:0:0:0:0:0:0:1 - - [30/Nov/2024:18:37:32 +0800] "GET /nacos/v1/console/server/state HTTP/1.1" 200 664 3 Mozilla/5.0 (Windows NT 10.0; Win64; x64) AppleWebKit/537.36 (KHTML, like Gecko) Chrome/122.0.6261.95 Safari/537.36 -
0:0:0:0:0:0:0:1 - - [30/Nov/2024:18:37:32 +0800] "GET /nacos/v1/console/namespaces?&namespaceId= HTTP/1.1" 200 151 3 Mozilla/5.0 (Windows NT 10.0; Win64; x64) AppleWebKit/537.36 (KHTML, like Gecko) Chrome/122.0.6261.95 Safari/537.36 -
0:0:0:0:0:0:0:1 - - [30/Nov/2024:18:37:32 +0800] "GET /nacos/v1/ns/catalog/services?hasIpCount=true&withInstances=false&pageNo=1&pageSize=10&serviceNameParam=&groupNameParam=&namespaceId= HTTP/1.1" 200 162 4 Mozilla/5.0 (Windows NT 10.0; Win64; x64) AppleWebKit/537.36 (KHTML, like Gecko) Chrome/122.0.6261.95 Safari/537.36 -
0:0:0:0:0:0:0:1 - - [30/Nov/2024:18:38:41 +0800] "GET /nacos/console-ui/public/js/vs/language/json/jsonMode.js HTTP/1.1" 200 36549 3 Mozilla/5.0 (Windows NT 10.0; Win64; x64) AppleWebKit/537.36 (KHTML, like Gecko) Chrome/122.0.6261.95 Safari/537.36 -
0:0:0:0:0:0:0:1 - - [30/Nov/2024:18:38:41 +0800] "GET /nacos/v1/ns/catalog/service?serviceName=PROVIDER&groupName=DEFAULT_GROUP&namespaceId= HTTP/1.1" 200 335 2 Mozilla/5.0 (Windows NT 10.0; Win64; x64) AppleWebKit/537.36 (KHTML, like Gecko) Chrome/122.0.6261.95 Safari/537.36 -
0:0:0:0:0:0:0:1 - - [30/Nov/2024:18:38:41 +0800] "GET /nacos/console-ui/public/js/vs/base/worker/workerMain.js HTTP/1.1" 200 151535 7 Mozilla/5.0 (Windows NT 10.0; Win64; x64) AppleWebKit/537.36 (KHTML, like Gecko) Chrome/122.0.6261.95 Safari/537.36 -
0:0:0:0:0:0:0:1 - - [30/Nov/2024:18:38:41 +0800] "GET /nacos/v1/ns/catalog/instances?&serviceName=PROVIDER&clusterName=DEFAULT&groupName=DEFAULT_GROUP&pageSize=10&pageNo=1&namespaceId= HTTP/1.1" 200 396 2 Mozilla/5.0 (Windows NT 10.0; Win64; x64) AppleWebKit/537.36 (KHTML, like Gecko) Chrome/122.0.6261.95 Safari/537.36 -
0:0:0:0:0:0:0:1 - - [30/Nov/2024:18:38:41 +0800] "GET /nacos/console-ui/public/js/vs/language/json/jsonWorker.js HTTP/1.1" 200 93035 3 Mozilla/5.0 (Windows NT 10.0; Win64; x64) AppleWebKit/537.36 (KHTML, like Gecko) Chrome/122.0.6261.95 Safari/537.36 -
0:0:0:0:0:0:0:1 - - [30/Nov/2024:18:38:43 +0800] "GET /nacos/v1/ns/catalog/services?hasIpCount=true&withInstances=false&pageNo=1&pageSize=10&serviceNameParam=&groupNameParam=&namespaceId= HTTP/1.1" 200 162 3 Mozilla/5.0 (Windows NT 10.0; Win64; x64) AppleWebKit/537.36 (KHTML, like Gecko) Chrome/122.0.6261.95 Safari/537.36 -
0:0:0:0:0:0:0:1 - - [30/Nov/2024:18:39:39 +0800] "GET /nacos/v1/ns/service/subscribers?serviceName=PROVIDER&groupName=DEFAULT_GROUP&pageSize=10&pageNo=1&namespaceId= HTTP/1.1" 200 39 9 Mozilla/5.0 (Windows NT 10.0; Win64; x64) AppleWebKit/537.36 (KHTML, like Gecko) Chrome/122.0.6261.95 Safari/537.36 -
0:0:0:0:0:0:0:1 - - [30/Nov/2024:18:39:40 +0800] "GET /nacos/v1/ns/catalog/services?hasIpCount=true&withInstances=false&pageNo=1&pageSize=10&serviceNameParam=&groupNameParam=&namespaceId= HTTP/1.1" 200 162 3 Mozilla/5.0 (Windows NT 10.0; Win64; x64) AppleWebKit/537.36 (KHTML, like Gecko) Chrome/122.0.6261.95 Safari/537.36 -
