0:0:0:0:0:0:0:1 - - [02/Dec/2024:21:01:10 +0800] "GET /nacos/v1/cs/configs?dataId=&group=&appName=&config_tags=&pageNo=1&pageSize=10&tenant=&types=&search=blur HTTP/1.1" 200 913 3 Mozilla/5.0 (Windows NT 10.0; Win64; x64) AppleWebKit/537.36 (KHTML, like Gecko) Chrome/122.0.6261.95 Safari/537.36 -
0:0:0:0:0:0:0:1 - - [02/Dec/2024:21:01:17 +0800] "GET /nacos/v1/core/cluster/nodes?withInstances=false&pageNo=1&pageSize=10&keyword=&namespaceId= HTTP/1.1" 200 921 13 Mozilla/5.0 (Windows NT 10.0; Win64; x64) AppleWebKit/537.36 (KHTML, like Gecko) Chrome/122.0.6261.95 Safari/537.36 -
0:0:0:0:0:0:0:1 - - [02/Dec/2024:21:01:21 +0800] "GET /nacos/v1/console/namespaces?&namespaceId= HTTP/1.1" 200 151 3 Mozilla/5.0 (Windows NT 10.0; Win64; x64) AppleWebKit/537.36 (KHTML, like Gecko) Chrome/122.0.6261.95 Safari/537.36 -
0:0:0:0:0:0:0:1 - - [02/Dec/2024:21:01:37 +0800] "GET /nacos/v1/console/namespaces?checkNamespaceIdExist=true&customNamespaceId=&namespaceId= HTTP/1.1" 200 15 2 Mozilla/5.0 (Windows NT 10.0; Win64; x64) AppleWebKit/537.36 (KHTML, like Gecko) Chrome/122.0.6261.95 Safari/537.36 -
0:0:0:0:0:0:0:1 - - [02/Dec/2024:21:01:37 +0800] "POST /nacos/v1/console/namespaces? HTTP/1.1" 200 14 10 Mozilla/5.0 (Windows NT 10.0; Win64; x64) AppleWebKit/537.36 (KHTML, like Gecko) Chrome/122.0.6261.95 Safari/537.36 -
0:0:0:0:0:0:0:1 - - [02/Dec/2024:21:01:37 +0800] "GET /nacos/v1/console/namespaces?&namespaceId= HTTP/1.1" 200 296 3 Mozilla/5.0 (Windows NT 10.0; Win64; x64) AppleWebKit/537.36 (KHTML, like Gecko) Chrome/122.0.6261.95 Safari/537.36 -
0:0:0:0:0:0:0:1 - - [02/Dec/2024:21:01:39 +0800] "GET /nacos/v1/console/namespaces?&namespaceId= HTTP/1.1" 200 296 2 Mozilla/5.0 (Windows NT 10.0; Win64; x64) AppleWebKit/537.36 (KHTML, like Gecko) Chrome/122.0.6261.95 Safari/537.36 -
0:0:0:0:0:0:0:1 - - [02/Dec/2024:21:01:42 +0800] "GET /nacos/v1/ns/catalog/services?hasIpCount=true&withInstances=false&pageNo=1&pageSize=10&serviceNameParam=&groupNameParam=&namespaceId= HTTP/1.1" 200 39 24 Mozilla/5.0 (Windows NT 10.0; Win64; x64) AppleWebKit/537.36 (KHTML, like Gecko) Chrome/122.0.6261.95 Safari/537.36 -
0:0:0:0:0:0:0:1 - - [02/Dec/2024:21:01:42 +0800] "GET /nacos/v1/console/namespaces?&namespaceId= HTTP/1.1" 200 296 3 Mozilla/5.0 (Windows NT 10.0; Win64; x64) AppleWebKit/537.36 (KHTML, like Gecko) Chrome/122.0.6261.95 Safari/537.36 -
0:0:0:0:0:0:0:1 - - [02/Dec/2024:21:01:43 +0800] "GET /nacos/v1/console/namespaces?show=all&namespaceId=650aa661-a650-4b0b-a0e1-1072bd97268b HTTP/1.1" 200 154 7 Mozilla/5.0 (Windows NT 10.0; Win64; x64) AppleWebKit/537.36 (KHTML, like Gecko) Chrome/122.0.6261.95 Safari/537.36 -
0:0:0:0:0:0:0:1 - - [02/Dec/2024:21:01:45 +0800] "GET /nacos/v1/ns/catalog/services?hasIpCount=true&withInstances=false&pageNo=1&pageSize=10&serviceNameParam=&groupNameParam=&namespaceId= HTTP/1.1" 200 39 2 Mozilla/5.0 (Windows NT 10.0; Win64; x64) AppleWebKit/537.36 (KHTML, like Gecko) Chrome/122.0.6261.95 Safari/537.36 -
0:0:0:0:0:0:0:1 - - [02/Dec/2024:21:01:48 +0800] "GET /nacos/v1/cs/configs?dataId=&group=&appName=&config_tags=&pageNo=1&pageSize=10&tenant=&types=&search=blur HTTP/1.1" 200 913 3 Mozilla/5.0 (Windows NT 10.0; Win64; x64) AppleWebKit/537.36 (KHTML, like Gecko) Chrome/122.0.6261.95 Safari/537.36 -
0:0:0:0:0:0:0:1 - - [02/Dec/2024:21:01:50 +0800] "GET /nacos/v1/cs/configs?dataId=&group=&appName=&config_tags=&pageNo=1&pageSize=10&tenant=650aa661-a650-4b0b-a0e1-1072bd97268b&types=&search=blur HTTP/1.1" 200 76 4 Mozilla/5.0 (Windows NT 10.0; Win64; x64) AppleWebKit/537.36 (KHTML, like Gecko) Chrome/122.0.6261.95 Safari/537.36 -
0:0:0:0:0:0:0:1 - - [02/Dec/2024:21:01:56 +0800] "GET /nacos/v1/cs/configs?dataId=&group=&appName=&config_tags=&pageNo=1&pageSize=10&tenant=650aa661-a650-4b0b-a0e1-1072bd97268b&types=&search=blur HTTP/1.1" 200 76 3 Mozilla/5.0 (Windows NT 10.0; Win64; x64) AppleWebKit/537.36 (KHTML, like Gecko) Chrome/122.0.6261.95 Safari/537.36 -
0:0:0:0:0:0:0:1 - - [02/Dec/2024:21:01:57 +0800] "GET /nacos/v1/cs/configs?dataId=&group=&appName=&config_tags=&pageNo=1&pageSize=10&tenant=&types=&search=blur HTTP/1.1" 200 913 3 Mozilla/5.0 (Windows NT 10.0; Win64; x64) AppleWebKit/537.36 (KHTML, like Gecko) Chrome/122.0.6261.95 Safari/537.36 -
0:0:0:0:0:0:0:1 - - [02/Dec/2024:21:02:02 +0800] "GET /nacos/v1/cs/configs?dataId=&group=&appName=&config_tags=&pageNo=1&pageSize=10&tenant=650aa661-a650-4b0b-a0e1-1072bd97268b&types=&search=blur HTTP/1.1" 200 76 3 Mozilla/5.0 (Windows NT 10.0; Win64; x64) AppleWebKit/537.36 (KHTML, like Gecko) Chrome/122.0.6261.95 Safari/537.36 -
0:0:0:0:0:0:0:1 - - [02/Dec/2024:21:02:16 +0800] "GET /nacos/v1/cs/configs?&show=all&dataId=config-faces.yml&group=DEFAULT_GROUP&tenant=650aa661-a650-4b0b-a0e1-1072bd97268b&namespaceId=650aa661-a650-4b0b-a0e1-1072bd97268b HTTP/1.1" 200 - 2 Mozilla/5.0 (Windows NT 10.0; Win64; x64) AppleWebKit/537.36 (KHTML, like Gecko) Chrome/122.0.6261.95 Safari/537.36 -
0:0:0:0:0:0:0:1 - - [02/Dec/2024:21:02:16 +0800] "POST /nacos/v1/cs/configs? HTTP/1.1" 200 14 11 Mozilla/5.0 (Windows NT 10.0; Win64; x64) AppleWebKit/537.36 (KHTML, like Gecko) Chrome/122.0.6261.95 Safari/537.36 -
0:0:0:0:0:0:0:1 - - [02/Dec/2024:21:02:16 +0800] "GET /nacos/v1/cs/configs?dataId=&group=&appName=&config_tags=&pageNo=1&pageSize=10&tenant=650aa661-a650-4b0b-a0e1-1072bd97268b&types=&search=blur HTTP/1.1" 200 289 3 Mozilla/5.0 (Windows NT 10.0; Win64; x64) AppleWebKit/537.36 (KHTML, like Gecko) Chrome/122.0.6261.95 Safari/537.36 -
0:0:0:0:0:0:0:1 - - [02/Dec/2024:21:02:19 +0800] "GET /nacos/v1/cs/configs?dataId=&group=&appName=&config_tags=&pageNo=1&pageSize=10&tenant=&types=&search=blur HTTP/1.1" 200 913 4 Mozilla/5.0 (Windows NT 10.0; Win64; x64) AppleWebKit/537.36 (KHTML, like Gecko) Chrome/122.0.6261.95 Safari/537.36 -
0:0:0:0:0:0:0:1 - - [02/Dec/2024:21:02:20 +0800] "GET /nacos/v1/cs/configs?dataId=&group=&appName=&config_tags=&pageNo=1&pageSize=10&tenant=650aa661-a650-4b0b-a0e1-1072bd97268b&types=&search=blur HTTP/1.1" 200 289 4 Mozilla/5.0 (Windows NT 10.0; Win64; x64) AppleWebKit/537.36 (KHTML, like Gecko) Chrome/122.0.6261.95 Safari/537.36 -
0:0:0:0:0:0:0:1 - - [02/Dec/2024:21:02:24 +0800] "GET /nacos/v1/cs/configs?dataId=&group=&appName=&config_tags=&pageNo=1&pageSize=10&tenant=&types=&search=blur HTTP/1.1" 200 913 4 Mozilla/5.0 (Windows NT 10.0; Win64; x64) AppleWebKit/537.36 (KHTML, like Gecko) Chrome/122.0.6261.95 Safari/537.36 -
0:0:0:0:0:0:0:1 - - [02/Dec/2024:21:02:25 +0800] "GET /nacos/v1/cs/configs?dataId=&group=&appName=&config_tags=&pageNo=1&pageSize=10&tenant=650aa661-a650-4b0b-a0e1-1072bd97268b&types=&search=blur HTTP/1.1" 200 289 3 Mozilla/5.0 (Windows NT 10.0; Win64; x64) AppleWebKit/537.36 (KHTML, like Gecko) Chrome/122.0.6261.95 Safari/537.36 -
0:0:0:0:0:0:0:1 - - [02/Dec/2024:21:02:37 +0800] "GET /nacos/v1/cs/configs?dataId=&group=&appName=&config_tags=&pageNo=1&pageSize=10&tenant=&types=&search=blur HTTP/1.1" 200 913 4 Mozilla/5.0 (Windows NT 10.0; Win64; x64) AppleWebKit/537.36 (KHTML, like Gecko) Chrome/122.0.6261.95 Safari/537.36 -
0:0:0:0:0:0:0:1 - - [02/Dec/2024:21:02:39 +0800] "GET /nacos/v1/cs/configs?dataId=config-faces.yml&group=DEFAULT_GROUP&namespaceId=&tenant=&beta=true HTTP/1.1" 200 61 2 Mozilla/5.0 (Windows NT 10.0; Win64; x64) AppleWebKit/537.36 (KHTML, like Gecko) Chrome/122.0.6261.95 Safari/537.36 -
0:0:0:0:0:0:0:1 - - [02/Dec/2024:21:02:39 +0800] "GET /nacos/v1/cs/configs?dataId=config-faces.yml&group=DEFAULT_GROUP&namespaceId=&tenant=&show=all HTTP/1.1" 200 539 5 Mozilla/5.0 (Windows NT 10.0; Win64; x64) AppleWebKit/537.36 (KHTML, like Gecko) Chrome/122.0.6261.95 Safari/537.36 -
192.168.124.5 - - [02/Dec/2024:21:02:40 +0800] "GET /nacos/v1/cs/communication/configWatchers?&dataId=config-faces.yml&group=DEFAULT_GROUP HTTP/1.1" 200 41 219 Java/17.0.12 -
0:0:0:0:0:0:0:1 - - [02/Dec/2024:21:02:40 +0800] "GET /nacos/v1/cs/configs/listener?dataId=config-faces.yml&group=DEFAULT_GROUP&namespaceId=&tenant= HTTP/1.1" 200 61 222 Mozilla/5.0 (Windows NT 10.0; Win64; x64) AppleWebKit/537.36 (KHTML, like Gecko) Chrome/122.0.6261.95 Safari/537.36 -
0:0:0:0:0:0:0:1 - - [02/Dec/2024:21:02:42 +0800] "GET /nacos/v1/cs/configs?dataId=&group=&appName=&config_tags=&pageNo=1&pageSize=10&tenant=&types=&search=blur HTTP/1.1" 200 913 3 Mozilla/5.0 (Windows NT 10.0; Win64; x64) AppleWebKit/537.36 (KHTML, like Gecko) Chrome/122.0.6261.95 Safari/537.36 -
0:0:0:0:0:0:0:1 - - [02/Dec/2024:21:02:43 +0800] "GET /nacos/v1/cs/configs?dataId=&group=&appName=&config_tags=&pageNo=1&pageSize=10&tenant=650aa661-a650-4b0b-a0e1-1072bd97268b&types=&search=blur HTTP/1.1" 200 289 3 Mozilla/5.0 (Windows NT 10.0; Win64; x64) AppleWebKit/537.36 (KHTML, like Gecko) Chrome/122.0.6261.95 Safari/537.36 -
0:0:0:0:0:0:0:1 - - [02/Dec/2024:21:02:45 +0800] "GET /nacos/v1/cs/configs?dataId=config-faces.yml&group=DEFAULT_GROUP&namespaceId=650aa661-a650-4b0b-a0e1-1072bd97268b&tenant=650aa661-a650-4b0b-a0e1-1072bd97268b&beta=true HTTP/1.1" 200 61 2 Mozilla/5.0 (Windows NT 10.0; Win64; x64) AppleWebKit/537.36 (KHTML, like Gecko) Chrome/122.0.6261.95 Safari/537.36 -
0:0:0:0:0:0:0:1 - - [02/Dec/2024:21:02:45 +0800] "GET /nacos/v1/cs/configs?dataId=config-faces.yml&group=DEFAULT_GROUP&namespaceId=650aa661-a650-4b0b-a0e1-1072bd97268b&tenant=650aa661-a650-4b0b-a0e1-1072bd97268b&show=all HTTP/1.1" 200 424 3 Mozilla/5.0 (Windows NT 10.0; Win64; x64) AppleWebKit/537.36 (KHTML, like Gecko) Chrome/122.0.6261.95 Safari/537.36 -
192.168.124.5 - - [02/Dec/2024:21:02:45 +0800] "GET /nacos/v1/cs/communication/configWatchers?&dataId=config-faces.yml&tenant=650aa661-a650-4b0b-a0e1-1072bd97268b&group=DEFAULT_GROUP HTTP/1.1" 200 41 212 Java/17.0.12 -
0:0:0:0:0:0:0:1 - - [02/Dec/2024:21:02:45 +0800] "GET /nacos/v1/cs/configs/listener?dataId=config-faces.yml&group=DEFAULT_GROUP&namespaceId=650aa661-a650-4b0b-a0e1-1072bd97268b&tenant=650aa661-a650-4b0b-a0e1-1072bd97268b HTTP/1.1" 200 61 215 Mozilla/5.0 (Windows NT 10.0; Win64; x64) AppleWebKit/537.36 (KHTML, like Gecko) Chrome/122.0.6261.95 Safari/537.36 -
0:0:0:0:0:0:0:1 - - [02/Dec/2024:21:03:07 +0800] "POST /nacos/v1/cs/configs HTTP/1.1" 200 14 6 Mozilla/5.0 (Windows NT 10.0; Win64; x64) AppleWebKit/537.36 (KHTML, like Gecko) Chrome/122.0.6261.95 Safari/537.36 -
0:0:0:0:0:0:0:1 - - [02/Dec/2024:21:03:07 +0800] "GET /nacos/v1/cs/configs?dataId=config-faces.yml&group=DEFAULT_GROUP&namespaceId=650aa661-a650-4b0b-a0e1-1072bd97268b&tenant=650aa661-a650-4b0b-a0e1-1072bd97268b&show=all HTTP/1.1" 200 683 3 Mozilla/5.0 (Windows NT 10.0; Win64; x64) AppleWebKit/537.36 (KHTML, like Gecko) Chrome/122.0.6261.95 Safari/537.36 -
0:0:0:0:0:0:0:1 - - [02/Dec/2024:21:03:13 +0800] "GET /nacos/v1/cs/configs?dataId=&group=&appName=&config_tags=&pageNo=1&pageSize=10&tenant=650aa661-a650-4b0b-a0e1-1072bd97268b&types=&search=blur HTTP/1.1" 200 556 4 Mozilla/5.0 (Windows NT 10.0; Win64; x64) AppleWebKit/537.36 (KHTML, like Gecko) Chrome/122.0.6261.95 Safari/537.36 -
0:0:0:0:0:0:0:1 - - [02/Dec/2024:21:03:28 +0800] "GET /config/cars/master HTTP/1.1" 404 431 0 Java/21.0.4 -
0:0:0:0:0:0:0:1 - - [02/Dec/2024:21:03:32 +0800] "GET /nacos/v1/console/namespaces?&namespaceId=650aa661-a650-4b0b-a0e1-1072bd97268b HTTP/1.1" 200 296 6 Mozilla/5.0 (Windows NT 10.0; Win64; x64) AppleWebKit/537.36 (KHTML, like Gecko) Chrome/122.0.6261.95 Safari/537.36 -
0:0:0:0:0:0:0:1 - - [02/Dec/2024:21:03:34 +0800] "GET /nacos/v1/cs/configs?dataId=&group=&appName=&config_tags=&pageNo=1&pageSize=10&tenant=650aa661-a650-4b0b-a0e1-1072bd97268b&types=&search=blur HTTP/1.1" 200 556 2 Mozilla/5.0 (Windows NT 10.0; Win64; x64) AppleWebKit/537.36 (KHTML, like Gecko) Chrome/122.0.6261.95 Safari/537.36 -
0:0:0:0:0:0:0:1 - - [02/Dec/2024:21:03:44 +0800] "GET /nacos/v1/cs/configs?dataId=config-faces.yml&group=DEFAULT_GROUP HTTP/1.1" 200 107 4 Java/21.0.4 -
127.0.0.1 - - [02/Dec/2024:21:04:20 +0800] "GET /nacos/v2/cs/configs?dataId=config-faces.yml&group=DEFAULT_GROUP HTTP/1.1" 404 306 59 Mozilla/5.0 (Windows NT 10.0; Win64; x64) AppleWebKit/537.36 (KHTML, like Gecko) Chrome/122.0.6261.95 Safari/537.36 -
127.0.0.1 - - [02/Dec/2024:21:04:31 +0800] "GET /nacos/v1/cs/configs?dataId=config-faces.yml&group=DEFAULT_GROUP HTTP/1.1" 200 107 8 Mozilla/5.0 (Windows NT 10.0; Win64; x64) AppleWebKit/537.36 (KHTML, like Gecko) Chrome/122.0.6261.95 Safari/537.36 -
0:0:0:0:0:0:0:1 - - [02/Dec/2024:21:06:17 +0800] "GET /nacos/v1/cs/configs?dataId=config-faces.yml&group=DEFAULT_GROUP HTTP/1.1" 200 107 3 Java/21.0.4 -
0:0:0:0:0:0:0:1 - - [02/Dec/2024:21:06:57 +0800] "GET /nacos/v1/cs/configs?show=all&dataId=config-faces.yml&group=DEFAULT_GROUP&tenant=650aa661-a650-4b0b-a0e1-1072bd97268b&namespaceId=650aa661-a650-4b0b-a0e1-1072bd97268b HTTP/1.1" 200 683 6 Mozilla/5.0 (Windows NT 10.0; Win64; x64) AppleWebKit/537.36 (KHTML, like Gecko) Chrome/122.0.6261.95 Safari/537.36 -
0:0:0:0:0:0:0:1 - - [02/Dec/2024:21:06:57 +0800] "GET /nacos/v1/console/namespaces?&namespaceId=650aa661-a650-4b0b-a0e1-1072bd97268b HTTP/1.1" 200 296 9 Mozilla/5.0 (Windows NT 10.0; Win64; x64) AppleWebKit/537.36 (KHTML, like Gecko) Chrome/122.0.6261.95 Safari/537.36 -
0:0:0:0:0:0:0:1 - - [02/Dec/2024:21:06:59 +0800] "GET /nacos/v1/cs/configs?dataId=&group=&appName=&config_tags=&pageNo=1&pageSize=10&tenant=650aa661-a650-4b0b-a0e1-1072bd97268b&types=&search=blur HTTP/1.1" 200 556 3 Mozilla/5.0 (Windows NT 10.0; Win64; x64) AppleWebKit/537.36 (KHTML, like Gecko) Chrome/122.0.6261.95 Safari/537.36 -
0:0:0:0:0:0:0:1 - - [02/Dec/2024:21:07:25 +0800] "GET /nacos/v1/cs/configs?dataId=config-faces.yml&group=DEFAULT_GROUP HTTP/1.1" 200 107 3 Java/21.0.4 -
127.0.0.1 - - [02/Dec/2024:21:07:43 +0800] "GET /nacos/v1/cs/configs?dataId=config-faces.yml&group=DEFAULT_GROUP HTTP/1.1" 200 107 3 Mozilla/5.0 (Windows NT 10.0; Win64; x64) AppleWebKit/537.36 (KHTML, like Gecko) Chrome/122.0.6261.95 Safari/537.36 -
127.0.0.1 - - [02/Dec/2024:21:07:46 +0800] "GET /favicon.ico HTTP/1.1" 404 431 1 Mozilla/5.0 (Windows NT 10.0; Win64; x64) AppleWebKit/537.36 (KHTML, like Gecko) Chrome/122.0.6261.95 Safari/537.36 -
127.0.0.1 - - [02/Dec/2024:21:07:47 +0800] "GET /favicon.ico HTTP/1.1" 404 431 0 Mozilla/5.0 (Windows NT 10.0; Win64; x64) AppleWebKit/537.36 (KHTML, like Gecko) Chrome/122.0.6261.95 Safari/537.36 -
127.0.0.1 - - [02/Dec/2024:21:07:48 +0800] "GET /favicon.ico HTTP/1.1" 404 431 0 Mozilla/5.0 (Windows NT 10.0; Win64; x64) AppleWebKit/537.36 (KHTML, like Gecko) Chrome/122.0.6261.95 Safari/537.36 -
127.0.0.1 - - [02/Dec/2024:21:07:48 +0800] "GET /nacos/%E4%BD%A0%E5%A5%BD/cs/configs?dataId=config-faces.yml&group=DEFAULT_GROUP HTTP/1.1" 404 306 16 Mozilla/5.0 (Windows NT 10.0; Win64; x64) AppleWebKit/537.36 (KHTML, like Gecko) Chrome/122.0.6261.95 Safari/537.36 -
127.0.0.1 - - [02/Dec/2024:21:07:50 +0800] "GET /nacos/v1/cs/configs?dataId=config-faces.yml&group=DEFAULT_GROUP HTTP/1.1" 200 107 5 Mozilla/5.0 (Windows NT 10.0; Win64; x64) AppleWebKit/537.36 (KHTML, like Gecko) Chrome/122.0.6261.95 Safari/537.36 -
127.0.0.1 - - [02/Dec/2024:21:07:55 +0800] "GET /favicon.ico HTTP/1.1" 404 431 0 Mozilla/5.0 (Windows NT 10.0; Win64; x64) AppleWebKit/537.36 (KHTML, like Gecko) Chrome/122.0.6261.95 Safari/537.36 -
127.0.0.1 - - [02/Dec/2024:21:07:56 +0800] "GET /favicon.ico HTTP/1.1" 404 431 0 Mozilla/5.0 (Windows NT 10.0; Win64; x64) AppleWebKit/537.36 (KHTML, like Gecko) Chrome/122.0.6261.95 Safari/537.36 -
127.0.0.1 - - [02/Dec/2024:21:07:56 +0800] "GET /favicon.ico HTTP/1.1" 404 431 1 Mozilla/5.0 (Windows NT 10.0; Win64; x64) AppleWebKit/537.36 (KHTML, like Gecko) Chrome/122.0.6261.95 Safari/537.36 -
127.0.0.1 - - [02/Dec/2024:21:07:57 +0800] "GET /nacos/v1/%E4%BD%A0%E5%A5%BD/configs?dataId=config-faces.yml&group=DEFAULT_GROUP HTTP/1.1" 404 306 11 Mozilla/5.0 (Windows NT 10.0; Win64; x64) AppleWebKit/537.36 (KHTML, like Gecko) Chrome/122.0.6261.95 Safari/537.36 -
127.0.0.1 - - [02/Dec/2024:21:07:58 +0800] "GET /nacos/v1/cs/configs?dataId=config-faces.yml&group=DEFAULT_GROUP HTTP/1.1" 200 107 3 Mozilla/5.0 (Windows NT 10.0; Win64; x64) AppleWebKit/537.36 (KHTML, like Gecko) Chrome/122.0.6261.95 Safari/537.36 -
0:0:0:0:0:0:0:1 - - [02/Dec/2024:21:10:34 +0800] "GET /nacos/v1/cs/configs?dataId=&group=&appName=&config_tags=&pageNo=1&pageSize=10&tenant=&types=&search=blur HTTP/1.1" 200 913 3 Mozilla/5.0 (Windows NT 10.0; Win64; x64) AppleWebKit/537.36 (KHTML, like Gecko) Chrome/122.0.6261.95 Safari/537.36 -
0:0:0:0:0:0:0:1 - - [02/Dec/2024:21:11:36 +0800] "GET /nacos/v1/console/namespaces?&namespaceId= HTTP/1.1" 200 296 6 Mozilla/5.0 (Windows NT 10.0; Win64; x64) AppleWebKit/537.36 (KHTML, like Gecko) Chrome/122.0.6261.95 Safari/537.36 -
0:0:0:0:0:0:0:1 - - [02/Dec/2024:21:11:36 +0800] "GET /nacos/v1/cs/configs?show=all&dataId=config-faces.yml&group=DEFAULT_GROUP&tenant=&namespaceId= HTTP/1.1" 200 539 6 Mozilla/5.0 (Windows NT 10.0; Win64; x64) AppleWebKit/537.36 (KHTML, like Gecko) Chrome/122.0.6261.95 Safari/537.36 -
0:0:0:0:0:0:0:1 - - [02/Dec/2024:21:27:45 +0800] "GET /nacos/v1/cs/configs?dataId=config-faces.yml&group=DEFAULT_GROUP HTTP/1.1" 200 107 3 Java/21.0.4 -
0:0:0:0:0:0:0:1 - - [02/Dec/2024:21:28:50 +0800] "GET /nacos HTTP/1.1" 302 - 0 Mozilla/5.0 (Windows NT 10.0; Win64; x64) AppleWebKit/537.36 (KHTML, like Gecko) Chrome/122.0.6261.95 Safari/537.36 -
0:0:0:0:0:0:0:1 - - [02/Dec/2024:21:28:51 +0800] "GET /nacos/v1/console/server/state HTTP/1.1" 200 664 2 Mozilla/5.0 (Windows NT 10.0; Win64; x64) AppleWebKit/537.36 (KHTML, like Gecko) Chrome/122.0.6261.95 Safari/537.36 -
0:0:0:0:0:0:0:1 - - [02/Dec/2024:21:28:51 +0800] "GET /nacos/v1/console/server/announcement?language=zh-CN HTTP/1.1" 200 177 3 Mozilla/5.0 (Windows NT 10.0; Win64; x64) AppleWebKit/537.36 (KHTML, like Gecko) Chrome/122.0.6261.95 Safari/537.36 -
0:0:0:0:0:0:0:1 - - [02/Dec/2024:21:28:51 +0800] "GET /nacos/v1/console/server/guide HTTP/1.1" 200 351 2 Mozilla/5.0 (Windows NT 10.0; Win64; x64) AppleWebKit/537.36 (KHTML, like Gecko) Chrome/122.0.6261.95 Safari/537.36 -
0:0:0:0:0:0:0:1 - - [02/Dec/2024:21:28:51 +0800] "GET /nacos/v1/console/server/state HTTP/1.1" 200 664 4 Mozilla/5.0 (Windows NT 10.0; Win64; x64) AppleWebKit/537.36 (KHTML, like Gecko) Chrome/122.0.6261.95 Safari/537.36 -
0:0:0:0:0:0:0:1 - - [02/Dec/2024:21:28:51 +0800] "GET /nacos/v1/console/namespaces?&namespaceId= HTTP/1.1" 200 296 5 Mozilla/5.0 (Windows NT 10.0; Win64; x64) AppleWebKit/537.36 (KHTML, like Gecko) Chrome/122.0.6261.95 Safari/537.36 -
0:0:0:0:0:0:0:1 - - [02/Dec/2024:21:28:51 +0800] "GET /nacos/v1/cs/configs?dataId=&group=&appName=&config_tags=&pageNo=1&pageSize=10&tenant=&types=&search=blur HTTP/1.1" 200 913 6 Mozilla/5.0 (Windows NT 10.0; Win64; x64) AppleWebKit/537.36 (KHTML, like Gecko) Chrome/122.0.6261.95 Safari/537.36 -
0:0:0:0:0:0:0:1 - - [02/Dec/2024:21:29:39 +0800] "GET /nacos/v1/console/namespaces?&namespaceId= HTTP/1.1" 200 296 3 Mozilla/5.0 (Windows NT 10.0; Win64; x64) AppleWebKit/537.36 (KHTML, like Gecko) Chrome/122.0.6261.95 Safari/537.36 -
0:0:0:0:0:0:0:1 - - [02/Dec/2024:21:29:39 +0800] "GET /nacos/v1/cs/configs?show=all&dataId=config-faces.yml&group=DEFAULT_GROUP&tenant=&namespaceId= HTTP/1.1" 200 539 4 Mozilla/5.0 (Windows NT 10.0; Win64; x64) AppleWebKit/537.36 (KHTML, like Gecko) Chrome/122.0.6261.95 Safari/537.36 -
0:0:0:0:0:0:0:1 - - [02/Dec/2024:21:30:01 +0800] "GET /nacos/v1/cs/configs?dataId=&group=&appName=&config_tags=&pageNo=1&pageSize=10&tenant=&types=&search=blur HTTP/1.1" 200 913 2 Mozilla/5.0 (Windows NT 10.0; Win64; x64) AppleWebKit/537.36 (KHTML, like Gecko) Chrome/122.0.6261.95 Safari/537.36 -
0:0:0:0:0:0:0:1 - - [02/Dec/2024:21:30:06 +0800] "GET /nacos/v1/cs/configs?dataId=&group=&appName=&config_tags=&pageNo=1&pageSize=10&tenant=650aa661-a650-4b0b-a0e1-1072bd97268b&types=&search=blur HTTP/1.1" 200 556 2 Mozilla/5.0 (Windows NT 10.0; Win64; x64) AppleWebKit/537.36 (KHTML, like Gecko) Chrome/122.0.6261.95 Safari/537.36 -
0:0:0:0:0:0:0:1 - - [02/Dec/2024:21:30:08 +0800] "GET /nacos/v1/console/namespaces?&namespaceId=650aa661-a650-4b0b-a0e1-1072bd97268b HTTP/1.1" 200 296 7 Mozilla/5.0 (Windows NT 10.0; Win64; x64) AppleWebKit/537.36 (KHTML, like Gecko) Chrome/122.0.6261.95 Safari/537.36 -
0:0:0:0:0:0:0:1 - - [02/Dec/2024:21:30:08 +0800] "GET /nacos/v1/cs/configs?show=all&dataId=config-faces.yml&group=DEFAULT_GROUP&tenant=650aa661-a650-4b0b-a0e1-1072bd97268b&namespaceId=650aa661-a650-4b0b-a0e1-1072bd97268b HTTP/1.1" 200 683 6 Mozilla/5.0 (Windows NT 10.0; Win64; x64) AppleWebKit/537.36 (KHTML, like Gecko) Chrome/122.0.6261.95 Safari/537.36 -
127.0.0.1 - - [02/Dec/2024:21:30:54 +0800] "GET /nacos/v1/cs/configs?dataId=config-faces.yml&group=DEFAULT_GROUP&namespace=650aa661-a650-4b0b-a0e1-1072bd97268b HTTP/1.1" 200 107 9 Mozilla/5.0 (Windows NT 10.0; Win64; x64) AppleWebKit/537.36 (KHTML, like Gecko) Chrome/122.0.6261.95 Safari/537.36 -
0:0:0:0:0:0:0:1 - - [02/Dec/2024:21:33:17 +0800] "GET /nacos/v1/cs/configs?dataId=&group=&appName=&config_tags=&pageNo=1&pageSize=10&tenant=650aa661-a650-4b0b-a0e1-1072bd97268b&types=&search=blur HTTP/1.1" 200 556 3 Mozilla/5.0 (Windows NT 10.0; Win64; x64) AppleWebKit/537.36 (KHTML, like Gecko) Chrome/122.0.6261.95 Safari/537.36 -
0:0:0:0:0:0:0:1 - - [02/Dec/2024:21:33:18 +0800] "GET /nacos/v1/console/namespaces?&namespaceId=650aa661-a650-4b0b-a0e1-1072bd97268b HTTP/1.1" 200 296 5 Mozilla/5.0 (Windows NT 10.0; Win64; x64) AppleWebKit/537.36 (KHTML, like Gecko) Chrome/122.0.6261.95 Safari/537.36 -
127.0.0.1 - - [02/Dec/2024:21:33:28 +0800] "GET /nacos/v1/cs/configs?dataId=config-faces.yml&group=DEFAULT_GROUP&namespace=650aa661-a650-4b0b-a0e1-1072bd97268b HTTP/1.1" 200 107 5 Mozilla/5.0 (Windows NT 10.0; Win64; x64) AppleWebKit/537.36 (KHTML, like Gecko) Chrome/122.0.6261.95 Safari/537.36 -
127.0.0.1 - - [02/Dec/2024:21:33:32 +0800] "GET /nacos/v1/cs/configs?dataId=config-faces.yml&group=DEFAULT_GROUP&namespace=650aa661-a650-4b0b-a0e1-1072bd97268b HTTP/1.1" 200 107 2 Mozilla/5.0 (Windows NT 10.0; Win64; x64) AppleWebKit/537.36 (KHTML, like Gecko) Chrome/122.0.6261.95 Safari/537.36 -
0:0:0:0:0:0:0:1 - - [02/Dec/2024:21:33:37 +0800] "GET /nacos/v1/cs/configs?dataId=&group=&appName=&config_tags=&pageNo=1&pageSize=10&tenant=650aa661-a650-4b0b-a0e1-1072bd97268b&types=&search=blur HTTP/1.1" 200 556 4 Mozilla/5.0 (Windows NT 10.0; Win64; x64) AppleWebKit/537.36 (KHTML, like Gecko) Chrome/122.0.6261.95 Safari/537.36 -
0:0:0:0:0:0:0:1 - - [02/Dec/2024:21:33:40 +0800] "GET /nacos/v1/cs/configs?dataId=&group=&appName=&config_tags=&pageNo=1&pageSize=10&tenant=650aa661-a650-4b0b-a0e1-1072bd97268b&types=&search=blur HTTP/1.1" 200 556 3 Mozilla/5.0 (Windows NT 10.0; Win64; x64) AppleWebKit/537.36 (KHTML, like Gecko) Chrome/122.0.6261.95 Safari/537.36 -
0:0:0:0:0:0:0:1 - - [02/Dec/2024:21:33:41 +0800] "GET /nacos/v1/cs/configs?dataId=&group=&appName=&config_tags=&pageNo=1&pageSize=10&tenant=&types=&search=blur HTTP/1.1" 200 913 4 Mozilla/5.0 (Windows NT 10.0; Win64; x64) AppleWebKit/537.36 (KHTML, like Gecko) Chrome/122.0.6261.95 Safari/537.36 -
0:0:0:0:0:0:0:1 - - [02/Dec/2024:21:33:42 +0800] "GET /nacos/v1/cs/configs?dataId=&group=&appName=&config_tags=&pageNo=1&pageSize=10&tenant=650aa661-a650-4b0b-a0e1-1072bd97268b&types=&search=blur HTTP/1.1" 200 556 3 Mozilla/5.0 (Windows NT 10.0; Win64; x64) AppleWebKit/537.36 (KHTML, like Gecko) Chrome/122.0.6261.95 Safari/537.36 -
0:0:0:0:0:0:0:1 - - [02/Dec/2024:21:33:55 +0800] "GET /nacos/v1/cs/configs?dataId=&group=&appName=&config_tags=&pageNo=1&pageSize=10&tenant=650aa661-a650-4b0b-a0e1-1072bd97268b&types=&search=blur HTTP/1.1" 200 556 3 Mozilla/5.0 (Windows NT 10.0; Win64; x64) AppleWebKit/537.36 (KHTML, like Gecko) Chrome/122.0.6261.95 Safari/537.36 -
0:0:0:0:0:0:0:1 - - [02/Dec/2024:21:34:10 +0800] "GET /nacos/v1/cs/configs?&show=all&dataId=config-faces2.yml&group=DEFAULT_GROUP&tenant=650aa661-a650-4b0b-a0e1-1072bd97268b&namespaceId=650aa661-a650-4b0b-a0e1-1072bd97268b HTTP/1.1" 200 - 3 Mozilla/5.0 (Windows NT 10.0; Win64; x64) AppleWebKit/537.36 (KHTML, like Gecko) Chrome/122.0.6261.95 Safari/537.36 -
0:0:0:0:0:0:0:1 - - [02/Dec/2024:21:34:10 +0800] "POST /nacos/v1/cs/configs? HTTP/1.1" 200 14 5 Mozilla/5.0 (Windows NT 10.0; Win64; x64) AppleWebKit/537.36 (KHTML, like Gecko) Chrome/122.0.6261.95 Safari/537.36 -
0:0:0:0:0:0:0:1 - - [02/Dec/2024:21:34:10 +0800] "GET /nacos/v1/cs/configs?dataId=&group=&appName=&config_tags=&pageNo=1&pageSize=10&tenant=650aa661-a650-4b0b-a0e1-1072bd97268b&types=&search=blur HTTP/1.1" 200 767 4 Mozilla/5.0 (Windows NT 10.0; Win64; x64) AppleWebKit/537.36 (KHTML, like Gecko) Chrome/122.0.6261.95 Safari/537.36 -
127.0.0.1 - - [02/Dec/2024:21:34:17 +0800] "GET /nacos/v1/cs/configs?dataId=config-faces2.yml&group=DEFAULT_GROUP&namespace=650aa661-a650-4b0b-a0e1-1072bd97268b HTTP/1.1" 404 23 5 Mozilla/5.0 (Windows NT 10.0; Win64; x64) AppleWebKit/537.36 (KHTML, like Gecko) Chrome/122.0.6261.95 Safari/537.36 -
0:0:0:0:0:0:0:1 - - [02/Dec/2024:21:36:25 +0800] "GET /nacos/v1/cs/configs?dataId=&group=&appName=&config_tags=&pageNo=1&pageSize=10&tenant=&types=&search=blur HTTP/1.1" 200 913 4 Mozilla/5.0 (Windows NT 10.0; Win64; x64) AppleWebKit/537.36 (KHTML, like Gecko) Chrome/122.0.6261.95 Safari/537.36 -
0:0:0:0:0:0:0:1 - - [02/Dec/2024:21:36:25 +0800] "GET /nacos/v1/cs/configs?dataId=&group=&appName=&config_tags=&pageNo=1&pageSize=10&tenant=650aa661-a650-4b0b-a0e1-1072bd97268b&types=&search=blur HTTP/1.1" 200 767 4 Mozilla/5.0 (Windows NT 10.0; Win64; x64) AppleWebKit/537.36 (KHTML, like Gecko) Chrome/122.0.6261.95 Safari/537.36 -
192.168.124.5 - - [02/Dec/2024:21:36:38 +0800] "GET /nacos/v1/cs/communication/configWatchers?&dataId=config-faces2.yml&tenant=650aa661-a650-4b0b-a0e1-1072bd97268b&group=DEFAULT_GROUP HTTP/1.1" 200 41 215 Java/17.0.12 -
0:0:0:0:0:0:0:1 - - [02/Dec/2024:21:36:38 +0800] "GET /nacos/v1/cs/configs/listener?dataId=config-faces2.yml&group=DEFAULT_GROUP&tenant=650aa661-a650-4b0b-a0e1-1072bd97268b&namespaceId=650aa661-a650-4b0b-a0e1-1072bd97268b HTTP/1.1" 200 61 218 Mozilla/5.0 (Windows NT 10.0; Win64; x64) AppleWebKit/537.36 (KHTML, like Gecko) Chrome/122.0.6261.95 Safari/537.36 -
0:0:0:0:0:0:0:1 - - [02/Dec/2024:21:36:39 +0800] "GET /nacos/v1/cs/configs?dataId=&group=&appName=&config_tags=&pageNo=1&pageSize=10&tenant=650aa661-a650-4b0b-a0e1-1072bd97268b&types=&search=blur HTTP/1.1" 200 767 4 Mozilla/5.0 (Windows NT 10.0; Win64; x64) AppleWebKit/537.36 (KHTML, like Gecko) Chrome/122.0.6261.95 Safari/537.36 -
0:0:0:0:0:0:0:1 - - [02/Dec/2024:21:36:40 +0800] "GET /nacos/v1/cs/configs?dataId=config-faces.yml&group=DEFAULT_GROUP&namespaceId=650aa661-a650-4b0b-a0e1-1072bd97268b&tenant=650aa661-a650-4b0b-a0e1-1072bd97268b&beta=true HTTP/1.1" 200 61 3 Mozilla/5.0 (Windows NT 10.0; Win64; x64) AppleWebKit/537.36 (KHTML, like Gecko) Chrome/122.0.6261.95 Safari/537.36 -
0:0:0:0:0:0:0:1 - - [02/Dec/2024:21:36:40 +0800] "GET /nacos/v1/cs/configs?dataId=config-faces.yml&group=DEFAULT_GROUP&namespaceId=650aa661-a650-4b0b-a0e1-1072bd97268b&tenant=650aa661-a650-4b0b-a0e1-1072bd97268b&show=all HTTP/1.1" 200 683 4 Mozilla/5.0 (Windows NT 10.0; Win64; x64) AppleWebKit/537.36 (KHTML, like Gecko) Chrome/122.0.6261.95 Safari/537.36 -
192.168.124.5 - - [02/Dec/2024:21:36:40 +0800] "GET /nacos/v1/cs/communication/configWatchers?&dataId=config-faces.yml&tenant=650aa661-a650-4b0b-a0e1-1072bd97268b&group=DEFAULT_GROUP HTTP/1.1" 200 41 227 Java/17.0.12 -
0:0:0:0:0:0:0:1 - - [02/Dec/2024:21:36:40 +0800] "GET /nacos/v1/cs/configs/listener?dataId=config-faces.yml&group=DEFAULT_GROUP&namespaceId=650aa661-a650-4b0b-a0e1-1072bd97268b&tenant=650aa661-a650-4b0b-a0e1-1072bd97268b HTTP/1.1" 200 61 229 Mozilla/5.0 (Windows NT 10.0; Win64; x64) AppleWebKit/537.36 (KHTML, like Gecko) Chrome/122.0.6261.95 Safari/537.36 -
0:0:0:0:0:0:0:1 - - [02/Dec/2024:21:36:42 +0800] "GET /nacos/v1/cs/configs?dataId=&group=&appName=&config_tags=&pageNo=1&pageSize=10&tenant=650aa661-a650-4b0b-a0e1-1072bd97268b&types=&search=blur HTTP/1.1" 200 767 3 Mozilla/5.0 (Windows NT 10.0; Win64; x64) AppleWebKit/537.36 (KHTML, like Gecko) Chrome/122.0.6261.95 Safari/537.36 -
0:0:0:0:0:0:0:1 - - [02/Dec/2024:21:36:46 +0800] "GET /nacos/v1/cs/configs?dataId=&group=&appName=&config_tags=&pageNo=1&pageSize=10&tenant=&types=&search=blur HTTP/1.1" 200 913 3 Mozilla/5.0 (Windows NT 10.0; Win64; x64) AppleWebKit/537.36 (KHTML, like Gecko) Chrome/122.0.6261.95 Safari/537.36 -
0:0:0:0:0:0:0:1 - - [02/Dec/2024:21:36:50 +0800] "GET /nacos/v1/console/namespaces?&namespaceId= HTTP/1.1" 200 296 6 Mozilla/5.0 (Windows NT 10.0; Win64; x64) AppleWebKit/537.36 (KHTML, like Gecko) Chrome/122.0.6261.95 Safari/537.36 -
0:0:0:0:0:0:0:1 - - [02/Dec/2024:21:36:50 +0800] "GET /nacos/v1/cs/configs?show=all&dataId=config-cars.yml&group=DEFAULT_GROUP&tenant=&namespaceId= HTTP/1.1" 200 456 3 Mozilla/5.0 (Windows NT 10.0; Win64; x64) AppleWebKit/537.36 (KHTML, like Gecko) Chrome/122.0.6261.95 Safari/537.36 -
0:0:0:0:0:0:0:1 - - [02/Dec/2024:21:36:51 +0800] "GET /nacos/v1/cs/configs?dataId=&group=&appName=&config_tags=&pageNo=1&pageSize=10&tenant=&types=&search=blur HTTP/1.1" 200 913 2 Mozilla/5.0 (Windows NT 10.0; Win64; x64) AppleWebKit/537.36 (KHTML, like Gecko) Chrome/122.0.6261.95 Safari/537.36 -
127.0.0.1 - - [02/Dec/2024:21:38:54 +0800] "GET /nacos/v1/cs/configs?dataId=config-faces2.yml&group=DEFAULT_GROUP&tenant=650aa661-a650-4b0b-a0e1-1072bd97268b HTTP/1.1" 200 19 5 Mozilla/5.0 (Windows NT 10.0; Win64; x64) AppleWebKit/537.36 (KHTML, like Gecko) Chrome/122.0.6261.95 Safari/537.36 -
127.0.0.1 - - [02/Dec/2024:21:39:03 +0800] "GET /nacos/v1/cs/configs?dataId=config-faces.yml&group=DEFAULT_GROUP&tenant=650aa661-a650-4b0b-a0e1-1072bd97268b HTTP/1.1" 200 143 11 Mozilla/5.0 (Windows NT 10.0; Win64; x64) AppleWebKit/537.36 (KHTML, like Gecko) Chrome/122.0.6261.95 Safari/537.36 -
0:0:0:0:0:0:0:1 - - [02/Dec/2024:21:39:09 +0800] "GET /nacos/v1/console/namespaces?&namespaceId= HTTP/1.1" 200 296 2 Mozilla/5.0 (Windows NT 10.0; Win64; x64) AppleWebKit/537.36 (KHTML, like Gecko) Chrome/122.0.6261.95 Safari/537.36 -
0:0:0:0:0:0:0:1 - - [02/Dec/2024:21:39:17 +0800] "DELETE /nacos/v1/console/namespaces?namespaceId=650aa661-a650-4b0b-a0e1-1072bd97268b HTTP/1.1" 200 14 9 Mozilla/5.0 (Windows NT 10.0; Win64; x64) AppleWebKit/537.36 (KHTML, like Gecko) Chrome/122.0.6261.95 Safari/537.36 -
0:0:0:0:0:0:0:1 - - [02/Dec/2024:21:39:17 +0800] "GET /nacos/v1/console/namespaces?&namespaceId= HTTP/1.1" 200 151 1 Mozilla/5.0 (Windows NT 10.0; Win64; x64) AppleWebKit/537.36 (KHTML, like Gecko) Chrome/122.0.6261.95 Safari/537.36 -
0:0:0:0:0:0:0:1 - - [02/Dec/2024:21:39:19 +0800] "GET /nacos/v1/cs/configs?dataId=&group=&appName=&config_tags=&pageNo=1&pageSize=10&tenant=&types=&search=blur HTTP/1.1" 200 913 4 Mozilla/5.0 (Windows NT 10.0; Win64; x64) AppleWebKit/537.36 (KHTML, like Gecko) Chrome/122.0.6261.95 Safari/537.36 -
0:0:0:0:0:0:0:1 - - [02/Dec/2024:21:39:21 +0800] "GET /nacos/v1/console/namespaces?&namespaceId= HTTP/1.1" 200 151 3 Mozilla/5.0 (Windows NT 10.0; Win64; x64) AppleWebKit/537.36 (KHTML, like Gecko) Chrome/122.0.6261.95 Safari/537.36 -
0:0:0:0:0:0:0:1 - - [02/Dec/2024:21:40:08 +0800] "GET /nacos/v1/console/namespaces?checkNamespaceIdExist=true&customNamespaceId=&namespaceId= HTTP/1.1" 200 15 2 Mozilla/5.0 (Windows NT 10.0; Win64; x64) AppleWebKit/537.36 (KHTML, like Gecko) Chrome/122.0.6261.95 Safari/537.36 -
0:0:0:0:0:0:0:1 - - [02/Dec/2024:21:40:08 +0800] "POST /nacos/v1/console/namespaces? HTTP/1.1" 200 14 3 Mozilla/5.0 (Windows NT 10.0; Win64; x64) AppleWebKit/537.36 (KHTML, like Gecko) Chrome/122.0.6261.95 Safari/537.36 -
0:0:0:0:0:0:0:1 - - [02/Dec/2024:21:40:08 +0800] "GET /nacos/v1/console/namespaces?&namespaceId= HTTP/1.1" 200 299 3 Mozilla/5.0 (Windows NT 10.0; Win64; x64) AppleWebKit/537.36 (KHTML, like Gecko) Chrome/122.0.6261.95 Safari/537.36 -
0:0:0:0:0:0:0:1 - - [02/Dec/2024:21:40:10 +0800] "GET /nacos/v1/console/namespaces?&namespaceId= HTTP/1.1" 200 299 2 Mozilla/5.0 (Windows NT 10.0; Win64; x64) AppleWebKit/537.36 (KHTML, like Gecko) Chrome/122.0.6261.95 Safari/537.36 -
0:0:0:0:0:0:0:1 - - [02/Dec/2024:21:40:21 +0800] "GET /nacos/v1/cs/configs?dataId=&group=&appName=&config_tags=&pageNo=1&pageSize=10&tenant=&types=&search=blur HTTP/1.1" 200 913 3 Mozilla/5.0 (Windows NT 10.0; Win64; x64) AppleWebKit/537.36 (KHTML, like Gecko) Chrome/122.0.6261.95 Safari/537.36 -
0:0:0:0:0:0:0:1 - - [02/Dec/2024:21:40:25 +0800] "GET /nacos/v1/cs/configs?dataId=&group=&appName=&config_tags=&pageNo=1&pageSize=10&tenant=ce2bb47e-4538-4d72-a705-adc1ef76fe55&types=&search=blur HTTP/1.1" 200 76 3 Mozilla/5.0 (Windows NT 10.0; Win64; x64) AppleWebKit/537.36 (KHTML, like Gecko) Chrome/122.0.6261.95 Safari/537.36 -
0:0:0:0:0:0:0:1 - - [02/Dec/2024:21:40:31 +0800] "GET /nacos/v1/cs/configs?&show=all&dataId=config-faces.yml&group=DEFAULT_GROUP&tenant=ce2bb47e-4538-4d72-a705-adc1ef76fe55&namespaceId=ce2bb47e-4538-4d72-a705-adc1ef76fe55 HTTP/1.1" 200 - 2 Mozilla/5.0 (Windows NT 10.0; Win64; x64) AppleWebKit/537.36 (KHTML, like Gecko) Chrome/122.0.6261.95 Safari/537.36 -
0:0:0:0:0:0:0:1 - - [02/Dec/2024:21:40:31 +0800] "POST /nacos/v1/cs/configs? HTTP/1.1" 200 14 5 Mozilla/5.0 (Windows NT 10.0; Win64; x64) AppleWebKit/537.36 (KHTML, like Gecko) Chrome/122.0.6261.95 Safari/537.36 -
0:0:0:0:0:0:0:1 - - [02/Dec/2024:21:40:31 +0800] "GET /nacos/v1/cs/configs?dataId=&group=&appName=&config_tags=&pageNo=1&pageSize=10&tenant=ce2bb47e-4538-4d72-a705-adc1ef76fe55&types=&search=blur HTTP/1.1" 200 280 4 Mozilla/5.0 (Windows NT 10.0; Win64; x64) AppleWebKit/537.36 (KHTML, like Gecko) Chrome/122.0.6261.95 Safari/537.36 -
0:0:0:0:0:0:0:1 - - [02/Dec/2024:21:40:33 +0800] "GET /nacos/v1/cs/configs?dataId=&group=&appName=&config_tags=&pageNo=1&pageSize=10&tenant=&types=&search=blur HTTP/1.1" 200 913 4 Mozilla/5.0 (Windows NT 10.0; Win64; x64) AppleWebKit/537.36 (KHTML, like Gecko) Chrome/122.0.6261.95 Safari/537.36 -
0:0:0:0:0:0:0:1 - - [02/Dec/2024:21:40:38 +0800] "GET /nacos/v1/cs/configs?dataId=config-faces.yml&group=DEFAULT_GROUP&namespaceId=&tenant=&beta=true HTTP/1.1" 200 61 2 Mozilla/5.0 (Windows NT 10.0; Win64; x64) AppleWebKit/537.36 (KHTML, like Gecko) Chrome/122.0.6261.95 Safari/537.36 -
0:0:0:0:0:0:0:1 - - [02/Dec/2024:21:40:38 +0800] "GET /nacos/v1/cs/configs?dataId=config-faces.yml&group=DEFAULT_GROUP&namespaceId=&tenant=&show=all HTTP/1.1" 200 539 4 Mozilla/5.0 (Windows NT 10.0; Win64; x64) AppleWebKit/537.36 (KHTML, like Gecko) Chrome/122.0.6261.95 Safari/537.36 -
192.168.124.5 - - [02/Dec/2024:21:40:38 +0800] "GET /nacos/v1/cs/communication/configWatchers?&dataId=config-faces.yml&group=DEFAULT_GROUP HTTP/1.1" 200 41 226 Java/17.0.12 -
0:0:0:0:0:0:0:1 - - [02/Dec/2024:21:40:38 +0800] "GET /nacos/v1/cs/configs/listener?dataId=config-faces.yml&group=DEFAULT_GROUP&namespaceId=&tenant= HTTP/1.1" 200 61 230 Mozilla/5.0 (Windows NT 10.0; Win64; x64) AppleWebKit/537.36 (KHTML, like Gecko) Chrome/122.0.6261.95 Safari/537.36 -
0:0:0:0:0:0:0:1 - - [02/Dec/2024:21:40:42 +0800] "GET /nacos/v1/cs/configs?dataId=&group=&appName=&config_tags=&pageNo=1&pageSize=10&tenant=&types=&search=blur HTTP/1.1" 200 913 3 Mozilla/5.0 (Windows NT 10.0; Win64; x64) AppleWebKit/537.36 (KHTML, like Gecko) Chrome/122.0.6261.95 Safari/537.36 -
0:0:0:0:0:0:0:1 - - [02/Dec/2024:21:40:43 +0800] "GET /nacos/v1/cs/configs?dataId=&group=&appName=&config_tags=&pageNo=1&pageSize=10&tenant=ce2bb47e-4538-4d72-a705-adc1ef76fe55&types=&search=blur HTTP/1.1" 200 280 4 Mozilla/5.0 (Windows NT 10.0; Win64; x64) AppleWebKit/537.36 (KHTML, like Gecko) Chrome/122.0.6261.95 Safari/537.36 -
0:0:0:0:0:0:0:1 - - [02/Dec/2024:21:40:46 +0800] "GET /nacos/v1/cs/configs?dataId=config-faces.yml&group=DEFAULT_GROUP&namespaceId=ce2bb47e-4538-4d72-a705-adc1ef76fe55&tenant=ce2bb47e-4538-4d72-a705-adc1ef76fe55&beta=true HTTP/1.1" 200 61 3 Mozilla/5.0 (Windows NT 10.0; Win64; x64) AppleWebKit/537.36 (KHTML, like Gecko) Chrome/122.0.6261.95 Safari/537.36 -
0:0:0:0:0:0:0:1 - - [02/Dec/2024:21:40:46 +0800] "GET /nacos/v1/cs/configs?dataId=config-faces.yml&group=DEFAULT_GROUP&namespaceId=ce2bb47e-4538-4d72-a705-adc1ef76fe55&tenant=ce2bb47e-4538-4d72-a705-adc1ef76fe55&show=all HTTP/1.1" 200 415 5 Mozilla/5.0 (Windows NT 10.0; Win64; x64) AppleWebKit/537.36 (KHTML, like Gecko) Chrome/122.0.6261.95 Safari/537.36 -
192.168.124.5 - - [02/Dec/2024:21:40:46 +0800] "GET /nacos/v1/cs/communication/configWatchers?&dataId=config-faces.yml&tenant=ce2bb47e-4538-4d72-a705-adc1ef76fe55&group=DEFAULT_GROUP HTTP/1.1" 200 41 216 Java/17.0.12 -
0:0:0:0:0:0:0:1 - - [02/Dec/2024:21:40:46 +0800] "GET /nacos/v1/cs/configs/listener?dataId=config-faces.yml&group=DEFAULT_GROUP&namespaceId=ce2bb47e-4538-4d72-a705-adc1ef76fe55&tenant=ce2bb47e-4538-4d72-a705-adc1ef76fe55 HTTP/1.1" 200 61 219 Mozilla/5.0 (Windows NT 10.0; Win64; x64) AppleWebKit/537.36 (KHTML, like Gecko) Chrome/122.0.6261.95 Safari/537.36 -
0:0:0:0:0:0:0:1 - - [02/Dec/2024:21:41:02 +0800] "POST /nacos/v1/cs/configs HTTP/1.1" 200 14 6 Mozilla/5.0 (Windows NT 10.0; Win64; x64) AppleWebKit/537.36 (KHTML, like Gecko) Chrome/122.0.6261.95 Safari/537.36 -
0:0:0:0:0:0:0:1 - - [02/Dec/2024:21:41:02 +0800] "GET /nacos/v1/cs/configs?dataId=config-faces.yml&group=DEFAULT_GROUP&namespaceId=ce2bb47e-4538-4d72-a705-adc1ef76fe55&tenant=ce2bb47e-4538-4d72-a705-adc1ef76fe55&show=all HTTP/1.1" 200 683 3 Mozilla/5.0 (Windows NT 10.0; Win64; x64) AppleWebKit/537.36 (KHTML, like Gecko) Chrome/122.0.6261.95 Safari/537.36 -
0:0:0:0:0:0:0:1 - - [02/Dec/2024:21:41:04 +0800] "GET /nacos/v1/cs/configs?dataId=&group=&appName=&config_tags=&pageNo=1&pageSize=10&tenant=ce2bb47e-4538-4d72-a705-adc1ef76fe55&types=&search=blur HTTP/1.1" 200 556 3 Mozilla/5.0 (Windows NT 10.0; Win64; x64) AppleWebKit/537.36 (KHTML, like Gecko) Chrome/122.0.6261.95 Safari/537.36 -
0:0:0:0:0:0:0:1 - - [02/Dec/2024:21:41:42 +0800] "GET /nacos/v1/cs/configs?dataId=config-faces.yml&group=DEFAULT_GROUP&tenant=ce2bb47e-4538-4d72-a705-adc1ef76fe55 HTTP/1.1" 200 143 4 Java/21.0.4 -
0:0:0:0:0:0:0:1 - - [02/Dec/2024:21:41:45 +0800] "GET /nacos/v1/cs/configs?dataId=config-faces.yml&group=DEFAULT_GROUP&tenant=ce2bb47e-4538-4d72-a705-adc1ef76fe55 HTTP/1.1" 200 143 3 Java/21.0.4 -
