0:0:0:0:0:0:0:1 - - [02/Dec/2024:20:10:42 +0800] "GET /config/cars/master HTTP/1.1" 404 431 1 Java/21.0.4 -
127.0.0.1 - - [02/Dec/2024:20:10:48 +0800] "GET /nacos/v1/cs/configs?dataId=config-faces.yml&group=DEFAULT_GROUP HTTP/1.1" 200 86 4 Mozilla/5.0 (Windows NT 10.0; Win64; x64) AppleWebKit/537.36 (KHTML, like Gecko) Chrome/122.0.6261.95 Safari/537.36 -
0:0:0:0:0:0:0:1 - - [02/Dec/2024:20:10:59 +0800] "GET /nacos/v1/cs/configs?dataId=config-faces.yml&group=DEFAULT_GROUP HTTP/1.1" 200 86 4 Java/21.0.4 -
0:0:0:0:0:0:0:1 - - [02/Dec/2024:20:13:48 +0800] "GET /config/cars/master HTTP/1.1" 404 431 0 Java/21.0.4 -
0:0:0:0:0:0:0:1 - - [02/Dec/2024:20:14:00 +0800] "GET /nacos/v1/cs/configs?dataId=config-faces.yml&group=DEFAULT_GROUP HTTP/1.1" 200 86 3 Java/21.0.4 -
0:0:0:0:0:0:0:1 - - [02/Dec/2024:20:14:02 +0800] "GET /nacos/v1/cs/configs?dataId=config-faces.yml&group=DEFAULT_GROUP HTTP/1.1" 200 86 3 Java/21.0.4 -
0:0:0:0:0:0:0:1 - - [02/Dec/2024:20:14:03 +0800] "GET /nacos/v1/cs/configs?dataId=config-faces.yml&group=DEFAULT_GROUP HTTP/1.1" 200 86 3 Java/21.0.4 -
0:0:0:0:0:0:0:1 - - [02/Dec/2024:20:17:01 +0800] "GET /nacos/v1/cs/configs?dataId=config-faces.yml&group=DEFAULT_GROUP HTTP/1.1" 200 86 2 Java/21.0.4 -
0:0:0:0:0:0:0:1 - - [02/Dec/2024:20:17:02 +0800] "GET /nacos/v1/cs/configs?dataId=config-faces.yml&group=DEFAULT_GROUP HTTP/1.1" 200 86 2 Java/21.0.4 -
0:0:0:0:0:0:0:1 - - [02/Dec/2024:20:32:21 +0800] "GET /config/cars/master HTTP/1.1" 404 431 0 Java/21.0.4 -
0:0:0:0:0:0:0:1 - - [02/Dec/2024:20:35:06 +0800] "GET /config/cars/master HTTP/1.1" 404 431 1 Java/21.0.4 -
0:0:0:0:0:0:0:1 - - [02/Dec/2024:20:36:09 +0800] "GET /config/cars/master HTTP/1.1" 404 431 0 Java/21.0.4 -
0:0:0:0:0:0:0:1 - - [02/Dec/2024:20:36:42 +0800] "GET /config/cars/master HTTP/1.1" 404 431 1 Java/21.0.4 -
0:0:0:0:0:0:0:1 - - [02/Dec/2024:20:36:55 +0800] "GET /nacos/v1/cs/configs?dataId=config-faces.yml&group=DEFAULT_GROUP HTTP/1.1" 200 86 4 Java/21.0.4 -
0:0:0:0:0:0:0:1 - - [02/Dec/2024:20:37:30 +0800] "GET /nacos/v1/cs/configs?dataId=config-faces.yml&group=DEFAULT_GROUP HTTP/1.1" 200 86 3 Java/21.0.4 -
0:0:0:0:0:0:0:1 - - [02/Dec/2024:20:41:49 +0800] "GET /config/cars/master HTTP/1.1" 404 431 1 Java/21.0.4 -
0:0:0:0:0:0:0:1 - - [02/Dec/2024:20:41:51 +0800] "GET /nacos/v1/cs/configs?dataId=config-faces.yml&group=DEFAULT_GROUP HTTP/1.1" 200 86 3 Java/21.0.4 -
0:0:0:0:0:0:0:1 - - [02/Dec/2024:20:41:52 +0800] "GET /nacos/v1/cs/configs?dataId=config-faces.yml&group=DEFAULT_GROUP HTTP/1.1" 200 86 2 Java/21.0.4 -
0:0:0:0:0:0:0:1 - - [02/Dec/2024:20:41:54 +0800] "GET /nacos/v1/cs/configs?dataId=config-faces.yml&group=DEFAULT_GROUP HTTP/1.1" 200 86 3 Java/21.0.4 -
0:0:0:0:0:0:0:1 - - [02/Dec/2024:20:42:14 +0800] "DELETE /nacos/v1/cs/configs?delType=ids&ids=837633871154532352,837634273371508736&tenant= HTTP/1.1" 200 50 19 Mozilla/5.0 (Windows NT 10.0; Win64; x64) AppleWebKit/537.36 (KHTML, like Gecko) Chrome/122.0.6261.95 Safari/537.36 -
0:0:0:0:0:0:0:1 - - [02/Dec/2024:20:42:14 +0800] "GET /nacos/v1/cs/configs?dataId=&group=&appName=&config_tags=&pageNo=1&pageSize=10&tenant=&types=&search=blur HTTP/1.1" 200 847 8 Mozilla/5.0 (Windows NT 10.0; Win64; x64) AppleWebKit/537.36 (KHTML, like Gecko) Chrome/122.0.6261.95 Safari/537.36 -
0:0:0:0:0:0:0:1 - - [02/Dec/2024:20:42:17 +0800] "GET /nacos/v1/console/namespaces?&namespaceId= HTTP/1.1" 200 151 6 Mozilla/5.0 (Windows NT 10.0; Win64; x64) AppleWebKit/537.36 (KHTML, like Gecko) Chrome/122.0.6261.95 Safari/537.36 -
0:0:0:0:0:0:0:1 - - [02/Dec/2024:20:42:17 +0800] "GET /nacos/v1/cs/configs?show=all&dataId=config-faces.yml&group=DEFAULT_GROUP&tenant=&namespaceId= HTTP/1.1" 200 479 7 Mozilla/5.0 (Windows NT 10.0; Win64; x64) AppleWebKit/537.36 (KHTML, like Gecko) Chrome/122.0.6261.95 Safari/537.36 -
0:0:0:0:0:0:0:1 - - [02/Dec/2024:20:42:52 +0800] "GET /nacos/v1/cs/configs?dataId=&group=&appName=&config_tags=&pageNo=1&pageSize=10&tenant=&types=&search=blur HTTP/1.1" 200 847 6 Mozilla/5.0 (Windows NT 10.0; Win64; x64) AppleWebKit/537.36 (KHTML, like Gecko) Chrome/122.0.6261.95 Safari/537.36 -
0:0:0:0:0:0:0:1 - - [02/Dec/2024:20:42:54 +0800] "GET /nacos/v1/cs/configs?dataId=config-faces.yml&group=DEFAULT_GROUP&namespaceId=&tenant=&beta=true HTTP/1.1" 200 61 5 Mozilla/5.0 (Windows NT 10.0; Win64; x64) AppleWebKit/537.36 (KHTML, like Gecko) Chrome/122.0.6261.95 Safari/537.36 -
0:0:0:0:0:0:0:1 - - [02/Dec/2024:20:42:54 +0800] "GET /nacos/v1/cs/configs?dataId=config-faces.yml&group=DEFAULT_GROUP&namespaceId=&tenant=&show=all HTTP/1.1" 200 479 2 Mozilla/5.0 (Windows NT 10.0; Win64; x64) AppleWebKit/537.36 (KHTML, like Gecko) Chrome/122.0.6261.95 Safari/537.36 -
192.168.124.5 - - [02/Dec/2024:20:42:54 +0800] "GET /nacos/v1/cs/communication/configWatchers?&dataId=config-faces.yml&group=DEFAULT_GROUP HTTP/1.1" 200 41 223 Java/17.0.12 -
0:0:0:0:0:0:0:1 - - [02/Dec/2024:20:42:54 +0800] "GET /nacos/v1/cs/configs/listener?dataId=config-faces.yml&group=DEFAULT_GROUP&namespaceId=&tenant= HTTP/1.1" 200 61 227 Mozilla/5.0 (Windows NT 10.0; Win64; x64) AppleWebKit/537.36 (KHTML, like Gecko) Chrome/122.0.6261.95 Safari/537.36 -
0:0:0:0:0:0:0:1 - - [02/Dec/2024:20:43:03 +0800] "POST /nacos/v1/cs/configs HTTP/1.1" 200 14 24 Mozilla/5.0 (Windows NT 10.0; Win64; x64) AppleWebKit/537.36 (KHTML, like Gecko) Chrome/122.0.6261.95 Safari/537.36 -
0:0:0:0:0:0:0:1 - - [02/Dec/2024:20:43:03 +0800] "GET /nacos/v1/cs/configs?dataId=config-faces.yml&group=DEFAULT_GROUP&namespaceId=&tenant=&show=all HTTP/1.1" 200 539 5 Mozilla/5.0 (Windows NT 10.0; Win64; x64) AppleWebKit/537.36 (KHTML, like Gecko) Chrome/122.0.6261.95 Safari/537.36 -
0:0:0:0:0:0:0:1 - - [02/Dec/2024:20:43:09 +0800] "GET /nacos/v1/cs/configs?dataId=&group=&appName=&config_tags=&pageNo=1&pageSize=10&tenant=&types=&search=blur HTTP/1.1" 200 913 4 Mozilla/5.0 (Windows NT 10.0; Win64; x64) AppleWebKit/537.36 (KHTML, like Gecko) Chrome/122.0.6261.95 Safari/537.36 -
0:0:0:0:0:0:0:1 - - [02/Dec/2024:20:43:11 +0800] "GET /nacos/v1/cs/configs?dataId=config-faces.yml&group=DEFAULT_GROUP HTTP/1.1" 200 107 3 Java/21.0.4 -
0:0:0:0:0:0:0:1 - - [02/Dec/2024:20:43:12 +0800] "GET /nacos/v1/cs/configs?dataId=config-faces.yml&group=DEFAULT_GROUP HTTP/1.1" 200 107 2 Java/21.0.4 -
0:0:0:0:0:0:0:1 - - [02/Dec/2024:20:43:13 +0800] "GET /nacos/v1/cs/configs?dataId=config-faces.yml&group=DEFAULT_GROUP HTTP/1.1" 200 107 3 Java/21.0.4 -
0:0:0:0:0:0:0:1 - - [02/Dec/2024:20:43:41 +0800] "GET /config/cars/master HTTP/1.1" 404 431 1 Java/21.0.4 -
0:0:0:0:0:0:0:1 - - [02/Dec/2024:20:43:48 +0800] "GET /nacos/v1/cs/configs?dataId=config-faces.yml&group=DEFAULT_GROUP HTTP/1.1" 200 107 3 Java/21.0.4 -
0:0:0:0:0:0:0:1 - - [02/Dec/2024:20:43:49 +0800] "GET /nacos/v1/cs/configs?dataId=config-faces.yml&group=DEFAULT_GROUP HTTP/1.1" 200 107 2 Java/21.0.4 -
0:0:0:0:0:0:0:1 - - [02/Dec/2024:20:43:57 +0800] "GET /nacos/v1/cs/configs?dataId=config-faces.yml&group=DEFAULT_GROUP HTTP/1.1" 200 107 2 Java/21.0.4 -
0:0:0:0:0:0:0:1 - - [02/Dec/2024:20:44:04 +0800] "GET /config/cars/master HTTP/1.1" 404 431 0 Java/21.0.4 -
0:0:0:0:0:0:0:1 - - [02/Dec/2024:20:44:23 +0800] "GET /nacos/v1/cs/configs?dataId=config-faces.yml&group=DEFAULT_GROUP HTTP/1.1" 200 107 4 Java/21.0.4 -
0:0:0:0:0:0:0:1 - - [02/Dec/2024:20:44:25 +0800] "GET /nacos/v1/cs/configs?dataId=config-faces.yml&group=DEFAULT_GROUP HTTP/1.1" 200 107 3 Java/21.0.4 -
0:0:0:0:0:0:0:1 - - [02/Dec/2024:20:44:27 +0800] "GET /nacos/v1/cs/configs?dataId=config-faces.yml&group=DEFAULT_GROUP HTTP/1.1" 200 107 3 Java/21.0.4 -
0:0:0:0:0:0:0:1 - - [02/Dec/2024:20:45:21 +0800] "GET /config/cars/master HTTP/1.1" 404 431 1 Java/21.0.4 -
0:0:0:0:0:0:0:1 - - [02/Dec/2024:20:45:24 +0800] "GET /nacos/v1/cs/configs?dataId=config-faces.yml&group=DEFAULT_GROUP HTTP/1.1" 200 107 4 Java/21.0.4 -
0:0:0:0:0:0:0:1 - - [02/Dec/2024:20:45:24 +0800] "GET /nacos/v1/cs/configs?dataId=config-faces.yml&group=DEFAULT_GROUP HTTP/1.1" 200 107 2 Java/21.0.4 -
0:0:0:0:0:0:0:1 - - [02/Dec/2024:20:57:44 +0800] "GET /nacos/v1/cs/configs?dataId=&group=&appName=&config_tags=&pageNo=1&pageSize=10&tenant=&types=&search=blur HTTP/1.1" 200 913 7 Mozilla/5.0 (Windows NT 10.0; Win64; x64) AppleWebKit/537.36 (KHTML, like Gecko) Chrome/122.0.6261.95 Safari/537.36 -
0:0:0:0:0:0:0:1 - - [02/Dec/2024:20:57:53 +0800] "GET /nacos/v1/cs/history/configs?tenant=&namespaceId= HTTP/1.1" 200 556 13 Mozilla/5.0 (Windows NT 10.0; Win64; x64) AppleWebKit/537.36 (KHTML, like Gecko) Chrome/122.0.6261.95 Safari/537.36 -
0:0:0:0:0:0:0:1 - - [02/Dec/2024:20:57:54 +0800] "GET /nacos/v1/cs/history/configs?tenant=&namespaceId= HTTP/1.1" 200 556 4 Mozilla/5.0 (Windows NT 10.0; Win64; x64) AppleWebKit/537.36 (KHTML, like Gecko) Chrome/122.0.6261.95 Safari/537.36 -
0:0:0:0:0:0:0:1 - - [02/Dec/2024:20:57:56 +0800] "GET /nacos/v1/cs/configs?dataId=&group=&appName=&config_tags=&pageNo=1&pageSize=10&tenant=&types=&search=blur HTTP/1.1" 200 913 8 Mozilla/5.0 (Windows NT 10.0; Win64; x64) AppleWebKit/537.36 (KHTML, like Gecko) Chrome/122.0.6261.95 Safari/537.36 -
