0:0:0:0:0:0:0:1 - - [09/Dec/2024:20:23:50 +0800] "GET /nacos HTTP/1.1" 302 - 0 Mozilla/5.0 (Windows NT 10.0; Win64; x64) AppleWebKit/537.36 (KHTML, like Gecko) Chrome/122.0.6261.95 Safari/537.36 -
0:0:0:0:0:0:0:1 - - [09/Dec/2024:20:23:51 +0800] "GET /nacos/v1/console/server/guide HTTP/1.1" 200 351 148 Mozilla/5.0 (Windows NT 10.0; Win64; x64) AppleWebKit/537.36 (KHTML, like Gecko) Chrome/122.0.6261.95 Safari/537.36 -
0:0:0:0:0:0:0:1 - - [09/Dec/2024:20:23:51 +0800] "GET /nacos/v1/console/server/state HTTP/1.1" 200 669 150 Mozilla/5.0 (Windows NT 10.0; Win64; x64) AppleWebKit/537.36 (KHTML, like Gecko) Chrome/122.0.6261.95 Safari/537.36 -
0:0:0:0:0:0:0:1 - - [09/Dec/2024:20:23:51 +0800] "GET /nacos/v1/console/server/announcement?language=zh-CN HTTP/1.1" 200 177 149 Mozilla/5.0 (Windows NT 10.0; Win64; x64) AppleWebKit/537.36 (KHTML, like Gecko) Chrome/122.0.6261.95 Safari/537.36 -
0:0:0:0:0:0:0:1 - - [09/Dec/2024:20:23:51 +0800] "GET /nacos/v1/console/server/state HTTP/1.1" 200 669 6 Mozilla/5.0 (Windows NT 10.0; Win64; x64) AppleWebKit/537.36 (KHTML, like Gecko) Chrome/122.0.6261.95 Safari/537.36 -
0:0:0:0:0:0:0:1 - - [09/Dec/2024:20:23:51 +0800] "GET /nacos/v1/console/namespaces?&namespaceId= HTTP/1.1" 200 299 18 Mozilla/5.0 (Windows NT 10.0; Win64; x64) AppleWebKit/537.36 (KHTML, like Gecko) Chrome/122.0.6261.95 Safari/537.36 -
0:0:0:0:0:0:0:1 - - [09/Dec/2024:20:23:51 +0800] "GET /nacos/v1/cs/configs?dataId=&group=&appName=&config_tags=&pageNo=1&pageSize=10&tenant=&types=&search=blur HTTP/1.1" 200 760 49 Mozilla/5.0 (Windows NT 10.0; Win64; x64) AppleWebKit/537.36 (KHTML, like Gecko) Chrome/122.0.6261.95 Safari/537.36 -
0:0:0:0:0:0:0:1 - - [09/Dec/2024:20:24:17 +0800] "GET /nacos/v1/ns/catalog/services?hasIpCount=true&withInstances=false&pageNo=1&pageSize=10&serviceNameParam=&groupNameParam=&namespaceId= HTTP/1.1" 200 39 23 Mozilla/5.0 (Windows NT 10.0; Win64; x64) AppleWebKit/537.36 (KHTML, like Gecko) Chrome/122.0.6261.95 Safari/537.36 -
0:0:0:0:0:0:0:1 - - [09/Dec/2024:20:24:18 +0800] "GET /nacos/v1/ns/catalog/services?hasIpCount=true&withInstances=false&pageNo=1&pageSize=10&serviceNameParam=&groupNameParam=&namespaceId=ce2bb47e-4538-4d72-a705-adc1ef76fe55 HTTP/1.1" 200 285 5 Mozilla/5.0 (Windows NT 10.0; Win64; x64) AppleWebKit/537.36 (KHTML, like Gecko) Chrome/122.0.6261.95 Safari/537.36 -
0:0:0:0:0:0:0:1 - - [09/Dec/2024:20:24:22 +0800] "GET /nacos/v1/ns/catalog/services?hasIpCount=true&withInstances=false&pageNo=1&pageSize=10&serviceNameParam=&groupNameParam=&namespaceId=ce2bb47e-4538-4d72-a705-adc1ef76fe55 HTTP/1.1" 200 285 4 Mozilla/5.0 (Windows NT 10.0; Win64; x64) AppleWebKit/537.36 (KHTML, like Gecko) Chrome/122.0.6261.95 Safari/537.36 -
0:0:0:0:0:0:0:1 - - [09/Dec/2024:20:24:24 +0800] "GET /nacos/v1/core/cluster/nodes?withInstances=false&pageNo=1&pageSize=10&keyword=&namespaceId=ce2bb47e-4538-4d72-a705-adc1ef76fe55 HTTP/1.1" 200 765 16 Mozilla/5.0 (Windows NT 10.0; Win64; x64) AppleWebKit/537.36 (KHTML, like Gecko) Chrome/122.0.6261.95 Safari/537.36 -
0:0:0:0:0:0:0:1 - - [09/Dec/2024:20:24:26 +0800] "GET /nacos/v1/console/namespaces?&namespaceId=ce2bb47e-4538-4d72-a705-adc1ef76fe55 HTTP/1.1" 200 299 5 Mozilla/5.0 (Windows NT 10.0; Win64; x64) AppleWebKit/537.36 (KHTML, like Gecko) Chrome/122.0.6261.95 Safari/537.36 -
0:0:0:0:0:0:0:1 - - [09/Dec/2024:20:24:28 +0800] "GET /nacos/v1/ns/catalog/services?hasIpCount=true&withInstances=false&pageNo=1&pageSize=10&serviceNameParam=&groupNameParam=&namespaceId=ce2bb47e-4538-4d72-a705-adc1ef76fe55 HTTP/1.1" 200 285 4 Mozilla/5.0 (Windows NT 10.0; Win64; x64) AppleWebKit/537.36 (KHTML, like Gecko) Chrome/122.0.6261.95 Safari/537.36 -
0:0:0:0:0:0:0:1 - - [09/Dec/2024:20:24:58 +0800] "GET /nacos/v1/cs/configs?dataId=config-faces.yml&group=DEFAULT_GROUP&tenant=ce2bb47e-4538-4d72-a705-adc1ef76fe55 HTTP/1.1" 200 98 24 Java/21.0.4 -
0:0:0:0:0:0:0:1 - - [09/Dec/2024:20:28:27 +0800] "GET /nacos/v1/cs/configs?dataId=config-faces.yml&group=DEFAULT_GROUP&tenant=ce2bb47e-4538-4d72-a705-adc1ef76fe55 HTTP/1.1" 200 98 4 Java/21.0.4 -
0:0:0:0:0:0:0:1 - - [09/Dec/2024:20:28:28 +0800] "GET /nacos/v1/cs/configs?dataId=config-faces.yml&group=DEFAULT_GROUP&tenant=ce2bb47e-4538-4d72-a705-adc1ef76fe55 HTTP/1.1" 200 98 4 Java/21.0.4 -
0:0:0:0:0:0:0:1 - - [09/Dec/2024:20:28:28 +0800] "GET /nacos/v1/cs/configs?dataId=config-faces.yml&group=DEFAULT_GROUP&tenant=ce2bb47e-4538-4d72-a705-adc1ef76fe55 HTTP/1.1" 200 98 3 Java/21.0.4 -
0:0:0:0:0:0:0:1 - - [09/Dec/2024:20:28:28 +0800] "GET /nacos/v1/cs/configs?dataId=config-faces.yml&group=DEFAULT_GROUP&tenant=ce2bb47e-4538-4d72-a705-adc1ef76fe55 HTTP/1.1" 200 98 3 Java/21.0.4 -
0:0:0:0:0:0:0:1 - - [09/Dec/2024:20:28:29 +0800] "GET /nacos/v1/cs/configs?dataId=config-faces.yml&group=DEFAULT_GROUP&tenant=ce2bb47e-4538-4d72-a705-adc1ef76fe55 HTTP/1.1" 200 98 4 Java/21.0.4 -
0:0:0:0:0:0:0:1 - - [09/Dec/2024:20:28:29 +0800] "GET /nacos/v1/cs/configs?dataId=config-faces.yml&group=DEFAULT_GROUP&tenant=ce2bb47e-4538-4d72-a705-adc1ef76fe55 HTTP/1.1" 200 98 3 Java/21.0.4 -
0:0:0:0:0:0:0:1 - - [09/Dec/2024:20:29:13 +0800] "GET /nacos/v1/cs/configs?dataId=config-faces.yml&group=DEFAULT_GROUP&tenant=ce2bb47e-4538-4d72-a705-adc1ef76fe55 HTTP/1.1" 200 98 3 Java/21.0.4 -
0:0:0:0:0:0:0:1 - - [09/Dec/2024:20:29:13 +0800] "GET /nacos/v1/cs/configs?dataId=config-faces.yml&group=DEFAULT_GROUP&tenant=ce2bb47e-4538-4d72-a705-adc1ef76fe55 HTTP/1.1" 200 98 3 Java/21.0.4 -
0:0:0:0:0:0:0:1 - - [09/Dec/2024:20:29:13 +0800] "GET /nacos/v1/cs/configs?dataId=config-faces.yml&group=DEFAULT_GROUP&tenant=ce2bb47e-4538-4d72-a705-adc1ef76fe55 HTTP/1.1" 200 98 3 Java/21.0.4 -
0:0:0:0:0:0:0:1 - - [09/Dec/2024:20:29:13 +0800] "GET /nacos/v1/cs/configs?dataId=config-faces.yml&group=DEFAULT_GROUP&tenant=ce2bb47e-4538-4d72-a705-adc1ef76fe55 HTTP/1.1" 200 98 5 Java/21.0.4 -
0:0:0:0:0:0:0:1 - - [09/Dec/2024:20:29:14 +0800] "GET /nacos/v1/cs/configs?dataId=config-faces.yml&group=DEFAULT_GROUP&tenant=ce2bb47e-4538-4d72-a705-adc1ef76fe55 HTTP/1.1" 200 98 3 Java/21.0.4 -
0:0:0:0:0:0:0:1 - - [09/Dec/2024:20:29:17 +0800] "GET /nacos/v1/cs/configs?dataId=config-faces.yml&group=DEFAULT_GROUP&tenant=ce2bb47e-4538-4d72-a705-adc1ef76fe55 HTTP/1.1" 200 98 3 Java/21.0.4 -
0:0:0:0:0:0:0:1 - - [09/Dec/2024:20:29:18 +0800] "GET /nacos/v1/cs/configs?dataId=config-faces.yml&group=DEFAULT_GROUP&tenant=ce2bb47e-4538-4d72-a705-adc1ef76fe55 HTTP/1.1" 200 98 4 Java/21.0.4 -
0:0:0:0:0:0:0:1 - - [09/Dec/2024:20:29:30 +0800] "GET /nacos/v1/cs/configs?dataId=config-faces.yml&group=DEFAULT_GROUP&tenant=ce2bb47e-4538-4d72-a705-adc1ef76fe55 HTTP/1.1" 200 98 3 Java/21.0.4 -
