0:0:0:0:0:0:0:1 - - [09/Dec/2024:14:00:15 +0800] "GET /nacos/v1/cs/configs?&show=all&dataId=config-faces.yml&group=DEFAULT_GROUP&tenant=&namespaceId= HTTP/1.1" 200 - 17 Mozilla/5.0 (Windows NT 10.0; Win64; x64) AppleWebKit/537.36 (KHTML, like Gecko) Chrome/122.0.6261.95 Safari/537.36 -
0:0:0:0:0:0:0:1 - - [09/Dec/2024:14:00:15 +0800] "POST /nacos/v1/cs/configs? HTTP/1.1" 500 405 19 Mozilla/5.0 (Windows NT 10.0; Win64; x64) AppleWebKit/537.36 (KHTML, like Gecko) Chrome/122.0.6261.95 Safari/537.36 -
0:0:0:0:0:0:0:1 - - [09/Dec/2024:14:00:15 +0800] "GET /nacos/v1/cs/configs?dataId=&group=&appName=&config_tags=&pageNo=1&pageSize=10&tenant=&types=&search=blur HTTP/1.1" 200 76 6 Mozilla/5.0 (Windows NT 10.0; Win64; x64) AppleWebKit/537.36 (KHTML, like Gecko) Chrome/122.0.6261.95 Safari/537.36 -
0:0:0:0:0:0:0:1 - - [09/Dec/2024:14:00:38 +0800] "GET /nacos/v1/cs/configs?&show=all&dataId=config-faces.yaml&group=DEFAULT_GROUP&tenant=&namespaceId= HTTP/1.1" 200 - 6 Mozilla/5.0 (Windows NT 10.0; Win64; x64) AppleWebKit/537.36 (KHTML, like Gecko) Chrome/122.0.6261.95 Safari/537.36 -
0:0:0:0:0:0:0:1 - - [09/Dec/2024:14:00:38 +0800] "POST /nacos/v1/cs/configs? HTTP/1.1" 500 405 10 Mozilla/5.0 (Windows NT 10.0; Win64; x64) AppleWebKit/537.36 (KHTML, like Gecko) Chrome/122.0.6261.95 Safari/537.36 -
0:0:0:0:0:0:0:1 - - [09/Dec/2024:14:00:38 +0800] "GET /nacos/v1/cs/configs?dataId=&group=&appName=&config_tags=&pageNo=1&pageSize=10&tenant=&types=&search=blur HTTP/1.1" 200 76 6 Mozilla/5.0 (Windows NT 10.0; Win64; x64) AppleWebKit/537.36 (KHTML, like Gecko) Chrome/122.0.6261.95 Safari/537.36 -
0:0:0:0:0:0:0:1 - - [09/Dec/2024:14:01:06 +0800] "GET /nacos/v1/cs/configs?dataId=&group=&appName=&config_tags=&pageNo=1&pageSize=10&tenant=ce2bb47e-4538-4d72-a705-adc1ef76fe55&types=&search=blur HTTP/1.1" 200 76 4 Mozilla/5.0 (Windows NT 10.0; Win64; x64) AppleWebKit/537.36 (KHTML, like Gecko) Chrome/122.0.6261.95 Safari/537.36 -
0:0:0:0:0:0:0:1 - - [09/Dec/2024:14:01:09 +0800] "POST /nacos/v1/cs/configs?import=true&namespace=ce2bb47e-4538-4d72-a705-adc1ef76fe55&accessToken=&username=&tenant=ce2bb47e-4538-4d72-a705-adc1ef76fe55 HTTP/1.1" 500 405 12 Mozilla/5.0 (Windows NT 10.0; Win64; x64) AppleWebKit/537.36 (KHTML, like Gecko) Chrome/122.0.6261.95 Safari/537.36 -
0:0:0:0:0:0:0:1 - - [09/Dec/2024:14:05:13 +0800] "GET /nacos/ HTTP/1.1" 304 - 96 Mozilla/5.0 (Windows NT 10.0; Win64; x64) AppleWebKit/537.36 (KHTML, like Gecko) Chrome/122.0.6261.95 Safari/537.36 -
0:0:0:0:0:0:0:1 - - [09/Dec/2024:14:05:14 +0800] "GET /nacos/v1/console/server/guide HTTP/1.1" 200 351 57 Mozilla/5.0 (Windows NT 10.0; Win64; x64) AppleWebKit/537.36 (KHTML, like Gecko) Chrome/122.0.6261.95 Safari/537.36 -
0:0:0:0:0:0:0:1 - - [09/Dec/2024:14:05:14 +0800] "GET /nacos/v1/console/server/state HTTP/1.1" 200 669 58 Mozilla/5.0 (Windows NT 10.0; Win64; x64) AppleWebKit/537.36 (KHTML, like Gecko) Chrome/122.0.6261.95 Safari/537.36 -
0:0:0:0:0:0:0:1 - - [09/Dec/2024:14:05:14 +0800] "GET /nacos/v1/console/server/announcement?language=zh-CN HTTP/1.1" 200 177 57 Mozilla/5.0 (Windows NT 10.0; Win64; x64) AppleWebKit/537.36 (KHTML, like Gecko) Chrome/122.0.6261.95 Safari/537.36 -
0:0:0:0:0:0:0:1 - - [09/Dec/2024:14:05:14 +0800] "GET /nacos/v1/console/server/state HTTP/1.1" 200 669 4 Mozilla/5.0 (Windows NT 10.0; Win64; x64) AppleWebKit/537.36 (KHTML, like Gecko) Chrome/122.0.6261.95 Safari/537.36 -
0:0:0:0:0:0:0:1 - - [09/Dec/2024:14:05:14 +0800] "GET /nacos/v1/console/namespaces?&namespaceId=ce2bb47e-4538-4d72-a705-adc1ef76fe55 HTTP/1.1" 200 151 17 Mozilla/5.0 (Windows NT 10.0; Win64; x64) AppleWebKit/537.36 (KHTML, like Gecko) Chrome/122.0.6261.95 Safari/537.36 -
0:0:0:0:0:0:0:1 - - [09/Dec/2024:14:05:14 +0800] "GET /nacos/v1/cs/configs?dataId=&group=&appName=&config_tags=&pageNo=1&pageSize=10&tenant=ce2bb47e-4538-4d72-a705-adc1ef76fe55&types=&search=blur HTTP/1.1" 200 76 25 Mozilla/5.0 (Windows NT 10.0; Win64; x64) AppleWebKit/537.36 (KHTML, like Gecko) Chrome/122.0.6261.95 Safari/537.36 -
0:0:0:0:0:0:0:1 - - [09/Dec/2024:14:05:18 +0800] "POST /nacos/v1/cs/configs?import=true&namespace=ce2bb47e-4538-4d72-a705-adc1ef76fe55&accessToken=&username=&tenant=ce2bb47e-4538-4d72-a705-adc1ef76fe55 HTTP/1.1" 200 88 40 Mozilla/5.0 (Windows NT 10.0; Win64; x64) AppleWebKit/537.36 (KHTML, like Gecko) Chrome/122.0.6261.95 Safari/537.36 -
0:0:0:0:0:0:0:1 - - [09/Dec/2024:14:05:22 +0800] "GET /nacos/v1/cs/configs?dataId=&group=&appName=&config_tags=&pageNo=1&pageSize=10&tenant=&types=&search=blur HTTP/1.1" 200 76 6 Mozilla/5.0 (Windows NT 10.0; Win64; x64) AppleWebKit/537.36 (KHTML, like Gecko) Chrome/122.0.6261.95 Safari/537.36 -
0:0:0:0:0:0:0:1 - - [09/Dec/2024:14:05:25 +0800] "POST /nacos/v1/cs/configs?import=true&namespace=&accessToken=&username=&tenant= HTTP/1.1" 500 405 108 Mozilla/5.0 (Windows NT 10.0; Win64; x64) AppleWebKit/537.36 (KHTML, like Gecko) Chrome/122.0.6261.95 Safari/537.36 -
0:0:0:0:0:0:0:1 - - [09/Dec/2024:14:05:33 +0800] "GET /nacos/v1/cs/configs?&show=all&dataId=fff&group=DEFAULT_GROUP&tenant=&namespaceId= HTTP/1.1" 200 - 18 Mozilla/5.0 (Windows NT 10.0; Win64; x64) AppleWebKit/537.36 (KHTML, like Gecko) Chrome/122.0.6261.95 Safari/537.36 -
0:0:0:0:0:0:0:1 - - [09/Dec/2024:14:05:33 +0800] "POST /nacos/v1/cs/configs? HTTP/1.1" 200 14 55 Mozilla/5.0 (Windows NT 10.0; Win64; x64) AppleWebKit/537.36 (KHTML, like Gecko) Chrome/122.0.6261.95 Safari/537.36 -
0:0:0:0:0:0:0:1 - - [09/Dec/2024:14:05:33 +0800] "GET /nacos/v1/cs/configs?dataId=&group=&appName=&config_tags=&pageNo=1&pageSize=10&tenant=&types=&search=blur HTTP/1.1" 200 212 7 Mozilla/5.0 (Windows NT 10.0; Win64; x64) AppleWebKit/537.36 (KHTML, like Gecko) Chrome/122.0.6261.95 Safari/537.36 -
0:0:0:0:0:0:0:1 - - [09/Dec/2024:14:05:38 +0800] "DELETE /nacos/v1/cs/configs?delType=ids&ids=1&tenant= HTTP/1.1" 200 50 27 Mozilla/5.0 (Windows NT 10.0; Win64; x64) AppleWebKit/537.36 (KHTML, like Gecko) Chrome/122.0.6261.95 Safari/537.36 -
0:0:0:0:0:0:0:1 - - [09/Dec/2024:14:05:38 +0800] "GET /nacos/v1/cs/configs?dataId=&group=&appName=&config_tags=&pageNo=1&pageSize=10&tenant=&types=&search=blur HTTP/1.1" 200 76 6 Mozilla/5.0 (Windows NT 10.0; Win64; x64) AppleWebKit/537.36 (KHTML, like Gecko) Chrome/122.0.6261.95 Safari/537.36 -
0:0:0:0:0:0:0:1 - - [09/Dec/2024:14:05:50 +0800] "POST /nacos/v1/cs/configs?import=true&namespace=&accessToken=&username=&tenant= HTTP/1.1" 500 405 14 Mozilla/5.0 (Windows NT 10.0; Win64; x64) AppleWebKit/537.36 (KHTML, like Gecko) Chrome/122.0.6261.95 Safari/537.36 -
0:0:0:0:0:0:0:1 - - [09/Dec/2024:14:06:31 +0800] "GET /nacos/v1/cs/configs?&show=all&dataId=config-faces.yml&group=DEFAULT_GROUP&tenant=&namespaceId= HTTP/1.1" 200 - 6 Mozilla/5.0 (Windows NT 10.0; Win64; x64) AppleWebKit/537.36 (KHTML, like Gecko) Chrome/122.0.6261.95 Safari/537.36 -
0:0:0:0:0:0:0:1 - - [09/Dec/2024:14:06:31 +0800] "POST /nacos/v1/cs/configs? HTTP/1.1" 500 405 9 Mozilla/5.0 (Windows NT 10.0; Win64; x64) AppleWebKit/537.36 (KHTML, like Gecko) Chrome/122.0.6261.95 Safari/537.36 -
0:0:0:0:0:0:0:1 - - [09/Dec/2024:14:06:31 +0800] "GET /nacos/v1/cs/configs?dataId=&group=&appName=&config_tags=&pageNo=1&pageSize=10&tenant=&types=&search=blur HTTP/1.1" 200 76 7 Mozilla/5.0 (Windows NT 10.0; Win64; x64) AppleWebKit/537.36 (KHTML, like Gecko) Chrome/122.0.6261.95 Safari/537.36 -
0:0:0:0:0:0:0:1 - - [09/Dec/2024:14:06:58 +0800] "GET /nacos/v1/cs/configs?&show=all&dataId=config-faces.yml&group=DEFAULT_GROUP&tenant=&namespaceId= HTTP/1.1" 200 - 5 Mozilla/5.0 (Windows NT 10.0; Win64; x64) AppleWebKit/537.36 (KHTML, like Gecko) Chrome/122.0.6261.95 Safari/537.36 -
0:0:0:0:0:0:0:1 - - [09/Dec/2024:14:06:58 +0800] "POST /nacos/v1/cs/configs? HTTP/1.1" 200 14 14 Mozilla/5.0 (Windows NT 10.0; Win64; x64) AppleWebKit/537.36 (KHTML, like Gecko) Chrome/122.0.6261.95 Safari/537.36 -
0:0:0:0:0:0:0:1 - - [09/Dec/2024:14:06:58 +0800] "GET /nacos/v1/cs/configs?dataId=&group=&appName=&config_tags=&pageNo=1&pageSize=10&tenant=&types=&search=blur HTTP/1.1" 200 317 6 Mozilla/5.0 (Windows NT 10.0; Win64; x64) AppleWebKit/537.36 (KHTML, like Gecko) Chrome/122.0.6261.95 Safari/537.36 -
0:0:0:0:0:0:0:1 - - [09/Dec/2024:14:07:00 +0800] "GET /nacos/v1/console/namespaces?&namespaceId= HTTP/1.1" 200 151 9 Mozilla/5.0 (Windows NT 10.0; Win64; x64) AppleWebKit/537.36 (KHTML, like Gecko) Chrome/122.0.6261.95 Safari/537.36 -
0:0:0:0:0:0:0:1 - - [09/Dec/2024:14:07:00 +0800] "GET /nacos/v1/cs/configs?show=all&dataId=config-faces.yml&group=DEFAULT_GROUP&tenant=&namespaceId= HTTP/1.1" 200 452 11 Mozilla/5.0 (Windows NT 10.0; Win64; x64) AppleWebKit/537.36 (KHTML, like Gecko) Chrome/122.0.6261.95 Safari/537.36 -
0:0:0:0:0:0:0:1 - - [09/Dec/2024:14:07:02 +0800] "GET /nacos/v1/cs/configs?dataId=&group=&appName=&config_tags=&pageNo=1&pageSize=10&tenant=&types=&search=blur HTTP/1.1" 200 317 6 Mozilla/5.0 (Windows NT 10.0; Win64; x64) AppleWebKit/537.36 (KHTML, like Gecko) Chrome/122.0.6261.95 Safari/537.36 -
127.0.0.1 - - [09/Dec/2024:14:07:38 +0800] "GET /nacos/v1/cs/configs?dataId=config-faces.yml&group=DEFAULT_GROUP&tenant=ce2bb47e-4538-4d72-a705-adc1ef76fe55 HTTP/1.1" 404 23 14 Mozilla/5.0 (Windows NT 10.0; Win64; x64) AppleWebKit/537.36 (KHTML, like Gecko) Chrome/122.0.6261.95 Safari/537.36 -
127.0.0.1 - - [09/Dec/2024:14:07:47 +0800] "GET /nacos/v1/cs/configs?dataId=config-faces.yml&group=DEFAULT_GROUP&tenant=ce2bb47e-4538-4d72-a705-adc1ef76fe55 HTTP/1.1" 404 23 5 Mozilla/5.0 (Windows NT 10.0; Win64; x64) AppleWebKit/537.36 (KHTML, like Gecko) Chrome/122.0.6261.95 Safari/537.36 -
127.0.0.1 - - [09/Dec/2024:14:07:50 +0800] "GET /nacos/v1/cs/configs?dataId=config-faces.yml&group=DEFAULT_GROUP HTTP/1.1" 200 98 8 Mozilla/5.0 (Windows NT 10.0; Win64; x64) AppleWebKit/537.36 (KHTML, like Gecko) Chrome/122.0.6261.95 Safari/537.36 -
0:0:0:0:0:0:0:1 - - [09/Dec/2024:14:12:03 +0800] "DELETE /nacos/v1/cs/configs?delType=ids&ids=2&tenant= HTTP/1.1" 200 50 21 Mozilla/5.0 (Windows NT 10.0; Win64; x64) AppleWebKit/537.36 (KHTML, like Gecko) Chrome/122.0.6261.95 Safari/537.36 -
0:0:0:0:0:0:0:1 - - [09/Dec/2024:14:12:03 +0800] "GET /nacos/v1/cs/configs?dataId=&group=&appName=&config_tags=&pageNo=1&pageSize=10&tenant=&types=&search=blur HTTP/1.1" 200 76 8 Mozilla/5.0 (Windows NT 10.0; Win64; x64) AppleWebKit/537.36 (KHTML, like Gecko) Chrome/122.0.6261.95 Safari/537.36 -
0:0:0:0:0:0:0:1 - - [09/Dec/2024:14:12:07 +0800] "POST /nacos/v1/cs/configs?import=true&namespace=&accessToken=&username=&tenant= HTTP/1.1" 500 405 11 Mozilla/5.0 (Windows NT 10.0; Win64; x64) AppleWebKit/537.36 (KHTML, like Gecko) Chrome/122.0.6261.95 Safari/537.36 -
0:0:0:0:0:0:0:1 - - [09/Dec/2024:14:12:48 +0800] "POST /nacos/v1/cs/configs?import=true&namespace=&accessToken=&username=&tenant= HTTP/1.1" 500 405 289 Mozilla/5.0 (Windows NT 10.0; Win64; x64) AppleWebKit/537.36 (KHTML, like Gecko) Chrome/122.0.6261.95 Safari/537.36 -
0:0:0:0:0:0:0:1 - - [09/Dec/2024:14:14:52 +0800] "POST /nacos/v1/cs/configs?import=true&namespace=&accessToken=&username=&tenant= HTTP/1.1" 500 405 15 Mozilla/5.0 (Windows NT 10.0; Win64; x64) AppleWebKit/537.36 (KHTML, like Gecko) Chrome/122.0.6261.95 Safari/537.36 -
0:0:0:0:0:0:0:1 - - [09/Dec/2024:14:15:00 +0800] "POST /nacos/v1/cs/configs?import=true&namespace=&accessToken=&username=&tenant= HTTP/1.1" 500 405 14 Mozilla/5.0 (Windows NT 10.0; Win64; x64) AppleWebKit/537.36 (KHTML, like Gecko) Chrome/122.0.6261.95 Safari/537.36 -
0:0:0:0:0:0:0:1 - - [09/Dec/2024:14:16:23 +0800] "POST /nacos/v1/cs/configs?import=true&namespace=&accessToken=&username=&tenant= HTTP/1.1" 200 85 79 Mozilla/5.0 (Windows NT 10.0; Win64; x64) AppleWebKit/537.36 (KHTML, like Gecko) Chrome/122.0.6261.95 Safari/537.36 -
0:0:0:0:0:0:0:1 - - [09/Dec/2024:14:16:23 +0800] "GET /nacos/v1/cs/configs?dataId=&group=&appName=&config_tags=&pageNo=1&pageSize=10&tenant=&types=&search=blur HTTP/1.1" 200 757 27 Mozilla/5.0 (Windows NT 10.0; Win64; x64) AppleWebKit/537.36 (KHTML, like Gecko) Chrome/122.0.6261.95 Safari/537.36 -
0:0:0:0:0:0:0:1 - - [09/Dec/2024:14:16:26 +0800] "GET /nacos/v1/console/namespaces?&namespaceId= HTTP/1.1" 200 151 15 Mozilla/5.0 (Windows NT 10.0; Win64; x64) AppleWebKit/537.36 (KHTML, like Gecko) Chrome/122.0.6261.95 Safari/537.36 -
0:0:0:0:0:0:0:1 - - [09/Dec/2024:14:16:26 +0800] "GET /nacos/v1/cs/configs?show=all&dataId=config-houses.yml&group=DEFAULT_GROUP&tenant=&namespaceId= HTTP/1.1" 200 428 15 Mozilla/5.0 (Windows NT 10.0; Win64; x64) AppleWebKit/537.36 (KHTML, like Gecko) Chrome/122.0.6261.95 Safari/537.36 -
0:0:0:0:0:0:0:1 - - [09/Dec/2024:14:16:28 +0800] "GET /nacos/v1/cs/configs?dataId=&group=&appName=&config_tags=&pageNo=1&pageSize=10&tenant=&types=&search=blur HTTP/1.1" 200 757 9 Mozilla/5.0 (Windows NT 10.0; Win64; x64) AppleWebKit/537.36 (KHTML, like Gecko) Chrome/122.0.6261.95 Safari/537.36 -
0:0:0:0:0:0:0:1 - - [09/Dec/2024:14:30:59 +0800] "GET /nacos/ HTTP/1.1" 304 - 22 Mozilla/5.0 (Windows NT 10.0; Win64; x64) AppleWebKit/537.36 (KHTML, like Gecko) Chrome/122.0.6261.95 Safari/537.36 -
0:0:0:0:0:0:0:1 - - [09/Dec/2024:14:30:59 +0800] "GET /nacos/v1/console/server/announcement?language=zh-CN HTTP/1.1" 200 177 18 Mozilla/5.0 (Windows NT 10.0; Win64; x64) AppleWebKit/537.36 (KHTML, like Gecko) Chrome/122.0.6261.95 Safari/537.36 -
0:0:0:0:0:0:0:1 - - [09/Dec/2024:14:30:59 +0800] "GET /nacos/v1/console/server/guide HTTP/1.1" 200 351 14 Mozilla/5.0 (Windows NT 10.0; Win64; x64) AppleWebKit/537.36 (KHTML, like Gecko) Chrome/122.0.6261.95 Safari/537.36 -
0:0:0:0:0:0:0:1 - - [09/Dec/2024:14:30:59 +0800] "GET /nacos/v1/console/server/state HTTP/1.1" 200 669 36 Mozilla/5.0 (Windows NT 10.0; Win64; x64) AppleWebKit/537.36 (KHTML, like Gecko) Chrome/122.0.6261.95 Safari/537.36 -
0:0:0:0:0:0:0:1 - - [09/Dec/2024:14:30:59 +0800] "GET /nacos/v1/console/server/state HTTP/1.1" 200 669 2 Mozilla/5.0 (Windows NT 10.0; Win64; x64) AppleWebKit/537.36 (KHTML, like Gecko) Chrome/122.0.6261.95 Safari/537.36 -
0:0:0:0:0:0:0:1 - - [09/Dec/2024:14:31:00 +0800] "GET /nacos/v1/console/namespaces?&namespaceId= HTTP/1.1" 200 151 9 Mozilla/5.0 (Windows NT 10.0; Win64; x64) AppleWebKit/537.36 (KHTML, like Gecko) Chrome/122.0.6261.95 Safari/537.36 -
0:0:0:0:0:0:0:1 - - [09/Dec/2024:14:31:00 +0800] "GET /nacos/v1/cs/configs?dataId=&group=&appName=&config_tags=&pageNo=1&pageSize=10&tenant=&types=&search=blur HTTP/1.1" 200 757 7 Mozilla/5.0 (Windows NT 10.0; Win64; x64) AppleWebKit/537.36 (KHTML, like Gecko) Chrome/122.0.6261.95 Safari/537.36 -
0:0:0:0:0:0:0:1 - - [09/Dec/2024:14:31:05 +0800] "DELETE /nacos/v1/cs/configs?delType=ids&ids=3,4,5&tenant= HTTP/1.1" 200 50 30 Mozilla/5.0 (Windows NT 10.0; Win64; x64) AppleWebKit/537.36 (KHTML, like Gecko) Chrome/122.0.6261.95 Safari/537.36 -
0:0:0:0:0:0:0:1 - - [09/Dec/2024:14:31:05 +0800] "GET /nacos/v1/cs/configs?dataId=&group=&appName=&config_tags=&pageNo=1&pageSize=10&tenant=&types=&search=blur HTTP/1.1" 200 76 4 Mozilla/5.0 (Windows NT 10.0; Win64; x64) AppleWebKit/537.36 (KHTML, like Gecko) Chrome/122.0.6261.95 Safari/537.36 -
0:0:0:0:0:0:0:1 - - [09/Dec/2024:14:31:08 +0800] "POST /nacos/v1/cs/configs?import=true&namespace=&accessToken=&username=&tenant= HTTP/1.1" 500 405 12 Mozilla/5.0 (Windows NT 10.0; Win64; x64) AppleWebKit/537.36 (KHTML, like Gecko) Chrome/122.0.6261.95 Safari/537.36 -
0:0:0:0:0:0:0:1 - - [09/Dec/2024:14:31:47 +0800] "POST /nacos/v1/cs/configs?import=true&namespace=&accessToken=&username=&tenant= HTTP/1.1" 200 85 29 Mozilla/5.0 (Windows NT 10.0; Win64; x64) AppleWebKit/537.36 (KHTML, like Gecko) Chrome/122.0.6261.95 Safari/537.36 -
0:0:0:0:0:0:0:1 - - [09/Dec/2024:14:31:47 +0800] "GET /nacos/v1/cs/configs?dataId=&group=&appName=&config_tags=&pageNo=1&pageSize=10&tenant=&types=&search=blur HTTP/1.1" 200 757 10 Mozilla/5.0 (Windows NT 10.0; Win64; x64) AppleWebKit/537.36 (KHTML, like Gecko) Chrome/122.0.6261.95 Safari/537.36 -
0:0:0:0:0:0:0:1 - - [09/Dec/2024:14:42:45 +0800] "DELETE /nacos/v1/cs/configs?delType=ids&ids=6,7,8&tenant= HTTP/1.1" 200 50 21 Mozilla/5.0 (Windows NT 10.0; Win64; x64) AppleWebKit/537.36 (KHTML, like Gecko) Chrome/122.0.6261.95 Safari/537.36 -
0:0:0:0:0:0:0:1 - - [09/Dec/2024:14:42:45 +0800] "GET /nacos/v1/cs/configs?dataId=&group=&appName=&config_tags=&pageNo=1&pageSize=10&tenant=&types=&search=blur HTTP/1.1" 200 76 4 Mozilla/5.0 (Windows NT 10.0; Win64; x64) AppleWebKit/537.36 (KHTML, like Gecko) Chrome/122.0.6261.95 Safari/537.36 -
0:0:0:0:0:0:0:1 - - [09/Dec/2024:14:42:50 +0800] "POST /nacos/v1/cs/configs?import=true&namespace=&accessToken=&username=&tenant= HTTP/1.1" 500 594 16 Mozilla/5.0 (Windows NT 10.0; Win64; x64) AppleWebKit/537.36 (KHTML, like Gecko) Chrome/122.0.6261.95 Safari/537.36 -
0:0:0:0:0:0:0:1 - - [09/Dec/2024:14:43:17 +0800] "POST /nacos/v1/cs/configs?import=true&namespace=&accessToken=&username=&tenant= HTTP/1.1" 200 85 29 Mozilla/5.0 (Windows NT 10.0; Win64; x64) AppleWebKit/537.36 (KHTML, like Gecko) Chrome/122.0.6261.95 Safari/537.36 -
0:0:0:0:0:0:0:1 - - [09/Dec/2024:14:43:17 +0800] "GET /nacos/v1/cs/configs?dataId=&group=&appName=&config_tags=&pageNo=1&pageSize=10&tenant=&types=&search=blur HTTP/1.1" 200 760 6 Mozilla/5.0 (Windows NT 10.0; Win64; x64) AppleWebKit/537.36 (KHTML, like Gecko) Chrome/122.0.6261.95 Safari/537.36 -
0:0:0:0:0:0:0:1 - - [09/Dec/2024:14:43:21 +0800] "GET /nacos/v1/console/namespaces?&namespaceId= HTTP/1.1" 200 151 9 Mozilla/5.0 (Windows NT 10.0; Win64; x64) AppleWebKit/537.36 (KHTML, like Gecko) Chrome/122.0.6261.95 Safari/537.36 -
0:0:0:0:0:0:0:1 - - [09/Dec/2024:14:43:21 +0800] "GET /nacos/v1/cs/configs?show=all&dataId=config-houses.yml&group=DEFAULT_GROUP&tenant=&namespaceId= HTTP/1.1" 200 429 9 Mozilla/5.0 (Windows NT 10.0; Win64; x64) AppleWebKit/537.36 (KHTML, like Gecko) Chrome/122.0.6261.95 Safari/537.36 -
0:0:0:0:0:0:0:1 - - [09/Dec/2024:14:43:22 +0800] "GET /nacos/v1/cs/configs?dataId=&group=&appName=&config_tags=&pageNo=1&pageSize=10&tenant=&types=&search=blur HTTP/1.1" 200 760 5 Mozilla/5.0 (Windows NT 10.0; Win64; x64) AppleWebKit/537.36 (KHTML, like Gecko) Chrome/122.0.6261.95 Safari/537.36 -
0:0:0:0:0:0:0:1 - - [09/Dec/2024:14:43:24 +0800] "GET /nacos/v1/console/namespaces?&namespaceId= HTTP/1.1" 200 151 8 Mozilla/5.0 (Windows NT 10.0; Win64; x64) AppleWebKit/537.36 (KHTML, like Gecko) Chrome/122.0.6261.95 Safari/537.36 -
0:0:0:0:0:0:0:1 - - [09/Dec/2024:14:43:24 +0800] "GET /nacos/v1/cs/configs?show=all&dataId=config-faces.yml&group=DEFAULT_GROUP&tenant=&namespaceId= HTTP/1.1" 200 451 6 Mozilla/5.0 (Windows NT 10.0; Win64; x64) AppleWebKit/537.36 (KHTML, like Gecko) Chrome/122.0.6261.95 Safari/537.36 -
0:0:0:0:0:0:0:1 - - [09/Dec/2024:14:43:32 +0800] "GET /nacos/v1/cs/configs?dataId=&group=&appName=&config_tags=&pageNo=1&pageSize=10&tenant=&types=&search=blur HTTP/1.1" 200 760 4 Mozilla/5.0 (Windows NT 10.0; Win64; x64) AppleWebKit/537.36 (KHTML, like Gecko) Chrome/122.0.6261.95 Safari/537.36 -
0:0:0:0:0:0:0:1 - - [09/Dec/2024:14:44:53 +0800] "GET /nacos/ HTTP/1.1" 304 - 4 Mozilla/5.0 (Windows NT 10.0; Win64; x64) AppleWebKit/537.36 (KHTML, like Gecko) Chrome/122.0.6261.95 Safari/537.36 -
0:0:0:0:0:0:0:1 - - [09/Dec/2024:14:44:54 +0800] "GET /nacos/v1/console/server/state HTTP/1.1" 200 669 4 Mozilla/5.0 (Windows NT 10.0; Win64; x64) AppleWebKit/537.36 (KHTML, like Gecko) Chrome/122.0.6261.95 Safari/537.36 -
0:0:0:0:0:0:0:1 - - [09/Dec/2024:14:44:54 +0800] "GET /nacos/v1/console/server/announcement?language=zh-CN HTTP/1.1" 200 177 6 Mozilla/5.0 (Windows NT 10.0; Win64; x64) AppleWebKit/537.36 (KHTML, like Gecko) Chrome/122.0.6261.95 Safari/537.36 -
0:0:0:0:0:0:0:1 - - [09/Dec/2024:14:44:54 +0800] "GET /nacos/v1/console/server/guide HTTP/1.1" 200 351 6 Mozilla/5.0 (Windows NT 10.0; Win64; x64) AppleWebKit/537.36 (KHTML, like Gecko) Chrome/122.0.6261.95 Safari/537.36 -
0:0:0:0:0:0:0:1 - - [09/Dec/2024:14:44:54 +0800] "GET /nacos/v1/console/server/state HTTP/1.1" 200 669 4 Mozilla/5.0 (Windows NT 10.0; Win64; x64) AppleWebKit/537.36 (KHTML, like Gecko) Chrome/122.0.6261.95 Safari/537.36 -
0:0:0:0:0:0:0:1 - - [09/Dec/2024:14:44:54 +0800] "GET /nacos/v1/console/namespaces?&namespaceId= HTTP/1.1" 200 151 5 Mozilla/5.0 (Windows NT 10.0; Win64; x64) AppleWebKit/537.36 (KHTML, like Gecko) Chrome/122.0.6261.95 Safari/537.36 -
0:0:0:0:0:0:0:1 - - [09/Dec/2024:14:44:54 +0800] "GET /nacos/v1/cs/configs?dataId=&group=&appName=&config_tags=&pageNo=1&pageSize=10&tenant=&types=&search=blur HTTP/1.1" 200 769 7 Mozilla/5.0 (Windows NT 10.0; Win64; x64) AppleWebKit/537.36 (KHTML, like Gecko) Chrome/122.0.6261.95 Safari/537.36 -
0:0:0:0:0:0:0:1 - - [09/Dec/2024:14:44:55 +0800] "GET /nacos/v1/console/namespaces?&namespaceId= HTTP/1.1" 200 151 6 Mozilla/5.0 (Windows NT 10.0; Win64; x64) AppleWebKit/537.36 (KHTML, like Gecko) Chrome/122.0.6261.95 Safari/537.36 -
0:0:0:0:0:0:0:1 - - [09/Dec/2024:14:44:55 +0800] "GET /nacos/v1/cs/configs?show=all&dataId=config-faces.yml&group=DEFAULT_GROUP&tenant=&namespaceId= HTTP/1.1" 200 460 5 Mozilla/5.0 (Windows NT 10.0; Win64; x64) AppleWebKit/537.36 (KHTML, like Gecko) Chrome/122.0.6261.95 Safari/537.36 -
0:0:0:0:0:0:0:1 - - [09/Dec/2024:14:44:56 +0800] "GET /nacos/v1/cs/configs?dataId=&group=&appName=&config_tags=&pageNo=1&pageSize=10&tenant=&types=&search=blur HTTP/1.1" 200 769 5 Mozilla/5.0 (Windows NT 10.0; Win64; x64) AppleWebKit/537.36 (KHTML, like Gecko) Chrome/122.0.6261.95 Safari/537.36 -
0:0:0:0:0:0:0:1 - - [09/Dec/2024:14:45:04 +0800] "POST /nacos/v1/cs/configs?import=true&namespace=&accessToken=&username=&tenant= HTTP/1.1" 200 274 12 Mozilla/5.0 (Windows NT 10.0; Win64; x64) AppleWebKit/537.36 (KHTML, like Gecko) Chrome/122.0.6261.95 Safari/537.36 -
0:0:0:0:0:0:0:1 - - [09/Dec/2024:14:45:04 +0800] "GET /nacos/v1/cs/configs?dataId=&group=&appName=&config_tags=&pageNo=1&pageSize=10&tenant=&types=&search=blur HTTP/1.1" 200 769 4 Mozilla/5.0 (Windows NT 10.0; Win64; x64) AppleWebKit/537.36 (KHTML, like Gecko) Chrome/122.0.6261.95 Safari/537.36 -
0:0:0:0:0:0:0:1 - - [09/Dec/2024:14:46:17 +0800] "GET /nacos/ HTTP/1.1" 304 - 94 Mozilla/5.0 (Windows NT 10.0; Win64; x64) AppleWebKit/537.36 (KHTML, like Gecko) Chrome/122.0.6261.95 Safari/537.36 -
0:0:0:0:0:0:0:1 - - [09/Dec/2024:14:46:18 +0800] "GET /nacos/v1/console/server/state HTTP/1.1" 200 669 79 Mozilla/5.0 (Windows NT 10.0; Win64; x64) AppleWebKit/537.36 (KHTML, like Gecko) Chrome/122.0.6261.95 Safari/537.36 -
0:0:0:0:0:0:0:1 - - [09/Dec/2024:14:46:18 +0800] "GET /nacos/v1/console/server/guide HTTP/1.1" 200 351 76 Mozilla/5.0 (Windows NT 10.0; Win64; x64) AppleWebKit/537.36 (KHTML, like Gecko) Chrome/122.0.6261.95 Safari/537.36 -
0:0:0:0:0:0:0:1 - - [09/Dec/2024:14:46:18 +0800] "GET /nacos/v1/console/server/announcement?language=zh-CN HTTP/1.1" 200 177 79 Mozilla/5.0 (Windows NT 10.0; Win64; x64) AppleWebKit/537.36 (KHTML, like Gecko) Chrome/122.0.6261.95 Safari/537.36 -
0:0:0:0:0:0:0:1 - - [09/Dec/2024:14:46:18 +0800] "GET /nacos/v1/console/server/state HTTP/1.1" 200 669 5 Mozilla/5.0 (Windows NT 10.0; Win64; x64) AppleWebKit/537.36 (KHTML, like Gecko) Chrome/122.0.6261.95 Safari/537.36 -
0:0:0:0:0:0:0:1 - - [09/Dec/2024:14:46:18 +0800] "GET /nacos/v1/console/namespaces?&namespaceId= HTTP/1.1" 200 151 17 Mozilla/5.0 (Windows NT 10.0; Win64; x64) AppleWebKit/537.36 (KHTML, like Gecko) Chrome/122.0.6261.95 Safari/537.36 -
0:0:0:0:0:0:0:1 - - [09/Dec/2024:14:46:18 +0800] "GET /nacos/v1/cs/configs?dataId=&group=&appName=&config_tags=&pageNo=1&pageSize=10&tenant=&types=&search=blur HTTP/1.1" 200 769 38 Mozilla/5.0 (Windows NT 10.0; Win64; x64) AppleWebKit/537.36 (KHTML, like Gecko) Chrome/122.0.6261.95 Safari/537.36 -
0:0:0:0:0:0:0:1 - - [09/Dec/2024:14:46:20 +0800] "GET /nacos/v1/console/namespaces?&namespaceId= HTTP/1.1" 200 151 9 Mozilla/5.0 (Windows NT 10.0; Win64; x64) AppleWebKit/537.36 (KHTML, like Gecko) Chrome/122.0.6261.95 Safari/537.36 -
0:0:0:0:0:0:0:1 - - [09/Dec/2024:14:46:20 +0800] "GET /nacos/v1/cs/configs?show=all&dataId=config-faces.yml&group=DEFAULT_GROUP&tenant=&namespaceId= HTTP/1.1" 200 460 17 Mozilla/5.0 (Windows NT 10.0; Win64; x64) AppleWebKit/537.36 (KHTML, like Gecko) Chrome/122.0.6261.95 Safari/537.36 -
0:0:0:0:0:0:0:1 - - [09/Dec/2024:14:46:21 +0800] "GET /nacos/v1/cs/configs?dataId=&group=&appName=&config_tags=&pageNo=1&pageSize=10&tenant=&types=&search=blur HTTP/1.1" 200 769 8 Mozilla/5.0 (Windows NT 10.0; Win64; x64) AppleWebKit/537.36 (KHTML, like Gecko) Chrome/122.0.6261.95 Safari/537.36 -
0:0:0:0:0:0:0:1 - - [09/Dec/2024:14:46:25 +0800] "DELETE /nacos/v1/cs/configs?delType=ids&ids=10,11,12&tenant= HTTP/1.1" 500 585 148 Mozilla/5.0 (Windows NT 10.0; Win64; x64) AppleWebKit/537.36 (KHTML, like Gecko) Chrome/122.0.6261.95 Safari/537.36 -
0:0:0:0:0:0:0:1 - - [09/Dec/2024:14:46:31 +0800] "DELETE /nacos/v1/cs/configs?delType=ids&ids=10,11,12&tenant= HTTP/1.1" 500 585 20 Mozilla/5.0 (Windows NT 10.0; Win64; x64) AppleWebKit/537.36 (KHTML, like Gecko) Chrome/122.0.6261.95 Safari/537.36 -
0:0:0:0:0:0:0:1 - - [09/Dec/2024:14:46:32 +0800] "GET /nacos/v1/cs/history/configs?tenant=&namespaceId= HTTP/1.1" 200 520 9 Mozilla/5.0 (Windows NT 10.0; Win64; x64) AppleWebKit/537.36 (KHTML, like Gecko) Chrome/122.0.6261.95 Safari/537.36 -
0:0:0:0:0:0:0:1 - - [09/Dec/2024:14:46:32 +0800] "GET /nacos/v1/cs/configs?dataId=&group=&appName=&config_tags=&pageNo=1&pageSize=10&tenant=&types=&search=blur HTTP/1.1" 200 769 9 Mozilla/5.0 (Windows NT 10.0; Win64; x64) AppleWebKit/537.36 (KHTML, like Gecko) Chrome/122.0.6261.95 Safari/537.36 -
0:0:0:0:0:0:0:1 - - [09/Dec/2024:14:46:34 +0800] "GET /nacos/ HTTP/1.1" 304 - 5 Mozilla/5.0 (Windows NT 10.0; Win64; x64) AppleWebKit/537.36 (KHTML, like Gecko) Chrome/122.0.6261.95 Safari/537.36 -
0:0:0:0:0:0:0:1 - - [09/Dec/2024:14:46:34 +0800] "GET /nacos/v1/console/server/state HTTP/1.1" 200 669 4 Mozilla/5.0 (Windows NT 10.0; Win64; x64) AppleWebKit/537.36 (KHTML, like Gecko) Chrome/122.0.6261.95 Safari/537.36 -
0:0:0:0:0:0:0:1 - - [09/Dec/2024:14:46:34 +0800] "GET /nacos/v1/console/server/announcement?language=zh-CN HTTP/1.1" 200 177 4 Mozilla/5.0 (Windows NT 10.0; Win64; x64) AppleWebKit/537.36 (KHTML, like Gecko) Chrome/122.0.6261.95 Safari/537.36 -
0:0:0:0:0:0:0:1 - - [09/Dec/2024:14:46:34 +0800] "GET /nacos/v1/console/server/guide HTTP/1.1" 200 351 5 Mozilla/5.0 (Windows NT 10.0; Win64; x64) AppleWebKit/537.36 (KHTML, like Gecko) Chrome/122.0.6261.95 Safari/537.36 -
0:0:0:0:0:0:0:1 - - [09/Dec/2024:14:46:34 +0800] "GET /nacos/v1/console/server/state HTTP/1.1" 200 669 5 Mozilla/5.0 (Windows NT 10.0; Win64; x64) AppleWebKit/537.36 (KHTML, like Gecko) Chrome/122.0.6261.95 Safari/537.36 -
0:0:0:0:0:0:0:1 - - [09/Dec/2024:14:46:34 +0800] "GET /nacos/v1/console/namespaces?&namespaceId= HTTP/1.1" 200 151 8 Mozilla/5.0 (Windows NT 10.0; Win64; x64) AppleWebKit/537.36 (KHTML, like Gecko) Chrome/122.0.6261.95 Safari/537.36 -
0:0:0:0:0:0:0:1 - - [09/Dec/2024:14:46:34 +0800] "GET /nacos/v1/cs/configs?dataId=&group=&appName=&config_tags=&pageNo=1&pageSize=10&tenant=&types=&search=blur HTTP/1.1" 200 769 8 Mozilla/5.0 (Windows NT 10.0; Win64; x64) AppleWebKit/537.36 (KHTML, like Gecko) Chrome/122.0.6261.95 Safari/537.36 -
0:0:0:0:0:0:0:1 - - [09/Dec/2024:14:46:39 +0800] "DELETE /nacos/v1/cs/configs?dataId=config-faces.yml&group=DEFAULT_GROUP&tenant= HTTP/1.1" 500 585 21 Mozilla/5.0 (Windows NT 10.0; Win64; x64) AppleWebKit/537.36 (KHTML, like Gecko) Chrome/122.0.6261.95 Safari/537.36 -
0:0:0:0:0:0:0:1 - - [09/Dec/2024:14:46:40 +0800] "DELETE /nacos/v1/cs/configs?dataId=config-houses.yml&group=DEFAULT_GROUP&tenant= HTTP/1.1" 200 14 15 Mozilla/5.0 (Windows NT 10.0; Win64; x64) AppleWebKit/537.36 (KHTML, like Gecko) Chrome/122.0.6261.95 Safari/537.36 -
0:0:0:0:0:0:0:1 - - [09/Dec/2024:14:46:41 +0800] "GET /nacos/v1/cs/configs?dataId=&group=&appName=&config_tags=&pageNo=1&pageSize=10&tenant=&types=&search=blur HTTP/1.1" 200 549 10 Mozilla/5.0 (Windows NT 10.0; Win64; x64) AppleWebKit/537.36 (KHTML, like Gecko) Chrome/122.0.6261.95 Safari/537.36 -
0:0:0:0:0:0:0:1 - - [09/Dec/2024:14:46:44 +0800] "DELETE /nacos/v1/cs/configs?delType=ids&ids=10,11,12&tenant= HTTP/1.1" 500 585 14 Mozilla/5.0 (Windows NT 10.0; Win64; x64) AppleWebKit/537.36 (KHTML, like Gecko) Chrome/122.0.6261.95 Safari/537.36 -
0:0:0:0:0:0:0:1 - - [09/Dec/2024:14:46:46 +0800] "DELETE /nacos/v1/cs/configs?dataId=config-cars.yml&group=DEFAULT_GROUP&tenant= HTTP/1.1" 200 14 15 Mozilla/5.0 (Windows NT 10.0; Win64; x64) AppleWebKit/537.36 (KHTML, like Gecko) Chrome/122.0.6261.95 Safari/537.36 -
0:0:0:0:0:0:0:1 - - [09/Dec/2024:14:46:46 +0800] "GET /nacos/v1/cs/configs?dataId=&group=&appName=&config_tags=&pageNo=1&pageSize=10&tenant=&types=&search=blur HTTP/1.1" 200 327 6 Mozilla/5.0 (Windows NT 10.0; Win64; x64) AppleWebKit/537.36 (KHTML, like Gecko) Chrome/122.0.6261.95 Safari/537.36 -
0:0:0:0:0:0:0:1 - - [09/Dec/2024:14:46:48 +0800] "DELETE /nacos/v1/cs/configs?dataId=config-faces.yml&group=DEFAULT_GROUP&tenant= HTTP/1.1" 500 585 20 Mozilla/5.0 (Windows NT 10.0; Win64; x64) AppleWebKit/537.36 (KHTML, like Gecko) Chrome/122.0.6261.95 Safari/537.36 -
0:0:0:0:0:0:0:1 - - [09/Dec/2024:14:46:51 +0800] "DELETE /nacos/v1/cs/configs?dataId=config-faces.yml&group=DEFAULT_GROUP&tenant= HTTP/1.1" 500 585 18 Mozilla/5.0 (Windows NT 10.0; Win64; x64) AppleWebKit/537.36 (KHTML, like Gecko) Chrome/122.0.6261.95 Safari/537.36 -
0:0:0:0:0:0:0:1 - - [09/Dec/2024:14:46:53 +0800] "GET /nacos/ HTTP/1.1" 304 - 5 Mozilla/5.0 (Windows NT 10.0; Win64; x64) AppleWebKit/537.36 (KHTML, like Gecko) Chrome/122.0.6261.95 Safari/537.36 -
0:0:0:0:0:0:0:1 - - [09/Dec/2024:14:46:53 +0800] "GET /nacos/v1/console/server/state HTTP/1.1" 200 669 5 Mozilla/5.0 (Windows NT 10.0; Win64; x64) AppleWebKit/537.36 (KHTML, like Gecko) Chrome/122.0.6261.95 Safari/537.36 -
0:0:0:0:0:0:0:1 - - [09/Dec/2024:14:46:53 +0800] "GET /nacos/v1/console/server/announcement?language=zh-CN HTTP/1.1" 200 177 6 Mozilla/5.0 (Windows NT 10.0; Win64; x64) AppleWebKit/537.36 (KHTML, like Gecko) Chrome/122.0.6261.95 Safari/537.36 -
0:0:0:0:0:0:0:1 - - [09/Dec/2024:14:46:53 +0800] "GET /nacos/v1/console/server/guide HTTP/1.1" 200 351 7 Mozilla/5.0 (Windows NT 10.0; Win64; x64) AppleWebKit/537.36 (KHTML, like Gecko) Chrome/122.0.6261.95 Safari/537.36 -
0:0:0:0:0:0:0:1 - - [09/Dec/2024:14:46:53 +0800] "GET /nacos/v1/console/server/state HTTP/1.1" 200 669 7 Mozilla/5.0 (Windows NT 10.0; Win64; x64) AppleWebKit/537.36 (KHTML, like Gecko) Chrome/122.0.6261.95 Safari/537.36 -
0:0:0:0:0:0:0:1 - - [09/Dec/2024:14:46:53 +0800] "GET /nacos/v1/console/namespaces?&namespaceId= HTTP/1.1" 200 151 7 Mozilla/5.0 (Windows NT 10.0; Win64; x64) AppleWebKit/537.36 (KHTML, like Gecko) Chrome/122.0.6261.95 Safari/537.36 -
0:0:0:0:0:0:0:1 - - [09/Dec/2024:14:46:54 +0800] "GET /nacos/v1/cs/configs?dataId=&group=&appName=&config_tags=&pageNo=1&pageSize=10&tenant=&types=&search=blur HTTP/1.1" 200 327 10 Mozilla/5.0 (Windows NT 10.0; Win64; x64) AppleWebKit/537.36 (KHTML, like Gecko) Chrome/122.0.6261.95 Safari/537.36 -
0:0:0:0:0:0:0:1 - - [09/Dec/2024:14:46:56 +0800] "DELETE /nacos/v1/cs/configs?dataId=config-faces.yml&group=DEFAULT_GROUP&tenant= HTTP/1.1" 500 585 14 Mozilla/5.0 (Windows NT 10.0; Win64; x64) AppleWebKit/537.36 (KHTML, like Gecko) Chrome/122.0.6261.95 Safari/537.36 -
0:0:0:0:0:0:0:1 - - [09/Dec/2024:14:46:59 +0800] "DELETE /nacos/v1/cs/configs?dataId=config-faces.yml&group=DEFAULT_GROUP&tenant= HTTP/1.1" 500 585 11 Mozilla/5.0 (Windows NT 10.0; Win64; x64) AppleWebKit/537.36 (KHTML, like Gecko) Chrome/122.0.6261.95 Safari/537.36 -
0:0:0:0:0:0:0:1 - - [09/Dec/2024:14:47:05 +0800] "POST /nacos/v1/cs/configs?import=true&namespace=&accessToken=&username=&tenant= HTTP/1.1" 500 594 40 Mozilla/5.0 (Windows NT 10.0; Win64; x64) AppleWebKit/537.36 (KHTML, like Gecko) Chrome/122.0.6261.95 Safari/537.36 -
0:0:0:0:0:0:0:1 - - [09/Dec/2024:14:47:09 +0800] "POST /nacos/v1/cs/configs?import=true&namespace=&accessToken=&username=&tenant= HTTP/1.1" 200 218 22 Mozilla/5.0 (Windows NT 10.0; Win64; x64) AppleWebKit/537.36 (KHTML, like Gecko) Chrome/122.0.6261.95 Safari/537.36 -
0:0:0:0:0:0:0:1 - - [09/Dec/2024:14:47:09 +0800] "GET /nacos/v1/cs/configs?dataId=&group=&appName=&config_tags=&pageNo=1&pageSize=10&tenant=&types=&search=blur HTTP/1.1" 200 547 6 Mozilla/5.0 (Windows NT 10.0; Win64; x64) AppleWebKit/537.36 (KHTML, like Gecko) Chrome/122.0.6261.95 Safari/537.36 -
0:0:0:0:0:0:0:1 - - [09/Dec/2024:14:47:17 +0800] "DELETE /nacos/v1/cs/configs?delType=ids&ids=15&tenant= HTTP/1.1" 200 50 13 Mozilla/5.0 (Windows NT 10.0; Win64; x64) AppleWebKit/537.36 (KHTML, like Gecko) Chrome/122.0.6261.95 Safari/537.36 -
0:0:0:0:0:0:0:1 - - [09/Dec/2024:14:47:17 +0800] "GET /nacos/v1/cs/configs?dataId=&group=&appName=&config_tags=&pageNo=1&pageSize=10&tenant=&types=&search=blur HTTP/1.1" 200 327 5 Mozilla/5.0 (Windows NT 10.0; Win64; x64) AppleWebKit/537.36 (KHTML, like Gecko) Chrome/122.0.6261.95 Safari/537.36 -
0:0:0:0:0:0:0:1 - - [09/Dec/2024:14:47:20 +0800] "DELETE /nacos/v1/cs/configs?delType=ids&ids=11&tenant= HTTP/1.1" 500 585 13 Mozilla/5.0 (Windows NT 10.0; Win64; x64) AppleWebKit/537.36 (KHTML, like Gecko) Chrome/122.0.6261.95 Safari/537.36 -
0:0:0:0:0:0:0:1 - - [09/Dec/2024:14:47:22 +0800] "DELETE /nacos/v1/cs/configs?dataId=config-faces.yml&group=DEFAULT_GROUP&tenant= HTTP/1.1" 500 585 13 Mozilla/5.0 (Windows NT 10.0; Win64; x64) AppleWebKit/537.36 (KHTML, like Gecko) Chrome/122.0.6261.95 Safari/537.36 -
0:0:0:0:0:0:0:1 - - [09/Dec/2024:14:47:24 +0800] "DELETE /nacos/v1/cs/configs?dataId=config-faces.yml&group=DEFAULT_GROUP&tenant= HTTP/1.1" 500 585 14 Mozilla/5.0 (Windows NT 10.0; Win64; x64) AppleWebKit/537.36 (KHTML, like Gecko) Chrome/122.0.6261.95 Safari/537.36 -
0:0:0:0:0:0:0:1 - - [09/Dec/2024:14:47:26 +0800] "DELETE /nacos/v1/cs/configs?dataId=config-faces.yml&group=DEFAULT_GROUP&tenant= HTTP/1.1" 500 585 13 Mozilla/5.0 (Windows NT 10.0; Win64; x64) AppleWebKit/537.36 (KHTML, like Gecko) Chrome/122.0.6261.95 Safari/537.36 -
0:0:0:0:0:0:0:1 - - [09/Dec/2024:14:47:27 +0800] "DELETE /nacos/v1/cs/configs?dataId=config-faces.yml&group=DEFAULT_GROUP&tenant= HTTP/1.1" 500 585 13 Mozilla/5.0 (Windows NT 10.0; Win64; x64) AppleWebKit/537.36 (KHTML, like Gecko) Chrome/122.0.6261.95 Safari/537.36 -
0:0:0:0:0:0:0:1 - - [09/Dec/2024:14:47:28 +0800] "DELETE /nacos/v1/cs/configs?dataId=config-faces.yml&group=DEFAULT_GROUP&tenant= HTTP/1.1" 500 585 12 Mozilla/5.0 (Windows NT 10.0; Win64; x64) AppleWebKit/537.36 (KHTML, like Gecko) Chrome/122.0.6261.95 Safari/537.36 -
0:0:0:0:0:0:0:1 - - [09/Dec/2024:14:47:29 +0800] "DELETE /nacos/v1/cs/configs?dataId=config-faces.yml&group=DEFAULT_GROUP&tenant= HTTP/1.1" 500 585 15 Mozilla/5.0 (Windows NT 10.0; Win64; x64) AppleWebKit/537.36 (KHTML, like Gecko) Chrome/122.0.6261.95 Safari/537.36 -
0:0:0:0:0:0:0:1 - - [09/Dec/2024:14:47:31 +0800] "DELETE /nacos/v1/cs/configs?dataId=config-faces.yml&group=DEFAULT_GROUP&tenant= HTTP/1.1" 500 585 14 Mozilla/5.0 (Windows NT 10.0; Win64; x64) AppleWebKit/537.36 (KHTML, like Gecko) Chrome/122.0.6261.95 Safari/537.36 -
0:0:0:0:0:0:0:1 - - [09/Dec/2024:14:49:22 +0800] "DELETE /nacos/v1/cs/configs?dataId=config-faces.yml&group=DEFAULT_GROUP&tenant= HTTP/1.1" 500 585 13 Mozilla/5.0 (Windows NT 10.0; Win64; x64) AppleWebKit/537.36 (KHTML, like Gecko) Chrome/122.0.6261.95 Safari/537.36 -
0:0:0:0:0:0:0:1 - - [09/Dec/2024:14:49:23 +0800] "GET /nacos/v1/console/namespaces?&namespaceId= HTTP/1.1" 200 151 5 Mozilla/5.0 (Windows NT 10.0; Win64; x64) AppleWebKit/537.36 (KHTML, like Gecko) Chrome/122.0.6261.95 Safari/537.36 -
0:0:0:0:0:0:0:1 - - [09/Dec/2024:14:49:23 +0800] "GET /nacos/v1/cs/configs?show=all&dataId=config-faces.yml&group=DEFAULT_GROUP&tenant=&namespaceId= HTTP/1.1" 200 460 6 Mozilla/5.0 (Windows NT 10.0; Win64; x64) AppleWebKit/537.36 (KHTML, like Gecko) Chrome/122.0.6261.95 Safari/537.36 -
0:0:0:0:0:0:0:1 - - [09/Dec/2024:14:49:24 +0800] "GET /nacos/v1/cs/configs?dataId=&group=&appName=&config_tags=&pageNo=1&pageSize=10&tenant=&types=&search=blur HTTP/1.1" 200 327 5 Mozilla/5.0 (Windows NT 10.0; Win64; x64) AppleWebKit/537.36 (KHTML, like Gecko) Chrome/122.0.6261.95 Safari/537.36 -
0:0:0:0:0:0:0:1 - - [09/Dec/2024:14:53:29 +0800] "GET /nacos/v1/console/server/state HTTP/1.1" 200 669 170 Mozilla/5.0 (Windows NT 10.0; Win64; x64) AppleWebKit/537.36 (KHTML, like Gecko) Chrome/122.0.6261.95 Safari/537.36 -
0:0:0:0:0:0:0:1 - - [09/Dec/2024:14:53:29 +0800] "GET /nacos/v1/console/server/announcement?language=zh-CN HTTP/1.1" 200 177 170 Mozilla/5.0 (Windows NT 10.0; Win64; x64) AppleWebKit/537.36 (KHTML, like Gecko) Chrome/122.0.6261.95 Safari/537.36 -
0:0:0:0:0:0:0:1 - - [09/Dec/2024:14:53:29 +0800] "GET /nacos/v1/console/server/guide HTTP/1.1" 200 351 170 Mozilla/5.0 (Windows NT 10.0; Win64; x64) AppleWebKit/537.36 (KHTML, like Gecko) Chrome/122.0.6261.95 Safari/537.36 -
0:0:0:0:0:0:0:1 - - [09/Dec/2024:14:53:29 +0800] "GET /nacos/v1/console/server/state HTTP/1.1" 200 669 8 Mozilla/5.0 (Windows NT 10.0; Win64; x64) AppleWebKit/537.36 (KHTML, like Gecko) Chrome/122.0.6261.95 Safari/537.36 -
0:0:0:0:0:0:0:1 - - [09/Dec/2024:14:53:29 +0800] "GET /nacos/v1/console/namespaces?&namespaceId= HTTP/1.1" 200 151 26 Mozilla/5.0 (Windows NT 10.0; Win64; x64) AppleWebKit/537.36 (KHTML, like Gecko) Chrome/122.0.6261.95 Safari/537.36 -
0:0:0:0:0:0:0:1 - - [09/Dec/2024:14:53:29 +0800] "GET /nacos/v1/cs/configs?dataId=&group=&appName=&config_tags=&pageNo=1&pageSize=10&tenant=&types=&search=blur HTTP/1.1" 200 76 28 Mozilla/5.0 (Windows NT 10.0; Win64; x64) AppleWebKit/537.36 (KHTML, like Gecko) Chrome/122.0.6261.95 Safari/537.36 -
0:0:0:0:0:0:0:1 - - [09/Dec/2024:14:53:34 +0800] "POST /nacos/v1/cs/configs?import=true&namespace=&accessToken=&username=&tenant= HTTP/1.1" 500 594 198 Mozilla/5.0 (Windows NT 10.0; Win64; x64) AppleWebKit/537.36 (KHTML, like Gecko) Chrome/122.0.6261.95 Safari/537.36 -
0:0:0:0:0:0:0:1 - - [09/Dec/2024:14:53:37 +0800] "POST /nacos/v1/cs/configs?import=true&namespace=&accessToken=&username=&tenant= HTTP/1.1" 200 85 32 Mozilla/5.0 (Windows NT 10.0; Win64; x64) AppleWebKit/537.36 (KHTML, like Gecko) Chrome/122.0.6261.95 Safari/537.36 -
0:0:0:0:0:0:0:1 - - [09/Dec/2024:14:53:37 +0800] "GET /nacos/v1/cs/configs?dataId=&group=&appName=&config_tags=&pageNo=1&pageSize=10&tenant=&types=&search=blur HTTP/1.1" 200 760 25 Mozilla/5.0 (Windows NT 10.0; Win64; x64) AppleWebKit/537.36 (KHTML, like Gecko) Chrome/122.0.6261.95 Safari/537.36 -
0:0:0:0:0:0:0:1 - - [09/Dec/2024:14:53:40 +0800] "GET /nacos/v1/console/namespaces?&namespaceId= HTTP/1.1" 200 151 6 Mozilla/5.0 (Windows NT 10.0; Win64; x64) AppleWebKit/537.36 (KHTML, like Gecko) Chrome/122.0.6261.95 Safari/537.36 -
0:0:0:0:0:0:0:1 - - [09/Dec/2024:14:53:40 +0800] "GET /nacos/v1/cs/configs?show=all&dataId=config-houses.yml&group=DEFAULT_GROUP&tenant=&namespaceId= HTTP/1.1" 200 429 16 Mozilla/5.0 (Windows NT 10.0; Win64; x64) AppleWebKit/537.36 (KHTML, like Gecko) Chrome/122.0.6261.95 Safari/537.36 -
0:0:0:0:0:0:0:1 - - [09/Dec/2024:14:53:41 +0800] "GET /nacos/v1/cs/configs?dataId=&group=&appName=&config_tags=&pageNo=1&pageSize=10&tenant=&types=&search=blur HTTP/1.1" 200 760 6 Mozilla/5.0 (Windows NT 10.0; Win64; x64) AppleWebKit/537.36 (KHTML, like Gecko) Chrome/122.0.6261.95 Safari/537.36 -
0:0:0:0:0:0:0:1 - - [09/Dec/2024:14:54:29 +0800] "GET /nacos/ HTTP/1.1" 304 - 22 Mozilla/5.0 (Windows NT 10.0; Win64; x64) AppleWebKit/537.36 (KHTML, like Gecko) Chrome/122.0.6261.95 Safari/537.36 -
0:0:0:0:0:0:0:1 - - [09/Dec/2024:14:54:29 +0800] "GET /nacos/v1/console/server/state HTTP/1.1" 200 669 4 Mozilla/5.0 (Windows NT 10.0; Win64; x64) AppleWebKit/537.36 (KHTML, like Gecko) Chrome/122.0.6261.95 Safari/537.36 -
0:0:0:0:0:0:0:1 - - [09/Dec/2024:14:54:29 +0800] "GET /nacos/v1/console/server/announcement?language=zh-CN HTTP/1.1" 200 177 4 Mozilla/5.0 (Windows NT 10.0; Win64; x64) AppleWebKit/537.36 (KHTML, like Gecko) Chrome/122.0.6261.95 Safari/537.36 -
0:0:0:0:0:0:0:1 - - [09/Dec/2024:14:54:29 +0800] "GET /nacos/v1/console/server/guide HTTP/1.1" 200 351 3 Mozilla/5.0 (Windows NT 10.0; Win64; x64) AppleWebKit/537.36 (KHTML, like Gecko) Chrome/122.0.6261.95 Safari/537.36 -
0:0:0:0:0:0:0:1 - - [09/Dec/2024:14:54:29 +0800] "GET /nacos/v1/console/server/state HTTP/1.1" 200 669 4 Mozilla/5.0 (Windows NT 10.0; Win64; x64) AppleWebKit/537.36 (KHTML, like Gecko) Chrome/122.0.6261.95 Safari/537.36 -
0:0:0:0:0:0:0:1 - - [09/Dec/2024:14:54:29 +0800] "GET /nacos/v1/console/namespaces?&namespaceId= HTTP/1.1" 200 151 8 Mozilla/5.0 (Windows NT 10.0; Win64; x64) AppleWebKit/537.36 (KHTML, like Gecko) Chrome/122.0.6261.95 Safari/537.36 -
0:0:0:0:0:0:0:1 - - [09/Dec/2024:14:54:29 +0800] "GET /nacos/v1/cs/configs?dataId=&group=&appName=&config_tags=&pageNo=1&pageSize=10&tenant=&types=&search=blur HTTP/1.1" 200 763 10 Mozilla/5.0 (Windows NT 10.0; Win64; x64) AppleWebKit/537.36 (KHTML, like Gecko) Chrome/122.0.6261.95 Safari/537.36 -
0:0:0:0:0:0:0:1 - - [09/Dec/2024:14:54:31 +0800] "GET /nacos/v1/console/namespaces?&namespaceId= HTTP/1.1" 200 151 7 Mozilla/5.0 (Windows NT 10.0; Win64; x64) AppleWebKit/537.36 (KHTML, like Gecko) Chrome/122.0.6261.95 Safari/537.36 -
0:0:0:0:0:0:0:1 - - [09/Dec/2024:14:54:31 +0800] "GET /nacos/v1/cs/configs?show=all&dataId=config-faces.yml&group=DEFAULT_GROUP&tenant=&namespaceId= HTTP/1.1" 200 454 7 Mozilla/5.0 (Windows NT 10.0; Win64; x64) AppleWebKit/537.36 (KHTML, like Gecko) Chrome/122.0.6261.95 Safari/537.36 -
0:0:0:0:0:0:0:1 - - [09/Dec/2024:14:54:32 +0800] "GET /nacos/v1/cs/configs?dataId=&group=&appName=&config_tags=&pageNo=1&pageSize=10&tenant=&types=&search=blur HTTP/1.1" 200 763 6 Mozilla/5.0 (Windows NT 10.0; Win64; x64) AppleWebKit/537.36 (KHTML, like Gecko) Chrome/122.0.6261.95 Safari/537.36 -
0:0:0:0:0:0:0:1 - - [09/Dec/2024:14:54:35 +0800] "DELETE /nacos/v1/cs/configs?dataId=config-faces.yml&group=DEFAULT_GROUP&tenant= HTTP/1.1" 500 585 23 Mozilla/5.0 (Windows NT 10.0; Win64; x64) AppleWebKit/537.36 (KHTML, like Gecko) Chrome/122.0.6261.95 Safari/537.36 -
0:0:0:0:0:0:0:1 - - [09/Dec/2024:14:54:51 +0800] "DELETE /nacos/v1/cs/configs?delType=ids&ids=18,19,20&tenant= HTTP/1.1" 200 50 22 Mozilla/5.0 (Windows NT 10.0; Win64; x64) AppleWebKit/537.36 (KHTML, like Gecko) Chrome/122.0.6261.95 Safari/537.36 -
0:0:0:0:0:0:0:1 - - [09/Dec/2024:14:54:51 +0800] "GET /nacos/v1/cs/configs?dataId=&group=&appName=&config_tags=&pageNo=1&pageSize=10&tenant=&types=&search=blur HTTP/1.1" 200 76 4 Mozilla/5.0 (Windows NT 10.0; Win64; x64) AppleWebKit/537.36 (KHTML, like Gecko) Chrome/122.0.6261.95 Safari/537.36 -
0:0:0:0:0:0:0:1 - - [09/Dec/2024:14:54:56 +0800] "POST /nacos/v1/cs/configs?import=true&namespace=&accessToken=&username=&tenant= HTTP/1.1" 200 85 29 Mozilla/5.0 (Windows NT 10.0; Win64; x64) AppleWebKit/537.36 (KHTML, like Gecko) Chrome/122.0.6261.95 Safari/537.36 -
0:0:0:0:0:0:0:1 - - [09/Dec/2024:14:54:56 +0800] "GET /nacos/v1/cs/configs?dataId=&group=&appName=&config_tags=&pageNo=1&pageSize=10&tenant=&types=&search=blur HTTP/1.1" 200 760 6 Mozilla/5.0 (Windows NT 10.0; Win64; x64) AppleWebKit/537.36 (KHTML, like Gecko) Chrome/122.0.6261.95 Safari/537.36 -
