0:0:0:0:0:0:0:1 - - [10/Dec/2024:13:12:33 +0800] "GET /nacos/v1/cs/configs?dataId=config-faces.yml&group=DEFAULT_GROUP&tenant=ce2bb47e-4538-4d72-a705-adc1ef76fe55 HTTP/1.1" 200 98 7 Java/21.0.4 -
0:0:0:0:0:0:0:1 - - [10/Dec/2024:13:12:34 +0800] "GET /nacos/v1/cs/configs?dataId=config-faces.yml&group=DEFAULT_GROUP&tenant=ce2bb47e-4538-4d72-a705-adc1ef76fe55 HTTP/1.1" 200 98 3 Java/21.0.4 -
0:0:0:0:0:0:0:1 - - [10/Dec/2024:13:16:34 +0800] "GET /nacos/v1/cs/configs?dataId=config-faces.yml&group=DEFAULT_GROUP&tenant=ce2bb47e-4538-4d72-a705-adc1ef76fe55 HTTP/1.1" 200 98 4 Java/21.0.4 -
0:0:0:0:0:0:0:1 - - [10/Dec/2024:13:16:36 +0800] "GET /nacos/v1/cs/configs?dataId=config-faces.yml&group=DEFAULT_GROUP&tenant=ce2bb47e-4538-4d72-a705-adc1ef76fe55 HTTP/1.1" 200 98 2 Java/21.0.4 -
0:0:0:0:0:0:0:1 - - [10/Dec/2024:13:50:46 +0800] "GET /nacos HTTP/1.1" 302 - 0 Mozilla/5.0 (Windows NT 10.0; Win64; x64) AppleWebKit/537.36 (KHTML, like Gecko) Chrome/122.0.6261.95 Safari/537.36 -
0:0:0:0:0:0:0:1 - - [10/Dec/2024:13:50:47 +0800] "GET /nacos/v1/console/server/state HTTP/1.1" 200 669 11 Mozilla/5.0 (Windows NT 10.0; Win64; x64) AppleWebKit/537.36 (KHTML, like Gecko) Chrome/122.0.6261.95 Safari/537.36 -
0:0:0:0:0:0:0:1 - - [10/Dec/2024:13:50:47 +0800] "GET /nacos/v1/console/server/state HTTP/1.1" 200 669 4 Mozilla/5.0 (Windows NT 10.0; Win64; x64) AppleWebKit/537.36 (KHTML, like Gecko) Chrome/122.0.6261.95 Safari/537.36 -
0:0:0:0:0:0:0:1 - - [10/Dec/2024:13:50:47 +0800] "GET /nacos/v1/console/server/announcement?language=zh-CN HTTP/1.1" 200 177 14 Mozilla/5.0 (Windows NT 10.0; Win64; x64) AppleWebKit/537.36 (KHTML, like Gecko) Chrome/122.0.6261.95 Safari/537.36 -
0:0:0:0:0:0:0:1 - - [10/Dec/2024:13:50:47 +0800] "GET /nacos/v1/console/server/guide HTTP/1.1" 200 351 14 Mozilla/5.0 (Windows NT 10.0; Win64; x64) AppleWebKit/537.36 (KHTML, like Gecko) Chrome/122.0.6261.95 Safari/537.36 -
0:0:0:0:0:0:0:1 - - [10/Dec/2024:13:50:48 +0800] "GET /nacos/v1/console/namespaces?&namespaceId=ce2bb47e-4538-4d72-a705-adc1ef76fe55 HTTP/1.1" 200 299 11 Mozilla/5.0 (Windows NT 10.0; Win64; x64) AppleWebKit/537.36 (KHTML, like Gecko) Chrome/122.0.6261.95 Safari/537.36 -
0:0:0:0:0:0:0:1 - - [10/Dec/2024:13:50:48 +0800] "GET /nacos/v1/cs/configs?dataId=&group=&appName=&config_tags=&pageNo=1&pageSize=10&tenant=&types=&search=blur HTTP/1.1" 200 760 12 Mozilla/5.0 (Windows NT 10.0; Win64; x64) AppleWebKit/537.36 (KHTML, like Gecko) Chrome/122.0.6261.95 Safari/537.36 -
0:0:0:0:0:0:0:1 - - [10/Dec/2024:13:50:50 +0800] "GET /nacos/v1/cs/configs?dataId=config-faces.yml&group=DEFAULT_GROUP&tenant=ce2bb47e-4538-4d72-a705-adc1ef76fe55 HTTP/1.1" 200 98 6 Java/21.0.4 -
0:0:0:0:0:0:0:1 - - [10/Dec/2024:13:50:59 +0800] "GET /nacos/v1/cs/configs?dataId=config-faces.yml&group=DEFAULT_GROUP&tenant=ce2bb47e-4538-4d72-a705-adc1ef76fe55 HTTP/1.1" 200 98 3 Java/21.0.4 -
0:0:0:0:0:0:0:1 - - [10/Dec/2024:13:50:59 +0800] "GET /nacos/v1/cs/configs?dataId=config-faces.yml&group=DEFAULT_GROUP&tenant=ce2bb47e-4538-4d72-a705-adc1ef76fe55 HTTP/1.1" 200 98 3 Java/21.0.4 -
0:0:0:0:0:0:0:1 - - [10/Dec/2024:13:50:59 +0800] "GET /nacos/v1/cs/configs?dataId=config-faces.yml&group=DEFAULT_GROUP&tenant=ce2bb47e-4538-4d72-a705-adc1ef76fe55 HTTP/1.1" 200 98 3 Java/21.0.4 -
0:0:0:0:0:0:0:1 - - [10/Dec/2024:13:50:59 +0800] "GET /nacos/v1/cs/configs?dataId=config-faces.yml&group=DEFAULT_GROUP&tenant=ce2bb47e-4538-4d72-a705-adc1ef76fe55 HTTP/1.1" 200 98 3 Java/21.0.4 -
0:0:0:0:0:0:0:1 - - [10/Dec/2024:13:51:00 +0800] "GET /nacos/v1/cs/configs?dataId=config-faces.yml&group=DEFAULT_GROUP&tenant=ce2bb47e-4538-4d72-a705-adc1ef76fe55 HTTP/1.1" 200 98 3 Java/21.0.4 -
0:0:0:0:0:0:0:1 - - [10/Dec/2024:13:51:00 +0800] "GET /nacos/v1/cs/configs?dataId=config-faces.yml&group=DEFAULT_GROUP&tenant=ce2bb47e-4538-4d72-a705-adc1ef76fe55 HTTP/1.1" 200 98 2 Java/21.0.4 -
0:0:0:0:0:0:0:1 - - [10/Dec/2024:13:51:04 +0800] "GET /nacos/v1/cs/configs?dataId=config-faces.yml&group=DEFAULT_GROUP&tenant=ce2bb47e-4538-4d72-a705-adc1ef76fe55 HTTP/1.1" 200 98 3 Java/21.0.4 -
0:0:0:0:0:0:0:1 - - [10/Dec/2024:13:51:04 +0800] "GET /nacos/v1/cs/configs?dataId=config-faces.yml&group=DEFAULT_GROUP&tenant=ce2bb47e-4538-4d72-a705-adc1ef76fe55 HTTP/1.1" 200 98 3 Java/21.0.4 -
0:0:0:0:0:0:0:1 - - [10/Dec/2024:13:51:04 +0800] "GET /nacos/v1/cs/configs?dataId=config-faces.yml&group=DEFAULT_GROUP&tenant=ce2bb47e-4538-4d72-a705-adc1ef76fe55 HTTP/1.1" 200 98 3 Java/21.0.4 -
0:0:0:0:0:0:0:1 - - [10/Dec/2024:13:51:04 +0800] "GET /nacos/v1/cs/configs?dataId=config-faces.yml&group=DEFAULT_GROUP&tenant=ce2bb47e-4538-4d72-a705-adc1ef76fe55 HTTP/1.1" 200 98 3 Java/21.0.4 -
0:0:0:0:0:0:0:1 - - [10/Dec/2024:13:51:04 +0800] "GET /nacos/v1/cs/configs?dataId=config-faces.yml&group=DEFAULT_GROUP&tenant=ce2bb47e-4538-4d72-a705-adc1ef76fe55 HTTP/1.1" 200 98 2 Java/21.0.4 -
0:0:0:0:0:0:0:1 - - [10/Dec/2024:13:51:11 +0800] "GET /nacos/v1/cs/configs?dataId=config-faces.yml&group=DEFAULT_GROUP&tenant=ce2bb47e-4538-4d72-a705-adc1ef76fe55 HTTP/1.1" 200 98 3 Java/21.0.4 -
0:0:0:0:0:0:0:1 - - [10/Dec/2024:13:51:11 +0800] "GET /nacos/v1/cs/configs?dataId=config-faces.yml&group=DEFAULT_GROUP&tenant=ce2bb47e-4538-4d72-a705-adc1ef76fe55 HTTP/1.1" 200 98 2 Java/21.0.4 -
0:0:0:0:0:0:0:1 - - [10/Dec/2024:13:51:12 +0800] "GET /nacos/v1/cs/configs?dataId=config-faces.yml&group=DEFAULT_GROUP&tenant=ce2bb47e-4538-4d72-a705-adc1ef76fe55 HTTP/1.1" 200 98 3 Java/21.0.4 -
0:0:0:0:0:0:0:1 - - [10/Dec/2024:13:51:12 +0800] "GET /nacos/v1/cs/configs?dataId=config-faces.yml&group=DEFAULT_GROUP&tenant=ce2bb47e-4538-4d72-a705-adc1ef76fe55 HTTP/1.1" 200 98 2 Java/21.0.4 -
0:0:0:0:0:0:0:1 - - [10/Dec/2024:13:58:01 +0800] "GET /nacos/v1/ns/catalog/services?hasIpCount=true&withInstances=false&pageNo=1&pageSize=10&serviceNameParam=&groupNameParam=&namespaceId=ce2bb47e-4538-4d72-a705-adc1ef76fe55 HTTP/1.1" 200 285 7 Mozilla/5.0 (Windows NT 10.0; Win64; x64) AppleWebKit/537.36 (KHTML, like Gecko) Chrome/122.0.6261.95 Safari/537.36 -
0:0:0:0:0:0:0:1 - - [10/Dec/2024:13:58:01 +0800] "GET /nacos/v1/ns/service/subscribers?serviceName=PROVIDER&groupName=CLIENT_GROUP&pageSize=10&pageNo=1&namespaceId=ce2bb47e-4538-4d72-a705-adc1ef76fe55 HTTP/1.1" 200 252 3 Mozilla/5.0 (Windows NT 10.0; Win64; x64) AppleWebKit/537.36 (KHTML, like Gecko) Chrome/122.0.6261.95 Safari/537.36 -
