2024-12-10 11:18:03,457|23|null|0:0:0:0:0:0:0:1|get|config-faces.yml|DEFAULT_GROUP|ce2bb47e-4538-4d72-a705-adc1ef76fe55|e7397a2de6abf79554e21f711bc516fc|null
2024-12-10 11:23:56,447|1|null|0:0:0:0:0:0:0:1|get|config-faces.yml|DEFAULT_GROUP|ce2bb47e-4538-4d72-a705-adc1ef76fe55|e7397a2de6abf79554e21f711bc516fc|null
2024-12-10 11:23:58,908|0|null|0:0:0:0:0:0:0:1|get|config-faces.yml|DEFAULT_GROUP|ce2bb47e-4538-4d72-a705-adc1ef76fe55|e7397a2de6abf79554e21f711bc516fc|null
2024-12-10 12:25:25,107|1|null|0:0:0:0:0:0:0:1|get|config-faces.yml|DEFAULT_GROUP|ce2bb47e-4538-4d72-a705-adc1ef76fe55|e7397a2de6abf79554e21f711bc516fc|null
2024-12-10 13:12:33,678|1|null|0:0:0:0:0:0:0:1|get|config-faces.yml|DEFAULT_GROUP|ce2bb47e-4538-4d72-a705-adc1ef76fe55|e7397a2de6abf79554e21f711bc516fc|null
2024-12-10 13:12:34,813|1|null|0:0:0:0:0:0:0:1|get|config-faces.yml|DEFAULT_GROUP|ce2bb47e-4538-4d72-a705-adc1ef76fe55|e7397a2de6abf79554e21f711bc516fc|null
2024-12-10 13:16:34,544|1|null|0:0:0:0:0:0:0:1|get|config-faces.yml|DEFAULT_GROUP|ce2bb47e-4538-4d72-a705-adc1ef76fe55|e7397a2de6abf79554e21f711bc516fc|null
2024-12-10 13:16:36,548|1|null|0:0:0:0:0:0:0:1|get|config-faces.yml|DEFAULT_GROUP|ce2bb47e-4538-4d72-a705-adc1ef76fe55|e7397a2de6abf79554e21f711bc516fc|null
2024-12-10 13:50:50,008|1|null|0:0:0:0:0:0:0:1|get|config-faces.yml|DEFAULT_GROUP|ce2bb47e-4538-4d72-a705-adc1ef76fe55|e7397a2de6abf79554e21f711bc516fc|null
2024-12-10 13:50:59,232|1|null|0:0:0:0:0:0:0:1|get|config-faces.yml|DEFAULT_GROUP|ce2bb47e-4538-4d72-a705-adc1ef76fe55|e7397a2de6abf79554e21f711bc516fc|null
2024-12-10 13:50:59,593|1|null|0:0:0:0:0:0:0:1|get|config-faces.yml|DEFAULT_GROUP|ce2bb47e-4538-4d72-a705-adc1ef76fe55|e7397a2de6abf79554e21f711bc516fc|null
2024-12-10 13:50:59,798|1|null|0:0:0:0:0:0:0:1|get|config-faces.yml|DEFAULT_GROUP|ce2bb47e-4538-4d72-a705-adc1ef76fe55|e7397a2de6abf79554e21f711bc516fc|null
2024-12-10 13:50:59,998|1|null|0:0:0:0:0:0:0:1|get|config-faces.yml|DEFAULT_GROUP|ce2bb47e-4538-4d72-a705-adc1ef76fe55|e7397a2de6abf79554e21f711bc516fc|null
2024-12-10 13:51:00,183|1|null|0:0:0:0:0:0:0:1|get|config-faces.yml|DEFAULT_GROUP|ce2bb47e-4538-4d72-a705-adc1ef76fe55|e7397a2de6abf79554e21f711bc516fc|null
2024-12-10 13:51:00,359|1|null|0:0:0:0:0:0:0:1|get|config-faces.yml|DEFAULT_GROUP|ce2bb47e-4538-4d72-a705-adc1ef76fe55|e7397a2de6abf79554e21f711bc516fc|null
2024-12-10 13:51:04,142|1|null|0:0:0:0:0:0:0:1|get|config-faces.yml|DEFAULT_GROUP|ce2bb47e-4538-4d72-a705-adc1ef76fe55|e7397a2de6abf79554e21f711bc516fc|null
2024-12-10 13:51:04,342|1|null|0:0:0:0:0:0:0:1|get|config-faces.yml|DEFAULT_GROUP|ce2bb47e-4538-4d72-a705-adc1ef76fe55|e7397a2de6abf79554e21f711bc516fc|null
2024-12-10 13:51:04,568|1|null|0:0:0:0:0:0:0:1|get|config-faces.yml|DEFAULT_GROUP|ce2bb47e-4538-4d72-a705-adc1ef76fe55|e7397a2de6abf79554e21f711bc516fc|null
2024-12-10 13:51:04,735|1|null|0:0:0:0:0:0:0:1|get|config-faces.yml|DEFAULT_GROUP|ce2bb47e-4538-4d72-a705-adc1ef76fe55|e7397a2de6abf79554e21f711bc516fc|null
2024-12-10 13:51:04,895|1|null|0:0:0:0:0:0:0:1|get|config-faces.yml|DEFAULT_GROUP|ce2bb47e-4538-4d72-a705-adc1ef76fe55|e7397a2de6abf79554e21f711bc516fc|null
2024-12-10 13:51:11,721|1|null|0:0:0:0:0:0:0:1|get|config-faces.yml|DEFAULT_GROUP|ce2bb47e-4538-4d72-a705-adc1ef76fe55|e7397a2de6abf79554e21f711bc516fc|null
2024-12-10 13:51:11,998|1|null|0:0:0:0:0:0:0:1|get|config-faces.yml|DEFAULT_GROUP|ce2bb47e-4538-4d72-a705-adc1ef76fe55|e7397a2de6abf79554e21f711bc516fc|null
2024-12-10 13:51:12,222|1|null|0:0:0:0:0:0:0:1|get|config-faces.yml|DEFAULT_GROUP|ce2bb47e-4538-4d72-a705-adc1ef76fe55|e7397a2de6abf79554e21f711bc516fc|null
2024-12-10 13:51:12,405|1|null|0:0:0:0:0:0:0:1|get|config-faces.yml|DEFAULT_GROUP|ce2bb47e-4538-4d72-a705-adc1ef76fe55|e7397a2de6abf79554e21f711bc516fc|null
2024-12-10 14:00:23,427|2|null|0:0:0:0:0:0:0:1|get|config-faces.yml|DEFAULT_GROUP|ce2bb47e-4538-4d72-a705-adc1ef76fe55|e7397a2de6abf79554e21f711bc516fc|null
2024-12-10 14:00:27,023|1|null|0:0:0:0:0:0:0:1|get|config-faces.yml|DEFAULT_GROUP|ce2bb47e-4538-4d72-a705-adc1ef76fe55|e7397a2de6abf79554e21f711bc516fc|null
2024-12-10 14:00:27,526|2|null|0:0:0:0:0:0:0:1|get|config-faces.yml|DEFAULT_GROUP|ce2bb47e-4538-4d72-a705-adc1ef76fe55|e7397a2de6abf79554e21f711bc516fc|null
2024-12-10 14:00:27,813|1|null|0:0:0:0:0:0:0:1|get|config-faces.yml|DEFAULT_GROUP|ce2bb47e-4538-4d72-a705-adc1ef76fe55|e7397a2de6abf79554e21f711bc516fc|null
2024-12-10 14:01:38,113|2|null|0:0:0:0:0:0:0:1|get|config-faces.yml|DEFAULT_GROUP|ce2bb47e-4538-4d72-a705-adc1ef76fe55|e7397a2de6abf79554e21f711bc516fc|null
2024-12-10 14:01:38,854|1|null|0:0:0:0:0:0:0:1|get|config-faces.yml|DEFAULT_GROUP|ce2bb47e-4538-4d72-a705-adc1ef76fe55|e7397a2de6abf79554e21f711bc516fc|null
2024-12-10 14:01:39,565|1|null|0:0:0:0:0:0:0:1|get|config-faces.yml|DEFAULT_GROUP|ce2bb47e-4538-4d72-a705-adc1ef76fe55|e7397a2de6abf79554e21f711bc516fc|null
2024-12-10 14:01:53,373|1|null|0:0:0:0:0:0:0:1|get|config-faces.yml|DEFAULT_GROUP|ce2bb47e-4538-4d72-a705-adc1ef76fe55|e7397a2de6abf79554e21f711bc516fc|null
2024-12-10 14:01:53,605|1|null|0:0:0:0:0:0:0:1|get|config-faces.yml|DEFAULT_GROUP|ce2bb47e-4538-4d72-a705-adc1ef76fe55|e7397a2de6abf79554e21f711bc516fc|null
2024-12-10 14:01:53,836|1|null|0:0:0:0:0:0:0:1|get|config-faces.yml|DEFAULT_GROUP|ce2bb47e-4538-4d72-a705-adc1ef76fe55|e7397a2de6abf79554e21f711bc516fc|null
2024-12-10 14:01:54,043|1|null|0:0:0:0:0:0:0:1|get|config-faces.yml|DEFAULT_GROUP|ce2bb47e-4538-4d72-a705-adc1ef76fe55|e7397a2de6abf79554e21f711bc516fc|null
2024-12-10 14:02:53,276|1|null|0:0:0:0:0:0:0:1|get|config-faces.yml|DEFAULT_GROUP|ce2bb47e-4538-4d72-a705-adc1ef76fe55|e7397a2de6abf79554e21f711bc516fc|null
2024-12-10 14:02:53,630|1|null|0:0:0:0:0:0:0:1|get|config-faces.yml|DEFAULT_GROUP|ce2bb47e-4538-4d72-a705-adc1ef76fe55|e7397a2de6abf79554e21f711bc516fc|null
2024-12-10 14:02:53,943|2|null|0:0:0:0:0:0:0:1|get|config-faces.yml|DEFAULT_GROUP|ce2bb47e-4538-4d72-a705-adc1ef76fe55|e7397a2de6abf79554e21f711bc516fc|null
2024-12-10 14:02:54,392|2|null|0:0:0:0:0:0:0:1|get|config-faces.yml|DEFAULT_GROUP|ce2bb47e-4538-4d72-a705-adc1ef76fe55|e7397a2de6abf79554e21f711bc516fc|null
2024-12-10 14:02:54,685|1|null|0:0:0:0:0:0:0:1|get|config-faces.yml|DEFAULT_GROUP|ce2bb47e-4538-4d72-a705-adc1ef76fe55|e7397a2de6abf79554e21f711bc516fc|null
2024-12-10 14:02:54,965|1|null|0:0:0:0:0:0:0:1|get|config-faces.yml|DEFAULT_GROUP|ce2bb47e-4538-4d72-a705-adc1ef76fe55|e7397a2de6abf79554e21f711bc516fc|null
2024-12-10 14:03:02,342|1|null|0:0:0:0:0:0:0:1|get|config-faces.yml|DEFAULT_GROUP|ce2bb47e-4538-4d72-a705-adc1ef76fe55|e7397a2de6abf79554e21f711bc516fc|null
2024-12-10 14:03:02,685|0|null|0:0:0:0:0:0:0:1|get|config-faces.yml|DEFAULT_GROUP|ce2bb47e-4538-4d72-a705-adc1ef76fe55|e7397a2de6abf79554e21f711bc516fc|null
2024-12-10 14:03:02,916|0|null|0:0:0:0:0:0:0:1|get|config-faces.yml|DEFAULT_GROUP|ce2bb47e-4538-4d72-a705-adc1ef76fe55|e7397a2de6abf79554e21f711bc516fc|null
2024-12-10 14:03:03,117|1|null|0:0:0:0:0:0:0:1|get|config-faces.yml|DEFAULT_GROUP|ce2bb47e-4538-4d72-a705-adc1ef76fe55|e7397a2de6abf79554e21f711bc516fc|null
2024-12-10 14:03:03,299|1|null|0:0:0:0:0:0:0:1|get|config-faces.yml|DEFAULT_GROUP|ce2bb47e-4538-4d72-a705-adc1ef76fe55|e7397a2de6abf79554e21f711bc516fc|null
2024-12-10 14:03:03,476|1|null|0:0:0:0:0:0:0:1|get|config-faces.yml|DEFAULT_GROUP|ce2bb47e-4538-4d72-a705-adc1ef76fe55|e7397a2de6abf79554e21f711bc516fc|null
2024-12-10 14:23:03,223|17|300|192.168.116.1|get|flow-rule|FLOW_RULE_GROUP|ce2bb47e-4538-4d72-a705-adc1ef76fe55||unknown
2024-12-10 14:23:03,226|20|200|192.168.116.1|listen|1|true|||unknown
2024-12-10 14:23:18,451|1|null|0:0:0:0:0:0:0:1|get|config-faces.yml|DEFAULT_GROUP|ce2bb47e-4538-4d72-a705-adc1ef76fe55|e7397a2de6abf79554e21f711bc516fc|null
2024-12-10 14:24:32,680|85|true|0:0:0:0:0:0:0:1|publish|flow-rule|FLOW_RULE_GROUP|ce2bb47e-4538-4d72-a705-adc1ef76fe55|6f270ba48918f663b83e81d852bb5e47|null
2024-12-10 14:24:32,802|0|200|192.168.116.1|listen|1|true|||unknown
2024-12-10 14:24:32,823|1|200|192.168.116.1|get|flow-rule|FLOW_RULE_GROUP|ce2bb47e-4538-4d72-a705-adc1ef76fe55|6f270ba48918f663b83e81d852bb5e47|unknown
2024-12-10 14:24:32,864|0|200|192.168.116.1|listen|1|true|||unknown
2024-12-10 14:24:48,058|0|200|192.168.116.1|listen|1|true|||unknown
2024-12-10 14:24:48,059|1|200|192.168.116.1|get|flow-rule|FLOW_RULE_GROUP|ce2bb47e-4538-4d72-a705-adc1ef76fe55|6f270ba48918f663b83e81d852bb5e47|unknown
2024-12-10 14:26:02,245|1|null|0:0:0:0:0:0:0:1|get|config-faces.yml|DEFAULT_GROUP|ce2bb47e-4538-4d72-a705-adc1ef76fe55|e7397a2de6abf79554e21f711bc516fc|null
2024-12-10 14:27:48,419|0|200|192.168.116.1|listen|1|true|||unknown
2024-12-10 14:30:48,756|1|200|192.168.116.1|listen|1|true|||unknown
2024-12-10 14:33:49,100|0|200|192.168.116.1|listen|1|true|||unknown
2024-12-10 14:36:49,359|0|200|192.168.116.1|listen|1|true|||unknown
2024-12-10 14:39:49,629|0|200|192.168.116.1|listen|1|true|||unknown
