2024-12-02 18:30:31,410 INFO notifyConnectTimeout:100

2024-12-02 18:30:31,417 INFO notifySocketTimeout:200

2024-12-02 18:30:31,417 INFO isHealthCheck:true

2024-12-02 18:30:31,418 INFO maxHealthCheckFailCount:12

2024-12-02 18:30:31,418 INFO maxContent:10485760

2024-12-02 18:30:37,445 WARN DumpService start

2024-12-02 18:30:37,446 INFO start clear all config-info.

2024-12-02 18:30:37,474 INFO clear all config-info success.

2024-12-02 18:30:37,474 INFO clear all config-info-tenant success.

2024-12-02 18:30:37,569 INFO All dump page size is set to 350 according to mem limit 4054 MB

2024-12-02 18:30:37,569 INFO start dump all config-info...

2024-12-02 18:30:37,612 INFO [all-dump] submit all task for 836998878245965824 / 836998878245965824, dbTime=41,diskTime=2

2024-12-02 18:30:37,613 INFO [all-dump] wait 1 dump tasks to be finished

2024-12-02 18:30:38,628 INFO success to  dump all config-info。

2024-12-02 18:30:38,628 INFO start clear all config-info-beta.

2024-12-02 18:30:38,628 INFO clear all config-info-beta success.

2024-12-02 18:30:38,628 INFO clear all config-info-beta-tenant success.

2024-12-02 18:30:38,646 INFO start clear all config-info-tag.

2024-12-02 18:30:38,646 INFO clear all config-info-tag success.

2024-12-02 18:30:38,646 INFO clear all config-info-tag-tenant success.

