2024-12-08 22:21:35,462 INFO Starting Nacos v2.4.3 using Java 21.0.4 on LAPTOP-COHAQ1BR with PID 7396 (D:\知识\java-knowledge\k-springcloud\material\nacos\target\nacos-server.jar started by 沐火 in D:\知识\java-knowledge\k-springcloud\material\nacos\bin)

2024-12-08 22:21:35,466 INFO The following 1 profile is active: "standalone"

2024-12-08 22:21:35,625 INFO Load Nacos package exclude filter success, package prefix com.alibaba.nacos.config.server, filter com.alibaba.nacos.config.server.filter.ConfigEnabledFilter

2024-12-08 22:21:35,625 INFO Load Nacos package exclude filter success, package prefix com.alibaba.nacos.naming, filter com.alibaba.nacos.naming.config.NamingEnabledFilter

2024-12-08 22:21:35,626 INFO Load Nacos package exclude filter success, package prefix com.alibaba.nacos.istio, filter com.alibaba.nacos.istio.config.IstioEnabledFilter

2024-12-08 22:21:35,849 INFO Skip @SpringBootApplication annotation for class com.alibaba.nacos.config.server.Config to avoid duplicate scan

2024-12-08 22:21:36,023 INFO Skip @SpringBootApplication annotation for class com.alibaba.nacos.naming.NamingApp to avoid duplicate scan

2024-12-08 22:21:36,043 INFO Skip @SpringBootApplication annotation for class com.alibaba.nacos.cmdb.CmdbApp to avoid duplicate scan

2024-12-08 22:21:36,059 WARN Istio module disabled because set nacos.extension.naming.istio.enabled as false

2024-12-08 22:21:36,060 WARN Istio module disabled because set nacos.extension.naming.istio.enabled as false

2024-12-08 22:21:36,060 WARN Istio module disabled because set nacos.extension.naming.istio.enabled as false

2024-12-08 22:21:36,060 WARN Istio module disabled because set nacos.extension.naming.istio.enabled as false

2024-12-08 22:21:36,061 WARN Istio module disabled because set nacos.extension.naming.istio.enabled as false

2024-12-08 22:21:36,061 WARN Istio module disabled because set nacos.extension.naming.istio.enabled as false

2024-12-08 22:21:36,061 WARN Istio module disabled because set nacos.extension.naming.istio.enabled as false

2024-12-08 22:21:36,061 WARN Istio module disabled because set nacos.extension.naming.istio.enabled as false

2024-12-08 22:21:36,062 WARN Istio module disabled because set nacos.extension.naming.istio.enabled as false

2024-12-08 22:21:36,062 WARN Istio module disabled because set nacos.extension.naming.istio.enabled as false

2024-12-08 22:21:36,062 WARN Istio module disabled because set nacos.extension.naming.istio.enabled as false

2024-12-08 22:21:36,063 WARN Istio module disabled because set nacos.extension.naming.istio.enabled as false

2024-12-08 22:21:36,063 WARN Istio module disabled because set nacos.extension.naming.istio.enabled as false

2024-12-08 22:21:36,063 WARN Istio module disabled because set nacos.extension.naming.istio.enabled as false

2024-12-08 22:21:36,063 WARN Istio module disabled because set nacos.extension.naming.istio.enabled as false

2024-12-08 22:21:36,063 WARN Istio module disabled because set nacos.extension.naming.istio.enabled as false

2024-12-08 22:21:36,063 WARN Istio module disabled because set nacos.extension.naming.istio.enabled as false

2024-12-08 22:21:36,064 WARN Istio module disabled because set nacos.extension.naming.istio.enabled as false

2024-12-08 22:21:36,064 WARN Istio module disabled because set nacos.extension.naming.istio.enabled as false

2024-12-08 22:21:36,064 WARN Istio module disabled because set nacos.extension.naming.istio.enabled as false

2024-12-08 22:21:36,064 WARN Istio module disabled because set nacos.extension.naming.istio.enabled as false

2024-12-08 22:21:36,065 WARN Istio module disabled because set nacos.extension.naming.istio.enabled as false

2024-12-08 22:21:36,065 WARN Istio module disabled because set nacos.extension.naming.istio.enabled as false

2024-12-08 22:21:36,065 WARN Istio module disabled because set nacos.extension.naming.istio.enabled as false

2024-12-08 22:21:36,066 WARN Istio module disabled because set nacos.extension.naming.istio.enabled as false

2024-12-08 22:21:36,066 INFO Skip @SpringBootApplication annotation for class com.alibaba.nacos.istio.IstioApp to avoid duplicate scan

2024-12-08 22:21:36,066 WARN Istio module disabled because set nacos.extension.naming.istio.enabled as false

2024-12-08 22:21:36,066 WARN Istio module disabled because set nacos.extension.naming.istio.enabled as false

2024-12-08 22:21:36,066 WARN Istio module disabled because set nacos.extension.naming.istio.enabled as false

2024-12-08 22:21:36,067 WARN Istio module disabled because set nacos.extension.naming.istio.enabled as false

2024-12-08 22:21:36,067 WARN Istio module disabled because set nacos.extension.naming.istio.enabled as false

2024-12-08 22:21:36,067 WARN Istio module disabled because set nacos.extension.naming.istio.enabled as false

2024-12-08 22:21:36,067 WARN Istio module disabled because set nacos.extension.naming.istio.enabled as false

2024-12-08 22:21:36,068 WARN Istio module disabled because set nacos.extension.naming.istio.enabled as false

2024-12-08 22:21:36,068 WARN Istio module disabled because set nacos.extension.naming.istio.enabled as false

2024-12-08 22:21:36,068 WARN Istio module disabled because set nacos.extension.naming.istio.enabled as false

2024-12-08 22:21:36,068 WARN Istio module disabled because set nacos.extension.naming.istio.enabled as false

2024-12-08 22:21:36,469 INFO Skip @SpringBootApplication annotation for class com.alibaba.nacos.prometheus.PrometheusApp to avoid duplicate scan

2024-12-08 22:21:38,913 INFO Tomcat initialized with port(s): 8848 (http)

2024-12-08 22:22:50,812 INFO Loaded Apache Tomcat Native library [2.0.8] using APR version [1.7.4].

2024-12-08 22:22:50,812 INFO APR capabilities: IPv6 [true], sendfile [true], accept filters [false], random [true], UDS [true].

2024-12-08 22:22:50,812 INFO APR/OpenSSL configuration: useAprConnector [false], useOpenSSL [true]

2024-12-08 22:22:50,819 INFO OpenSSL successfully initialized [OpenSSL 3.0.14 4 Jun 2024]

2024-12-08 22:22:51,114 INFO Starting service [Tomcat]

2024-12-08 22:22:51,114 INFO Starting Servlet engine: [Apache Tomcat/9.0.93]

2024-12-08 22:22:51,254 INFO Initializing Spring embedded WebApplicationContext

2024-12-08 22:22:51,254 INFO Root WebApplicationContext: initialization completed in 75712 ms

2024-12-08 22:22:51,553 INFO Nacos-related cluster resource initialization

2024-12-08 22:22:51,561 INFO Load com.alibaba.nacos.core.ability.RemoteAbilityInitializer for ServerAbilityInitializer

2024-12-08 22:22:51,561 INFO Load com.alibaba.nacos.naming.ability.NamingAbilityInitializer for ServerAbilityInitializer

2024-12-08 22:22:51,567 INFO The cluster resource is initialized

2024-12-08 22:22:52,187 INFO HikariPool-1 - Starting...

2024-12-08 22:22:52,196 WARN Registered driver with driverClassName=org.apache.derby.jdbc.EmbeddedDriver was not found, trying direct instantiation.

2024-12-08 22:22:52,543 INFO HikariPool-1 - Driver does not support get/set network timeout for connections. (Feature not implemented: No details.)

2024-12-08 22:22:52,545 INFO HikariPool-1 - Start completed.

2024-12-08 22:22:52,929 INFO [MapperManager] Load Mapper(class com.alibaba.nacos.plugin.datasource.impl.mysql.ConfigInfoAggrMapperByMySql) datasource(mysql) tableName(config_info_aggr) successfully.

2024-12-08 22:22:52,930 INFO [MapperManager] Load Mapper(class com.alibaba.nacos.plugin.datasource.impl.mysql.ConfigInfoBetaMapperByMySql) datasource(mysql) tableName(config_info_beta) successfully.

2024-12-08 22:22:52,930 INFO [MapperManager] Load Mapper(class com.alibaba.nacos.plugin.datasource.impl.mysql.ConfigInfoMapperByMySql) datasource(mysql) tableName(config_info) successfully.

2024-12-08 22:22:52,930 INFO [MapperManager] Load Mapper(class com.alibaba.nacos.plugin.datasource.impl.mysql.ConfigInfoTagMapperByMySql) datasource(mysql) tableName(config_info_tag) successfully.

2024-12-08 22:22:52,930 INFO [MapperManager] Load Mapper(class com.alibaba.nacos.plugin.datasource.impl.mysql.ConfigTagsRelationMapperByMySql) datasource(mysql) tableName(config_tags_relation) successfully.

2024-12-08 22:22:52,930 INFO [MapperManager] Load Mapper(class com.alibaba.nacos.plugin.datasource.impl.mysql.HistoryConfigInfoMapperByMySql) datasource(mysql) tableName(his_config_info) successfully.

2024-12-08 22:22:52,930 INFO [MapperManager] Load Mapper(class com.alibaba.nacos.plugin.datasource.impl.mysql.TenantInfoMapperByMySql) datasource(mysql) tableName(tenant_info) successfully.

2024-12-08 22:22:52,930 INFO [MapperManager] Load Mapper(class com.alibaba.nacos.plugin.datasource.impl.mysql.TenantCapacityMapperByMySql) datasource(mysql) tableName(tenant_capacity) successfully.

2024-12-08 22:22:52,930 INFO [MapperManager] Load Mapper(class com.alibaba.nacos.plugin.datasource.impl.mysql.GroupCapacityMapperByMysql) datasource(mysql) tableName(group_capacity) successfully.

2024-12-08 22:22:52,930 INFO [MapperManager] Load Mapper(class com.alibaba.nacos.plugin.datasource.impl.derby.ConfigInfoAggrMapperByDerby) datasource(derby) tableName(config_info_aggr) successfully.

2024-12-08 22:22:52,930 INFO [MapperManager] Load Mapper(class com.alibaba.nacos.plugin.datasource.impl.derby.ConfigInfoBetaMapperByDerby) datasource(derby) tableName(config_info_beta) successfully.

2024-12-08 22:22:52,930 INFO [MapperManager] Load Mapper(class com.alibaba.nacos.plugin.datasource.impl.derby.ConfigInfoMapperByDerby) datasource(derby) tableName(config_info) successfully.

2024-12-08 22:22:52,930 INFO [MapperManager] Load Mapper(class com.alibaba.nacos.plugin.datasource.impl.derby.ConfigInfoTagMapperByDerby) datasource(derby) tableName(config_info_tag) successfully.

2024-12-08 22:22:52,930 INFO [MapperManager] Load Mapper(class com.alibaba.nacos.plugin.datasource.impl.derby.ConfigInfoTagsRelationMapperByDerby) datasource(derby) tableName(config_tags_relation) successfully.

2024-12-08 22:22:52,930 INFO [MapperManager] Load Mapper(class com.alibaba.nacos.plugin.datasource.impl.derby.HistoryConfigInfoMapperByDerby) datasource(derby) tableName(his_config_info) successfully.

2024-12-08 22:22:52,930 INFO [MapperManager] Load Mapper(class com.alibaba.nacos.plugin.datasource.impl.derby.TenantInfoMapperByDerby) datasource(derby) tableName(tenant_info) successfully.

2024-12-08 22:22:52,930 INFO [MapperManager] Load Mapper(class com.alibaba.nacos.plugin.datasource.impl.derby.TenantCapacityMapperByDerby) datasource(derby) tableName(tenant_capacity) successfully.

2024-12-08 22:22:52,930 INFO [MapperManager] Load Mapper(class com.alibaba.nacos.plugin.datasource.impl.derby.GroupCapacityMapperByDerby) datasource(derby) tableName(group_capacity) successfully.

2024-12-08 22:22:54,443 INFO Get historyConfigCleaner config from env, activeHistoryConfigCleaner{ activeHistoryConfigCleaner=nacos}

2024-12-08 22:22:54,960 INFO Ready to get current node abilities...

2024-12-08 22:22:54,965 INFO Ready to initialize current node abilities, support modes: [CLUSTER_CLIENT, SDK_CLIENT, SERVER]

2024-12-08 22:22:54,966 INFO Initialize current abilities finish...

2024-12-08 22:22:54,967 INFO Ready to get current node abilities...

2024-12-08 22:22:54,967 INFO Ready to initialize current node abilities, support modes: [SDK_CLIENT]

2024-12-08 22:22:54,967 INFO Initialize current abilities finish...

2024-12-08 22:22:54,968 INFO [AbilityControlManager] Successfully initialize AbilityControlManager

2024-12-08 22:22:57,700 INFO Will secure any request with [org.springframework.security.web.session.DisableEncodeUrlFilter@e95595b, org.springframework.security.web.context.request.async.WebAsyncManagerIntegrationFilter@5a917723, org.springframework.security.web.context.SecurityContextPersistenceFilter@550e9be6, org.springframework.security.web.header.HeaderWriterFilter@999b951, org.springframework.security.web.csrf.CsrfFilter@46dcbeab, org.springframework.security.web.authentication.logout.LogoutFilter@66a5755, org.springframework.security.web.savedrequest.RequestCacheAwareFilter@32eae6f2, org.springframework.security.web.servletapi.SecurityContextHolderAwareRequestFilter@26ca61bf, org.springframework.security.web.authentication.AnonymousAuthenticationFilter@7e4579c7, org.springframework.security.web.session.SessionManagementFilter@36d33f4, org.springframework.security.web.access.ExceptionTranslationFilter@60e3c26e]

2024-12-08 22:22:58,606 INFO Adding welcome page: class path resource [static/index.html]

2024-12-08 22:22:59,612 INFO Exposing 1 endpoint(s) beneath base path '/actuator'

2024-12-08 22:22:59,638 WARN You are asking Spring Security to ignore Ant [pattern='/**']. This is not recommended -- please use permitAll via HttpSecurity#authorizeHttpRequests instead.

2024-12-08 22:22:59,639 INFO Will not secure Ant [pattern='/**']

2024-12-08 22:22:59,642 WARN You are asking Spring Security to ignore Mvc [pattern='/prometheus']. This is not recommended -- please use permitAll via HttpSecurity#authorizeHttpRequests instead.

2024-12-08 22:22:59,642 INFO Will not secure Mvc [pattern='/prometheus']

2024-12-08 22:22:59,642 WARN You are asking Spring Security to ignore Mvc [pattern='/prometheus/namespaceId/{namespaceId}']. This is not recommended -- please use permitAll via HttpSecurity#authorizeHttpRequests instead.

2024-12-08 22:22:59,643 INFO Will not secure Mvc [pattern='/prometheus/namespaceId/{namespaceId}']

2024-12-08 22:22:59,643 WARN You are asking Spring Security to ignore Mvc [pattern='/prometheus/namespaceId/{namespaceId}/service/{service}']. This is not recommended -- please use permitAll via HttpSecurity#authorizeHttpRequests instead.

2024-12-08 22:22:59,644 INFO Will not secure Mvc [pattern='/prometheus/namespaceId/{namespaceId}/service/{service}']

2024-12-08 22:22:59,734 INFO Tomcat started on port(s): 8848 (http) with context path '/nacos'

2024-12-08 22:22:59,776 INFO No TaskScheduler/ScheduledExecutorService bean found for scheduled processing

2024-12-08 22:22:59,907 INFO Started Nacos in 85.443 seconds (JVM running for 86.096)

2024-12-08 22:22:59,908 INFO Nacos started successfully in stand alone mode. use embedded storage

2024-12-08 22:23:03,762 INFO Get ParamCheck config from env, ParamCheckConfig{paramCheckEnabled=trueactiveParamChecker=default}

2024-12-08 22:23:03,774 INFO Get Push config from env, PushConfig{pushTaskDelay=500, pushTaskTimeout=5000, pushTaskRetryDelay=1000}

2024-12-08 22:23:14,156 INFO Initializing Spring DispatcherServlet 'dispatcherServlet'

2024-12-08 22:23:14,156 INFO Initializing Servlet 'dispatcherServlet'

2024-12-08 22:23:14,158 INFO Completed initialization in 2 ms

2024-12-08 22:23:15,213 INFO [AuthPluginManager] Load AuthPluginService(class com.alibaba.nacos.plugin.auth.impl.NacosAuthPluginService) AuthServiceName(nacos) successfully.

2024-12-08 22:23:15,213 INFO [AuthPluginManager] Load AuthPluginService(class com.alibaba.nacos.plugin.auth.impl.LdapAuthPluginService) AuthServiceName(ldap) successfully.

