2024-12-10 11:10:05,677 INFO PERFORMANCE:|serviceCount|ipCount|subscribeCount|maxPushCost|avgPushCost|totalPushCount|failPushCount

2024-12-10 11:10:05,680 INFO DISTRO:|V1SyncDone|V1SyncFail|V2SyncDone|V2SyncFail|V2VerifyFail|

2024-12-10 11:10:05,680 INFO PERFORMANCE:|0|0|0|-1|-1|0|0

2024-12-10 11:10:05,682 INFO Task worker status: 
naming_0%8, pending tasks: 0
naming_1%8, pending tasks: 0
naming_2%8, pending tasks: 0
naming_3%8, pending tasks: 0
naming_4%8, pending tasks: 0
naming_5%8, pending tasks: 0
naming_6%8, pending tasks: 0
naming_7%8, pending tasks: 0


2024-12-10 11:10:05,683 INFO DISTRO:|0|0|0|

2024-12-10 11:11:05,688 INFO PERFORMANCE:|1|1|0|-1|-1|0|0

2024-12-10 11:11:05,688 INFO Task worker status: 
naming_0%8, pending tasks: 0
naming_1%8, pending tasks: 0
naming_2%8, pending tasks: 0
naming_3%8, pending tasks: 0
naming_4%8, pending tasks: 0
naming_5%8, pending tasks: 0
naming_6%8, pending tasks: 0
naming_7%8, pending tasks: 0


2024-12-10 11:11:05,688 INFO DISTRO:|0|0|0|

2024-12-10 11:12:05,697 INFO PERFORMANCE:|1|1|0|-1|-1|0|0

2024-12-10 11:12:05,697 INFO Task worker status: 
naming_0%8, pending tasks: 0
naming_1%8, pending tasks: 0
naming_2%8, pending tasks: 0
naming_3%8, pending tasks: 0
naming_4%8, pending tasks: 0
naming_5%8, pending tasks: 0
naming_6%8, pending tasks: 0
naming_7%8, pending tasks: 0


2024-12-10 11:12:05,697 INFO DISTRO:|0|0|0|

2024-12-10 11:13:05,698 INFO PERFORMANCE:|1|1|0|-1|-1|0|0

2024-12-10 11:13:05,698 INFO Task worker status: 
naming_0%8, pending tasks: 0
naming_1%8, pending tasks: 0
naming_2%8, pending tasks: 0
naming_3%8, pending tasks: 0
naming_4%8, pending tasks: 0
naming_5%8, pending tasks: 0
naming_6%8, pending tasks: 0
naming_7%8, pending tasks: 0


2024-12-10 11:13:05,698 INFO DISTRO:|0|0|0|

2024-12-10 11:14:05,705 INFO PERFORMANCE:|1|1|0|-1|-1|0|0

2024-12-10 11:14:05,705 INFO Task worker status: 
naming_0%8, pending tasks: 0
naming_1%8, pending tasks: 0
naming_2%8, pending tasks: 0
naming_3%8, pending tasks: 0
naming_4%8, pending tasks: 0
naming_5%8, pending tasks: 0
naming_6%8, pending tasks: 0
naming_7%8, pending tasks: 0


2024-12-10 11:14:05,705 INFO DISTRO:|0|0|0|

2024-12-10 11:15:05,706 INFO PERFORMANCE:|2|2|0|-1|-1|0|0

2024-12-10 11:15:05,706 INFO Task worker status: 
naming_0%8, pending tasks: 0
naming_1%8, pending tasks: 0
naming_2%8, pending tasks: 0
naming_3%8, pending tasks: 0
naming_4%8, pending tasks: 0
naming_5%8, pending tasks: 0
naming_6%8, pending tasks: 0
naming_7%8, pending tasks: 0


2024-12-10 11:15:05,706 INFO DISTRO:|0|0|0|

2024-12-10 11:16:05,712 INFO PERFORMANCE:|2|2|1|562|562|1|0

2024-12-10 11:16:05,712 INFO Task worker status: 
naming_0%8, pending tasks: 0
naming_1%8, pending tasks: 0
naming_2%8, pending tasks: 0
naming_3%8, pending tasks: 0
naming_4%8, pending tasks: 0
naming_5%8, pending tasks: 0
naming_6%8, pending tasks: 0
naming_7%8, pending tasks: 0


2024-12-10 11:16:05,712 INFO DISTRO:|0|0|0|

2024-12-10 11:17:05,725 INFO PERFORMANCE:|2|2|1|-1|-1|1|0

2024-12-10 11:17:05,725 INFO Task worker status: 
naming_0%8, pending tasks: 0
naming_1%8, pending tasks: 0
naming_2%8, pending tasks: 0
naming_3%8, pending tasks: 0
naming_4%8, pending tasks: 0
naming_5%8, pending tasks: 0
naming_6%8, pending tasks: 0
naming_7%8, pending tasks: 0


2024-12-10 11:17:05,725 INFO DISTRO:|0|0|0|

2024-12-10 11:18:05,738 INFO PERFORMANCE:|2|2|1|-1|-1|1|0

2024-12-10 11:18:05,738 INFO Task worker status: 
naming_0%8, pending tasks: 0
naming_1%8, pending tasks: 0
naming_2%8, pending tasks: 0
naming_3%8, pending tasks: 0
naming_4%8, pending tasks: 0
naming_5%8, pending tasks: 0
naming_6%8, pending tasks: 0
naming_7%8, pending tasks: 0


2024-12-10 11:18:05,738 INFO DISTRO:|0|0|0|

2024-12-10 11:19:05,753 INFO PERFORMANCE:|2|2|1|-1|-1|1|0

2024-12-10 11:19:05,753 INFO Task worker status: 
naming_0%8, pending tasks: 0
naming_1%8, pending tasks: 0
naming_2%8, pending tasks: 0
naming_3%8, pending tasks: 0
naming_4%8, pending tasks: 0
naming_5%8, pending tasks: 0
naming_6%8, pending tasks: 0
naming_7%8, pending tasks: 0


2024-12-10 11:19:05,753 INFO DISTRO:|0|0|0|

2024-12-10 11:20:05,767 INFO PERFORMANCE:|serviceCount|ipCount|subscribeCount|maxPushCost|avgPushCost|totalPushCount|failPushCount

2024-12-10 11:20:05,767 INFO DISTRO:|V1SyncDone|V1SyncFail|V2SyncDone|V2SyncFail|V2VerifyFail|

2024-12-10 11:20:05,767 INFO PERFORMANCE:|2|2|1|-1|-1|1|0

2024-12-10 11:20:05,767 INFO Task worker status: 
naming_0%8, pending tasks: 0
naming_1%8, pending tasks: 0
naming_2%8, pending tasks: 0
naming_3%8, pending tasks: 0
naming_4%8, pending tasks: 0
naming_5%8, pending tasks: 0
naming_6%8, pending tasks: 0
naming_7%8, pending tasks: 0


2024-12-10 11:20:05,767 INFO DISTRO:|0|0|0|

2024-12-10 11:21:05,771 INFO PERFORMANCE:|2|2|1|-1|-1|1|0

2024-12-10 11:21:05,771 INFO Task worker status: 
naming_0%8, pending tasks: 0
naming_1%8, pending tasks: 0
naming_2%8, pending tasks: 0
naming_3%8, pending tasks: 0
naming_4%8, pending tasks: 0
naming_5%8, pending tasks: 0
naming_6%8, pending tasks: 0
naming_7%8, pending tasks: 0


2024-12-10 11:21:05,771 INFO DISTRO:|0|0|0|

2024-12-10 11:22:05,784 INFO PERFORMANCE:|2|2|1|-1|-1|1|0

2024-12-10 11:22:05,784 INFO Task worker status: 
naming_0%8, pending tasks: 0
naming_1%8, pending tasks: 0
naming_2%8, pending tasks: 0
naming_3%8, pending tasks: 0
naming_4%8, pending tasks: 0
naming_5%8, pending tasks: 0
naming_6%8, pending tasks: 0
naming_7%8, pending tasks: 0


2024-12-10 11:22:05,784 INFO DISTRO:|0|0|0|

2024-12-10 11:23:05,788 INFO PERFORMANCE:|2|2|1|617|591|3|0

2024-12-10 11:23:05,788 INFO Task worker status: 
naming_0%8, pending tasks: 0
naming_1%8, pending tasks: 0
naming_2%8, pending tasks: 0
naming_3%8, pending tasks: 0
naming_4%8, pending tasks: 0
naming_5%8, pending tasks: 0
naming_6%8, pending tasks: 0
naming_7%8, pending tasks: 0


2024-12-10 11:23:05,788 INFO DISTRO:|0|0|0|

2024-12-10 11:24:05,801 INFO PERFORMANCE:|2|2|1|-1|-1|3|0

2024-12-10 11:24:05,801 INFO Task worker status: 
naming_0%8, pending tasks: 0
naming_1%8, pending tasks: 0
naming_2%8, pending tasks: 0
naming_3%8, pending tasks: 0
naming_4%8, pending tasks: 0
naming_5%8, pending tasks: 0
naming_6%8, pending tasks: 0
naming_7%8, pending tasks: 0


2024-12-10 11:24:05,801 INFO DISTRO:|0|0|0|

2024-12-10 11:25:05,813 INFO PERFORMANCE:|2|2|1|-1|-1|3|0

2024-12-10 11:25:05,813 INFO Task worker status: 
naming_0%8, pending tasks: 0
naming_1%8, pending tasks: 0
naming_2%8, pending tasks: 0
naming_3%8, pending tasks: 0
naming_4%8, pending tasks: 0
naming_5%8, pending tasks: 0
naming_6%8, pending tasks: 0
naming_7%8, pending tasks: 0


2024-12-10 11:25:05,813 INFO DISTRO:|0|0|0|

2024-12-10 11:26:05,827 INFO PERFORMANCE:|2|2|1|593|570|5|0

2024-12-10 11:26:05,827 INFO Task worker status: 
naming_0%8, pending tasks: 0
naming_1%8, pending tasks: 0
naming_2%8, pending tasks: 0
naming_3%8, pending tasks: 0
naming_4%8, pending tasks: 0
naming_5%8, pending tasks: 0
naming_6%8, pending tasks: 0
naming_7%8, pending tasks: 0


2024-12-10 11:26:05,827 INFO DISTRO:|0|0|0|

2024-12-10 11:27:05,838 INFO PERFORMANCE:|2|2|1|-1|-1|5|0

2024-12-10 11:27:05,838 INFO Task worker status: 
naming_0%8, pending tasks: 0
naming_1%8, pending tasks: 0
naming_2%8, pending tasks: 0
naming_3%8, pending tasks: 0
naming_4%8, pending tasks: 0
naming_5%8, pending tasks: 0
naming_6%8, pending tasks: 0
naming_7%8, pending tasks: 0


2024-12-10 11:27:05,838 INFO DISTRO:|0|0|0|

2024-12-10 11:28:05,843 INFO PERFORMANCE:|2|2|1|-1|-1|5|0

2024-12-10 11:28:05,843 INFO Task worker status: 
naming_0%8, pending tasks: 0
naming_1%8, pending tasks: 0
naming_2%8, pending tasks: 0
naming_3%8, pending tasks: 0
naming_4%8, pending tasks: 0
naming_5%8, pending tasks: 0
naming_6%8, pending tasks: 0
naming_7%8, pending tasks: 0


2024-12-10 11:28:05,843 INFO DISTRO:|0|0|0|

2024-12-10 11:29:05,853 INFO PERFORMANCE:|2|2|1|-1|-1|5|0

2024-12-10 11:29:05,853 INFO Task worker status: 
naming_0%8, pending tasks: 0
naming_1%8, pending tasks: 0
naming_2%8, pending tasks: 0
naming_3%8, pending tasks: 0
naming_4%8, pending tasks: 0
naming_5%8, pending tasks: 0
naming_6%8, pending tasks: 0
naming_7%8, pending tasks: 0


2024-12-10 11:29:05,853 INFO DISTRO:|0|0|0|

2024-12-10 11:30:05,868 INFO PERFORMANCE:|serviceCount|ipCount|subscribeCount|maxPushCost|avgPushCost|totalPushCount|failPushCount

2024-12-10 11:30:05,868 INFO DISTRO:|V1SyncDone|V1SyncFail|V2SyncDone|V2SyncFail|V2VerifyFail|

2024-12-10 11:30:05,868 INFO PERFORMANCE:|2|2|1|-1|-1|5|0

2024-12-10 11:30:05,868 INFO Task worker status: 
naming_0%8, pending tasks: 0
naming_1%8, pending tasks: 0
naming_2%8, pending tasks: 0
naming_3%8, pending tasks: 0
naming_4%8, pending tasks: 0
naming_5%8, pending tasks: 0
naming_6%8, pending tasks: 0
naming_7%8, pending tasks: 0


2024-12-10 11:30:05,868 INFO DISTRO:|0|0|0|

2024-12-10 11:31:05,879 INFO PERFORMANCE:|2|2|1|-1|-1|5|0

2024-12-10 11:31:05,879 INFO Task worker status: 
naming_0%8, pending tasks: 0
naming_1%8, pending tasks: 0
naming_2%8, pending tasks: 0
naming_3%8, pending tasks: 0
naming_4%8, pending tasks: 0
naming_5%8, pending tasks: 0
naming_6%8, pending tasks: 0
naming_7%8, pending tasks: 0


2024-12-10 11:31:05,879 INFO DISTRO:|0|0|0|

2024-12-10 11:32:05,888 INFO PERFORMANCE:|2|2|1|-1|-1|5|0

2024-12-10 11:32:05,888 INFO Task worker status: 
naming_0%8, pending tasks: 0
naming_1%8, pending tasks: 0
naming_2%8, pending tasks: 0
naming_3%8, pending tasks: 0
naming_4%8, pending tasks: 0
naming_5%8, pending tasks: 0
naming_6%8, pending tasks: 0
naming_7%8, pending tasks: 0


2024-12-10 11:32:05,888 INFO DISTRO:|0|0|0|

2024-12-10 11:33:05,892 INFO PERFORMANCE:|2|2|1|-1|-1|5|0

2024-12-10 11:33:05,892 INFO Task worker status: 
naming_0%8, pending tasks: 0
naming_1%8, pending tasks: 0
naming_2%8, pending tasks: 0
naming_3%8, pending tasks: 0
naming_4%8, pending tasks: 0
naming_5%8, pending tasks: 0
naming_6%8, pending tasks: 0
naming_7%8, pending tasks: 0


2024-12-10 11:33:05,892 INFO DISTRO:|0|0|0|

2024-12-10 11:34:05,893 INFO PERFORMANCE:|2|2|1|-1|-1|5|0

2024-12-10 11:34:05,893 INFO Task worker status: 
naming_0%8, pending tasks: 0
naming_1%8, pending tasks: 0
naming_2%8, pending tasks: 0
naming_3%8, pending tasks: 0
naming_4%8, pending tasks: 0
naming_5%8, pending tasks: 0
naming_6%8, pending tasks: 0
naming_7%8, pending tasks: 0


2024-12-10 11:34:05,893 INFO DISTRO:|0|0|0|

2024-12-10 11:35:05,907 INFO PERFORMANCE:|2|2|1|-1|-1|5|0

2024-12-10 11:35:05,907 INFO Task worker status: 
naming_0%8, pending tasks: 0
naming_1%8, pending tasks: 0
naming_2%8, pending tasks: 0
naming_3%8, pending tasks: 0
naming_4%8, pending tasks: 0
naming_5%8, pending tasks: 0
naming_6%8, pending tasks: 0
naming_7%8, pending tasks: 0


2024-12-10 11:35:05,907 INFO DISTRO:|0|0|0|

2024-12-10 11:36:05,915 INFO PERFORMANCE:|2|2|1|-1|-1|5|0

2024-12-10 11:36:05,915 INFO Task worker status: 
naming_0%8, pending tasks: 0
naming_1%8, pending tasks: 0
naming_2%8, pending tasks: 0
naming_3%8, pending tasks: 0
naming_4%8, pending tasks: 0
naming_5%8, pending tasks: 0
naming_6%8, pending tasks: 0
naming_7%8, pending tasks: 0


2024-12-10 11:36:05,915 INFO DISTRO:|0|0|0|

2024-12-10 11:37:05,917 INFO PERFORMANCE:|2|2|1|-1|-1|5|0

2024-12-10 11:37:05,917 INFO Task worker status: 
naming_0%8, pending tasks: 0
naming_1%8, pending tasks: 0
naming_2%8, pending tasks: 0
naming_3%8, pending tasks: 0
naming_4%8, pending tasks: 0
naming_5%8, pending tasks: 0
naming_6%8, pending tasks: 0
naming_7%8, pending tasks: 0


2024-12-10 11:37:05,917 INFO DISTRO:|0|0|0|

2024-12-10 11:38:05,932 INFO PERFORMANCE:|2|2|1|-1|-1|5|0

2024-12-10 11:38:05,932 INFO Task worker status: 
naming_0%8, pending tasks: 0
naming_1%8, pending tasks: 0
naming_2%8, pending tasks: 0
naming_3%8, pending tasks: 0
naming_4%8, pending tasks: 0
naming_5%8, pending tasks: 0
naming_6%8, pending tasks: 0
naming_7%8, pending tasks: 0


2024-12-10 11:38:05,932 INFO DISTRO:|0|0|0|

2024-12-10 11:39:05,941 INFO PERFORMANCE:|2|2|1|-1|-1|5|0

2024-12-10 11:39:05,941 INFO Task worker status: 
naming_0%8, pending tasks: 0
naming_1%8, pending tasks: 0
naming_2%8, pending tasks: 0
naming_3%8, pending tasks: 0
naming_4%8, pending tasks: 0
naming_5%8, pending tasks: 0
naming_6%8, pending tasks: 0
naming_7%8, pending tasks: 0


2024-12-10 11:39:05,941 INFO DISTRO:|0|0|0|

2024-12-10 11:40:05,944 INFO PERFORMANCE:|serviceCount|ipCount|subscribeCount|maxPushCost|avgPushCost|totalPushCount|failPushCount

2024-12-10 11:40:05,944 INFO DISTRO:|V1SyncDone|V1SyncFail|V2SyncDone|V2SyncFail|V2VerifyFail|

2024-12-10 11:40:05,944 INFO PERFORMANCE:|2|2|1|-1|-1|5|0

2024-12-10 11:40:05,944 INFO Task worker status: 
naming_0%8, pending tasks: 0
naming_1%8, pending tasks: 0
naming_2%8, pending tasks: 0
naming_3%8, pending tasks: 0
naming_4%8, pending tasks: 0
naming_5%8, pending tasks: 0
naming_6%8, pending tasks: 0
naming_7%8, pending tasks: 0


2024-12-10 11:40:05,944 INFO DISTRO:|0|0|0|

2024-12-10 11:41:05,956 INFO PERFORMANCE:|2|2|1|-1|-1|5|0

2024-12-10 11:41:05,956 INFO Task worker status: 
naming_0%8, pending tasks: 0
naming_1%8, pending tasks: 0
naming_2%8, pending tasks: 0
naming_3%8, pending tasks: 0
naming_4%8, pending tasks: 0
naming_5%8, pending tasks: 0
naming_6%8, pending tasks: 0
naming_7%8, pending tasks: 0


2024-12-10 11:41:05,956 INFO DISTRO:|0|0|0|

2024-12-10 11:42:05,966 INFO PERFORMANCE:|2|2|1|-1|-1|5|0

2024-12-10 11:42:05,966 INFO Task worker status: 
naming_0%8, pending tasks: 0
naming_1%8, pending tasks: 0
naming_2%8, pending tasks: 0
naming_3%8, pending tasks: 0
naming_4%8, pending tasks: 0
naming_5%8, pending tasks: 0
naming_6%8, pending tasks: 0
naming_7%8, pending tasks: 0


2024-12-10 11:42:05,966 INFO DISTRO:|0|0|0|

2024-12-10 11:43:05,969 INFO PERFORMANCE:|2|2|1|-1|-1|5|0

2024-12-10 11:43:05,969 INFO Task worker status: 
naming_0%8, pending tasks: 0
naming_1%8, pending tasks: 0
naming_2%8, pending tasks: 0
naming_3%8, pending tasks: 0
naming_4%8, pending tasks: 0
naming_5%8, pending tasks: 0
naming_6%8, pending tasks: 0
naming_7%8, pending tasks: 0


2024-12-10 11:43:05,969 INFO DISTRO:|0|0|0|

2024-12-10 11:44:05,980 INFO PERFORMANCE:|2|2|1|-1|-1|5|0

2024-12-10 11:44:05,980 INFO Task worker status: 
naming_0%8, pending tasks: 0
naming_1%8, pending tasks: 0
naming_2%8, pending tasks: 0
naming_3%8, pending tasks: 0
naming_4%8, pending tasks: 0
naming_5%8, pending tasks: 0
naming_6%8, pending tasks: 0
naming_7%8, pending tasks: 0


2024-12-10 11:44:05,980 INFO DISTRO:|0|0|0|

2024-12-10 11:45:05,988 INFO PERFORMANCE:|2|2|1|-1|-1|5|0

2024-12-10 11:45:05,988 INFO Task worker status: 
naming_0%8, pending tasks: 0
naming_1%8, pending tasks: 0
naming_2%8, pending tasks: 0
naming_3%8, pending tasks: 0
naming_4%8, pending tasks: 0
naming_5%8, pending tasks: 0
naming_6%8, pending tasks: 0
naming_7%8, pending tasks: 0


2024-12-10 11:45:05,988 INFO DISTRO:|0|0|0|

2024-12-10 11:46:06,000 INFO PERFORMANCE:|2|2|1|-1|-1|5|0

2024-12-10 11:46:06,000 INFO Task worker status: 
naming_0%8, pending tasks: 0
naming_1%8, pending tasks: 0
naming_2%8, pending tasks: 0
naming_3%8, pending tasks: 0
naming_4%8, pending tasks: 0
naming_5%8, pending tasks: 0
naming_6%8, pending tasks: 0
naming_7%8, pending tasks: 0


2024-12-10 11:46:06,000 INFO DISTRO:|0|0|0|

2024-12-10 11:47:06,014 INFO PERFORMANCE:|2|2|1|-1|-1|5|0

2024-12-10 11:47:06,014 INFO Task worker status: 
naming_0%8, pending tasks: 0
naming_1%8, pending tasks: 0
naming_2%8, pending tasks: 0
naming_3%8, pending tasks: 0
naming_4%8, pending tasks: 0
naming_5%8, pending tasks: 0
naming_6%8, pending tasks: 0
naming_7%8, pending tasks: 0


2024-12-10 11:47:06,014 INFO DISTRO:|0|0|0|

2024-12-10 11:48:06,019 INFO PERFORMANCE:|2|2|1|-1|-1|5|0

2024-12-10 11:48:06,019 INFO Task worker status: 
naming_0%8, pending tasks: 0
naming_1%8, pending tasks: 0
naming_2%8, pending tasks: 0
naming_3%8, pending tasks: 0
naming_4%8, pending tasks: 0
naming_5%8, pending tasks: 0
naming_6%8, pending tasks: 0
naming_7%8, pending tasks: 0


2024-12-10 11:48:06,019 INFO DISTRO:|0|0|0|

2024-12-10 11:49:06,031 INFO PERFORMANCE:|2|2|1|-1|-1|5|0

2024-12-10 11:49:06,031 INFO Task worker status: 
naming_0%8, pending tasks: 0
naming_1%8, pending tasks: 0
naming_2%8, pending tasks: 0
naming_3%8, pending tasks: 0
naming_4%8, pending tasks: 0
naming_5%8, pending tasks: 0
naming_6%8, pending tasks: 0
naming_7%8, pending tasks: 0


2024-12-10 11:49:06,031 INFO DISTRO:|0|0|0|

2024-12-10 11:50:06,041 INFO PERFORMANCE:|serviceCount|ipCount|subscribeCount|maxPushCost|avgPushCost|totalPushCount|failPushCount

2024-12-10 11:50:06,041 INFO DISTRO:|V1SyncDone|V1SyncFail|V2SyncDone|V2SyncFail|V2VerifyFail|

2024-12-10 11:50:06,041 INFO PERFORMANCE:|2|2|1|-1|-1|5|0

2024-12-10 11:50:06,041 INFO Task worker status: 
naming_0%8, pending tasks: 0
naming_1%8, pending tasks: 0
naming_2%8, pending tasks: 0
naming_3%8, pending tasks: 0
naming_4%8, pending tasks: 0
naming_5%8, pending tasks: 0
naming_6%8, pending tasks: 0
naming_7%8, pending tasks: 0


2024-12-10 11:50:06,041 INFO DISTRO:|0|0|0|

2024-12-10 11:51:06,056 INFO PERFORMANCE:|2|2|1|-1|-1|5|0

2024-12-10 11:51:06,056 INFO Task worker status: 
naming_0%8, pending tasks: 0
naming_1%8, pending tasks: 0
naming_2%8, pending tasks: 0
naming_3%8, pending tasks: 0
naming_4%8, pending tasks: 0
naming_5%8, pending tasks: 0
naming_6%8, pending tasks: 0
naming_7%8, pending tasks: 0


2024-12-10 11:51:06,056 INFO DISTRO:|0|0|0|

2024-12-10 11:52:06,065 INFO PERFORMANCE:|2|2|1|-1|-1|5|0

2024-12-10 11:52:06,065 INFO Task worker status: 
naming_0%8, pending tasks: 0
naming_1%8, pending tasks: 0
naming_2%8, pending tasks: 0
naming_3%8, pending tasks: 0
naming_4%8, pending tasks: 0
naming_5%8, pending tasks: 0
naming_6%8, pending tasks: 0
naming_7%8, pending tasks: 0


2024-12-10 11:52:06,065 INFO DISTRO:|0|0|0|

2024-12-10 11:53:06,074 INFO PERFORMANCE:|2|2|1|-1|-1|5|0

2024-12-10 11:53:06,074 INFO Task worker status: 
naming_0%8, pending tasks: 0
naming_1%8, pending tasks: 0
naming_2%8, pending tasks: 0
naming_3%8, pending tasks: 0
naming_4%8, pending tasks: 0
naming_5%8, pending tasks: 0
naming_6%8, pending tasks: 0
naming_7%8, pending tasks: 0


2024-12-10 11:53:06,074 INFO DISTRO:|0|0|0|

2024-12-10 11:54:06,076 INFO PERFORMANCE:|2|2|1|-1|-1|5|0

2024-12-10 11:54:06,077 INFO Task worker status: 
naming_0%8, pending tasks: 0
naming_1%8, pending tasks: 0
naming_2%8, pending tasks: 0
naming_3%8, pending tasks: 0
naming_4%8, pending tasks: 0
naming_5%8, pending tasks: 0
naming_6%8, pending tasks: 0
naming_7%8, pending tasks: 0


2024-12-10 11:54:06,077 INFO DISTRO:|0|0|0|

2024-12-10 11:55:06,079 INFO PERFORMANCE:|2|2|1|-1|-1|5|0

2024-12-10 11:55:06,079 INFO Task worker status: 
naming_0%8, pending tasks: 0
naming_1%8, pending tasks: 0
naming_2%8, pending tasks: 0
naming_3%8, pending tasks: 0
naming_4%8, pending tasks: 0
naming_5%8, pending tasks: 0
naming_6%8, pending tasks: 0
naming_7%8, pending tasks: 0


2024-12-10 11:55:06,079 INFO DISTRO:|0|0|0|

2024-12-10 11:56:06,087 INFO PERFORMANCE:|2|2|1|-1|-1|5|0

2024-12-10 11:56:06,087 INFO Task worker status: 
naming_0%8, pending tasks: 0
naming_1%8, pending tasks: 0
naming_2%8, pending tasks: 0
naming_3%8, pending tasks: 0
naming_4%8, pending tasks: 0
naming_5%8, pending tasks: 0
naming_6%8, pending tasks: 0
naming_7%8, pending tasks: 0


2024-12-10 11:56:06,087 INFO DISTRO:|0|0|0|

2024-12-10 11:57:06,091 INFO PERFORMANCE:|2|2|1|-1|-1|5|0

2024-12-10 11:57:06,091 INFO Task worker status: 
naming_0%8, pending tasks: 0
naming_1%8, pending tasks: 0
naming_2%8, pending tasks: 0
naming_3%8, pending tasks: 0
naming_4%8, pending tasks: 0
naming_5%8, pending tasks: 0
naming_6%8, pending tasks: 0
naming_7%8, pending tasks: 0


2024-12-10 11:57:06,091 INFO DISTRO:|0|0|0|

2024-12-10 11:58:06,099 INFO PERFORMANCE:|2|2|1|-1|-1|5|0

2024-12-10 11:58:06,099 INFO Task worker status: 
naming_0%8, pending tasks: 0
naming_1%8, pending tasks: 0
naming_2%8, pending tasks: 0
naming_3%8, pending tasks: 0
naming_4%8, pending tasks: 0
naming_5%8, pending tasks: 0
naming_6%8, pending tasks: 0
naming_7%8, pending tasks: 0


2024-12-10 11:58:06,099 INFO DISTRO:|0|0|0|

2024-12-10 11:59:06,105 INFO PERFORMANCE:|2|2|1|-1|-1|5|0

2024-12-10 11:59:06,105 INFO Task worker status: 
naming_0%8, pending tasks: 0
naming_1%8, pending tasks: 0
naming_2%8, pending tasks: 0
naming_3%8, pending tasks: 0
naming_4%8, pending tasks: 0
naming_5%8, pending tasks: 0
naming_6%8, pending tasks: 0
naming_7%8, pending tasks: 0


2024-12-10 11:59:06,105 INFO DISTRO:|0|0|0|

2024-12-10 12:00:06,111 INFO PERFORMANCE:|serviceCount|ipCount|subscribeCount|maxPushCost|avgPushCost|totalPushCount|failPushCount

2024-12-10 12:00:06,111 INFO DISTRO:|V1SyncDone|V1SyncFail|V2SyncDone|V2SyncFail|V2VerifyFail|

2024-12-10 12:00:06,111 INFO PERFORMANCE:|2|2|1|-1|-1|5|0

2024-12-10 12:00:06,111 INFO Task worker status: 
naming_0%8, pending tasks: 0
naming_1%8, pending tasks: 0
naming_2%8, pending tasks: 0
naming_3%8, pending tasks: 0
naming_4%8, pending tasks: 0
naming_5%8, pending tasks: 0
naming_6%8, pending tasks: 0
naming_7%8, pending tasks: 0


2024-12-10 12:00:06,111 INFO DISTRO:|0|0|0|

2024-12-10 12:01:06,111 INFO PERFORMANCE:|2|2|1|-1|-1|5|0

2024-12-10 12:01:06,111 INFO Task worker status: 
naming_0%8, pending tasks: 0
naming_1%8, pending tasks: 0
naming_2%8, pending tasks: 0
naming_3%8, pending tasks: 0
naming_4%8, pending tasks: 0
naming_5%8, pending tasks: 0
naming_6%8, pending tasks: 0
naming_7%8, pending tasks: 0


2024-12-10 12:01:06,111 INFO DISTRO:|0|0|0|

2024-12-10 12:02:06,114 INFO PERFORMANCE:|2|2|1|-1|-1|5|0

2024-12-10 12:02:06,114 INFO Task worker status: 
naming_0%8, pending tasks: 0
naming_1%8, pending tasks: 0
naming_2%8, pending tasks: 0
naming_3%8, pending tasks: 0
naming_4%8, pending tasks: 0
naming_5%8, pending tasks: 0
naming_6%8, pending tasks: 0
naming_7%8, pending tasks: 0


2024-12-10 12:02:06,114 INFO DISTRO:|0|0|0|

2024-12-10 12:03:06,120 INFO PERFORMANCE:|2|2|1|-1|-1|5|0

2024-12-10 12:03:06,120 INFO Task worker status: 
naming_0%8, pending tasks: 0
naming_1%8, pending tasks: 0
naming_2%8, pending tasks: 0
naming_3%8, pending tasks: 0
naming_4%8, pending tasks: 0
naming_5%8, pending tasks: 0
naming_6%8, pending tasks: 0
naming_7%8, pending tasks: 0


2024-12-10 12:03:06,120 INFO DISTRO:|0|0|0|

2024-12-10 12:04:06,126 INFO PERFORMANCE:|2|2|1|-1|-1|5|0

2024-12-10 12:04:06,126 INFO Task worker status: 
naming_0%8, pending tasks: 0
naming_1%8, pending tasks: 0
naming_2%8, pending tasks: 0
naming_3%8, pending tasks: 0
naming_4%8, pending tasks: 0
naming_5%8, pending tasks: 0
naming_6%8, pending tasks: 0
naming_7%8, pending tasks: 0


2024-12-10 12:04:06,126 INFO DISTRO:|0|0|0|

2024-12-10 12:05:06,130 INFO PERFORMANCE:|2|2|1|-1|-1|5|0

2024-12-10 12:05:06,131 INFO Task worker status: 
naming_0%8, pending tasks: 0
naming_1%8, pending tasks: 0
naming_2%8, pending tasks: 0
naming_3%8, pending tasks: 0
naming_4%8, pending tasks: 0
naming_5%8, pending tasks: 0
naming_6%8, pending tasks: 0
naming_7%8, pending tasks: 0


2024-12-10 12:05:06,131 INFO DISTRO:|0|0|0|

2024-12-10 12:06:06,134 INFO PERFORMANCE:|2|2|1|-1|-1|5|0

2024-12-10 12:06:06,134 INFO Task worker status: 
naming_0%8, pending tasks: 0
naming_1%8, pending tasks: 0
naming_2%8, pending tasks: 0
naming_3%8, pending tasks: 0
naming_4%8, pending tasks: 0
naming_5%8, pending tasks: 0
naming_6%8, pending tasks: 0
naming_7%8, pending tasks: 0


2024-12-10 12:06:06,134 INFO DISTRO:|0|0|0|

2024-12-10 12:07:06,136 INFO PERFORMANCE:|2|2|1|-1|-1|5|0

2024-12-10 12:07:06,136 INFO Task worker status: 
naming_0%8, pending tasks: 0
naming_1%8, pending tasks: 0
naming_2%8, pending tasks: 0
naming_3%8, pending tasks: 0
naming_4%8, pending tasks: 0
naming_5%8, pending tasks: 0
naming_6%8, pending tasks: 0
naming_7%8, pending tasks: 0


2024-12-10 12:07:06,136 INFO DISTRO:|0|0|0|

2024-12-10 12:08:06,139 INFO PERFORMANCE:|2|2|1|-1|-1|5|0

2024-12-10 12:08:06,139 INFO Task worker status: 
naming_0%8, pending tasks: 0
naming_1%8, pending tasks: 0
naming_2%8, pending tasks: 0
naming_3%8, pending tasks: 0
naming_4%8, pending tasks: 0
naming_5%8, pending tasks: 0
naming_6%8, pending tasks: 0
naming_7%8, pending tasks: 0


2024-12-10 12:08:06,139 INFO DISTRO:|0|0|0|

2024-12-10 12:09:06,150 INFO PERFORMANCE:|2|2|1|-1|-1|5|0

2024-12-10 12:09:06,150 INFO Task worker status: 
naming_0%8, pending tasks: 0
naming_1%8, pending tasks: 0
naming_2%8, pending tasks: 0
naming_3%8, pending tasks: 0
naming_4%8, pending tasks: 0
naming_5%8, pending tasks: 0
naming_6%8, pending tasks: 0
naming_7%8, pending tasks: 0


2024-12-10 12:09:06,150 INFO DISTRO:|0|0|0|

2024-12-10 12:10:06,158 INFO PERFORMANCE:|serviceCount|ipCount|subscribeCount|maxPushCost|avgPushCost|totalPushCount|failPushCount

2024-12-10 12:10:06,158 INFO DISTRO:|V1SyncDone|V1SyncFail|V2SyncDone|V2SyncFail|V2VerifyFail|

2024-12-10 12:10:06,158 INFO PERFORMANCE:|2|2|1|-1|-1|5|0

2024-12-10 12:10:06,158 INFO Task worker status: 
naming_0%8, pending tasks: 0
naming_1%8, pending tasks: 0
naming_2%8, pending tasks: 0
naming_3%8, pending tasks: 0
naming_4%8, pending tasks: 0
naming_5%8, pending tasks: 0
naming_6%8, pending tasks: 0
naming_7%8, pending tasks: 0


2024-12-10 12:10:06,158 INFO DISTRO:|0|0|0|

2024-12-10 12:11:06,164 INFO PERFORMANCE:|2|2|1|-1|-1|5|0

2024-12-10 12:11:06,164 INFO Task worker status: 
naming_0%8, pending tasks: 0
naming_1%8, pending tasks: 0
naming_2%8, pending tasks: 0
naming_3%8, pending tasks: 0
naming_4%8, pending tasks: 0
naming_5%8, pending tasks: 0
naming_6%8, pending tasks: 0
naming_7%8, pending tasks: 0


2024-12-10 12:11:06,164 INFO DISTRO:|0|0|0|

2024-12-10 12:12:06,168 INFO PERFORMANCE:|2|2|1|-1|-1|5|0

2024-12-10 12:12:06,168 INFO Task worker status: 
naming_0%8, pending tasks: 0
naming_1%8, pending tasks: 0
naming_2%8, pending tasks: 0
naming_3%8, pending tasks: 0
naming_4%8, pending tasks: 0
naming_5%8, pending tasks: 0
naming_6%8, pending tasks: 0
naming_7%8, pending tasks: 0


2024-12-10 12:12:06,168 INFO DISTRO:|0|0|0|

2024-12-10 12:13:06,182 INFO PERFORMANCE:|2|2|1|-1|-1|5|0

2024-12-10 12:13:06,182 INFO Task worker status: 
naming_0%8, pending tasks: 0
naming_1%8, pending tasks: 0
naming_2%8, pending tasks: 0
naming_3%8, pending tasks: 0
naming_4%8, pending tasks: 0
naming_5%8, pending tasks: 0
naming_6%8, pending tasks: 0
naming_7%8, pending tasks: 0


2024-12-10 12:13:06,182 INFO DISTRO:|0|0|0|

2024-12-10 12:14:06,185 INFO PERFORMANCE:|2|2|1|-1|-1|5|0

2024-12-10 12:14:06,185 INFO Task worker status: 
naming_0%8, pending tasks: 0
naming_1%8, pending tasks: 0
naming_2%8, pending tasks: 0
naming_3%8, pending tasks: 0
naming_4%8, pending tasks: 0
naming_5%8, pending tasks: 0
naming_6%8, pending tasks: 0
naming_7%8, pending tasks: 0


2024-12-10 12:14:06,185 INFO DISTRO:|0|0|0|

2024-12-10 12:15:06,199 INFO PERFORMANCE:|2|2|1|-1|-1|5|0

2024-12-10 12:15:06,200 INFO Task worker status: 
naming_0%8, pending tasks: 0
naming_1%8, pending tasks: 0
naming_2%8, pending tasks: 0
naming_3%8, pending tasks: 0
naming_4%8, pending tasks: 0
naming_5%8, pending tasks: 0
naming_6%8, pending tasks: 0
naming_7%8, pending tasks: 0


2024-12-10 12:15:06,201 INFO DISTRO:|0|0|0|

2024-12-10 12:16:06,203 INFO PERFORMANCE:|2|2|1|-1|-1|5|0

2024-12-10 12:16:06,203 INFO Task worker status: 
naming_0%8, pending tasks: 0
naming_1%8, pending tasks: 0
naming_2%8, pending tasks: 0
naming_3%8, pending tasks: 0
naming_4%8, pending tasks: 0
naming_5%8, pending tasks: 0
naming_6%8, pending tasks: 0
naming_7%8, pending tasks: 0


2024-12-10 12:16:06,203 INFO DISTRO:|0|0|0|

2024-12-10 12:17:06,217 INFO PERFORMANCE:|2|2|1|-1|-1|5|0

2024-12-10 12:17:06,217 INFO Task worker status: 
naming_0%8, pending tasks: 0
naming_1%8, pending tasks: 0
naming_2%8, pending tasks: 0
naming_3%8, pending tasks: 0
naming_4%8, pending tasks: 0
naming_5%8, pending tasks: 0
naming_6%8, pending tasks: 0
naming_7%8, pending tasks: 0


2024-12-10 12:17:06,217 INFO DISTRO:|0|0|0|

2024-12-10 12:18:06,222 INFO PERFORMANCE:|2|2|1|-1|-1|5|0

2024-12-10 12:18:06,222 INFO Task worker status: 
naming_0%8, pending tasks: 0
naming_1%8, pending tasks: 0
naming_2%8, pending tasks: 0
naming_3%8, pending tasks: 0
naming_4%8, pending tasks: 0
naming_5%8, pending tasks: 0
naming_6%8, pending tasks: 0
naming_7%8, pending tasks: 0


2024-12-10 12:18:06,222 INFO DISTRO:|0|0|0|

2024-12-10 12:19:06,233 INFO PERFORMANCE:|2|2|1|-1|-1|5|0

2024-12-10 12:19:06,233 INFO Task worker status: 
naming_0%8, pending tasks: 0
naming_1%8, pending tasks: 0
naming_2%8, pending tasks: 0
naming_3%8, pending tasks: 0
naming_4%8, pending tasks: 0
naming_5%8, pending tasks: 0
naming_6%8, pending tasks: 0
naming_7%8, pending tasks: 0


2024-12-10 12:19:06,233 INFO DISTRO:|0|0|0|

2024-12-10 12:20:06,243 INFO PERFORMANCE:|serviceCount|ipCount|subscribeCount|maxPushCost|avgPushCost|totalPushCount|failPushCount

2024-12-10 12:20:06,243 INFO DISTRO:|V1SyncDone|V1SyncFail|V2SyncDone|V2SyncFail|V2VerifyFail|

2024-12-10 12:20:06,243 INFO PERFORMANCE:|2|2|1|-1|-1|5|0

2024-12-10 12:20:06,243 INFO Task worker status: 
naming_0%8, pending tasks: 0
naming_1%8, pending tasks: 0
naming_2%8, pending tasks: 0
naming_3%8, pending tasks: 0
naming_4%8, pending tasks: 0
naming_5%8, pending tasks: 0
naming_6%8, pending tasks: 0
naming_7%8, pending tasks: 0


2024-12-10 12:20:06,243 INFO DISTRO:|0|0|0|

2024-12-10 12:21:06,247 INFO PERFORMANCE:|2|2|1|-1|-1|5|0

2024-12-10 12:21:06,247 INFO Task worker status: 
naming_0%8, pending tasks: 0
naming_1%8, pending tasks: 0
naming_2%8, pending tasks: 0
naming_3%8, pending tasks: 0
naming_4%8, pending tasks: 0
naming_5%8, pending tasks: 0
naming_6%8, pending tasks: 0
naming_7%8, pending tasks: 0


2024-12-10 12:21:06,247 INFO DISTRO:|0|0|0|

2024-12-10 12:22:06,252 INFO PERFORMANCE:|2|2|1|-1|-1|5|0

2024-12-10 12:22:06,252 INFO Task worker status: 
naming_0%8, pending tasks: 0
naming_1%8, pending tasks: 0
naming_2%8, pending tasks: 0
naming_3%8, pending tasks: 0
naming_4%8, pending tasks: 0
naming_5%8, pending tasks: 0
naming_6%8, pending tasks: 0
naming_7%8, pending tasks: 0


2024-12-10 12:22:06,252 INFO DISTRO:|0|0|0|

2024-12-10 12:23:06,262 INFO PERFORMANCE:|2|2|1|-1|-1|5|0

2024-12-10 12:23:06,262 INFO Task worker status: 
naming_0%8, pending tasks: 0
naming_1%8, pending tasks: 0
naming_2%8, pending tasks: 0
naming_3%8, pending tasks: 0
naming_4%8, pending tasks: 0
naming_5%8, pending tasks: 0
naming_6%8, pending tasks: 0
naming_7%8, pending tasks: 0


2024-12-10 12:23:06,262 INFO DISTRO:|0|0|0|

2024-12-10 12:24:06,274 INFO PERFORMANCE:|2|2|1|-1|-1|5|0

2024-12-10 12:24:06,274 INFO Task worker status: 
naming_0%8, pending tasks: 0
naming_1%8, pending tasks: 0
naming_2%8, pending tasks: 0
naming_3%8, pending tasks: 0
naming_4%8, pending tasks: 0
naming_5%8, pending tasks: 0
naming_6%8, pending tasks: 0
naming_7%8, pending tasks: 0


2024-12-10 12:24:06,274 INFO DISTRO:|0|0|0|

2024-12-10 12:25:06,280 INFO PERFORMANCE:|2|2|1|-1|-1|5|0

2024-12-10 12:25:06,280 INFO Task worker status: 
naming_0%8, pending tasks: 0
naming_1%8, pending tasks: 0
naming_2%8, pending tasks: 0
naming_3%8, pending tasks: 0
naming_4%8, pending tasks: 0
naming_5%8, pending tasks: 0
naming_6%8, pending tasks: 0
naming_7%8, pending tasks: 0


2024-12-10 12:25:06,280 INFO DISTRO:|0|0|0|

2024-12-10 12:26:06,294 INFO PERFORMANCE:|2|2|1|-1|-1|5|0

2024-12-10 12:26:06,294 INFO Task worker status: 
naming_0%8, pending tasks: 0
naming_1%8, pending tasks: 0
naming_2%8, pending tasks: 0
naming_3%8, pending tasks: 0
naming_4%8, pending tasks: 0
naming_5%8, pending tasks: 0
naming_6%8, pending tasks: 0
naming_7%8, pending tasks: 0


2024-12-10 12:26:06,294 INFO DISTRO:|0|0|0|

2024-12-10 12:27:06,304 INFO PERFORMANCE:|2|2|1|-1|-1|5|0

2024-12-10 12:27:06,304 INFO Task worker status: 
naming_0%8, pending tasks: 0
naming_1%8, pending tasks: 0
naming_2%8, pending tasks: 0
naming_3%8, pending tasks: 0
naming_4%8, pending tasks: 0
naming_5%8, pending tasks: 0
naming_6%8, pending tasks: 0
naming_7%8, pending tasks: 0


2024-12-10 12:27:06,304 INFO DISTRO:|0|0|0|

2024-12-10 12:28:06,311 INFO PERFORMANCE:|2|2|1|-1|-1|5|0

2024-12-10 12:28:06,311 INFO Task worker status: 
naming_0%8, pending tasks: 0
naming_1%8, pending tasks: 0
naming_2%8, pending tasks: 0
naming_3%8, pending tasks: 0
naming_4%8, pending tasks: 0
naming_5%8, pending tasks: 0
naming_6%8, pending tasks: 0
naming_7%8, pending tasks: 0


2024-12-10 12:28:06,311 INFO DISTRO:|0|0|0|

2024-12-10 12:29:06,314 INFO PERFORMANCE:|2|2|1|-1|-1|5|0

2024-12-10 12:29:06,314 INFO Task worker status: 
naming_0%8, pending tasks: 0
naming_1%8, pending tasks: 0
naming_2%8, pending tasks: 0
naming_3%8, pending tasks: 0
naming_4%8, pending tasks: 0
naming_5%8, pending tasks: 0
naming_6%8, pending tasks: 0
naming_7%8, pending tasks: 0


2024-12-10 12:29:06,314 INFO DISTRO:|0|0|0|

2024-12-10 12:30:06,320 INFO PERFORMANCE:|serviceCount|ipCount|subscribeCount|maxPushCost|avgPushCost|totalPushCount|failPushCount

2024-12-10 12:30:06,320 INFO DISTRO:|V1SyncDone|V1SyncFail|V2SyncDone|V2SyncFail|V2VerifyFail|

2024-12-10 12:30:06,320 INFO PERFORMANCE:|2|2|1|-1|-1|5|0

2024-12-10 12:30:06,320 INFO Task worker status: 
naming_0%8, pending tasks: 0
naming_1%8, pending tasks: 0
naming_2%8, pending tasks: 0
naming_3%8, pending tasks: 0
naming_4%8, pending tasks: 0
naming_5%8, pending tasks: 0
naming_6%8, pending tasks: 0
naming_7%8, pending tasks: 0


2024-12-10 12:30:06,320 INFO DISTRO:|0|0|0|

2024-12-10 12:31:06,334 INFO PERFORMANCE:|2|2|1|-1|-1|5|0

2024-12-10 12:31:06,334 INFO Task worker status: 
naming_0%8, pending tasks: 0
naming_1%8, pending tasks: 0
naming_2%8, pending tasks: 0
naming_3%8, pending tasks: 0
naming_4%8, pending tasks: 0
naming_5%8, pending tasks: 0
naming_6%8, pending tasks: 0
naming_7%8, pending tasks: 0


2024-12-10 12:31:06,334 INFO DISTRO:|0|0|0|

2024-12-10 12:32:06,341 INFO PERFORMANCE:|2|2|1|555|547|7|0

2024-12-10 12:32:06,341 INFO Task worker status: 
naming_0%8, pending tasks: 0
naming_1%8, pending tasks: 0
naming_2%8, pending tasks: 0
naming_3%8, pending tasks: 0
naming_4%8, pending tasks: 0
naming_5%8, pending tasks: 0
naming_6%8, pending tasks: 0
naming_7%8, pending tasks: 0


2024-12-10 12:32:06,341 INFO DISTRO:|0|0|0|

2024-12-10 12:33:06,343 INFO PERFORMANCE:|2|2|1|-1|-1|7|0

2024-12-10 12:33:06,343 INFO Task worker status: 
naming_0%8, pending tasks: 0
naming_1%8, pending tasks: 0
naming_2%8, pending tasks: 0
naming_3%8, pending tasks: 0
naming_4%8, pending tasks: 0
naming_5%8, pending tasks: 0
naming_6%8, pending tasks: 0
naming_7%8, pending tasks: 0


2024-12-10 12:33:06,343 INFO DISTRO:|0|0|0|

2024-12-10 12:34:06,358 INFO PERFORMANCE:|2|2|1|-1|-1|7|0

2024-12-10 12:34:06,358 INFO Task worker status: 
naming_0%8, pending tasks: 0
naming_1%8, pending tasks: 0
naming_2%8, pending tasks: 0
naming_3%8, pending tasks: 0
naming_4%8, pending tasks: 0
naming_5%8, pending tasks: 0
naming_6%8, pending tasks: 0
naming_7%8, pending tasks: 0


2024-12-10 12:34:06,358 INFO DISTRO:|0|0|0|

2024-12-10 12:35:06,362 INFO PERFORMANCE:|2|2|1|-1|-1|7|0

2024-12-10 12:35:06,362 INFO Task worker status: 
naming_0%8, pending tasks: 0
naming_1%8, pending tasks: 0
naming_2%8, pending tasks: 0
naming_3%8, pending tasks: 0
naming_4%8, pending tasks: 0
naming_5%8, pending tasks: 0
naming_6%8, pending tasks: 0
naming_7%8, pending tasks: 0


2024-12-10 12:35:06,362 INFO DISTRO:|0|0|0|

2024-12-10 12:36:06,370 INFO PERFORMANCE:|2|2|1|-1|-1|7|0

2024-12-10 12:36:06,370 INFO Task worker status: 
naming_0%8, pending tasks: 0
naming_1%8, pending tasks: 0
naming_2%8, pending tasks: 0
naming_3%8, pending tasks: 0
naming_4%8, pending tasks: 0
naming_5%8, pending tasks: 0
naming_6%8, pending tasks: 0
naming_7%8, pending tasks: 0


2024-12-10 12:36:06,370 INFO DISTRO:|0|0|0|

2024-12-10 12:37:06,380 INFO PERFORMANCE:|2|2|1|-1|-1|7|0

2024-12-10 12:37:06,380 INFO Task worker status: 
naming_0%8, pending tasks: 0
naming_1%8, pending tasks: 0
naming_2%8, pending tasks: 0
naming_3%8, pending tasks: 0
naming_4%8, pending tasks: 0
naming_5%8, pending tasks: 0
naming_6%8, pending tasks: 0
naming_7%8, pending tasks: 0


2024-12-10 12:37:06,380 INFO DISTRO:|0|0|0|

2024-12-10 12:38:06,383 INFO PERFORMANCE:|2|2|1|-1|-1|7|0

2024-12-10 12:38:06,383 INFO Task worker status: 
naming_0%8, pending tasks: 0
naming_1%8, pending tasks: 0
naming_2%8, pending tasks: 0
naming_3%8, pending tasks: 0
naming_4%8, pending tasks: 0
naming_5%8, pending tasks: 0
naming_6%8, pending tasks: 0
naming_7%8, pending tasks: 0


2024-12-10 12:38:06,383 INFO DISTRO:|0|0|0|

2024-12-10 12:39:06,384 INFO PERFORMANCE:|2|2|1|-1|-1|7|0

2024-12-10 12:39:06,384 INFO Task worker status: 
naming_0%8, pending tasks: 0
naming_1%8, pending tasks: 0
naming_2%8, pending tasks: 0
naming_3%8, pending tasks: 0
naming_4%8, pending tasks: 0
naming_5%8, pending tasks: 0
naming_6%8, pending tasks: 0
naming_7%8, pending tasks: 0


2024-12-10 12:39:06,384 INFO DISTRO:|0|0|0|

2024-12-10 12:40:06,393 INFO PERFORMANCE:|serviceCount|ipCount|subscribeCount|maxPushCost|avgPushCost|totalPushCount|failPushCount

2024-12-10 12:40:06,393 INFO DISTRO:|V1SyncDone|V1SyncFail|V2SyncDone|V2SyncFail|V2VerifyFail|

2024-12-10 12:40:06,393 INFO PERFORMANCE:|2|2|1|-1|-1|7|0

2024-12-10 12:40:06,393 INFO Task worker status: 
naming_0%8, pending tasks: 0
naming_1%8, pending tasks: 0
naming_2%8, pending tasks: 0
naming_3%8, pending tasks: 0
naming_4%8, pending tasks: 0
naming_5%8, pending tasks: 0
naming_6%8, pending tasks: 0
naming_7%8, pending tasks: 0


2024-12-10 12:40:06,393 INFO DISTRO:|0|0|0|

2024-12-10 12:41:06,401 INFO PERFORMANCE:|2|2|1|-1|-1|7|0

2024-12-10 12:41:06,401 INFO Task worker status: 
naming_0%8, pending tasks: 0
naming_1%8, pending tasks: 0
naming_2%8, pending tasks: 0
naming_3%8, pending tasks: 0
naming_4%8, pending tasks: 0
naming_5%8, pending tasks: 0
naming_6%8, pending tasks: 0
naming_7%8, pending tasks: 0


2024-12-10 12:41:06,401 INFO DISTRO:|0|0|0|

2024-12-10 12:42:06,413 INFO PERFORMANCE:|2|2|1|-1|-1|7|0

2024-12-10 12:42:06,413 INFO Task worker status: 
naming_0%8, pending tasks: 0
naming_1%8, pending tasks: 0
naming_2%8, pending tasks: 0
naming_3%8, pending tasks: 0
naming_4%8, pending tasks: 0
naming_5%8, pending tasks: 0
naming_6%8, pending tasks: 0
naming_7%8, pending tasks: 0


2024-12-10 12:42:06,413 INFO DISTRO:|0|0|0|

2024-12-10 12:43:06,428 INFO PERFORMANCE:|2|2|1|-1|-1|7|0

2024-12-10 12:43:06,428 INFO Task worker status: 
naming_0%8, pending tasks: 0
naming_1%8, pending tasks: 0
naming_2%8, pending tasks: 0
naming_3%8, pending tasks: 0
naming_4%8, pending tasks: 0
naming_5%8, pending tasks: 0
naming_6%8, pending tasks: 0
naming_7%8, pending tasks: 0


2024-12-10 12:43:06,428 INFO DISTRO:|0|0|0|

2024-12-10 12:44:06,436 INFO PERFORMANCE:|2|2|1|-1|-1|7|0

2024-12-10 12:44:06,436 INFO Task worker status: 
naming_0%8, pending tasks: 0
naming_1%8, pending tasks: 0
naming_2%8, pending tasks: 0
naming_3%8, pending tasks: 0
naming_4%8, pending tasks: 0
naming_5%8, pending tasks: 0
naming_6%8, pending tasks: 0
naming_7%8, pending tasks: 0


2024-12-10 12:44:06,436 INFO DISTRO:|0|0|0|

2024-12-10 12:45:06,452 INFO PERFORMANCE:|2|2|1|-1|-1|7|0

2024-12-10 12:45:06,452 INFO Task worker status: 
naming_0%8, pending tasks: 0
naming_1%8, pending tasks: 0
naming_2%8, pending tasks: 0
naming_3%8, pending tasks: 0
naming_4%8, pending tasks: 0
naming_5%8, pending tasks: 0
naming_6%8, pending tasks: 0
naming_7%8, pending tasks: 0


2024-12-10 12:45:06,452 INFO DISTRO:|0|0|0|

2024-12-10 12:46:06,454 INFO PERFORMANCE:|2|2|1|-1|-1|7|0

2024-12-10 12:46:06,455 INFO Task worker status: 
naming_0%8, pending tasks: 0
naming_1%8, pending tasks: 0
naming_2%8, pending tasks: 0
naming_3%8, pending tasks: 0
naming_4%8, pending tasks: 0
naming_5%8, pending tasks: 0
naming_6%8, pending tasks: 0
naming_7%8, pending tasks: 0


2024-12-10 12:46:06,455 INFO DISTRO:|0|0|0|

2024-12-10 12:47:06,460 INFO PERFORMANCE:|2|2|1|-1|-1|7|0

2024-12-10 12:47:06,460 INFO Task worker status: 
naming_0%8, pending tasks: 0
naming_1%8, pending tasks: 0
naming_2%8, pending tasks: 0
naming_3%8, pending tasks: 0
naming_4%8, pending tasks: 0
naming_5%8, pending tasks: 0
naming_6%8, pending tasks: 0
naming_7%8, pending tasks: 0


2024-12-10 12:47:06,460 INFO DISTRO:|0|0|0|

2024-12-10 12:48:06,472 INFO PERFORMANCE:|2|2|1|-1|-1|7|0

2024-12-10 12:48:06,472 INFO Task worker status: 
naming_0%8, pending tasks: 0
naming_1%8, pending tasks: 0
naming_2%8, pending tasks: 0
naming_3%8, pending tasks: 0
naming_4%8, pending tasks: 0
naming_5%8, pending tasks: 0
naming_6%8, pending tasks: 0
naming_7%8, pending tasks: 0


2024-12-10 12:48:06,472 INFO DISTRO:|0|0|0|

2024-12-10 12:49:06,476 INFO PERFORMANCE:|2|2|1|-1|-1|7|0

2024-12-10 12:49:06,476 INFO Task worker status: 
naming_0%8, pending tasks: 0
naming_1%8, pending tasks: 0
naming_2%8, pending tasks: 0
naming_3%8, pending tasks: 0
naming_4%8, pending tasks: 0
naming_5%8, pending tasks: 0
naming_6%8, pending tasks: 0
naming_7%8, pending tasks: 0


2024-12-10 12:49:06,476 INFO DISTRO:|0|0|0|

2024-12-10 12:50:06,481 INFO PERFORMANCE:|serviceCount|ipCount|subscribeCount|maxPushCost|avgPushCost|totalPushCount|failPushCount

2024-12-10 12:50:06,481 INFO DISTRO:|V1SyncDone|V1SyncFail|V2SyncDone|V2SyncFail|V2VerifyFail|

2024-12-10 12:50:06,481 INFO PERFORMANCE:|2|2|1|-1|-1|7|0

2024-12-10 12:50:06,481 INFO Task worker status: 
naming_0%8, pending tasks: 0
naming_1%8, pending tasks: 0
naming_2%8, pending tasks: 0
naming_3%8, pending tasks: 0
naming_4%8, pending tasks: 0
naming_5%8, pending tasks: 0
naming_6%8, pending tasks: 0
naming_7%8, pending tasks: 0


2024-12-10 12:50:06,481 INFO DISTRO:|0|0|0|

2024-12-10 12:51:06,482 INFO PERFORMANCE:|2|2|1|564|553|9|0

2024-12-10 12:51:06,482 INFO Task worker status: 
naming_0%8, pending tasks: 0
naming_1%8, pending tasks: 0
naming_2%8, pending tasks: 0
naming_3%8, pending tasks: 0
naming_4%8, pending tasks: 0
naming_5%8, pending tasks: 0
naming_6%8, pending tasks: 0
naming_7%8, pending tasks: 0


2024-12-10 12:51:06,482 INFO DISTRO:|0|0|0|

2024-12-10 12:52:06,498 INFO PERFORMANCE:|2|2|1|-1|-1|9|0

2024-12-10 12:52:06,498 INFO Task worker status: 
naming_0%8, pending tasks: 0
naming_1%8, pending tasks: 0
naming_2%8, pending tasks: 0
naming_3%8, pending tasks: 0
naming_4%8, pending tasks: 0
naming_5%8, pending tasks: 0
naming_6%8, pending tasks: 0
naming_7%8, pending tasks: 0


2024-12-10 12:52:06,498 INFO DISTRO:|0|0|0|

2024-12-10 12:53:06,508 INFO PERFORMANCE:|2|2|1|-1|-1|9|0

2024-12-10 12:53:06,508 INFO Task worker status: 
naming_0%8, pending tasks: 0
naming_1%8, pending tasks: 0
naming_2%8, pending tasks: 0
naming_3%8, pending tasks: 0
naming_4%8, pending tasks: 0
naming_5%8, pending tasks: 0
naming_6%8, pending tasks: 0
naming_7%8, pending tasks: 0


2024-12-10 12:53:06,508 INFO DISTRO:|0|0|0|

2024-12-10 12:54:06,522 INFO PERFORMANCE:|2|2|1|-1|-1|9|0

2024-12-10 12:54:06,522 INFO Task worker status: 
naming_0%8, pending tasks: 0
naming_1%8, pending tasks: 0
naming_2%8, pending tasks: 0
naming_3%8, pending tasks: 0
naming_4%8, pending tasks: 0
naming_5%8, pending tasks: 0
naming_6%8, pending tasks: 0
naming_7%8, pending tasks: 0


2024-12-10 12:54:06,522 INFO DISTRO:|0|0|0|

2024-12-10 12:55:06,528 INFO PERFORMANCE:|2|2|1|-1|-1|9|0

2024-12-10 12:55:06,528 INFO Task worker status: 
naming_0%8, pending tasks: 0
naming_1%8, pending tasks: 0
naming_2%8, pending tasks: 0
naming_3%8, pending tasks: 0
naming_4%8, pending tasks: 0
naming_5%8, pending tasks: 0
naming_6%8, pending tasks: 0
naming_7%8, pending tasks: 0


2024-12-10 12:55:06,528 INFO DISTRO:|0|0|0|

2024-12-10 12:56:06,533 INFO PERFORMANCE:|2|2|1|-1|-1|9|0

2024-12-10 12:56:06,533 INFO Task worker status: 
naming_0%8, pending tasks: 0
naming_1%8, pending tasks: 0
naming_2%8, pending tasks: 0
naming_3%8, pending tasks: 0
naming_4%8, pending tasks: 0
naming_5%8, pending tasks: 0
naming_6%8, pending tasks: 0
naming_7%8, pending tasks: 0


2024-12-10 12:56:06,533 INFO DISTRO:|0|0|0|

2024-12-10 12:57:06,542 INFO PERFORMANCE:|2|2|1|-1|-1|9|0

2024-12-10 12:57:06,542 INFO Task worker status: 
naming_0%8, pending tasks: 0
naming_1%8, pending tasks: 0
naming_2%8, pending tasks: 0
naming_3%8, pending tasks: 0
naming_4%8, pending tasks: 0
naming_5%8, pending tasks: 0
naming_6%8, pending tasks: 0
naming_7%8, pending tasks: 0


2024-12-10 12:57:06,542 INFO DISTRO:|0|0|0|

2024-12-10 12:58:06,543 INFO PERFORMANCE:|2|2|1|-1|-1|9|0

2024-12-10 12:58:06,543 INFO Task worker status: 
naming_0%8, pending tasks: 0
naming_1%8, pending tasks: 0
naming_2%8, pending tasks: 0
naming_3%8, pending tasks: 0
naming_4%8, pending tasks: 0
naming_5%8, pending tasks: 0
naming_6%8, pending tasks: 0
naming_7%8, pending tasks: 0


2024-12-10 12:58:06,543 INFO DISTRO:|0|0|0|

2024-12-10 12:59:06,548 INFO PERFORMANCE:|2|2|1|-1|-1|9|0

2024-12-10 12:59:06,548 INFO Task worker status: 
naming_0%8, pending tasks: 0
naming_1%8, pending tasks: 0
naming_2%8, pending tasks: 0
naming_3%8, pending tasks: 0
naming_4%8, pending tasks: 0
naming_5%8, pending tasks: 0
naming_6%8, pending tasks: 0
naming_7%8, pending tasks: 0


2024-12-10 12:59:06,548 INFO DISTRO:|0|0|0|

2024-12-10 13:00:06,552 INFO PERFORMANCE:|serviceCount|ipCount|subscribeCount|maxPushCost|avgPushCost|totalPushCount|failPushCount

2024-12-10 13:00:06,552 INFO DISTRO:|V1SyncDone|V1SyncFail|V2SyncDone|V2SyncFail|V2VerifyFail|

2024-12-10 13:00:06,552 INFO PERFORMANCE:|2|2|1|-1|-1|9|0

2024-12-10 13:00:06,552 INFO Task worker status: 
naming_0%8, pending tasks: 0
naming_1%8, pending tasks: 0
naming_2%8, pending tasks: 0
naming_3%8, pending tasks: 0
naming_4%8, pending tasks: 0
naming_5%8, pending tasks: 0
naming_6%8, pending tasks: 0
naming_7%8, pending tasks: 0


2024-12-10 13:00:06,552 INFO DISTRO:|0|0|0|

2024-12-10 13:01:06,559 INFO PERFORMANCE:|2|2|1|-1|-1|9|0

2024-12-10 13:01:06,559 INFO Task worker status: 
naming_0%8, pending tasks: 0
naming_1%8, pending tasks: 0
naming_2%8, pending tasks: 0
naming_3%8, pending tasks: 0
naming_4%8, pending tasks: 0
naming_5%8, pending tasks: 0
naming_6%8, pending tasks: 0
naming_7%8, pending tasks: 0


2024-12-10 13:01:06,559 INFO DISTRO:|0|0|0|

2024-12-10 13:02:06,561 INFO PERFORMANCE:|2|2|1|-1|-1|9|0

2024-12-10 13:02:06,561 INFO Task worker status: 
naming_0%8, pending tasks: 0
naming_1%8, pending tasks: 0
naming_2%8, pending tasks: 0
naming_3%8, pending tasks: 0
naming_4%8, pending tasks: 0
naming_5%8, pending tasks: 0
naming_6%8, pending tasks: 0
naming_7%8, pending tasks: 0


2024-12-10 13:02:06,561 INFO DISTRO:|0|0|0|

2024-12-10 13:03:06,577 INFO PERFORMANCE:|2|2|1|-1|-1|9|0

2024-12-10 13:03:06,577 INFO Task worker status: 
naming_0%8, pending tasks: 0
naming_1%8, pending tasks: 0
naming_2%8, pending tasks: 0
naming_3%8, pending tasks: 0
naming_4%8, pending tasks: 0
naming_5%8, pending tasks: 0
naming_6%8, pending tasks: 0
naming_7%8, pending tasks: 0


2024-12-10 13:03:06,577 INFO DISTRO:|0|0|0|

2024-12-10 13:04:06,591 INFO PERFORMANCE:|2|2|1|-1|-1|9|0

2024-12-10 13:04:06,591 INFO Task worker status: 
naming_0%8, pending tasks: 0
naming_1%8, pending tasks: 0
naming_2%8, pending tasks: 0
naming_3%8, pending tasks: 0
naming_4%8, pending tasks: 0
naming_5%8, pending tasks: 0
naming_6%8, pending tasks: 0
naming_7%8, pending tasks: 0


2024-12-10 13:04:06,591 INFO DISTRO:|0|0|0|

2024-12-10 13:05:06,594 INFO PERFORMANCE:|2|2|1|-1|-1|9|0

2024-12-10 13:05:06,594 INFO Task worker status: 
naming_0%8, pending tasks: 0
naming_1%8, pending tasks: 0
naming_2%8, pending tasks: 0
naming_3%8, pending tasks: 0
naming_4%8, pending tasks: 0
naming_5%8, pending tasks: 0
naming_6%8, pending tasks: 0
naming_7%8, pending tasks: 0


2024-12-10 13:05:06,594 INFO DISTRO:|0|0|0|

2024-12-10 13:06:06,601 INFO PERFORMANCE:|2|2|1|-1|-1|9|0

2024-12-10 13:06:06,601 INFO Task worker status: 
naming_0%8, pending tasks: 0
naming_1%8, pending tasks: 0
naming_2%8, pending tasks: 0
naming_3%8, pending tasks: 0
naming_4%8, pending tasks: 0
naming_5%8, pending tasks: 0
naming_6%8, pending tasks: 0
naming_7%8, pending tasks: 0


2024-12-10 13:06:06,601 INFO DISTRO:|0|0|0|

2024-12-10 13:07:06,613 INFO PERFORMANCE:|2|2|1|-1|-1|9|0

2024-12-10 13:07:06,613 INFO Task worker status: 
naming_0%8, pending tasks: 0
naming_1%8, pending tasks: 0
naming_2%8, pending tasks: 0
naming_3%8, pending tasks: 0
naming_4%8, pending tasks: 0
naming_5%8, pending tasks: 0
naming_6%8, pending tasks: 0
naming_7%8, pending tasks: 0


2024-12-10 13:07:06,613 INFO DISTRO:|0|0|0|

2024-12-10 13:08:06,627 INFO PERFORMANCE:|2|2|1|-1|-1|9|0

2024-12-10 13:08:06,627 INFO Task worker status: 
naming_0%8, pending tasks: 0
naming_1%8, pending tasks: 0
naming_2%8, pending tasks: 0
naming_3%8, pending tasks: 0
naming_4%8, pending tasks: 0
naming_5%8, pending tasks: 0
naming_6%8, pending tasks: 0
naming_7%8, pending tasks: 0


2024-12-10 13:08:06,627 INFO DISTRO:|0|0|0|

2024-12-10 13:09:06,631 INFO PERFORMANCE:|2|2|1|-1|-1|9|0

2024-12-10 13:09:06,631 INFO Task worker status: 
naming_0%8, pending tasks: 0
naming_1%8, pending tasks: 0
naming_2%8, pending tasks: 0
naming_3%8, pending tasks: 0
naming_4%8, pending tasks: 0
naming_5%8, pending tasks: 0
naming_6%8, pending tasks: 0
naming_7%8, pending tasks: 0


2024-12-10 13:09:06,631 INFO DISTRO:|0|0|0|

2024-12-10 13:10:06,640 INFO PERFORMANCE:|serviceCount|ipCount|subscribeCount|maxPushCost|avgPushCost|totalPushCount|failPushCount

2024-12-10 13:10:06,640 INFO DISTRO:|V1SyncDone|V1SyncFail|V2SyncDone|V2SyncFail|V2VerifyFail|

2024-12-10 13:10:06,640 INFO PERFORMANCE:|2|2|1|-1|-1|9|0

2024-12-10 13:10:06,640 INFO Task worker status: 
naming_0%8, pending tasks: 0
naming_1%8, pending tasks: 0
naming_2%8, pending tasks: 0
naming_3%8, pending tasks: 0
naming_4%8, pending tasks: 0
naming_5%8, pending tasks: 0
naming_6%8, pending tasks: 0
naming_7%8, pending tasks: 0


2024-12-10 13:10:06,640 INFO DISTRO:|0|0|0|

2024-12-10 13:11:06,655 INFO PERFORMANCE:|2|2|1|597|597|10|0

2024-12-10 13:11:06,655 INFO Task worker status: 
naming_0%8, pending tasks: 0
naming_1%8, pending tasks: 0
naming_2%8, pending tasks: 0
naming_3%8, pending tasks: 0
naming_4%8, pending tasks: 0
naming_5%8, pending tasks: 0
naming_6%8, pending tasks: 0
naming_7%8, pending tasks: 0


2024-12-10 13:11:06,655 INFO DISTRO:|0|0|0|

2024-12-10 13:12:06,659 INFO PERFORMANCE:|2|2|1|602|602|11|0

2024-12-10 13:12:06,659 INFO Task worker status: 
naming_0%8, pending tasks: 0
naming_1%8, pending tasks: 0
naming_2%8, pending tasks: 0
naming_3%8, pending tasks: 0
naming_4%8, pending tasks: 0
naming_5%8, pending tasks: 0
naming_6%8, pending tasks: 0
naming_7%8, pending tasks: 0


2024-12-10 13:12:06,659 INFO DISTRO:|0|0|0|

2024-12-10 13:13:06,670 INFO PERFORMANCE:|2|2|1|-1|-1|11|0

2024-12-10 13:13:06,670 INFO Task worker status: 
naming_0%8, pending tasks: 0
naming_1%8, pending tasks: 0
naming_2%8, pending tasks: 0
naming_3%8, pending tasks: 0
naming_4%8, pending tasks: 0
naming_5%8, pending tasks: 0
naming_6%8, pending tasks: 0
naming_7%8, pending tasks: 0


2024-12-10 13:13:06,671 INFO DISTRO:|0|0|0|

2024-12-10 13:14:06,674 INFO PERFORMANCE:|2|2|1|-1|-1|11|0

2024-12-10 13:14:06,674 INFO Task worker status: 
naming_0%8, pending tasks: 0
naming_1%8, pending tasks: 0
naming_2%8, pending tasks: 0
naming_3%8, pending tasks: 0
naming_4%8, pending tasks: 0
naming_5%8, pending tasks: 0
naming_6%8, pending tasks: 0
naming_7%8, pending tasks: 0


2024-12-10 13:14:06,674 INFO DISTRO:|0|0|0|

2024-12-10 13:15:06,678 INFO PERFORMANCE:|2|2|1|508|508|12|0

2024-12-10 13:15:06,678 INFO Task worker status: 
naming_0%8, pending tasks: 0
naming_1%8, pending tasks: 0
naming_2%8, pending tasks: 0
naming_3%8, pending tasks: 0
naming_4%8, pending tasks: 0
naming_5%8, pending tasks: 0
naming_6%8, pending tasks: 0
naming_7%8, pending tasks: 0


2024-12-10 13:15:06,678 INFO DISTRO:|0|0|0|

2024-12-10 13:16:06,681 INFO PERFORMANCE:|2|2|1|-1|-1|12|0

2024-12-10 13:16:06,681 INFO Task worker status: 
naming_0%8, pending tasks: 0
naming_1%8, pending tasks: 0
naming_2%8, pending tasks: 0
naming_3%8, pending tasks: 0
naming_4%8, pending tasks: 0
naming_5%8, pending tasks: 0
naming_6%8, pending tasks: 0
naming_7%8, pending tasks: 0


2024-12-10 13:16:06,681 INFO DISTRO:|0|0|0|

2024-12-10 13:17:06,683 INFO PERFORMANCE:|2|2|1|-1|-1|12|0

2024-12-10 13:17:06,683 INFO Task worker status: 
naming_0%8, pending tasks: 0
naming_1%8, pending tasks: 0
naming_2%8, pending tasks: 0
naming_3%8, pending tasks: 0
naming_4%8, pending tasks: 0
naming_5%8, pending tasks: 0
naming_6%8, pending tasks: 0
naming_7%8, pending tasks: 0


2024-12-10 13:17:06,683 INFO DISTRO:|0|0|0|

2024-12-10 13:18:06,697 INFO PERFORMANCE:|2|2|1|523|523|13|0

2024-12-10 13:18:06,697 INFO Task worker status: 
naming_0%8, pending tasks: 0
naming_1%8, pending tasks: 0
naming_2%8, pending tasks: 0
naming_3%8, pending tasks: 0
naming_4%8, pending tasks: 0
naming_5%8, pending tasks: 0
naming_6%8, pending tasks: 0
naming_7%8, pending tasks: 0


2024-12-10 13:18:06,697 INFO DISTRO:|0|0|0|

2024-12-10 13:19:06,705 INFO PERFORMANCE:|2|2|1|-1|-1|13|0

2024-12-10 13:19:06,705 INFO Task worker status: 
naming_0%8, pending tasks: 0
naming_1%8, pending tasks: 0
naming_2%8, pending tasks: 0
naming_3%8, pending tasks: 0
naming_4%8, pending tasks: 0
naming_5%8, pending tasks: 0
naming_6%8, pending tasks: 0
naming_7%8, pending tasks: 0


2024-12-10 13:19:06,705 INFO DISTRO:|0|0|0|

2024-12-10 13:20:06,710 INFO PERFORMANCE:|serviceCount|ipCount|subscribeCount|maxPushCost|avgPushCost|totalPushCount|failPushCount

2024-12-10 13:20:06,710 INFO DISTRO:|V1SyncDone|V1SyncFail|V2SyncDone|V2SyncFail|V2VerifyFail|

2024-12-10 13:20:06,710 INFO PERFORMANCE:|2|2|1|-1|-1|13|0

2024-12-10 13:20:06,710 INFO Task worker status: 
naming_0%8, pending tasks: 0
naming_1%8, pending tasks: 0
naming_2%8, pending tasks: 0
naming_3%8, pending tasks: 0
naming_4%8, pending tasks: 0
naming_5%8, pending tasks: 0
naming_6%8, pending tasks: 0
naming_7%8, pending tasks: 0


2024-12-10 13:20:06,710 INFO DISTRO:|0|0|0|

2024-12-10 13:21:06,722 INFO PERFORMANCE:|2|2|1|-1|-1|13|0

2024-12-10 13:21:06,722 INFO Task worker status: 
naming_0%8, pending tasks: 0
naming_1%8, pending tasks: 0
naming_2%8, pending tasks: 0
naming_3%8, pending tasks: 0
naming_4%8, pending tasks: 0
naming_5%8, pending tasks: 0
naming_6%8, pending tasks: 0
naming_7%8, pending tasks: 0


2024-12-10 13:21:06,722 INFO DISTRO:|0|0|0|

2024-12-10 13:22:06,724 INFO PERFORMANCE:|2|2|1|-1|-1|13|0

2024-12-10 13:22:06,724 INFO Task worker status: 
naming_0%8, pending tasks: 0
naming_1%8, pending tasks: 0
naming_2%8, pending tasks: 0
naming_3%8, pending tasks: 0
naming_4%8, pending tasks: 0
naming_5%8, pending tasks: 0
naming_6%8, pending tasks: 0
naming_7%8, pending tasks: 0


2024-12-10 13:22:06,724 INFO DISTRO:|0|0|0|

2024-12-10 13:23:06,730 INFO PERFORMANCE:|2|2|1|-1|-1|13|0

2024-12-10 13:23:06,730 INFO Task worker status: 
naming_0%8, pending tasks: 0
naming_1%8, pending tasks: 0
naming_2%8, pending tasks: 0
naming_3%8, pending tasks: 0
naming_4%8, pending tasks: 0
naming_5%8, pending tasks: 0
naming_6%8, pending tasks: 0
naming_7%8, pending tasks: 0


2024-12-10 13:23:06,730 INFO DISTRO:|0|0|0|

2024-12-10 13:24:06,743 INFO PERFORMANCE:|2|2|1|-1|-1|13|0

2024-12-10 13:24:06,743 INFO Task worker status: 
naming_0%8, pending tasks: 0
naming_1%8, pending tasks: 0
naming_2%8, pending tasks: 0
naming_3%8, pending tasks: 0
naming_4%8, pending tasks: 0
naming_5%8, pending tasks: 0
naming_6%8, pending tasks: 0
naming_7%8, pending tasks: 0


2024-12-10 13:24:06,743 INFO DISTRO:|0|0|0|

2024-12-10 13:25:06,752 INFO PERFORMANCE:|2|2|1|-1|-1|13|0

2024-12-10 13:25:06,752 INFO Task worker status: 
naming_0%8, pending tasks: 0
naming_1%8, pending tasks: 0
naming_2%8, pending tasks: 0
naming_3%8, pending tasks: 0
naming_4%8, pending tasks: 0
naming_5%8, pending tasks: 0
naming_6%8, pending tasks: 0
naming_7%8, pending tasks: 0


2024-12-10 13:25:06,752 INFO DISTRO:|0|0|0|

2024-12-10 13:26:06,752 INFO PERFORMANCE:|2|2|1|-1|-1|13|0

2024-12-10 13:26:06,752 INFO Task worker status: 
naming_0%8, pending tasks: 0
naming_1%8, pending tasks: 0
naming_2%8, pending tasks: 0
naming_3%8, pending tasks: 0
naming_4%8, pending tasks: 0
naming_5%8, pending tasks: 0
naming_6%8, pending tasks: 0
naming_7%8, pending tasks: 0


2024-12-10 13:26:06,752 INFO DISTRO:|0|0|0|

2024-12-10 13:27:06,755 INFO PERFORMANCE:|2|2|1|-1|-1|13|0

2024-12-10 13:27:06,755 INFO Task worker status: 
naming_0%8, pending tasks: 0
naming_1%8, pending tasks: 0
naming_2%8, pending tasks: 0
naming_3%8, pending tasks: 0
naming_4%8, pending tasks: 0
naming_5%8, pending tasks: 0
naming_6%8, pending tasks: 0
naming_7%8, pending tasks: 0


2024-12-10 13:27:06,755 INFO DISTRO:|0|0|0|

2024-12-10 13:28:06,759 INFO PERFORMANCE:|2|2|1|-1|-1|13|0

2024-12-10 13:28:06,759 INFO Task worker status: 
naming_0%8, pending tasks: 0
naming_1%8, pending tasks: 0
naming_2%8, pending tasks: 0
naming_3%8, pending tasks: 0
naming_4%8, pending tasks: 0
naming_5%8, pending tasks: 0
naming_6%8, pending tasks: 0
naming_7%8, pending tasks: 0


2024-12-10 13:28:06,759 INFO DISTRO:|0|0|0|

2024-12-10 13:29:06,761 INFO PERFORMANCE:|2|2|1|-1|-1|13|0

2024-12-10 13:29:06,761 INFO Task worker status: 
naming_0%8, pending tasks: 0
naming_1%8, pending tasks: 0
naming_2%8, pending tasks: 0
naming_3%8, pending tasks: 0
naming_4%8, pending tasks: 0
naming_5%8, pending tasks: 0
naming_6%8, pending tasks: 0
naming_7%8, pending tasks: 0


2024-12-10 13:29:06,761 INFO DISTRO:|0|0|0|

2024-12-10 13:30:06,770 INFO PERFORMANCE:|serviceCount|ipCount|subscribeCount|maxPushCost|avgPushCost|totalPushCount|failPushCount

2024-12-10 13:30:06,770 INFO DISTRO:|V1SyncDone|V1SyncFail|V2SyncDone|V2SyncFail|V2VerifyFail|

2024-12-10 13:30:06,770 INFO PERFORMANCE:|2|2|1|-1|-1|13|0

2024-12-10 13:30:06,771 INFO Task worker status: 
naming_0%8, pending tasks: 0
naming_1%8, pending tasks: 0
naming_2%8, pending tasks: 0
naming_3%8, pending tasks: 0
naming_4%8, pending tasks: 0
naming_5%8, pending tasks: 0
naming_6%8, pending tasks: 0
naming_7%8, pending tasks: 0


2024-12-10 13:30:06,771 INFO DISTRO:|0|0|0|

2024-12-10 13:31:06,775 INFO PERFORMANCE:|2|2|1|-1|-1|13|0

2024-12-10 13:31:06,775 INFO Task worker status: 
naming_0%8, pending tasks: 0
naming_1%8, pending tasks: 0
naming_2%8, pending tasks: 0
naming_3%8, pending tasks: 0
naming_4%8, pending tasks: 0
naming_5%8, pending tasks: 0
naming_6%8, pending tasks: 0
naming_7%8, pending tasks: 0


2024-12-10 13:31:06,775 INFO DISTRO:|0|0|0|

2024-12-10 13:32:06,786 INFO PERFORMANCE:|2|2|1|-1|-1|13|0

2024-12-10 13:32:06,786 INFO Task worker status: 
naming_0%8, pending tasks: 0
naming_1%8, pending tasks: 0
naming_2%8, pending tasks: 0
naming_3%8, pending tasks: 0
naming_4%8, pending tasks: 0
naming_5%8, pending tasks: 0
naming_6%8, pending tasks: 0
naming_7%8, pending tasks: 0


2024-12-10 13:32:06,786 INFO DISTRO:|0|0|0|

2024-12-10 13:33:06,788 INFO PERFORMANCE:|2|2|1|-1|-1|13|0

2024-12-10 13:33:06,788 INFO Task worker status: 
naming_0%8, pending tasks: 0
naming_1%8, pending tasks: 0
naming_2%8, pending tasks: 0
naming_3%8, pending tasks: 0
naming_4%8, pending tasks: 0
naming_5%8, pending tasks: 0
naming_6%8, pending tasks: 0
naming_7%8, pending tasks: 0


2024-12-10 13:33:06,788 INFO DISTRO:|0|0|0|

2024-12-10 13:34:06,799 INFO PERFORMANCE:|2|2|1|-1|-1|13|0

2024-12-10 13:34:06,799 INFO Task worker status: 
naming_0%8, pending tasks: 0
naming_1%8, pending tasks: 0
naming_2%8, pending tasks: 0
naming_3%8, pending tasks: 0
naming_4%8, pending tasks: 0
naming_5%8, pending tasks: 0
naming_6%8, pending tasks: 0
naming_7%8, pending tasks: 0


2024-12-10 13:34:06,799 INFO DISTRO:|0|0|0|

2024-12-10 13:35:06,800 INFO PERFORMANCE:|2|2|1|-1|-1|13|0

2024-12-10 13:35:06,800 INFO Task worker status: 
naming_0%8, pending tasks: 0
naming_1%8, pending tasks: 0
naming_2%8, pending tasks: 0
naming_3%8, pending tasks: 0
naming_4%8, pending tasks: 0
naming_5%8, pending tasks: 0
naming_6%8, pending tasks: 0
naming_7%8, pending tasks: 0


2024-12-10 13:35:06,800 INFO DISTRO:|0|0|0|

2024-12-10 13:36:06,812 INFO PERFORMANCE:|2|2|1|-1|-1|13|0

2024-12-10 13:36:06,812 INFO Task worker status: 
naming_0%8, pending tasks: 0
naming_1%8, pending tasks: 0
naming_2%8, pending tasks: 0
naming_3%8, pending tasks: 0
naming_4%8, pending tasks: 0
naming_5%8, pending tasks: 0
naming_6%8, pending tasks: 0
naming_7%8, pending tasks: 0


2024-12-10 13:36:06,812 INFO DISTRO:|0|0|0|

2024-12-10 13:37:06,821 INFO PERFORMANCE:|2|2|1|-1|-1|13|0

2024-12-10 13:37:06,821 INFO Task worker status: 
naming_0%8, pending tasks: 0
naming_1%8, pending tasks: 0
naming_2%8, pending tasks: 0
naming_3%8, pending tasks: 0
naming_4%8, pending tasks: 0
naming_5%8, pending tasks: 0
naming_6%8, pending tasks: 0
naming_7%8, pending tasks: 0


2024-12-10 13:37:06,821 INFO DISTRO:|0|0|0|

2024-12-10 13:38:06,827 INFO PERFORMANCE:|2|2|1|-1|-1|13|0

2024-12-10 13:38:06,827 INFO Task worker status: 
naming_0%8, pending tasks: 0
naming_1%8, pending tasks: 0
naming_2%8, pending tasks: 0
naming_3%8, pending tasks: 0
naming_4%8, pending tasks: 0
naming_5%8, pending tasks: 0
naming_6%8, pending tasks: 0
naming_7%8, pending tasks: 0


2024-12-10 13:38:06,827 INFO DISTRO:|0|0|0|

2024-12-10 13:39:06,834 INFO PERFORMANCE:|2|2|1|-1|-1|13|0

2024-12-10 13:39:06,834 INFO Task worker status: 
naming_0%8, pending tasks: 0
naming_1%8, pending tasks: 0
naming_2%8, pending tasks: 0
naming_3%8, pending tasks: 0
naming_4%8, pending tasks: 0
naming_5%8, pending tasks: 0
naming_6%8, pending tasks: 0
naming_7%8, pending tasks: 0


2024-12-10 13:39:06,834 INFO DISTRO:|0|0|0|

2024-12-10 13:40:06,835 INFO PERFORMANCE:|serviceCount|ipCount|subscribeCount|maxPushCost|avgPushCost|totalPushCount|failPushCount

2024-12-10 13:40:06,835 INFO DISTRO:|V1SyncDone|V1SyncFail|V2SyncDone|V2SyncFail|V2VerifyFail|

2024-12-10 13:40:06,835 INFO PERFORMANCE:|2|2|1|-1|-1|13|0

2024-12-10 13:40:06,835 INFO Task worker status: 
naming_0%8, pending tasks: 0
naming_1%8, pending tasks: 0
naming_2%8, pending tasks: 0
naming_3%8, pending tasks: 0
naming_4%8, pending tasks: 0
naming_5%8, pending tasks: 0
naming_6%8, pending tasks: 0
naming_7%8, pending tasks: 0


2024-12-10 13:40:06,835 INFO DISTRO:|0|0|0|

2024-12-10 13:41:06,850 INFO PERFORMANCE:|2|2|0|-1|-1|13|0

2024-12-10 13:41:06,850 INFO Task worker status: 
naming_0%8, pending tasks: 0
naming_1%8, pending tasks: 0
naming_2%8, pending tasks: 0
naming_3%8, pending tasks: 0
naming_4%8, pending tasks: 0
naming_5%8, pending tasks: 0
naming_6%8, pending tasks: 0
naming_7%8, pending tasks: 0


2024-12-10 13:41:06,850 INFO DISTRO:|0|0|0|

2024-12-10 13:42:06,858 INFO PERFORMANCE:|2|2|0|-1|-1|13|0

2024-12-10 13:42:06,858 INFO Task worker status: 
naming_0%8, pending tasks: 0
naming_1%8, pending tasks: 0
naming_2%8, pending tasks: 0
naming_3%8, pending tasks: 0
naming_4%8, pending tasks: 0
naming_5%8, pending tasks: 0
naming_6%8, pending tasks: 0
naming_7%8, pending tasks: 0


2024-12-10 13:42:06,858 INFO DISTRO:|0|0|0|

2024-12-10 13:43:06,863 INFO PERFORMANCE:|2|1|0|612|612|14|0

2024-12-10 13:43:06,863 INFO Task worker status: 
naming_0%8, pending tasks: 0
naming_1%8, pending tasks: 0
naming_2%8, pending tasks: 0
naming_3%8, pending tasks: 0
naming_4%8, pending tasks: 0
naming_5%8, pending tasks: 0
naming_6%8, pending tasks: 0
naming_7%8, pending tasks: 0


2024-12-10 13:43:06,863 INFO DISTRO:|0|0|0|

2024-12-10 13:44:06,868 INFO PERFORMANCE:|2|2|1|549|549|15|0

2024-12-10 13:44:06,868 INFO Task worker status: 
naming_0%8, pending tasks: 0
naming_1%8, pending tasks: 0
naming_2%8, pending tasks: 0
naming_3%8, pending tasks: 0
naming_4%8, pending tasks: 0
naming_5%8, pending tasks: 0
naming_6%8, pending tasks: 0
naming_7%8, pending tasks: 0


2024-12-10 13:44:06,868 INFO DISTRO:|0|0|0|

2024-12-10 13:45:06,883 INFO PERFORMANCE:|2|0|0|-1|-1|15|0

2024-12-10 13:45:06,883 INFO Task worker status: 
naming_0%8, pending tasks: 0
naming_1%8, pending tasks: 0
naming_2%8, pending tasks: 0
naming_3%8, pending tasks: 0
naming_4%8, pending tasks: 0
naming_5%8, pending tasks: 0
naming_6%8, pending tasks: 0
naming_7%8, pending tasks: 0


2024-12-10 13:45:06,883 INFO DISTRO:|0|0|0|

2024-12-10 13:46:06,896 INFO PERFORMANCE:|2|0|0|-1|-1|15|0

2024-12-10 13:46:06,896 INFO Task worker status: 
naming_0%8, pending tasks: 0
naming_1%8, pending tasks: 0
naming_2%8, pending tasks: 0
naming_3%8, pending tasks: 0
naming_4%8, pending tasks: 0
naming_5%8, pending tasks: 0
naming_6%8, pending tasks: 0
naming_7%8, pending tasks: 0


2024-12-10 13:46:06,896 INFO DISTRO:|0|0|0|

2024-12-10 13:47:06,899 INFO PERFORMANCE:|0|0|0|-1|-1|15|0

2024-12-10 13:47:06,899 INFO Task worker status: 
naming_0%8, pending tasks: 0
naming_1%8, pending tasks: 0
naming_2%8, pending tasks: 0
naming_3%8, pending tasks: 0
naming_4%8, pending tasks: 0
naming_5%8, pending tasks: 0
naming_6%8, pending tasks: 0
naming_7%8, pending tasks: 0


2024-12-10 13:47:06,899 INFO DISTRO:|0|0|0|

2024-12-10 13:48:06,915 INFO PERFORMANCE:|0|0|0|-1|-1|15|0

2024-12-10 13:48:06,915 INFO Task worker status: 
naming_0%8, pending tasks: 0
naming_1%8, pending tasks: 0
naming_2%8, pending tasks: 0
naming_3%8, pending tasks: 0
naming_4%8, pending tasks: 0
naming_5%8, pending tasks: 0
naming_6%8, pending tasks: 0
naming_7%8, pending tasks: 0


2024-12-10 13:48:06,916 INFO DISTRO:|0|0|0|

2024-12-10 13:49:06,919 INFO PERFORMANCE:|0|0|0|-1|-1|15|0

2024-12-10 13:49:06,919 INFO Task worker status: 
naming_0%8, pending tasks: 0
naming_1%8, pending tasks: 0
naming_2%8, pending tasks: 0
naming_3%8, pending tasks: 0
naming_4%8, pending tasks: 0
naming_5%8, pending tasks: 0
naming_6%8, pending tasks: 0
naming_7%8, pending tasks: 0


2024-12-10 13:49:06,919 INFO DISTRO:|0|0|0|

2024-12-10 13:50:06,922 INFO PERFORMANCE:|serviceCount|ipCount|subscribeCount|maxPushCost|avgPushCost|totalPushCount|failPushCount

2024-12-10 13:50:06,922 INFO DISTRO:|V1SyncDone|V1SyncFail|V2SyncDone|V2SyncFail|V2VerifyFail|

2024-12-10 13:50:06,922 INFO PERFORMANCE:|0|0|0|-1|-1|15|0

2024-12-10 13:50:06,922 INFO Task worker status: 
naming_0%8, pending tasks: 0
naming_1%8, pending tasks: 0
naming_2%8, pending tasks: 0
naming_3%8, pending tasks: 0
naming_4%8, pending tasks: 0
naming_5%8, pending tasks: 0
naming_6%8, pending tasks: 0
naming_7%8, pending tasks: 0


2024-12-10 13:50:06,922 INFO DISTRO:|0|0|0|

2024-12-10 13:51:06,929 INFO PERFORMANCE:|2|2|1|531|531|16|0

2024-12-10 13:51:06,929 INFO Task worker status: 
naming_0%8, pending tasks: 0
naming_1%8, pending tasks: 0
naming_2%8, pending tasks: 0
naming_3%8, pending tasks: 0
naming_4%8, pending tasks: 0
naming_5%8, pending tasks: 0
naming_6%8, pending tasks: 0
naming_7%8, pending tasks: 0


2024-12-10 13:51:06,929 INFO DISTRO:|0|0|0|

2024-12-10 13:52:06,938 INFO PERFORMANCE:|2|2|1|-1|-1|16|0

2024-12-10 13:52:06,938 INFO Task worker status: 
naming_0%8, pending tasks: 0
naming_1%8, pending tasks: 0
naming_2%8, pending tasks: 0
naming_3%8, pending tasks: 0
naming_4%8, pending tasks: 0
naming_5%8, pending tasks: 0
naming_6%8, pending tasks: 0
naming_7%8, pending tasks: 0


2024-12-10 13:52:06,938 INFO DISTRO:|0|0|0|

2024-12-10 13:53:06,943 INFO PERFORMANCE:|2|2|1|-1|-1|16|0

2024-12-10 13:53:06,943 INFO Task worker status: 
naming_0%8, pending tasks: 0
naming_1%8, pending tasks: 0
naming_2%8, pending tasks: 0
naming_3%8, pending tasks: 0
naming_4%8, pending tasks: 0
naming_5%8, pending tasks: 0
naming_6%8, pending tasks: 0
naming_7%8, pending tasks: 0


2024-12-10 13:53:06,943 INFO DISTRO:|0|0|0|

2024-12-10 13:54:06,943 INFO PERFORMANCE:|2|2|1|-1|-1|16|0

2024-12-10 13:54:06,943 INFO Task worker status: 
naming_0%8, pending tasks: 0
naming_1%8, pending tasks: 0
naming_2%8, pending tasks: 0
naming_3%8, pending tasks: 0
naming_4%8, pending tasks: 0
naming_5%8, pending tasks: 0
naming_6%8, pending tasks: 0
naming_7%8, pending tasks: 0


2024-12-10 13:54:06,943 INFO DISTRO:|0|0|0|

2024-12-10 13:55:06,955 INFO PERFORMANCE:|2|2|1|-1|-1|16|0

2024-12-10 13:55:06,955 INFO Task worker status: 
naming_0%8, pending tasks: 0
naming_1%8, pending tasks: 0
naming_2%8, pending tasks: 0
naming_3%8, pending tasks: 0
naming_4%8, pending tasks: 0
naming_5%8, pending tasks: 0
naming_6%8, pending tasks: 0
naming_7%8, pending tasks: 0


2024-12-10 13:55:06,955 INFO DISTRO:|0|0|0|

2024-12-10 13:56:06,970 INFO PERFORMANCE:|2|2|1|-1|-1|16|0

2024-12-10 13:56:06,970 INFO Task worker status: 
naming_0%8, pending tasks: 0
naming_1%8, pending tasks: 0
naming_2%8, pending tasks: 0
naming_3%8, pending tasks: 0
naming_4%8, pending tasks: 0
naming_5%8, pending tasks: 0
naming_6%8, pending tasks: 0
naming_7%8, pending tasks: 0


2024-12-10 13:56:06,970 INFO DISTRO:|0|0|0|

2024-12-10 13:57:06,970 INFO PERFORMANCE:|2|2|1|-1|-1|16|0

2024-12-10 13:57:06,970 INFO Task worker status: 
naming_0%8, pending tasks: 0
naming_1%8, pending tasks: 0
naming_2%8, pending tasks: 0
naming_3%8, pending tasks: 0
naming_4%8, pending tasks: 0
naming_5%8, pending tasks: 0
naming_6%8, pending tasks: 0
naming_7%8, pending tasks: 0


2024-12-10 13:57:06,970 INFO DISTRO:|0|0|0|

2024-12-10 13:58:06,971 INFO PERFORMANCE:|2|2|1|-1|-1|16|0

2024-12-10 13:58:06,971 INFO Task worker status: 
naming_0%8, pending tasks: 0
naming_1%8, pending tasks: 0
naming_2%8, pending tasks: 0
naming_3%8, pending tasks: 0
naming_4%8, pending tasks: 0
naming_5%8, pending tasks: 0
naming_6%8, pending tasks: 0
naming_7%8, pending tasks: 0


2024-12-10 13:58:06,971 INFO DISTRO:|0|0|0|

2024-12-10 13:59:06,974 INFO PERFORMANCE:|2|2|1|-1|-1|16|0

2024-12-10 13:59:06,974 INFO Task worker status: 
naming_0%8, pending tasks: 0
naming_1%8, pending tasks: 0
naming_2%8, pending tasks: 0
naming_3%8, pending tasks: 0
naming_4%8, pending tasks: 0
naming_5%8, pending tasks: 0
naming_6%8, pending tasks: 0
naming_7%8, pending tasks: 0


2024-12-10 13:59:06,974 INFO DISTRO:|0|0|0|

2024-12-10 14:00:06,975 INFO PERFORMANCE:|serviceCount|ipCount|subscribeCount|maxPushCost|avgPushCost|totalPushCount|failPushCount

2024-12-10 14:00:06,975 INFO DISTRO:|V1SyncDone|V1SyncFail|V2SyncDone|V2SyncFail|V2VerifyFail|

2024-12-10 14:00:06,975 INFO PERFORMANCE:|2|2|1|-1|-1|16|0

2024-12-10 14:00:06,975 INFO Task worker status: 
naming_0%8, pending tasks: 0
naming_1%8, pending tasks: 0
naming_2%8, pending tasks: 0
naming_3%8, pending tasks: 0
naming_4%8, pending tasks: 0
naming_5%8, pending tasks: 0
naming_6%8, pending tasks: 0
naming_7%8, pending tasks: 0


2024-12-10 14:00:06,975 INFO DISTRO:|0|0|0|

2024-12-10 14:01:06,992 INFO PERFORMANCE:|2|1|0|611|611|17|0

2024-12-10 14:01:06,992 INFO Task worker status: 
naming_0%8, pending tasks: 0
naming_1%8, pending tasks: 0
naming_2%8, pending tasks: 0
naming_3%8, pending tasks: 0
naming_4%8, pending tasks: 0
naming_5%8, pending tasks: 0
naming_6%8, pending tasks: 0
naming_7%8, pending tasks: 0


2024-12-10 14:01:06,992 INFO DISTRO:|0|0|0|

2024-12-10 14:02:07,004 INFO PERFORMANCE:|2|2|0|-1|-1|17|0

2024-12-10 14:02:07,004 INFO Task worker status: 
naming_0%8, pending tasks: 0
naming_1%8, pending tasks: 0
naming_2%8, pending tasks: 0
naming_3%8, pending tasks: 0
naming_4%8, pending tasks: 0
naming_5%8, pending tasks: 0
naming_6%8, pending tasks: 0
naming_7%8, pending tasks: 0


2024-12-10 14:02:07,004 INFO DISTRO:|0|0|0|

2024-12-10 14:03:07,017 INFO PERFORMANCE:|2|2|0|-1|-1|17|0

2024-12-10 14:03:07,017 INFO Task worker status: 
naming_0%8, pending tasks: 0
naming_1%8, pending tasks: 0
naming_2%8, pending tasks: 0
naming_3%8, pending tasks: 0
naming_4%8, pending tasks: 0
naming_5%8, pending tasks: 0
naming_6%8, pending tasks: 0
naming_7%8, pending tasks: 0


2024-12-10 14:03:07,017 INFO DISTRO:|0|0|0|

2024-12-10 14:04:07,020 INFO PERFORMANCE:|2|2|0|-1|-1|17|0

2024-12-10 14:04:07,020 INFO Task worker status: 
naming_0%8, pending tasks: 0
naming_1%8, pending tasks: 0
naming_2%8, pending tasks: 0
naming_3%8, pending tasks: 0
naming_4%8, pending tasks: 0
naming_5%8, pending tasks: 0
naming_6%8, pending tasks: 0
naming_7%8, pending tasks: 0


2024-12-10 14:04:07,020 INFO DISTRO:|0|0|0|

2024-12-10 14:05:07,030 INFO PERFORMANCE:|2|2|0|-1|-1|17|0

2024-12-10 14:05:07,030 INFO Task worker status: 
naming_0%8, pending tasks: 0
naming_1%8, pending tasks: 0
naming_2%8, pending tasks: 0
naming_3%8, pending tasks: 0
naming_4%8, pending tasks: 0
naming_5%8, pending tasks: 0
naming_6%8, pending tasks: 0
naming_7%8, pending tasks: 0


2024-12-10 14:05:07,030 INFO DISTRO:|0|0|0|

2024-12-10 14:06:07,038 INFO PERFORMANCE:|2|2|0|-1|-1|17|0

2024-12-10 14:06:07,038 INFO Task worker status: 
naming_0%8, pending tasks: 0
naming_1%8, pending tasks: 0
naming_2%8, pending tasks: 0
naming_3%8, pending tasks: 0
naming_4%8, pending tasks: 0
naming_5%8, pending tasks: 0
naming_6%8, pending tasks: 0
naming_7%8, pending tasks: 0


2024-12-10 14:06:07,038 INFO DISTRO:|0|0|0|

2024-12-10 14:07:07,043 INFO PERFORMANCE:|2|2|0|-1|-1|17|0

2024-12-10 14:07:07,043 INFO Task worker status: 
naming_0%8, pending tasks: 0
naming_1%8, pending tasks: 0
naming_2%8, pending tasks: 0
naming_3%8, pending tasks: 0
naming_4%8, pending tasks: 0
naming_5%8, pending tasks: 0
naming_6%8, pending tasks: 0
naming_7%8, pending tasks: 0


2024-12-10 14:07:07,043 INFO DISTRO:|0|0|0|

2024-12-10 14:08:07,047 INFO PERFORMANCE:|2|2|0|-1|-1|17|0

2024-12-10 14:08:07,047 INFO Task worker status: 
naming_0%8, pending tasks: 0
naming_1%8, pending tasks: 0
naming_2%8, pending tasks: 0
naming_3%8, pending tasks: 0
naming_4%8, pending tasks: 0
naming_5%8, pending tasks: 0
naming_6%8, pending tasks: 0
naming_7%8, pending tasks: 0


2024-12-10 14:08:07,047 INFO DISTRO:|0|0|0|

2024-12-10 14:09:07,048 INFO PERFORMANCE:|2|2|0|-1|-1|17|0

2024-12-10 14:09:07,048 INFO Task worker status: 
naming_0%8, pending tasks: 0
naming_1%8, pending tasks: 0
naming_2%8, pending tasks: 0
naming_3%8, pending tasks: 0
naming_4%8, pending tasks: 0
naming_5%8, pending tasks: 0
naming_6%8, pending tasks: 0
naming_7%8, pending tasks: 0


2024-12-10 14:09:07,048 INFO DISTRO:|0|0|0|

2024-12-10 14:10:07,051 INFO PERFORMANCE:|serviceCount|ipCount|subscribeCount|maxPushCost|avgPushCost|totalPushCount|failPushCount

2024-12-10 14:10:07,051 INFO DISTRO:|V1SyncDone|V1SyncFail|V2SyncDone|V2SyncFail|V2VerifyFail|

2024-12-10 14:10:07,051 INFO PERFORMANCE:|2|2|0|-1|-1|17|0

2024-12-10 14:10:07,051 INFO Task worker status: 
naming_0%8, pending tasks: 0
naming_1%8, pending tasks: 0
naming_2%8, pending tasks: 0
naming_3%8, pending tasks: 0
naming_4%8, pending tasks: 0
naming_5%8, pending tasks: 0
naming_6%8, pending tasks: 0
naming_7%8, pending tasks: 0


2024-12-10 14:10:07,051 INFO DISTRO:|0|0|0|

2024-12-10 14:11:07,053 INFO PERFORMANCE:|2|2|0|-1|-1|17|0

2024-12-10 14:11:07,053 INFO Task worker status: 
naming_0%8, pending tasks: 0
naming_1%8, pending tasks: 0
naming_2%8, pending tasks: 0
naming_3%8, pending tasks: 0
naming_4%8, pending tasks: 0
naming_5%8, pending tasks: 0
naming_6%8, pending tasks: 0
naming_7%8, pending tasks: 0


2024-12-10 14:11:07,053 INFO DISTRO:|0|0|0|

2024-12-10 14:12:07,055 INFO PERFORMANCE:|2|1|0|-1|-1|17|0

2024-12-10 14:12:07,055 INFO Task worker status: 
naming_0%8, pending tasks: 0
naming_1%8, pending tasks: 0
naming_2%8, pending tasks: 0
naming_3%8, pending tasks: 0
naming_4%8, pending tasks: 0
naming_5%8, pending tasks: 0
naming_6%8, pending tasks: 0
naming_7%8, pending tasks: 0


2024-12-10 14:12:07,055 INFO DISTRO:|0|0|0|

2024-12-10 14:13:07,055 INFO PERFORMANCE:|1|1|0|-1|-1|17|0

2024-12-10 14:13:07,055 INFO Task worker status: 
naming_0%8, pending tasks: 0
naming_1%8, pending tasks: 0
naming_2%8, pending tasks: 0
naming_3%8, pending tasks: 0
naming_4%8, pending tasks: 0
naming_5%8, pending tasks: 0
naming_6%8, pending tasks: 0
naming_7%8, pending tasks: 0


2024-12-10 14:13:07,055 INFO DISTRO:|0|0|0|

2024-12-10 14:14:07,068 INFO PERFORMANCE:|1|1|0|-1|-1|17|0

2024-12-10 14:14:07,068 INFO Task worker status: 
naming_0%8, pending tasks: 0
naming_1%8, pending tasks: 0
naming_2%8, pending tasks: 0
naming_3%8, pending tasks: 0
naming_4%8, pending tasks: 0
naming_5%8, pending tasks: 0
naming_6%8, pending tasks: 0
naming_7%8, pending tasks: 0


2024-12-10 14:14:07,068 INFO DISTRO:|0|0|0|

2024-12-10 14:15:07,073 INFO PERFORMANCE:|1|1|0|-1|-1|17|0

2024-12-10 14:15:07,073 INFO Task worker status: 
naming_0%8, pending tasks: 0
naming_1%8, pending tasks: 0
naming_2%8, pending tasks: 0
naming_3%8, pending tasks: 0
naming_4%8, pending tasks: 0
naming_5%8, pending tasks: 0
naming_6%8, pending tasks: 0
naming_7%8, pending tasks: 0


2024-12-10 14:15:07,073 INFO DISTRO:|0|0|0|

2024-12-10 14:16:07,086 INFO PERFORMANCE:|1|1|0|-1|-1|17|0

2024-12-10 14:16:07,086 INFO Task worker status: 
naming_0%8, pending tasks: 0
naming_1%8, pending tasks: 0
naming_2%8, pending tasks: 0
naming_3%8, pending tasks: 0
naming_4%8, pending tasks: 0
naming_5%8, pending tasks: 0
naming_6%8, pending tasks: 0
naming_7%8, pending tasks: 0


2024-12-10 14:16:07,086 INFO DISTRO:|0|0|0|

2024-12-10 14:17:07,093 INFO PERFORMANCE:|1|1|0|-1|-1|17|0

2024-12-10 14:17:07,093 INFO Task worker status: 
naming_0%8, pending tasks: 0
naming_1%8, pending tasks: 0
naming_2%8, pending tasks: 0
naming_3%8, pending tasks: 0
naming_4%8, pending tasks: 0
naming_5%8, pending tasks: 0
naming_6%8, pending tasks: 0
naming_7%8, pending tasks: 0


2024-12-10 14:17:07,093 INFO DISTRO:|0|0|0|

2024-12-10 14:18:07,107 INFO PERFORMANCE:|1|1|0|-1|-1|17|0

2024-12-10 14:18:07,107 INFO Task worker status: 
naming_0%8, pending tasks: 0
naming_1%8, pending tasks: 0
naming_2%8, pending tasks: 0
naming_3%8, pending tasks: 0
naming_4%8, pending tasks: 0
naming_5%8, pending tasks: 0
naming_6%8, pending tasks: 0
naming_7%8, pending tasks: 0


2024-12-10 14:18:07,107 INFO DISTRO:|0|0|0|

2024-12-10 14:19:07,122 INFO PERFORMANCE:|1|1|0|-1|-1|17|0

2024-12-10 14:19:07,122 INFO Task worker status: 
naming_0%8, pending tasks: 0
naming_1%8, pending tasks: 0
naming_2%8, pending tasks: 0
naming_3%8, pending tasks: 0
naming_4%8, pending tasks: 0
naming_5%8, pending tasks: 0
naming_6%8, pending tasks: 0
naming_7%8, pending tasks: 0


2024-12-10 14:19:07,122 INFO DISTRO:|0|0|0|

2024-12-10 14:20:07,129 INFO PERFORMANCE:|serviceCount|ipCount|subscribeCount|maxPushCost|avgPushCost|totalPushCount|failPushCount

2024-12-10 14:20:07,129 INFO DISTRO:|V1SyncDone|V1SyncFail|V2SyncDone|V2SyncFail|V2VerifyFail|

2024-12-10 14:20:07,129 INFO PERFORMANCE:|1|1|0|-1|-1|17|0

2024-12-10 14:20:07,129 INFO Task worker status: 
naming_0%8, pending tasks: 0
naming_1%8, pending tasks: 0
naming_2%8, pending tasks: 0
naming_3%8, pending tasks: 0
naming_4%8, pending tasks: 0
naming_5%8, pending tasks: 0
naming_6%8, pending tasks: 0
naming_7%8, pending tasks: 0


2024-12-10 14:20:07,129 INFO DISTRO:|0|0|0|

2024-12-10 14:21:07,140 INFO PERFORMANCE:|1|1|0|-1|-1|17|0

2024-12-10 14:21:07,140 INFO Task worker status: 
naming_0%8, pending tasks: 0
naming_1%8, pending tasks: 0
naming_2%8, pending tasks: 0
naming_3%8, pending tasks: 0
naming_4%8, pending tasks: 0
naming_5%8, pending tasks: 0
naming_6%8, pending tasks: 0
naming_7%8, pending tasks: 0


2024-12-10 14:21:07,140 INFO DISTRO:|0|0|0|

2024-12-10 14:22:07,145 INFO PERFORMANCE:|1|1|0|-1|-1|17|0

2024-12-10 14:22:07,145 INFO Task worker status: 
naming_0%8, pending tasks: 0
naming_1%8, pending tasks: 0
naming_2%8, pending tasks: 0
naming_3%8, pending tasks: 0
naming_4%8, pending tasks: 0
naming_5%8, pending tasks: 0
naming_6%8, pending tasks: 0
naming_7%8, pending tasks: 0


2024-12-10 14:22:07,145 INFO DISTRO:|0|0|0|

2024-12-10 14:23:07,151 INFO PERFORMANCE:|2|2|0|-1|-1|17|0

2024-12-10 14:23:07,151 INFO Task worker status: 
naming_0%8, pending tasks: 0
naming_1%8, pending tasks: 0
naming_2%8, pending tasks: 0
naming_3%8, pending tasks: 0
naming_4%8, pending tasks: 0
naming_5%8, pending tasks: 0
naming_6%8, pending tasks: 0
naming_7%8, pending tasks: 0


2024-12-10 14:23:07,151 INFO DISTRO:|0|0|0|

2024-12-10 14:24:07,157 INFO PERFORMANCE:|2|2|0|-1|-1|17|0

2024-12-10 14:24:07,157 INFO Task worker status: 
naming_0%8, pending tasks: 0
naming_1%8, pending tasks: 0
naming_2%8, pending tasks: 0
naming_3%8, pending tasks: 0
naming_4%8, pending tasks: 0
naming_5%8, pending tasks: 0
naming_6%8, pending tasks: 0
naming_7%8, pending tasks: 0


2024-12-10 14:24:07,157 INFO DISTRO:|0|0|0|

2024-12-10 14:25:07,159 INFO PERFORMANCE:|2|2|0|-1|-1|17|0

2024-12-10 14:25:07,159 INFO Task worker status: 
naming_0%8, pending tasks: 0
naming_1%8, pending tasks: 0
naming_2%8, pending tasks: 0
naming_3%8, pending tasks: 0
naming_4%8, pending tasks: 0
naming_5%8, pending tasks: 0
naming_6%8, pending tasks: 0
naming_7%8, pending tasks: 0


2024-12-10 14:25:07,159 INFO DISTRO:|0|0|0|

2024-12-10 14:26:07,171 INFO PERFORMANCE:|2|2|0|-1|-1|17|0

2024-12-10 14:26:07,171 INFO Task worker status: 
naming_0%8, pending tasks: 0
naming_1%8, pending tasks: 0
naming_2%8, pending tasks: 0
naming_3%8, pending tasks: 0
naming_4%8, pending tasks: 0
naming_5%8, pending tasks: 0
naming_6%8, pending tasks: 0
naming_7%8, pending tasks: 0


2024-12-10 14:26:07,171 INFO DISTRO:|0|0|0|

2024-12-10 14:27:07,186 INFO PERFORMANCE:|2|2|0|-1|-1|17|0

2024-12-10 14:27:07,186 INFO Task worker status: 
naming_0%8, pending tasks: 0
naming_1%8, pending tasks: 0
naming_2%8, pending tasks: 0
naming_3%8, pending tasks: 0
naming_4%8, pending tasks: 0
naming_5%8, pending tasks: 0
naming_6%8, pending tasks: 0
naming_7%8, pending tasks: 0


2024-12-10 14:27:07,186 INFO DISTRO:|0|0|0|

2024-12-10 14:28:07,196 INFO PERFORMANCE:|2|2|0|-1|-1|17|0

2024-12-10 14:28:07,196 INFO Task worker status: 
naming_0%8, pending tasks: 0
naming_1%8, pending tasks: 0
naming_2%8, pending tasks: 0
naming_3%8, pending tasks: 0
naming_4%8, pending tasks: 0
naming_5%8, pending tasks: 0
naming_6%8, pending tasks: 0
naming_7%8, pending tasks: 0


2024-12-10 14:28:07,196 INFO DISTRO:|0|0|0|

2024-12-10 14:29:07,206 INFO PERFORMANCE:|2|2|0|-1|-1|17|0

2024-12-10 14:29:07,206 INFO Task worker status: 
naming_0%8, pending tasks: 0
naming_1%8, pending tasks: 0
naming_2%8, pending tasks: 0
naming_3%8, pending tasks: 0
naming_4%8, pending tasks: 0
naming_5%8, pending tasks: 0
naming_6%8, pending tasks: 0
naming_7%8, pending tasks: 0


2024-12-10 14:29:07,206 INFO DISTRO:|0|0|0|

2024-12-10 14:30:07,210 INFO PERFORMANCE:|serviceCount|ipCount|subscribeCount|maxPushCost|avgPushCost|totalPushCount|failPushCount

2024-12-10 14:30:07,210 INFO DISTRO:|V1SyncDone|V1SyncFail|V2SyncDone|V2SyncFail|V2VerifyFail|

2024-12-10 14:30:07,210 INFO PERFORMANCE:|2|2|0|-1|-1|17|0

2024-12-10 14:30:07,210 INFO Task worker status: 
naming_0%8, pending tasks: 0
naming_1%8, pending tasks: 0
naming_2%8, pending tasks: 0
naming_3%8, pending tasks: 0
naming_4%8, pending tasks: 0
naming_5%8, pending tasks: 0
naming_6%8, pending tasks: 0
naming_7%8, pending tasks: 0


2024-12-10 14:30:07,210 INFO DISTRO:|0|0|0|

2024-12-10 14:31:07,213 INFO PERFORMANCE:|2|2|0|-1|-1|17|0

2024-12-10 14:31:07,213 INFO Task worker status: 
naming_0%8, pending tasks: 0
naming_1%8, pending tasks: 0
naming_2%8, pending tasks: 0
naming_3%8, pending tasks: 0
naming_4%8, pending tasks: 0
naming_5%8, pending tasks: 0
naming_6%8, pending tasks: 0
naming_7%8, pending tasks: 0


2024-12-10 14:31:07,213 INFO DISTRO:|0|0|0|

2024-12-10 14:32:07,219 INFO PERFORMANCE:|2|2|0|-1|-1|17|0

2024-12-10 14:32:07,219 INFO Task worker status: 
naming_0%8, pending tasks: 0
naming_1%8, pending tasks: 0
naming_2%8, pending tasks: 0
naming_3%8, pending tasks: 0
naming_4%8, pending tasks: 0
naming_5%8, pending tasks: 0
naming_6%8, pending tasks: 0
naming_7%8, pending tasks: 0


2024-12-10 14:32:07,219 INFO DISTRO:|0|0|0|

2024-12-10 14:33:07,228 INFO PERFORMANCE:|2|2|0|-1|-1|17|0

2024-12-10 14:33:07,228 INFO Task worker status: 
naming_0%8, pending tasks: 0
naming_1%8, pending tasks: 0
naming_2%8, pending tasks: 0
naming_3%8, pending tasks: 0
naming_4%8, pending tasks: 0
naming_5%8, pending tasks: 0
naming_6%8, pending tasks: 0
naming_7%8, pending tasks: 0


2024-12-10 14:33:07,228 INFO DISTRO:|0|0|0|

2024-12-10 14:34:07,234 INFO PERFORMANCE:|2|2|0|-1|-1|17|0

2024-12-10 14:34:07,234 INFO Task worker status: 
naming_0%8, pending tasks: 0
naming_1%8, pending tasks: 0
naming_2%8, pending tasks: 0
naming_3%8, pending tasks: 0
naming_4%8, pending tasks: 0
naming_5%8, pending tasks: 0
naming_6%8, pending tasks: 0
naming_7%8, pending tasks: 0


2024-12-10 14:34:07,234 INFO DISTRO:|0|0|0|

2024-12-10 14:35:07,237 INFO PERFORMANCE:|2|2|0|-1|-1|17|0

2024-12-10 14:35:07,237 INFO Task worker status: 
naming_0%8, pending tasks: 0
naming_1%8, pending tasks: 0
naming_2%8, pending tasks: 0
naming_3%8, pending tasks: 0
naming_4%8, pending tasks: 0
naming_5%8, pending tasks: 0
naming_6%8, pending tasks: 0
naming_7%8, pending tasks: 0


2024-12-10 14:35:07,237 INFO DISTRO:|0|0|0|

2024-12-10 14:36:07,249 INFO PERFORMANCE:|2|2|0|-1|-1|17|0

2024-12-10 14:36:07,249 INFO Task worker status: 
naming_0%8, pending tasks: 0
naming_1%8, pending tasks: 0
naming_2%8, pending tasks: 0
naming_3%8, pending tasks: 0
naming_4%8, pending tasks: 0
naming_5%8, pending tasks: 0
naming_6%8, pending tasks: 0
naming_7%8, pending tasks: 0


2024-12-10 14:36:07,249 INFO DISTRO:|0|0|0|

2024-12-10 14:37:07,249 INFO PERFORMANCE:|2|2|0|-1|-1|17|0

2024-12-10 14:37:07,249 INFO Task worker status: 
naming_0%8, pending tasks: 0
naming_1%8, pending tasks: 0
naming_2%8, pending tasks: 0
naming_3%8, pending tasks: 0
naming_4%8, pending tasks: 0
naming_5%8, pending tasks: 0
naming_6%8, pending tasks: 0
naming_7%8, pending tasks: 0


2024-12-10 14:37:07,249 INFO DISTRO:|0|0|0|

2024-12-10 14:38:07,253 INFO PERFORMANCE:|2|2|0|-1|-1|17|0

2024-12-10 14:38:07,253 INFO Task worker status: 
naming_0%8, pending tasks: 0
naming_1%8, pending tasks: 0
naming_2%8, pending tasks: 0
naming_3%8, pending tasks: 0
naming_4%8, pending tasks: 0
naming_5%8, pending tasks: 0
naming_6%8, pending tasks: 0
naming_7%8, pending tasks: 0


2024-12-10 14:38:07,253 INFO DISTRO:|0|0|0|

2024-12-10 14:39:07,267 INFO PERFORMANCE:|2|2|0|-1|-1|17|0

2024-12-10 14:39:07,267 INFO Task worker status: 
naming_0%8, pending tasks: 0
naming_1%8, pending tasks: 0
naming_2%8, pending tasks: 0
naming_3%8, pending tasks: 0
naming_4%8, pending tasks: 0
naming_5%8, pending tasks: 0
naming_6%8, pending tasks: 0
naming_7%8, pending tasks: 0


2024-12-10 14:39:07,267 INFO DISTRO:|0|0|0|

2024-12-10 14:40:07,273 INFO PERFORMANCE:|serviceCount|ipCount|subscribeCount|maxPushCost|avgPushCost|totalPushCount|failPushCount

2024-12-10 14:40:07,273 INFO DISTRO:|V1SyncDone|V1SyncFail|V2SyncDone|V2SyncFail|V2VerifyFail|

2024-12-10 14:40:07,273 INFO PERFORMANCE:|2|2|0|-1|-1|17|0

2024-12-10 14:40:07,274 INFO Task worker status: 
naming_0%8, pending tasks: 0
naming_1%8, pending tasks: 0
naming_2%8, pending tasks: 0
naming_3%8, pending tasks: 0
naming_4%8, pending tasks: 0
naming_5%8, pending tasks: 0
naming_6%8, pending tasks: 0
naming_7%8, pending tasks: 0


2024-12-10 14:40:07,274 INFO DISTRO:|0|0|0|

