2024-12-10 11:09:35,628 INFO [SelectorManager] Load SelectorContextBuilder(class com.alibaba.nacos.naming.selector.context.CmdbSelectorContextBuilder) contextType(CMDB) successfully.

2024-12-10 11:09:35,628 INFO [SelectorManager] Load SelectorContextBuilder(class com.alibaba.nacos.naming.selector.context.NoneSelectorContextBuilder) contextType(NONE) successfully.

2024-12-10 11:09:35,629 INFO [SelectorManager] Load Selector(class com.alibaba.nacos.naming.selector.LabelSelector) type(label) contextType(CMDB) successfully.

2024-12-10 11:09:35,629 INFO [SelectorManager] Load Selector(class com.alibaba.nacos.naming.selector.NoneSelector) type(none) contextType(NONE) successfully.

2024-12-10 11:09:36,181 INFO Load instance extension handler []

2024-12-10 11:10:52,770 INFO Client connection 1733800252642_0:0:0:0:0:0:0:1_64695 connect

2024-12-10 11:10:52,830 INFO Client change for service Service{namespace='ce2bb47e-4538-4d72-a705-adc1ef76fe55', group='CLIENT_GROUP', name='PROVIDER', ephemeral=true, revision=0}, 1733800252642_0:0:0:0:0:0:0:1_64695

2024-12-10 11:14:20,759 INFO Client connection 1733800460694_0:0:0:0:0:0:0:1_64971 connect

2024-12-10 11:14:20,789 INFO Client change for service Service{namespace='ce2bb47e-4538-4d72-a705-adc1ef76fe55', group='CLIENT_GROUP', name='CONSUMER', ephemeral=true, revision=0}, 1733800460694_0:0:0:0:0:0:0:1_64971

2024-12-10 11:22:27,797 INFO Client connection 1733800252642_0:0:0:0:0:0:0:1_64695 disconnect, remove instances and subscribers

2024-12-10 11:22:33,979 INFO Client connection 1733800953876_0:0:0:0:0:0:0:1_52045 connect

2024-12-10 11:22:34,014 INFO Client change for service Service{namespace='ce2bb47e-4538-4d72-a705-adc1ef76fe55', group='CLIENT_GROUP', name='PROVIDER', ephemeral=true, revision=2}, 1733800953876_0:0:0:0:0:0:0:1_52045

2024-12-10 11:25:29,045 INFO Client connection 1733800953876_0:0:0:0:0:0:0:1_52045 disconnect, remove instances and subscribers

2024-12-10 11:25:46,419 INFO Client connection 1733801146319_0:0:0:0:0:0:0:1_52360 connect

2024-12-10 11:25:46,453 INFO Client change for service Service{namespace='ce2bb47e-4538-4d72-a705-adc1ef76fe55', group='CLIENT_GROUP', name='PROVIDER', ephemeral=true, revision=4}, 1733801146319_0:0:0:0:0:0:0:1_52360

2024-12-10 12:31:48,559 INFO Client connection 1733801146319_0:0:0:0:0:0:0:1_52360 disconnect, remove instances and subscribers

2024-12-10 12:31:54,354 INFO Client connection 1733805114261_0:0:0:0:0:0:0:1_58076 connect

2024-12-10 12:31:54,390 INFO Client change for service Service{namespace='ce2bb47e-4538-4d72-a705-adc1ef76fe55', group='CLIENT_GROUP', name='PROVIDER', ephemeral=true, revision=6}, 1733805114261_0:0:0:0:0:0:0:1_58076

2024-12-10 12:50:20,892 INFO Client connection 1733805114261_0:0:0:0:0:0:0:1_58076 disconnect, remove instances and subscribers

2024-12-10 12:50:26,347 INFO Client connection 1733806226253_0:0:0:0:0:0:0:1_49592 connect

2024-12-10 12:50:26,377 INFO Client change for service Service{namespace='ce2bb47e-4538-4d72-a705-adc1ef76fe55', group='CLIENT_GROUP', name='PROVIDER', ephemeral=true, revision=8}, 1733806226253_0:0:0:0:0:0:0:1_49592

2024-12-10 13:10:32,821 INFO Client connection 1733800460694_0:0:0:0:0:0:0:1_64971 disconnect, remove instances and subscribers

2024-12-10 13:10:43,126 INFO Client connection 1733807443033_0:0:0:0:0:0:0:1_64254 connect

2024-12-10 13:10:43,162 INFO Client change for service Service{namespace='ce2bb47e-4538-4d72-a705-adc1ef76fe55', group='CLIENT_GROUP', name='CONSUMER', ephemeral=true, revision=2}, 1733807443033_0:0:0:0:0:0:0:1_64254

2024-12-10 13:11:18,153 INFO Client connection 1733807443033_0:0:0:0:0:0:0:1_64254 disconnect, remove instances and subscribers

2024-12-10 13:11:24,854 INFO Client connection 1733807484791_0:0:0:0:0:0:0:1_64321 connect

2024-12-10 13:11:24,884 INFO Client change for service Service{namespace='ce2bb47e-4538-4d72-a705-adc1ef76fe55', group='CLIENT_GROUP', name='CONSUMER', ephemeral=true, revision=4}, 1733807484791_0:0:0:0:0:0:0:1_64321

2024-12-10 13:14:43,743 INFO Client connection 1733807484791_0:0:0:0:0:0:0:1_64321 disconnect, remove instances and subscribers

2024-12-10 13:14:50,973 INFO Client connection 1733807690883_0:0:0:0:0:0:0:1_64715 connect

2024-12-10 13:14:51,010 INFO Client change for service Service{namespace='ce2bb47e-4538-4d72-a705-adc1ef76fe55', group='CLIENT_GROUP', name='CONSUMER', ephemeral=true, revision=6}, 1733807690883_0:0:0:0:0:0:0:1_64715

2024-12-10 13:17:22,960 INFO Client connection 1733807690883_0:0:0:0:0:0:0:1_64715 disconnect, remove instances and subscribers

2024-12-10 13:17:29,928 INFO Client connection 1733807849852_0:0:0:0:0:0:0:1_64984 connect

2024-12-10 13:17:29,955 INFO Client change for service Service{namespace='ce2bb47e-4538-4d72-a705-adc1ef76fe55', group='CLIENT_GROUP', name='CONSUMER', ephemeral=true, revision=8}, 1733807849852_0:0:0:0:0:0:0:1_64984

2024-12-10 13:40:12,816 INFO Client connection 1733807849852_0:0:0:0:0:0:0:1_64984 disconnect, remove instances and subscribers

2024-12-10 13:40:21,485 INFO Client connection 1733809221422_0:0:0:0:0:0:0:1_52408 connect

2024-12-10 13:40:21,514 INFO Client change for service Service{namespace='ce2bb47e-4538-4d72-a705-adc1ef76fe55', group='CLIENT_GROUP', name='CONSUMER', ephemeral=true, revision=10}, 1733809221422_0:0:0:0:0:0:0:1_52408

2024-12-10 13:43:03,976 INFO Client connection 1733809221422_0:0:0:0:0:0:0:1_52408 disconnect, remove instances and subscribers

2024-12-10 13:43:11,285 INFO Client connection 1733809391222_0:0:0:0:0:0:0:1_61305 connect

2024-12-10 13:43:11,311 INFO Client change for service Service{namespace='ce2bb47e-4538-4d72-a705-adc1ef76fe55', group='CLIENT_GROUP', name='CONSUMER', ephemeral=true, revision=12}, 1733809391222_0:0:0:0:0:0:0:1_61305

2024-12-10 13:44:17,030 INFO Client connection 1733806226253_0:0:0:0:0:0:0:1_49592 disconnect, remove instances and subscribers

2024-12-10 13:44:17,114 INFO Client connection 1733809391222_0:0:0:0:0:0:0:1_61305 disconnect, remove instances and subscribers

2024-12-10 13:46:06,911 WARN namespace : ce2bb47e-4538-4d72-a705-adc1ef76fe55, [CLIENT_GROUP@@PROVIDER] services are automatically cleaned

2024-12-10 13:46:06,911 WARN namespace : ce2bb47e-4538-4d72-a705-adc1ef76fe55, [CLIENT_GROUP@@CONSUMER] services are automatically cleaned

2024-12-10 13:50:40,965 INFO Client connection 1733809840846_0:0:0:0:0:0:0:1_64470 connect

2024-12-10 13:50:41,013 INFO Client change for service Service{namespace='ce2bb47e-4538-4d72-a705-adc1ef76fe55', group='CLIENT_GROUP', name='PROVIDER', ephemeral=true, revision=0}, 1733809840846_0:0:0:0:0:0:0:1_64470

2024-12-10 13:50:48,101 INFO Client connection 1733809847907_0:0:0:0:0:0:0:1_64484 connect

2024-12-10 13:50:48,226 INFO Client change for service Service{namespace='ce2bb47e-4538-4d72-a705-adc1ef76fe55', group='CLIENT_GROUP', name='CONSUMER', ephemeral=true, revision=0}, 1733809847907_0:0:0:0:0:0:0:1_64484

2024-12-10 14:00:12,320 INFO Client connection 1733809847907_0:0:0:0:0:0:0:1_64484 disconnect, remove instances and subscribers

2024-12-10 14:00:20,345 INFO Client connection 1733810420276_0:0:0:0:0:0:0:1_65303 connect

2024-12-10 14:00:20,371 INFO Client change for service Service{namespace='ce2bb47e-4538-4d72-a705-adc1ef76fe55', group='CLIENT_GROUP', name='CONSUMER', ephemeral=true, revision=2}, 1733810420276_0:0:0:0:0:0:0:1_65303

2024-12-10 14:01:01,989 INFO Client connection 1733810420276_0:0:0:0:0:0:0:1_65303 disconnect, remove instances and subscribers

2024-12-10 14:01:09,184 INFO Client connection 1733810469123_0:0:0:0:0:0:0:1_65374 connect

2024-12-10 14:01:09,210 INFO Client change for service Service{namespace='ce2bb47e-4538-4d72-a705-adc1ef76fe55', group='CLIENT_GROUP', name='CONSUMER', ephemeral=true, revision=4}, 1733810469123_0:0:0:0:0:0:0:1_65374

2024-12-10 14:02:38,142 INFO Client connection 1733810469123_0:0:0:0:0:0:0:1_65374 disconnect, remove instances and subscribers

2024-12-10 14:02:45,365 INFO Client connection 1733810565288_0:0:0:0:0:0:0:1_65514 connect

2024-12-10 14:02:45,393 INFO Client change for service Service{namespace='ce2bb47e-4538-4d72-a705-adc1ef76fe55', group='CLIENT_GROUP', name='CONSUMER', ephemeral=true, revision=6}, 1733810565288_0:0:0:0:0:0:0:1_65514

2024-12-10 14:11:10,316 INFO Client connection 1733810565288_0:0:0:0:0:0:0:1_65514 disconnect, remove instances and subscribers

2024-12-10 14:13:07,039 WARN namespace : ce2bb47e-4538-4d72-a705-adc1ef76fe55, [CLIENT_GROUP@@CONSUMER] services are automatically cleaned

2024-12-10 14:23:03,375 INFO Client connection 1733811783363_0:0:0:0:0:0:0:1_50702 connect

2024-12-10 14:23:03,397 INFO Client change for service Service{namespace='ce2bb47e-4538-4d72-a705-adc1ef76fe55', group='CLIENT_GROUP', name='CONSUMER', ephemeral=true, revision=0}, 1733811783363_0:0:0:0:0:0:0:1_50702

2024-12-10 14:24:41,127 INFO Client connection 1733811783030_0:0:0:0:0:0:0:1_50701 disconnect, remove instances and subscribers

2024-12-10 14:24:41,128 INFO Client connection 1733811783363_0:0:0:0:0:0:0:1_50702 disconnect, remove instances and subscribers

2024-12-10 14:24:48,209 INFO Client connection 1733811888198_0:0:0:0:0:0:0:1_50844 connect

2024-12-10 14:24:48,227 INFO Client change for service Service{namespace='ce2bb47e-4538-4d72-a705-adc1ef76fe55', group='CLIENT_GROUP', name='CONSUMER', ephemeral=true, revision=2}, 1733811888198_0:0:0:0:0:0:0:1_50844

