2024-12-10 11:09:33,092 INFO Not configure type of control plugin, no limit control for current node.

2024-12-10 11:09:33,097 INFO Load connection metrics collector,size=2,[com.alibaba.nacos.config.server.service.LongPollingConnectionMetricsCollector@2a2ef072, com.alibaba.nacos.core.remote.LongConnectionMetricsCollector@2f00f851]

2024-12-10 11:09:33,098 INFO No connection rule content found ,use default empty rule 

2024-12-10 11:09:33,116 INFO No tps control rule of CONFIG_PUSH_COUNT found,content =null  

2024-12-10 11:09:33,116 WARN Tps point for CONFIG_PUSH_COUNT registered, But tps control manager is no limit implementation.

2024-12-10 11:09:33,116 INFO No tps control rule of CONFIG_PUSH_SUCCESS found,content =null  

2024-12-10 11:09:33,117 WARN Tps point for CONFIG_PUSH_SUCCESS registered, But tps control manager is no limit implementation.

2024-12-10 11:09:33,117 INFO No tps control rule of CONFIG_PUSH_FAIL found,content =null  

2024-12-10 11:09:33,117 WARN Tps point for CONFIG_PUSH_FAIL registered, But tps control manager is no limit implementation.

2024-12-10 11:09:37,561 INFO No tps control rule of ConfigQuery found,content =null  

2024-12-10 11:09:37,561 WARN Tps point for ConfigQuery registered, But tps control manager is no limit implementation.

2024-12-10 11:09:37,562 INFO No tps control rule of ClusterConfigChangeNotify found,content =null  

2024-12-10 11:09:37,562 WARN Tps point for ClusterConfigChangeNotify registered, But tps control manager is no limit implementation.

2024-12-10 11:09:37,572 INFO No tps control rule of ConfigListen found,content =null  

2024-12-10 11:09:37,572 WARN Tps point for ConfigListen registered, But tps control manager is no limit implementation.

2024-12-10 11:09:37,572 INFO No tps control rule of ConfigRemove found,content =null  

2024-12-10 11:09:37,572 WARN Tps point for ConfigRemove registered, But tps control manager is no limit implementation.

2024-12-10 11:09:37,572 INFO No tps control rule of ConfigPublish found,content =null  

2024-12-10 11:09:37,572 WARN Tps point for ConfigPublish registered, But tps control manager is no limit implementation.

2024-12-10 11:09:37,573 INFO No tps control rule of HealthCheck found,content =null  

2024-12-10 11:09:37,573 WARN Tps point for HealthCheck registered, But tps control manager is no limit implementation.

2024-12-10 11:09:37,573 INFO No tps control rule of RemoteNamingServiceQuery found,content =null  

2024-12-10 11:09:37,573 WARN Tps point for RemoteNamingServiceQuery registered, But tps control manager is no limit implementation.

2024-12-10 11:09:37,573 INFO No tps control rule of RemoteNamingInstanceBatchRegister found,content =null  

2024-12-10 11:09:37,573 WARN Tps point for RemoteNamingInstanceBatchRegister registered, But tps control manager is no limit implementation.

2024-12-10 11:09:37,573 INFO No tps control rule of RemoteNamingInstanceRegisterDeregister found,content =null  

2024-12-10 11:09:37,573 WARN Tps point for RemoteNamingInstanceRegisterDeregister registered, But tps control manager is no limit implementation.

2024-12-10 11:09:37,573 INFO No tps control rule of RemoteNamingServiceListQuery found,content =null  

2024-12-10 11:09:37,573 WARN Tps point for RemoteNamingServiceListQuery registered, But tps control manager is no limit implementation.

2024-12-10 11:09:37,573 INFO No tps control rule of RemoteNamingServiceSubscribeUnSubscribe found,content =null  

2024-12-10 11:09:37,573 WARN Tps point for RemoteNamingServiceSubscribeUnSubscribe registered, But tps control manager is no limit implementation.

2024-12-10 11:09:37,573 WARN Tps point for RemoteNamingInstanceRegisterDeregister registered, But tps control manager is no limit implementation.

2024-12-10 11:09:37,574 INFO No tps control rule of HttpHealthCheck found,content =null  

2024-12-10 11:09:37,574 WARN Tps point for HttpHealthCheck registered, But tps control manager is no limit implementation.

2024-12-10 11:09:37,574 INFO No tps control rule of NamingServiceRegister found,content =null  

2024-12-10 11:09:37,574 WARN Tps point for NamingServiceRegister registered, But tps control manager is no limit implementation.

2024-12-10 11:09:37,574 INFO No tps control rule of NamingInstanceMetadataUpdate found,content =null  

2024-12-10 11:09:37,574 WARN Tps point for NamingInstanceMetadataUpdate registered, But tps control manager is no limit implementation.

2024-12-10 11:09:37,575 INFO No tps control rule of NamingInstanceDeregister found,content =null  

2024-12-10 11:09:37,575 WARN Tps point for NamingInstanceDeregister registered, But tps control manager is no limit implementation.

2024-12-10 11:09:37,575 INFO No tps control rule of NamingServiceUpdate found,content =null  

2024-12-10 11:09:37,575 WARN Tps point for NamingServiceUpdate registered, But tps control manager is no limit implementation.

2024-12-10 11:09:37,575 WARN Tps point for NamingInstanceMetadataUpdate registered, But tps control manager is no limit implementation.

2024-12-10 11:09:37,575 WARN Tps point for NamingInstanceMetadataUpdate registered, But tps control manager is no limit implementation.

2024-12-10 11:09:37,575 INFO No tps control rule of NamingServiceSubscribe found,content =null  

2024-12-10 11:09:37,575 WARN Tps point for NamingServiceSubscribe registered, But tps control manager is no limit implementation.

2024-12-10 11:09:37,575 INFO No tps control rule of NamingServiceListQuery found,content =null  

2024-12-10 11:09:37,575 WARN Tps point for NamingServiceListQuery registered, But tps control manager is no limit implementation.

2024-12-10 11:09:37,575 INFO No tps control rule of NamingInstanceRegister found,content =null  

2024-12-10 11:09:37,575 WARN Tps point for NamingInstanceRegister registered, But tps control manager is no limit implementation.

2024-12-10 11:09:37,575 INFO No tps control rule of NamingInstanceQuery found,content =null  

2024-12-10 11:09:37,575 WARN Tps point for NamingInstanceQuery registered, But tps control manager is no limit implementation.

2024-12-10 11:09:37,575 INFO No tps control rule of NamingServiceQuery found,content =null  

2024-12-10 11:09:37,575 WARN Tps point for NamingServiceQuery registered, But tps control manager is no limit implementation.

2024-12-10 11:09:37,575 WARN Tps point for NamingServiceSubscribe registered, But tps control manager is no limit implementation.

2024-12-10 11:09:37,575 WARN Tps point for NamingInstanceDeregister registered, But tps control manager is no limit implementation.

2024-12-10 11:09:37,575 WARN Tps point for HttpHealthCheck registered, But tps control manager is no limit implementation.

2024-12-10 11:09:37,575 WARN Tps point for NamingInstanceMetadataUpdate registered, But tps control manager is no limit implementation.

2024-12-10 11:09:37,575 WARN Tps point for NamingInstanceRegister registered, But tps control manager is no limit implementation.

2024-12-10 11:09:37,576 WARN Tps point for ConfigPublish registered, But tps control manager is no limit implementation.

2024-12-10 11:09:37,576 WARN Tps point for NamingInstanceQuery registered, But tps control manager is no limit implementation.

2024-12-10 11:09:37,576 WARN Tps point for NamingServiceListQuery registered, But tps control manager is no limit implementation.

2024-12-10 11:09:37,576 INFO No tps control rule of NamingInstanceUpdate found,content =null  

2024-12-10 11:09:37,576 WARN Tps point for NamingInstanceUpdate registered, But tps control manager is no limit implementation.

2024-12-10 11:09:37,576 WARN Tps point for NamingServiceQuery registered, But tps control manager is no limit implementation.

2024-12-10 11:09:37,576 WARN Tps point for ConfigQuery registered, But tps control manager is no limit implementation.

2024-12-10 11:09:37,576 INFO No tps control rule of NamingServiceDeregister found,content =null  

2024-12-10 11:09:37,576 WARN Tps point for NamingServiceDeregister registered, But tps control manager is no limit implementation.

2024-12-10 11:09:37,576 WARN Tps point for NamingServiceDeregister registered, But tps control manager is no limit implementation.

2024-12-10 11:09:37,576 WARN Tps point for NamingServiceUpdate registered, But tps control manager is no limit implementation.

2024-12-10 11:09:37,576 WARN Tps point for NamingServiceRegister registered, But tps control manager is no limit implementation.

2024-12-10 11:09:37,576 WARN Tps point for NamingInstanceUpdate registered, But tps control manager is no limit implementation.

2024-12-10 11:15:45,017 INFO No tps control rule of NAMING_RPC_PUSH found,content =null  

2024-12-10 11:15:45,017 WARN Tps point for NAMING_RPC_PUSH registered, But tps control manager is no limit implementation.

2024-12-10 11:15:45,017 INFO No tps control rule of NAMING_RPC_PUSH_SUCCESS found,content =null  

2024-12-10 11:15:45,017 WARN Tps point for NAMING_RPC_PUSH_SUCCESS registered, But tps control manager is no limit implementation.

2024-12-10 11:15:45,017 INFO No tps control rule of NAMING_RPC_PUSH_FAIL found,content =null  

2024-12-10 11:15:45,017 WARN Tps point for NAMING_RPC_PUSH_FAIL registered, But tps control manager is no limit implementation.

2024-12-10 11:15:45,017 INFO No tps control rule of NAMING_UDP_PUSH found,content =null  

2024-12-10 11:15:45,017 WARN Tps point for NAMING_UDP_PUSH registered, But tps control manager is no limit implementation.

2024-12-10 11:15:45,018 INFO No tps control rule of NAMING_UDP_PUSH_SUCCESS found,content =null  

2024-12-10 11:15:45,018 WARN Tps point for NAMING_UDP_PUSH_SUCCESS registered, But tps control manager is no limit implementation.

2024-12-10 11:15:45,018 INFO No tps control rule of NAMING_UDP_PUSH_FAIL found,content =null  

2024-12-10 11:15:45,018 WARN Tps point for NAMING_UDP_PUSH_FAIL registered, But tps control manager is no limit implementation.

2024-12-10 11:15:45,018 INFO No tps control rule of NAMING_DISTRO_SYNC found,content =null  

2024-12-10 11:15:45,018 WARN Tps point for NAMING_DISTRO_SYNC registered, But tps control manager is no limit implementation.

2024-12-10 11:15:45,018 INFO No tps control rule of NAMING_DISTRO_SYNC_SUCCESS found,content =null  

2024-12-10 11:15:45,018 WARN Tps point for NAMING_DISTRO_SYNC_SUCCESS registered, But tps control manager is no limit implementation.

2024-12-10 11:15:45,018 INFO No tps control rule of NAMING_DISTRO_SYNC_FAIL found,content =null  

2024-12-10 11:15:45,018 WARN Tps point for NAMING_DISTRO_SYNC_FAIL registered, But tps control manager is no limit implementation.

2024-12-10 11:15:45,018 INFO No tps control rule of NAMING_DISTRO_VERIFY found,content =null  

2024-12-10 11:15:45,018 WARN Tps point for NAMING_DISTRO_VERIFY registered, But tps control manager is no limit implementation.

2024-12-10 11:15:45,018 INFO No tps control rule of NAMING_DISTRO_VERIFY_SUCCESS found,content =null  

2024-12-10 11:15:45,018 WARN Tps point for NAMING_DISTRO_VERIFY_SUCCESS registered, But tps control manager is no limit implementation.

2024-12-10 11:15:45,018 INFO No tps control rule of NAMING_DISTRO_VERIFY_FAIL found,content =null  

2024-12-10 11:15:45,018 WARN Tps point for NAMING_DISTRO_VERIFY_FAIL registered, But tps control manager is no limit implementation.

