2024-12-08 22:22:54,455 INFO Fail to find connection runtime ejector for name nacos,use default

2024-12-08 22:22:54,537 INFO ConnectionMetrics, totalCount = 0, detail = {long_connection=0, long_polling=0}

2024-12-08 22:22:55,472 INFO Connection check task start

2024-12-08 22:22:55,472 INFO Long connection metrics detail ,Total count =0, sdkCount=0,clusterCount=0

2024-12-08 22:22:55,473 INFO Out dated connection ,size=0

2024-12-08 22:22:55,473 INFO Connection check task end

2024-12-08 22:22:57,552 INFO ConnectionMetrics, totalCount = 0, detail = {long_connection=0, long_polling=0}

2024-12-08 22:22:58,491 INFO Connection check task start

2024-12-08 22:22:58,491 INFO Long connection metrics detail ,Total count =0, sdkCount=0,clusterCount=0

2024-12-08 22:22:58,494 INFO Out dated connection ,size=0

2024-12-08 22:22:58,494 INFO Connection check task end

2024-12-08 22:23:00,562 INFO ConnectionMetrics, totalCount = 0, detail = {long_connection=0, long_polling=0}

2024-12-08 22:23:01,506 INFO Connection check task start

2024-12-08 22:23:01,506 INFO Long connection metrics detail ,Total count =0, sdkCount=0,clusterCount=0

2024-12-08 22:23:01,506 INFO Out dated connection ,size=0

2024-12-08 22:23:01,507 INFO Connection check task end

2024-12-08 22:23:03,563 INFO ConnectionMetrics, totalCount = 0, detail = {long_connection=0, long_polling=0}

2024-12-08 22:23:03,712 INFO new connection registered successfully, connectionId = 1733667783543_0:0:0:0:0:0:0:1_56643,connection=Connection{traced=false, abilities={}, metaInfo=ConnectionMeta{connectType='GRPC', clientIp='192.168.116.1', remoteIp='0:0:0:0:0:0:0:1', remotePort=56643, localPort=9848, version='Nacos-Java-Client:v2.4.2', connectionId='1733667783543_0:0:0:0:0:0:0:1_56643', createTime=Sun Dec 08 22:23:03 CST 2024, lastActiveTime=1733667783702, appName='unknown', tenant='null', labels={source=sdk, module=naming, AppName=unknown, tls.enable=false}}} 

2024-12-08 22:23:04,517 INFO Connection check task start

2024-12-08 22:23:04,517 INFO Long connection metrics detail ,Total count =1, sdkCount=1,clusterCount=0

2024-12-08 22:23:04,517 INFO Out dated connection ,size=0

2024-12-08 22:23:04,517 INFO Connection check task end

2024-12-08 22:23:06,577 INFO ConnectionMetrics, totalCount = 1, detail = {long_connection=1, long_polling=0}

2024-12-08 22:23:07,529 INFO Connection check task start

2024-12-08 22:23:07,529 INFO Long connection metrics detail ,Total count =1, sdkCount=1,clusterCount=0

2024-12-08 22:23:07,529 INFO Out dated connection ,size=0

2024-12-08 22:23:07,529 INFO Connection check task end

2024-12-08 22:23:09,588 INFO ConnectionMetrics, totalCount = 1, detail = {long_connection=1, long_polling=0}

2024-12-08 22:23:10,538 INFO Connection check task start

2024-12-08 22:23:10,538 INFO Long connection metrics detail ,Total count =1, sdkCount=1,clusterCount=0

2024-12-08 22:23:10,539 INFO Out dated connection ,size=0

2024-12-08 22:23:10,539 INFO Connection check task end

2024-12-08 22:23:12,601 INFO ConnectionMetrics, totalCount = 1, detail = {long_connection=1, long_polling=0}

2024-12-08 22:23:13,547 INFO Connection check task start

2024-12-08 22:23:13,547 INFO Long connection metrics detail ,Total count =1, sdkCount=1,clusterCount=0

2024-12-08 22:23:13,547 INFO Out dated connection ,size=0

2024-12-08 22:23:13,547 INFO Connection check task end

2024-12-08 22:23:15,615 INFO ConnectionMetrics, totalCount = 1, detail = {long_connection=1, long_polling=0}

2024-12-08 22:23:16,558 INFO Connection check task start

2024-12-08 22:23:16,558 INFO Long connection metrics detail ,Total count =1, sdkCount=1,clusterCount=0

2024-12-08 22:23:16,558 INFO Out dated connection ,size=0

2024-12-08 22:23:16,558 INFO Connection check task end

2024-12-08 22:23:18,619 INFO ConnectionMetrics, totalCount = 1, detail = {long_connection=1, long_polling=0}

2024-12-08 22:23:19,574 INFO Connection check task start

2024-12-08 22:23:19,574 INFO Long connection metrics detail ,Total count =1, sdkCount=1,clusterCount=0

2024-12-08 22:23:19,574 INFO Out dated connection ,size=0

2024-12-08 22:23:19,574 INFO Connection check task end

2024-12-08 22:23:21,632 INFO ConnectionMetrics, totalCount = 1, detail = {long_connection=1, long_polling=0}

2024-12-08 22:23:22,575 INFO Connection check task start

2024-12-08 22:23:22,575 INFO Long connection metrics detail ,Total count =1, sdkCount=1,clusterCount=0

2024-12-08 22:23:22,575 INFO Out dated connection ,size=0

2024-12-08 22:23:22,575 INFO Connection check task end

2024-12-08 22:23:24,645 INFO ConnectionMetrics, totalCount = 1, detail = {long_connection=1, long_polling=0}

2024-12-08 22:23:25,580 INFO Connection check task start

2024-12-08 22:23:25,580 INFO Long connection metrics detail ,Total count =1, sdkCount=1,clusterCount=0

2024-12-08 22:23:25,580 INFO Out dated connection ,size=0

2024-12-08 22:23:25,580 INFO Connection check task end

2024-12-08 22:23:27,654 INFO ConnectionMetrics, totalCount = 1, detail = {long_connection=1, long_polling=0}

2024-12-08 22:23:28,588 INFO Connection check task start

2024-12-08 22:23:28,588 INFO Long connection metrics detail ,Total count =1, sdkCount=1,clusterCount=0

2024-12-08 22:23:28,588 INFO Out dated connection ,size=0

2024-12-08 22:23:28,588 INFO Connection check task end

2024-12-08 22:23:30,664 INFO ConnectionMetrics, totalCount = 1, detail = {long_connection=1, long_polling=0}

2024-12-08 22:23:31,600 INFO Connection check task start

2024-12-08 22:23:31,600 INFO Long connection metrics detail ,Total count =1, sdkCount=1,clusterCount=0

2024-12-08 22:23:31,600 INFO Out dated connection ,size=0

2024-12-08 22:23:31,600 INFO Connection check task end

2024-12-08 22:23:33,666 INFO ConnectionMetrics, totalCount = 1, detail = {long_connection=1, long_polling=0}

2024-12-08 22:23:34,603 INFO Connection check task start

2024-12-08 22:23:34,603 INFO Long connection metrics detail ,Total count =1, sdkCount=1,clusterCount=0

2024-12-08 22:23:34,603 INFO Out dated connection ,size=0

2024-12-08 22:23:34,603 INFO Connection check task end

2024-12-08 22:23:36,670 INFO ConnectionMetrics, totalCount = 1, detail = {long_connection=1, long_polling=0}

2024-12-08 22:23:37,610 INFO Connection check task start

2024-12-08 22:23:37,610 INFO Long connection metrics detail ,Total count =1, sdkCount=1,clusterCount=0

2024-12-08 22:23:37,610 INFO Out dated connection ,size=0

2024-12-08 22:23:37,610 INFO Connection check task end

2024-12-08 22:23:39,680 INFO ConnectionMetrics, totalCount = 1, detail = {long_connection=1, long_polling=0}

2024-12-08 22:23:40,616 INFO Connection check task start

2024-12-08 22:23:40,616 INFO Long connection metrics detail ,Total count =1, sdkCount=1,clusterCount=0

2024-12-08 22:23:40,616 INFO Out dated connection ,size=0

2024-12-08 22:23:40,616 INFO Connection check task end

2024-12-08 22:23:42,688 INFO ConnectionMetrics, totalCount = 1, detail = {long_connection=1, long_polling=0}

2024-12-08 22:23:43,626 INFO Connection check task start

2024-12-08 22:23:43,626 INFO Long connection metrics detail ,Total count =1, sdkCount=1,clusterCount=0

2024-12-08 22:23:43,626 INFO Out dated connection ,size=0

2024-12-08 22:23:43,626 INFO Connection check task end

2024-12-08 22:23:45,703 INFO ConnectionMetrics, totalCount = 1, detail = {long_connection=1, long_polling=0}

2024-12-08 22:23:46,627 INFO Connection check task start

2024-12-08 22:23:46,627 INFO Long connection metrics detail ,Total count =1, sdkCount=1,clusterCount=0

2024-12-08 22:23:46,627 INFO Out dated connection ,size=0

2024-12-08 22:23:46,627 INFO Connection check task end

2024-12-08 22:23:48,709 INFO ConnectionMetrics, totalCount = 1, detail = {long_connection=1, long_polling=0}

2024-12-08 22:23:49,629 INFO Connection check task start

2024-12-08 22:23:49,629 INFO Long connection metrics detail ,Total count =1, sdkCount=1,clusterCount=0

2024-12-08 22:23:49,629 INFO Out dated connection ,size=0

2024-12-08 22:23:49,629 INFO Connection check task end

2024-12-08 22:23:51,717 INFO ConnectionMetrics, totalCount = 1, detail = {long_connection=1, long_polling=0}

2024-12-08 22:23:52,641 INFO Connection check task start

2024-12-08 22:23:52,641 INFO Long connection metrics detail ,Total count =1, sdkCount=1,clusterCount=0

2024-12-08 22:23:52,641 INFO Out dated connection ,size=0

2024-12-08 22:23:52,641 INFO Connection check task end

2024-12-08 22:23:54,731 INFO ConnectionMetrics, totalCount = 1, detail = {long_connection=1, long_polling=0}

2024-12-08 22:23:55,646 INFO Connection check task start

2024-12-08 22:23:55,646 INFO Long connection metrics detail ,Total count =1, sdkCount=1,clusterCount=0

2024-12-08 22:23:55,646 INFO Out dated connection ,size=0

2024-12-08 22:23:55,646 INFO Connection check task end

2024-12-08 22:23:57,739 INFO ConnectionMetrics, totalCount = 1, detail = {long_connection=1, long_polling=0}

2024-12-08 22:23:58,649 INFO Connection check task start

2024-12-08 22:23:58,649 INFO Long connection metrics detail ,Total count =1, sdkCount=1,clusterCount=0

2024-12-08 22:23:58,649 INFO Out dated connection ,size=0

2024-12-08 22:23:58,649 INFO Connection check task end

2024-12-08 22:24:00,750 INFO ConnectionMetrics, totalCount = 1, detail = {long_connection=1, long_polling=0}

2024-12-08 22:24:01,655 INFO Connection check task start

2024-12-08 22:24:01,655 INFO Long connection metrics detail ,Total count =1, sdkCount=1,clusterCount=0

2024-12-08 22:24:01,655 INFO Out dated connection ,size=0

2024-12-08 22:24:01,655 INFO Connection check task end

2024-12-08 22:24:03,755 INFO ConnectionMetrics, totalCount = 1, detail = {long_connection=1, long_polling=0}

2024-12-08 22:24:04,658 INFO Connection check task start

2024-12-08 22:24:04,658 INFO Long connection metrics detail ,Total count =1, sdkCount=1,clusterCount=0

2024-12-08 22:24:04,659 INFO Out dated connection ,size=0

2024-12-08 22:24:04,659 INFO Connection check task end

2024-12-08 22:24:06,770 INFO ConnectionMetrics, totalCount = 1, detail = {long_connection=1, long_polling=0}

2024-12-08 22:24:07,668 INFO Connection check task start

2024-12-08 22:24:07,668 INFO Long connection metrics detail ,Total count =1, sdkCount=1,clusterCount=0

2024-12-08 22:24:07,668 INFO Out dated connection ,size=0

2024-12-08 22:24:07,668 INFO Connection check task end

2024-12-08 22:24:09,784 INFO ConnectionMetrics, totalCount = 1, detail = {long_connection=1, long_polling=0}

2024-12-08 22:24:10,680 INFO Connection check task start

2024-12-08 22:24:10,680 INFO Long connection metrics detail ,Total count =1, sdkCount=1,clusterCount=0

2024-12-08 22:24:10,680 INFO Out dated connection ,size=0

2024-12-08 22:24:10,680 INFO Connection check task end

2024-12-08 22:24:12,790 INFO ConnectionMetrics, totalCount = 1, detail = {long_connection=1, long_polling=0}

2024-12-08 22:24:13,684 INFO Connection check task start

2024-12-08 22:24:13,684 INFO Long connection metrics detail ,Total count =1, sdkCount=1,clusterCount=0

2024-12-08 22:24:13,684 INFO Out dated connection ,size=0

2024-12-08 22:24:13,684 INFO Connection check task end

2024-12-08 22:24:15,800 INFO ConnectionMetrics, totalCount = 1, detail = {long_connection=1, long_polling=0}

2024-12-08 22:24:16,698 INFO Connection check task start

2024-12-08 22:24:16,698 INFO Long connection metrics detail ,Total count =1, sdkCount=1,clusterCount=0

2024-12-08 22:24:16,698 INFO Out dated connection ,size=0

2024-12-08 22:24:16,698 INFO Connection check task end

2024-12-08 22:24:18,812 INFO ConnectionMetrics, totalCount = 1, detail = {long_connection=1, long_polling=0}

2024-12-08 22:24:19,698 INFO Connection check task start

2024-12-08 22:24:19,698 INFO Long connection metrics detail ,Total count =1, sdkCount=1,clusterCount=0

2024-12-08 22:24:19,698 INFO Out dated connection ,size=0

2024-12-08 22:24:19,698 INFO Connection check task end

2024-12-08 22:24:21,816 INFO ConnectionMetrics, totalCount = 1, detail = {long_connection=1, long_polling=0}

2024-12-08 22:24:22,708 INFO Connection check task start

2024-12-08 22:24:22,708 INFO Long connection metrics detail ,Total count =1, sdkCount=1,clusterCount=0

2024-12-08 22:24:22,708 INFO Out dated connection ,size=0

2024-12-08 22:24:22,708 INFO Connection check task end

2024-12-08 22:24:24,819 INFO ConnectionMetrics, totalCount = 1, detail = {long_connection=1, long_polling=0}

2024-12-08 22:24:25,721 INFO Connection check task start

2024-12-08 22:24:25,721 INFO Long connection metrics detail ,Total count =1, sdkCount=1,clusterCount=0

2024-12-08 22:24:25,721 INFO Out dated connection ,size=0

2024-12-08 22:24:25,721 INFO Connection check task end

2024-12-08 22:24:27,830 INFO ConnectionMetrics, totalCount = 1, detail = {long_connection=1, long_polling=0}

2024-12-08 22:24:28,726 INFO Connection check task start

2024-12-08 22:24:28,726 INFO Long connection metrics detail ,Total count =1, sdkCount=1,clusterCount=0

2024-12-08 22:24:28,726 INFO Out dated connection ,size=0

2024-12-08 22:24:28,726 INFO Connection check task end

2024-12-08 22:24:30,841 INFO ConnectionMetrics, totalCount = 1, detail = {long_connection=1, long_polling=0}

2024-12-08 22:24:31,732 INFO Connection check task start

2024-12-08 22:24:31,732 INFO Long connection metrics detail ,Total count =1, sdkCount=1,clusterCount=0

2024-12-08 22:24:31,732 INFO Out dated connection ,size=0

2024-12-08 22:24:31,732 INFO Connection check task end

2024-12-08 22:24:33,856 INFO ConnectionMetrics, totalCount = 1, detail = {long_connection=1, long_polling=0}

2024-12-08 22:24:34,736 INFO Connection check task start

2024-12-08 22:24:34,736 INFO Long connection metrics detail ,Total count =1, sdkCount=1,clusterCount=0

2024-12-08 22:24:34,736 INFO Out dated connection ,size=0

2024-12-08 22:24:34,736 INFO Connection check task end

2024-12-08 22:24:36,872 INFO ConnectionMetrics, totalCount = 1, detail = {long_connection=1, long_polling=0}

2024-12-08 22:24:37,738 INFO Connection check task start

2024-12-08 22:24:37,739 INFO Long connection metrics detail ,Total count =1, sdkCount=1,clusterCount=0

2024-12-08 22:24:37,739 INFO Out dated connection ,size=0

2024-12-08 22:24:37,739 INFO Connection check task end

2024-12-08 22:24:39,878 INFO ConnectionMetrics, totalCount = 1, detail = {long_connection=1, long_polling=0}

2024-12-08 22:24:40,744 INFO Connection check task start

2024-12-08 22:24:40,744 INFO Long connection metrics detail ,Total count =1, sdkCount=1,clusterCount=0

2024-12-08 22:24:40,744 INFO Out dated connection ,size=0

2024-12-08 22:24:40,744 INFO Connection check task end

2024-12-08 22:24:42,894 INFO ConnectionMetrics, totalCount = 1, detail = {long_connection=1, long_polling=0}

2024-12-08 22:24:43,749 INFO Connection check task start

2024-12-08 22:24:43,749 INFO Long connection metrics detail ,Total count =1, sdkCount=1,clusterCount=0

2024-12-08 22:24:43,749 INFO Out dated connection ,size=0

2024-12-08 22:24:43,749 INFO Connection check task end

2024-12-08 22:24:45,907 INFO ConnectionMetrics, totalCount = 1, detail = {long_connection=1, long_polling=0}

2024-12-08 22:24:46,076 INFO new connection registered successfully, connectionId = 1733667885958_0:0:0:0:0:0:0:1_56736,connection=Connection{traced=false, abilities={}, metaInfo=ConnectionMeta{connectType='GRPC', clientIp='192.168.116.1', remoteIp='0:0:0:0:0:0:0:1', remotePort=56736, localPort=9848, version='Nacos-Java-Client:v2.4.2', connectionId='1733667885958_0:0:0:0:0:0:0:1_56736', createTime=Sun Dec 08 22:24:46 CST 2024, lastActiveTime=1733667886075, appName='unknown', tenant='null', labels={source=sdk, module=naming, AppName=unknown, tls.enable=false}}} 

2024-12-08 22:24:46,764 INFO Connection check task start

2024-12-08 22:24:46,764 INFO Long connection metrics detail ,Total count =2, sdkCount=2,clusterCount=0

2024-12-08 22:24:46,764 INFO Out dated connection ,size=0

2024-12-08 22:24:46,764 INFO Connection check task end

2024-12-08 22:24:48,921 INFO ConnectionMetrics, totalCount = 2, detail = {long_connection=2, long_polling=0}

2024-12-08 22:24:49,766 INFO Connection check task start

2024-12-08 22:24:49,766 INFO Long connection metrics detail ,Total count =2, sdkCount=2,clusterCount=0

2024-12-08 22:24:49,766 INFO Out dated connection ,size=0

2024-12-08 22:24:49,766 INFO Connection check task end

2024-12-08 22:24:51,921 INFO ConnectionMetrics, totalCount = 2, detail = {long_connection=2, long_polling=0}

2024-12-08 22:24:52,779 INFO Connection check task start

2024-12-08 22:24:52,779 INFO Long connection metrics detail ,Total count =2, sdkCount=2,clusterCount=0

2024-12-08 22:24:52,779 INFO Out dated connection ,size=0

2024-12-08 22:24:52,779 INFO Connection check task end

2024-12-08 22:24:54,936 INFO ConnectionMetrics, totalCount = 2, detail = {long_connection=2, long_polling=0}

2024-12-08 22:24:55,782 INFO Connection check task start

2024-12-08 22:24:55,782 INFO Long connection metrics detail ,Total count =2, sdkCount=2,clusterCount=0

2024-12-08 22:24:55,782 INFO Out dated connection ,size=0

2024-12-08 22:24:55,782 INFO Connection check task end

2024-12-08 22:24:57,949 INFO ConnectionMetrics, totalCount = 2, detail = {long_connection=2, long_polling=0}

2024-12-08 22:24:58,782 INFO Connection check task start

2024-12-08 22:24:58,782 INFO Long connection metrics detail ,Total count =2, sdkCount=2,clusterCount=0

2024-12-08 22:24:58,782 INFO Out dated connection ,size=0

2024-12-08 22:24:58,782 INFO Connection check task end

2024-12-08 22:25:00,953 INFO ConnectionMetrics, totalCount = 2, detail = {long_connection=2, long_polling=0}

2024-12-08 22:25:01,797 INFO Connection check task start

2024-12-08 22:25:01,797 INFO Long connection metrics detail ,Total count =2, sdkCount=2,clusterCount=0

2024-12-08 22:25:01,797 INFO Out dated connection ,size=0

2024-12-08 22:25:01,797 INFO Connection check task end

2024-12-08 22:25:03,953 INFO ConnectionMetrics, totalCount = 2, detail = {long_connection=2, long_polling=0}

2024-12-08 22:25:04,811 INFO Connection check task start

2024-12-08 22:25:04,811 INFO Long connection metrics detail ,Total count =2, sdkCount=2,clusterCount=0

2024-12-08 22:25:04,811 INFO Out dated connection ,size=0

2024-12-08 22:25:04,811 INFO Connection check task end

2024-12-08 22:25:06,968 INFO ConnectionMetrics, totalCount = 2, detail = {long_connection=2, long_polling=0}

2024-12-08 22:25:07,823 INFO Connection check task start

2024-12-08 22:25:07,823 INFO Long connection metrics detail ,Total count =2, sdkCount=2,clusterCount=0

2024-12-08 22:25:07,823 INFO Out dated connection ,size=0

2024-12-08 22:25:07,823 INFO Connection check task end

2024-12-08 22:25:09,973 INFO ConnectionMetrics, totalCount = 2, detail = {long_connection=2, long_polling=0}

2024-12-08 22:25:10,831 INFO Connection check task start

2024-12-08 22:25:10,831 INFO Long connection metrics detail ,Total count =2, sdkCount=2,clusterCount=0

2024-12-08 22:25:10,831 INFO Out dated connection ,size=0

2024-12-08 22:25:10,831 INFO Connection check task end

2024-12-08 22:25:12,978 INFO ConnectionMetrics, totalCount = 2, detail = {long_connection=2, long_polling=0}

2024-12-08 22:25:13,835 INFO Connection check task start

2024-12-08 22:25:13,835 INFO Long connection metrics detail ,Total count =2, sdkCount=2,clusterCount=0

2024-12-08 22:25:13,835 INFO Out dated connection ,size=0

2024-12-08 22:25:13,835 INFO Connection check task end

2024-12-08 22:25:15,983 INFO ConnectionMetrics, totalCount = 2, detail = {long_connection=2, long_polling=0}

2024-12-08 22:25:16,844 INFO Connection check task start

2024-12-08 22:25:16,844 INFO Long connection metrics detail ,Total count =2, sdkCount=2,clusterCount=0

2024-12-08 22:25:16,844 INFO Out dated connection ,size=0

2024-12-08 22:25:16,844 INFO Connection check task end

2024-12-08 22:25:18,995 INFO ConnectionMetrics, totalCount = 2, detail = {long_connection=2, long_polling=0}

2024-12-08 22:25:19,853 INFO Connection check task start

2024-12-08 22:25:19,853 INFO Long connection metrics detail ,Total count =2, sdkCount=2,clusterCount=0

2024-12-08 22:25:19,853 INFO Out dated connection ,size=0

2024-12-08 22:25:19,853 INFO Connection check task end

2024-12-08 22:25:22,010 INFO ConnectionMetrics, totalCount = 2, detail = {long_connection=2, long_polling=0}

2024-12-08 22:25:22,867 INFO Connection check task start

2024-12-08 22:25:22,867 INFO Long connection metrics detail ,Total count =2, sdkCount=2,clusterCount=0

2024-12-08 22:25:22,867 INFO Out dated connection ,size=0

2024-12-08 22:25:22,867 INFO Connection check task end

2024-12-08 22:25:25,017 INFO ConnectionMetrics, totalCount = 2, detail = {long_connection=2, long_polling=0}

2024-12-08 22:25:25,873 INFO Connection check task start

2024-12-08 22:25:25,873 INFO Long connection metrics detail ,Total count =2, sdkCount=2,clusterCount=0

2024-12-08 22:25:25,873 INFO Out dated connection ,size=0

2024-12-08 22:25:25,873 INFO Connection check task end

2024-12-08 22:25:28,025 INFO ConnectionMetrics, totalCount = 2, detail = {long_connection=2, long_polling=0}

2024-12-08 22:25:28,879 INFO Connection check task start

2024-12-08 22:25:28,879 INFO Long connection metrics detail ,Total count =2, sdkCount=2,clusterCount=0

2024-12-08 22:25:28,879 INFO Out dated connection ,size=0

2024-12-08 22:25:28,879 INFO Connection check task end

2024-12-08 22:25:31,026 INFO ConnectionMetrics, totalCount = 2, detail = {long_connection=2, long_polling=0}

2024-12-08 22:25:31,883 INFO Connection check task start

2024-12-08 22:25:31,883 INFO Long connection metrics detail ,Total count =2, sdkCount=2,clusterCount=0

2024-12-08 22:25:31,883 INFO Out dated connection ,size=0

2024-12-08 22:25:31,883 INFO Connection check task end

2024-12-08 22:25:34,037 INFO ConnectionMetrics, totalCount = 2, detail = {long_connection=2, long_polling=0}

2024-12-08 22:25:34,899 INFO Connection check task start

2024-12-08 22:25:34,899 INFO Long connection metrics detail ,Total count =2, sdkCount=2,clusterCount=0

2024-12-08 22:25:34,899 INFO Out dated connection ,size=0

2024-12-08 22:25:34,899 INFO Connection check task end

2024-12-08 22:25:37,038 INFO ConnectionMetrics, totalCount = 2, detail = {long_connection=2, long_polling=0}

2024-12-08 22:25:37,910 INFO Connection check task start

2024-12-08 22:25:37,910 INFO Long connection metrics detail ,Total count =2, sdkCount=2,clusterCount=0

2024-12-08 22:25:37,910 INFO Out dated connection ,size=0

2024-12-08 22:25:37,910 INFO Connection check task end

2024-12-08 22:25:40,045 INFO ConnectionMetrics, totalCount = 2, detail = {long_connection=2, long_polling=0}

2024-12-08 22:25:40,924 INFO Connection check task start

2024-12-08 22:25:40,924 INFO Long connection metrics detail ,Total count =2, sdkCount=2,clusterCount=0

2024-12-08 22:25:40,924 INFO Out dated connection ,size=0

2024-12-08 22:25:40,924 INFO Connection check task end

2024-12-08 22:25:43,058 INFO ConnectionMetrics, totalCount = 2, detail = {long_connection=2, long_polling=0}

2024-12-08 22:25:43,939 INFO Connection check task start

2024-12-08 22:25:43,939 INFO Long connection metrics detail ,Total count =2, sdkCount=2,clusterCount=0

2024-12-08 22:25:43,939 INFO Out dated connection ,size=0

2024-12-08 22:25:43,939 INFO Connection check task end

2024-12-08 22:25:46,071 INFO ConnectionMetrics, totalCount = 2, detail = {long_connection=2, long_polling=0}

2024-12-08 22:25:46,941 INFO Connection check task start

2024-12-08 22:25:46,941 INFO Long connection metrics detail ,Total count =2, sdkCount=2,clusterCount=0

2024-12-08 22:25:46,941 INFO Out dated connection ,size=0

2024-12-08 22:25:46,941 INFO Connection check task end

2024-12-08 22:25:49,079 INFO ConnectionMetrics, totalCount = 2, detail = {long_connection=2, long_polling=0}

2024-12-08 22:25:49,952 INFO Connection check task start

2024-12-08 22:25:49,952 INFO Long connection metrics detail ,Total count =2, sdkCount=2,clusterCount=0

2024-12-08 22:25:49,952 INFO Out dated connection ,size=0

2024-12-08 22:25:49,952 INFO Connection check task end

2024-12-08 22:25:52,081 INFO ConnectionMetrics, totalCount = 2, detail = {long_connection=2, long_polling=0}

2024-12-08 22:25:52,955 INFO Connection check task start

2024-12-08 22:25:52,955 INFO Long connection metrics detail ,Total count =2, sdkCount=2,clusterCount=0

2024-12-08 22:25:52,955 INFO Out dated connection ,size=0

2024-12-08 22:25:52,955 INFO Connection check task end

2024-12-08 22:25:55,099 INFO ConnectionMetrics, totalCount = 2, detail = {long_connection=2, long_polling=0}

2024-12-08 22:25:55,964 INFO Connection check task start

2024-12-08 22:25:55,964 INFO Long connection metrics detail ,Total count =2, sdkCount=2,clusterCount=0

2024-12-08 22:25:55,964 INFO Out dated connection ,size=0

2024-12-08 22:25:55,964 INFO Connection check task end

2024-12-08 22:25:58,113 INFO ConnectionMetrics, totalCount = 2, detail = {long_connection=2, long_polling=0}

2024-12-08 22:25:58,968 INFO Connection check task start

2024-12-08 22:25:58,968 INFO Long connection metrics detail ,Total count =2, sdkCount=2,clusterCount=0

2024-12-08 22:25:58,968 INFO Out dated connection ,size=0

2024-12-08 22:25:58,968 INFO Connection check task end

2024-12-08 22:26:01,124 INFO ConnectionMetrics, totalCount = 2, detail = {long_connection=2, long_polling=0}

2024-12-08 22:26:01,979 INFO Connection check task start

2024-12-08 22:26:01,979 INFO Long connection metrics detail ,Total count =2, sdkCount=2,clusterCount=0

2024-12-08 22:26:01,979 INFO Out dated connection ,size=0

2024-12-08 22:26:01,979 INFO Connection check task end

2024-12-08 22:26:04,136 INFO ConnectionMetrics, totalCount = 2, detail = {long_connection=2, long_polling=0}

2024-12-08 22:26:04,981 INFO Connection check task start

2024-12-08 22:26:04,981 INFO Long connection metrics detail ,Total count =2, sdkCount=2,clusterCount=0

2024-12-08 22:26:04,981 INFO Out dated connection ,size=0

2024-12-08 22:26:04,981 INFO Connection check task end

2024-12-08 22:26:07,150 INFO ConnectionMetrics, totalCount = 2, detail = {long_connection=2, long_polling=0}

2024-12-08 22:26:07,989 INFO Connection check task start

2024-12-08 22:26:07,989 INFO Long connection metrics detail ,Total count =2, sdkCount=2,clusterCount=0

2024-12-08 22:26:07,989 INFO Out dated connection ,size=0

2024-12-08 22:26:07,989 INFO Connection check task end

2024-12-08 22:26:10,156 INFO ConnectionMetrics, totalCount = 2, detail = {long_connection=2, long_polling=0}

2024-12-08 22:26:10,999 INFO Connection check task start

2024-12-08 22:26:10,999 INFO Long connection metrics detail ,Total count =2, sdkCount=2,clusterCount=0

2024-12-08 22:26:10,999 INFO Out dated connection ,size=0

2024-12-08 22:26:10,999 INFO Connection check task end

2024-12-08 22:26:13,166 INFO ConnectionMetrics, totalCount = 2, detail = {long_connection=2, long_polling=0}

2024-12-08 22:26:14,010 INFO Connection check task start

2024-12-08 22:26:14,010 INFO Long connection metrics detail ,Total count =2, sdkCount=2,clusterCount=0

2024-12-08 22:26:14,010 INFO Out dated connection ,size=0

2024-12-08 22:26:14,010 INFO Connection check task end

2024-12-08 22:26:16,180 INFO ConnectionMetrics, totalCount = 2, detail = {long_connection=2, long_polling=0}

2024-12-08 22:26:17,017 INFO Connection check task start

2024-12-08 22:26:17,017 INFO Long connection metrics detail ,Total count =2, sdkCount=2,clusterCount=0

2024-12-08 22:26:17,017 INFO Out dated connection ,size=0

2024-12-08 22:26:17,017 INFO Connection check task end

2024-12-08 22:26:19,182 INFO ConnectionMetrics, totalCount = 2, detail = {long_connection=2, long_polling=0}

2024-12-08 22:26:20,024 INFO Connection check task start

2024-12-08 22:26:20,024 INFO Long connection metrics detail ,Total count =2, sdkCount=2,clusterCount=0

2024-12-08 22:26:20,024 INFO Out dated connection ,size=0

2024-12-08 22:26:20,024 INFO Connection check task end

2024-12-08 22:26:22,193 INFO ConnectionMetrics, totalCount = 2, detail = {long_connection=2, long_polling=0}

2024-12-08 22:26:23,024 INFO Connection check task start

2024-12-08 22:26:23,024 INFO Long connection metrics detail ,Total count =2, sdkCount=2,clusterCount=0

2024-12-08 22:26:23,024 INFO Out dated connection ,size=0

2024-12-08 22:26:23,024 INFO Connection check task end

2024-12-08 22:26:25,195 INFO ConnectionMetrics, totalCount = 2, detail = {long_connection=2, long_polling=0}

2024-12-08 22:26:26,026 INFO Connection check task start

2024-12-08 22:26:26,026 INFO Long connection metrics detail ,Total count =2, sdkCount=2,clusterCount=0

2024-12-08 22:26:26,026 INFO Out dated connection ,size=0

2024-12-08 22:26:26,026 INFO Connection check task end

2024-12-08 22:26:28,196 INFO ConnectionMetrics, totalCount = 2, detail = {long_connection=2, long_polling=0}

2024-12-08 22:26:29,040 INFO Connection check task start

2024-12-08 22:26:29,040 INFO Long connection metrics detail ,Total count =2, sdkCount=2,clusterCount=0

2024-12-08 22:26:29,040 INFO Out dated connection ,size=0

2024-12-08 22:26:29,040 INFO Connection check task end

2024-12-08 22:26:31,210 INFO ConnectionMetrics, totalCount = 2, detail = {long_connection=2, long_polling=0}

2024-12-08 22:26:32,056 INFO Connection check task start

2024-12-08 22:26:32,056 INFO Long connection metrics detail ,Total count =2, sdkCount=2,clusterCount=0

2024-12-08 22:26:32,056 INFO Out dated connection ,size=0

2024-12-08 22:26:32,056 INFO Connection check task end

2024-12-08 22:26:34,215 INFO ConnectionMetrics, totalCount = 2, detail = {long_connection=2, long_polling=0}

2024-12-08 22:26:35,071 INFO Connection check task start

2024-12-08 22:26:35,071 INFO Long connection metrics detail ,Total count =2, sdkCount=2,clusterCount=0

2024-12-08 22:26:35,071 INFO Out dated connection ,size=0

2024-12-08 22:26:35,071 INFO Connection check task end

2024-12-08 22:26:37,229 INFO ConnectionMetrics, totalCount = 2, detail = {long_connection=2, long_polling=0}

2024-12-08 22:26:38,086 INFO Connection check task start

2024-12-08 22:26:38,086 INFO Long connection metrics detail ,Total count =2, sdkCount=2,clusterCount=0

2024-12-08 22:26:38,086 INFO Out dated connection ,size=0

2024-12-08 22:26:38,086 INFO Connection check task end

2024-12-08 22:26:40,234 INFO ConnectionMetrics, totalCount = 2, detail = {long_connection=2, long_polling=0}

2024-12-08 22:26:41,095 INFO Connection check task start

2024-12-08 22:26:41,095 INFO Long connection metrics detail ,Total count =2, sdkCount=2,clusterCount=0

2024-12-08 22:26:41,095 INFO Out dated connection ,size=0

2024-12-08 22:26:41,095 INFO Connection check task end

2024-12-08 22:26:43,243 INFO ConnectionMetrics, totalCount = 2, detail = {long_connection=2, long_polling=0}

2024-12-08 22:26:44,101 INFO Connection check task start

2024-12-08 22:26:44,101 INFO Long connection metrics detail ,Total count =2, sdkCount=2,clusterCount=0

2024-12-08 22:26:44,101 INFO Out dated connection ,size=0

2024-12-08 22:26:44,101 INFO Connection check task end

2024-12-08 22:26:46,247 INFO ConnectionMetrics, totalCount = 2, detail = {long_connection=2, long_polling=0}

2024-12-08 22:26:47,102 INFO Connection check task start

2024-12-08 22:26:47,102 INFO Long connection metrics detail ,Total count =2, sdkCount=2,clusterCount=0

2024-12-08 22:26:47,102 INFO Out dated connection ,size=0

2024-12-08 22:26:47,102 INFO Connection check task end

2024-12-08 22:26:48,654 INFO [1733667885958_0:0:0:0:0:0:0:1_56736]Connection unregistered successfully. 

2024-12-08 22:26:48,686 INFO [1733667783543_0:0:0:0:0:0:0:1_56643]Connection unregistered successfully. 

2024-12-08 22:26:49,254 INFO ConnectionMetrics, totalCount = 0, detail = {long_connection=0, long_polling=0}

2024-12-08 22:26:50,103 INFO Connection check task start

2024-12-08 22:26:50,103 INFO Long connection metrics detail ,Total count =0, sdkCount=0,clusterCount=0

2024-12-08 22:26:50,103 INFO Out dated connection ,size=0

2024-12-08 22:26:50,103 INFO Connection check task end

2024-12-08 22:26:52,267 INFO ConnectionMetrics, totalCount = 0, detail = {long_connection=0, long_polling=0}

2024-12-08 22:26:53,110 INFO Connection check task start

2024-12-08 22:26:53,110 INFO Long connection metrics detail ,Total count =0, sdkCount=0,clusterCount=0

2024-12-08 22:26:53,110 INFO Out dated connection ,size=0

2024-12-08 22:26:53,110 INFO Connection check task end

2024-12-08 22:26:55,278 INFO ConnectionMetrics, totalCount = 0, detail = {long_connection=0, long_polling=0}

2024-12-08 22:26:56,116 INFO Connection check task start

2024-12-08 22:26:56,116 INFO Long connection metrics detail ,Total count =0, sdkCount=0,clusterCount=0

2024-12-08 22:26:56,116 INFO Out dated connection ,size=0

2024-12-08 22:26:56,116 INFO Connection check task end

2024-12-08 22:26:58,282 INFO ConnectionMetrics, totalCount = 0, detail = {long_connection=0, long_polling=0}

2024-12-08 22:26:59,121 INFO Connection check task start

2024-12-08 22:26:59,121 INFO Long connection metrics detail ,Total count =0, sdkCount=0,clusterCount=0

2024-12-08 22:26:59,121 INFO Out dated connection ,size=0

2024-12-08 22:26:59,121 INFO Connection check task end

2024-12-08 22:26:59,520 INFO new connection registered successfully, connectionId = 1733668019416_0:0:0:0:0:0:0:1_56837,connection=Connection{traced=false, abilities={}, metaInfo=ConnectionMeta{connectType='GRPC', clientIp='192.168.116.1', remoteIp='0:0:0:0:0:0:0:1', remotePort=56837, localPort=9848, version='Nacos-Java-Client:v2.4.2', connectionId='1733668019416_0:0:0:0:0:0:0:1_56837', createTime=Sun Dec 08 22:26:59 CST 2024, lastActiveTime=1733668019520, appName='unknown', tenant='null', labels={source=sdk, module=naming, AppName=unknown, tls.enable=false}}} 

2024-12-08 22:27:01,287 INFO ConnectionMetrics, totalCount = 1, detail = {long_connection=1, long_polling=0}

2024-12-08 22:27:02,130 INFO Connection check task start

2024-12-08 22:27:02,130 INFO Long connection metrics detail ,Total count =1, sdkCount=1,clusterCount=0

2024-12-08 22:27:02,130 INFO Out dated connection ,size=0

2024-12-08 22:27:02,130 INFO Connection check task end

2024-12-08 22:27:04,292 INFO ConnectionMetrics, totalCount = 1, detail = {long_connection=1, long_polling=0}

2024-12-08 22:27:04,836 INFO [1733668019416_0:0:0:0:0:0:0:1_56837]Connection unregistered successfully. 

2024-12-08 22:27:05,137 INFO Connection check task start

2024-12-08 22:27:05,137 INFO Long connection metrics detail ,Total count =0, sdkCount=0,clusterCount=0

2024-12-08 22:27:05,137 INFO Out dated connection ,size=0

2024-12-08 22:27:05,137 INFO Connection check task end

2024-12-08 22:27:07,301 INFO ConnectionMetrics, totalCount = 0, detail = {long_connection=0, long_polling=0}

2024-12-08 22:27:08,152 INFO Connection check task start

2024-12-08 22:27:08,152 INFO Long connection metrics detail ,Total count =0, sdkCount=0,clusterCount=0

2024-12-08 22:27:08,152 INFO Out dated connection ,size=0

2024-12-08 22:27:08,152 INFO Connection check task end

2024-12-08 22:27:10,305 INFO ConnectionMetrics, totalCount = 0, detail = {long_connection=0, long_polling=0}

2024-12-08 22:27:11,168 INFO Connection check task start

2024-12-08 22:27:11,168 INFO Long connection metrics detail ,Total count =0, sdkCount=0,clusterCount=0

2024-12-08 22:27:11,168 INFO Out dated connection ,size=0

2024-12-08 22:27:11,168 INFO Connection check task end

2024-12-08 22:27:13,320 INFO ConnectionMetrics, totalCount = 0, detail = {long_connection=0, long_polling=0}

2024-12-08 22:27:14,173 INFO Connection check task start

2024-12-08 22:27:14,173 INFO Long connection metrics detail ,Total count =0, sdkCount=0,clusterCount=0

2024-12-08 22:27:14,173 INFO Out dated connection ,size=0

2024-12-08 22:27:14,173 INFO Connection check task end

2024-12-08 22:27:16,329 INFO ConnectionMetrics, totalCount = 0, detail = {long_connection=0, long_polling=0}

2024-12-08 22:27:17,188 INFO Connection check task start

2024-12-08 22:27:17,188 INFO Long connection metrics detail ,Total count =0, sdkCount=0,clusterCount=0

2024-12-08 22:27:17,188 INFO Out dated connection ,size=0

2024-12-08 22:27:17,188 INFO Connection check task end

2024-12-08 22:27:19,341 INFO ConnectionMetrics, totalCount = 0, detail = {long_connection=0, long_polling=0}

2024-12-08 22:27:20,201 INFO Connection check task start

2024-12-08 22:27:20,201 INFO Long connection metrics detail ,Total count =0, sdkCount=0,clusterCount=0

2024-12-08 22:27:20,201 INFO Out dated connection ,size=0

2024-12-08 22:27:20,201 INFO Connection check task end

2024-12-08 22:27:22,356 INFO ConnectionMetrics, totalCount = 0, detail = {long_connection=0, long_polling=0}

2024-12-08 22:27:23,203 INFO Connection check task start

2024-12-08 22:27:23,203 INFO Long connection metrics detail ,Total count =0, sdkCount=0,clusterCount=0

2024-12-08 22:27:23,203 INFO Out dated connection ,size=0

2024-12-08 22:27:23,203 INFO Connection check task end

2024-12-08 22:27:25,358 INFO ConnectionMetrics, totalCount = 0, detail = {long_connection=0, long_polling=0}

2024-12-08 22:27:26,206 INFO Connection check task start

2024-12-08 22:27:26,206 INFO Long connection metrics detail ,Total count =0, sdkCount=0,clusterCount=0

2024-12-08 22:27:26,206 INFO Out dated connection ,size=0

2024-12-08 22:27:26,206 INFO Connection check task end

2024-12-08 22:27:28,370 INFO ConnectionMetrics, totalCount = 0, detail = {long_connection=0, long_polling=0}

2024-12-08 22:27:29,209 INFO Connection check task start

2024-12-08 22:27:29,209 INFO Long connection metrics detail ,Total count =0, sdkCount=0,clusterCount=0

2024-12-08 22:27:29,209 INFO Out dated connection ,size=0

2024-12-08 22:27:29,209 INFO Connection check task end

2024-12-08 22:27:31,380 INFO ConnectionMetrics, totalCount = 0, detail = {long_connection=0, long_polling=0}

2024-12-08 22:27:32,225 INFO Connection check task start

2024-12-08 22:27:32,225 INFO Long connection metrics detail ,Total count =0, sdkCount=0,clusterCount=0

2024-12-08 22:27:32,225 INFO Out dated connection ,size=0

2024-12-08 22:27:32,225 INFO Connection check task end

2024-12-08 22:27:34,386 INFO ConnectionMetrics, totalCount = 0, detail = {long_connection=0, long_polling=0}

2024-12-08 22:27:35,226 INFO Connection check task start

2024-12-08 22:27:35,226 INFO Long connection metrics detail ,Total count =0, sdkCount=0,clusterCount=0

2024-12-08 22:27:35,226 INFO Out dated connection ,size=0

2024-12-08 22:27:35,226 INFO Connection check task end

2024-12-08 22:27:37,396 INFO ConnectionMetrics, totalCount = 0, detail = {long_connection=0, long_polling=0}

2024-12-08 22:27:38,227 INFO Connection check task start

2024-12-08 22:27:38,227 INFO Long connection metrics detail ,Total count =0, sdkCount=0,clusterCount=0

2024-12-08 22:27:38,227 INFO Out dated connection ,size=0

2024-12-08 22:27:38,227 INFO Connection check task end

2024-12-08 22:27:40,404 INFO ConnectionMetrics, totalCount = 0, detail = {long_connection=0, long_polling=0}

2024-12-08 22:27:41,230 INFO Connection check task start

2024-12-08 22:27:41,230 INFO Long connection metrics detail ,Total count =0, sdkCount=0,clusterCount=0

2024-12-08 22:27:41,230 INFO Out dated connection ,size=0

2024-12-08 22:27:41,230 INFO Connection check task end

